[0.491s] Invoking command in '/home/jetson/projects/bishe/edge/build/bishe_mqtt': CMAKE_PREFIX_PATH=${CMAKE_PREFIX_PATH}:/home/jetson/projects/bishe/edge/install/bishe_launch:/opt/ros/humble /usr/bin/cmake --build /home/jetson/projects/bishe/edge/build/bishe_mqtt -- -j6 -l6
[0.530s] -- Found ament_cmake: 1.3.12 (/opt/ros/humble/share/ament_cmake/cmake)
[0.753s] -- Override CMake install command with custom implementation using symlinks instead of copying resources
[0.772s] -- Found rclcpp: 16.0.16 (/opt/ros/humble/share/rclcpp/cmake)
[0.820s] -- Found rosidl_generator_c: 3.1.7 (/opt/ros/humble/share/rosidl_generator_c/cmake)
[0.824s] -- Found rosidl_adapter: 3.1.7 (/opt/ros/humble/share/rosidl_adapter/cmake)
[0.834s] -- Found rosidl_generator_cpp: 3.1.7 (/opt/ros/humble/share/rosidl_generator_cpp/cmake)
[0.851s] -- Using all available rosidl_typesupport_c: rosidl_typesupport_fastrtps_c;rosidl_typesupport_introspection_c
[0.873s] -- Using all available rosidl_typesupport_cpp: rosidl_typesupport_fastrtps_cpp;rosidl_typesupport_introspection_cpp
[0.928s] -- Found rmw_implementation_cmake: 6.1.2 (/opt/ros/humble/share/rmw_implementation_cmake/cmake)
[0.932s] -- Found rmw_fastrtps_cpp: 6.2.9 (/opt/ros/humble/share/rmw_fastrtps_cpp/cmake)
[1.127s] -- Using RMW implementation 'rmw_fastrtps_cpp' as default
[1.329s] -- Configuring done
[1.344s] -- Generating done
[1.350s] -- Build files have been written to: /home/jetson/projects/bishe/edge/build/bishe_mqtt
[1.399s] [35m[1mConsolidate compiler generated dependencies of target mqtt_node[0m
[1.431s] [ 50%] [32mBuilding CXX object CMakeFiles/mqtt_node.dir/src/mqtt_node.cpp.o[0m
[11.386s] [100%] [32m[1mLinking CXX executable mqtt_node[0m
[11.799s] [100%] Built target mqtt_node
[11.818s] Invoked command in '/home/jetson/projects/bishe/edge/build/bishe_mqtt' returned '0': CMAKE_PREFIX_PATH=${CMAKE_PREFIX_PATH}:/home/jetson/projects/bishe/edge/install/bishe_launch:/opt/ros/humble /usr/bin/cmake --build /home/jetson/projects/bishe/edge/build/bishe_mqtt -- -j6 -l6
[11.821s] Invoking command in '/home/jetson/projects/bishe/edge/build/bishe_mqtt': CMAKE_PREFIX_PATH=${CMAKE_PREFIX_PATH}:/home/jetson/projects/bishe/edge/install/bishe_launch:/opt/ros/humble /usr/bin/cmake --install /home/jetson/projects/bishe/edge/build/bishe_mqtt
[11.833s] -- Install configuration: ""
[11.834s] -- Execute custom install script
[11.835s] -- Up-to-date symlink: /home/jetson/projects/bishe/edge/install/bishe_mqtt/lib/bishe_mqtt/mqtt_node
[11.836s] -- Up-to-date symlink: /home/jetson/projects/bishe/edge/install/bishe_mqtt/share/ament_index/resource_index/package_run_dependencies/bishe_mqtt
[11.836s] -- Up-to-date symlink: /home/jetson/projects/bishe/edge/install/bishe_mqtt/share/ament_index/resource_index/parent_prefix_path/bishe_mqtt
[11.836s] -- Up-to-date symlink: /home/jetson/projects/bishe/edge/install/bishe_mqtt/share/bishe_mqtt/environment/ament_prefix_path.sh
[11.836s] -- Up-to-date symlink: /home/jetson/projects/bishe/edge/install/bishe_mqtt/share/bishe_mqtt/environment/ament_prefix_path.dsv
[11.837s] -- Up-to-date symlink: /home/jetson/projects/bishe/edge/install/bishe_mqtt/share/bishe_mqtt/environment/path.sh
[11.837s] -- Up-to-date symlink: /home/jetson/projects/bishe/edge/install/bishe_mqtt/share/bishe_mqtt/environment/path.dsv
[11.837s] -- Up-to-date symlink: /home/jetson/projects/bishe/edge/install/bishe_mqtt/share/bishe_mqtt/local_setup.bash
[11.837s] -- Up-to-date symlink: /home/jetson/projects/bishe/edge/install/bishe_mqtt/share/bishe_mqtt/local_setup.sh
[11.837s] -- Up-to-date symlink: /home/jetson/projects/bishe/edge/install/bishe_mqtt/share/bishe_mqtt/local_setup.zsh
[11.837s] -- Up-to-date symlink: /home/jetson/projects/bishe/edge/install/bishe_mqtt/share/bishe_mqtt/local_setup.dsv
[11.838s] -- Symlinking: /home/jetson/projects/bishe/edge/install/bishe_mqtt/share/bishe_mqtt/package.dsv
[11.852s] -- Up-to-date symlink: /home/jetson/projects/bishe/edge/install/bishe_mqtt/share/ament_index/resource_index/packages/bishe_mqtt
[11.853s] -- Up-to-date symlink: /home/jetson/projects/bishe/edge/install/bishe_mqtt/share/bishe_mqtt/cmake/bishe_mqttConfig.cmake
[11.853s] -- Up-to-date symlink: /home/jetson/projects/bishe/edge/install/bishe_mqtt/share/bishe_mqtt/cmake/bishe_mqttConfig-version.cmake
[11.853s] -- Up-to-date symlink: /home/jetson/projects/bishe/edge/install/bishe_mqtt/share/bishe_mqtt/package.xml
[11.857s] Invoked command in '/home/jetson/projects/bishe/edge/build/bishe_mqtt' returned '0': CMAKE_PREFIX_PATH=${CMAKE_PREFIX_PATH}:/home/jetson/projects/bishe/edge/install/bishe_launch:/opt/ros/humble /usr/bin/cmake --install /home/jetson/projects/bishe/edge/build/bishe_mqtt
