[1.105s] Invoking command in '/home/jetson/projects/bishe/build/bishe_launch': PYTHONPATH=/home/jetson/projects/bishe/build/bishe_launch/prefix_override:/usr/lib/python3/dist-packages/colcon_core/task/python/colcon_distutils_commands:/home/jetson/projects/bishe/install/bishe_launch/lib/python3.10/site-packages:${PYTHONPATH} /usr/bin/python3 -W ignore:setup.py install is deprecated -W ignore:easy_install command is deprecated setup.py develop --editable --build-directory /home/jetson/projects/bishe/build/bishe_launch/build --no-deps symlink_data
[1.561s] running develop
[1.839s] running egg_info
[1.839s] creating bishe_launch.egg-info
[1.839s] writing bishe_launch.egg-info/PKG-INFO
[1.840s] writing dependency_links to bishe_launch.egg-info/dependency_links.txt
[1.840s] writing entry points to bishe_launch.egg-info/entry_points.txt
[1.840s] writing requirements to bishe_launch.egg-info/requires.txt
[1.840s] writing top-level names to bishe_launch.egg-info/top_level.txt
[1.841s] writing manifest file 'bishe_launch.egg-info/SOURCES.txt'
[1.844s] reading manifest file 'bishe_launch.egg-info/SOURCES.txt'
[1.845s] writing manifest file 'bishe_launch.egg-info/SOURCES.txt'
[1.847s] running build_ext
[1.848s] Creating /home/jetson/projects/bishe/install/bishe_launch/lib/python3.10/site-packages/bishe-launch.egg-link (link to .)
[1.849s] 
[1.849s] Installed /home/jetson/projects/bishe/build/bishe_launch
[1.849s] running symlink_data
[1.850s] symbolically linking /home/jetson/projects/bishe/build/bishe_launch/resource/bishe_launch/ros2 -> /home/jetson/projects/bishe/install/bishe_launch/share/ament_index/resource_index/packages
[1.850s] creating /home/jetson/projects/bishe/install/bishe_launch/share/bishe_launch/launch
[1.850s] symbolically linking /home/jetson/projects/bishe/build/bishe_launch/launch/vision_only.launch.py -> /home/jetson/projects/bishe/install/bishe_launch/share/bishe_launch/launch
[1.850s] symbolically linking /home/jetson/projects/bishe/build/bishe_launch/launch/bishe.launch.py -> /home/jetson/projects/bishe/install/bishe_launch/share/bishe_launch/launch
[1.850s] symbolically linking /home/jetson/projects/bishe/build/bishe_launch/package.xml -> /home/jetson/projects/bishe/install/bishe_launch/share/bishe_launch
[1.930s] Invoked command in '/home/jetson/projects/bishe/build/bishe_launch' returned '0': PYTHONPATH=/home/jetson/projects/bishe/build/bishe_launch/prefix_override:/usr/lib/python3/dist-packages/colcon_core/task/python/colcon_distutils_commands:/home/jetson/projects/bishe/install/bishe_launch/lib/python3.10/site-packages:${PYTHONPATH} /usr/bin/python3 -W ignore:setup.py install is deprecated -W ignore:easy_install command is deprecated setup.py develop --editable --build-directory /home/jetson/projects/bishe/build/bishe_launch/build --no-deps symlink_data
