[0.024s] Invoking command in '/home/jetson/projects/bishe/edge/build/bishe_monitor': AMENT_PREFIX_PATH=/home/jetson/projects/bishe/edge/install/bishe_msgs:${AMENT_PREFIX_PATH} CMAKE_PREFIX_PATH=/home/jetson/projects/bishe/edge/install/bishe_msgs:/opt/ros/humble LD_LIBRARY_PATH=/home/jetson/projects/bishe/edge/install/bishe_msgs/lib:/usr/local/cuda-12.6/lib64:/opt/ros/humble/opt/rviz_ogre_vendor/lib:/opt/ros/humble/lib/aarch64-linux-gnu:/opt/ros/humble/lib:/usr/local/cuda-12.6/lib64 PYTHONPATH=/home/jetson/projects/bishe/edge/install/bishe_msgs/local/lib/python3.10/dist-packages:${PYTHONPATH} /usr/bin/cmake /home/jetson/projects/bishe/edge/src/bishe_monitor -DAMENT_CMAKE_SYMLINK_INSTALL=1 -DCMAKE_INSTALL_PREFIX=/home/jetson/projects/bishe/edge/install/bishe_monitor
[0.045s] -- Found ament_cmake: 1.3.12 (/opt/ros/humble/share/ament_cmake/cmake)
[0.279s] -- Override CMake install command with custom implementation using symlinks instead of copying resources
[0.301s] -- Found ament_cmake_gtest: 1.3.12 (/opt/ros/humble/share/ament_cmake_gtest/cmake)
[0.302s] -- Found rclcpp: 16.0.16 (/opt/ros/humble/share/rclcpp/cmake)
[0.355s] -- Found rosidl_generator_c: 3.1.7 (/opt/ros/humble/share/rosidl_generator_c/cmake)
[0.360s] -- Found rosidl_adapter: 3.1.7 (/opt/ros/humble/share/rosidl_adapter/cmake)
[0.371s] -- Found rosidl_generator_cpp: 3.1.7 (/opt/ros/humble/share/rosidl_generator_cpp/cmake)
[0.389s] -- Using all available rosidl_typesupport_c: rosidl_typesupport_fastrtps_c;rosidl_typesupport_introspection_c
[0.412s] -- Using all available rosidl_typesupport_cpp: rosidl_typesupport_fastrtps_cpp;rosidl_typesupport_introspection_cpp
[0.473s] -- Found rmw_implementation_cmake: 6.1.2 (/opt/ros/humble/share/rmw_implementation_cmake/cmake)
[0.475s] -- Found rmw_fastrtps_cpp: 6.2.9 (/opt/ros/humble/share/rmw_fastrtps_cpp/cmake)
[0.650s] -- Using RMW implementation 'rmw_fastrtps_cpp' as default
[0.736s] -- Found bishe_msgs: 0.1.0 (/home/jetson/projects/bishe/edge/install/bishe_msgs/share/bishe_msgs/cmake)
[0.815s] -- Found cv_bridge: 3.2.1 (/opt/ros/humble/share/cv_bridge/cmake)
[0.881s] -- Found gtest sources under '/opt/ros/humble/src/gtest_vendor': C++ tests using 'Google Test' will be built
[1.018s] -- Configuring done
[1.069s] -- Generating done
[1.082s] -- Build files have been written to: /home/jetson/projects/bishe/edge/build/bishe_monitor
[1.104s] Invoked command in '/home/jetson/projects/bishe/edge/build/bishe_monitor' returned '0': AMENT_PREFIX_PATH=/home/jetson/projects/bishe/edge/install/bishe_msgs:${AMENT_PREFIX_PATH} CMAKE_PREFIX_PATH=/home/jetson/projects/bishe/edge/install/bishe_msgs:/opt/ros/humble LD_LIBRARY_PATH=/home/jetson/projects/bishe/edge/install/bishe_msgs/lib:/usr/local/cuda-12.6/lib64:/opt/ros/humble/opt/rviz_ogre_vendor/lib:/opt/ros/humble/lib/aarch64-linux-gnu:/opt/ros/humble/lib:/usr/local/cuda-12.6/lib64 PYTHONPATH=/home/jetson/projects/bishe/edge/install/bishe_msgs/local/lib/python3.10/dist-packages:${PYTHONPATH} /usr/bin/cmake /home/jetson/projects/bishe/edge/src/bishe_monitor -DAMENT_CMAKE_SYMLINK_INSTALL=1 -DCMAKE_INSTALL_PREFIX=/home/jetson/projects/bishe/edge/install/bishe_monitor
[1.106s] Invoking command in '/home/jetson/projects/bishe/edge/build/bishe_monitor': AMENT_PREFIX_PATH=/home/jetson/projects/bishe/edge/install/bishe_msgs:${AMENT_PREFIX_PATH} CMAKE_PREFIX_PATH=/home/jetson/projects/bishe/edge/install/bishe_msgs:/opt/ros/humble LD_LIBRARY_PATH=/home/jetson/projects/bishe/edge/install/bishe_msgs/lib:/usr/local/cuda-12.6/lib64:/opt/ros/humble/opt/rviz_ogre_vendor/lib:/opt/ros/humble/lib/aarch64-linux-gnu:/opt/ros/humble/lib:/usr/local/cuda-12.6/lib64 PYTHONPATH=/home/jetson/projects/bishe/edge/install/bishe_msgs/local/lib/python3.10/dist-packages:${PYTHONPATH} /usr/bin/cmake --build /home/jetson/projects/bishe/edge/build/bishe_monitor -- -j6 -l6
[1.197s] Consolidate compiler generated dependencies of target gtest_main
[1.197s] Consolidate compiler generated dependencies of target gtest
[1.197s] Consolidate compiler generated dependencies of target monitor_node
[1.204s] [ 14%] Built target gtest
[1.215s] [ 28%] Built target gtest_main
[1.239s] [ 35%] Building CXX object CMakeFiles/monitor_node.dir/src/monitor_node.cpp.o
[1.241s] Consolidate compiler generated dependencies of target test_async_task_worker
[1.256s] Consolidate compiler generated dependencies of target test_alarm_playback_command
[1.260s] Consolidate compiler generated dependencies of target test_alarm_event_payload
[1.263s] Consolidate compiler generated dependencies of target test_alarm_upload_gate
[1.274s] [ 50%] Built target test_async_task_worker
[1.317s] [ 64%] Built target test_alarm_playback_command
[1.322s] [ 78%] Built target test_alarm_upload_gate
[1.331s] [ 92%] Built target test_alarm_event_payload
[8.778s] /home/jetson/projects/bishe/edge/src/bishe_monitor/src/monitor_node.cpp:295:8: error: ‘void MonitorNode::resultCallback(bishe_msgs::msg::DetectorResult_<std::allocator<void> >::SharedPtr)’ cannot be overloaded with ‘void MonitorNode::resultCallback(bishe_msgs::msg::DetectorResult_<std::allocator<void> >::SharedPtr)’
[8.778s]   295 |   void resultCallback(const bishe_msgs::msg::DetectorResult::SharedPtr msg)
[8.778s]       |        ^~~~~~~~~~~~~~
[8.779s] /home/jetson/projects/bishe/edge/src/bishe_monitor/src/monitor_node.cpp:123:8: note: previous declaration ‘void MonitorNode::resultCallback(bishe_msgs::msg::DetectorResult_<std::allocator<void> >::SharedPtr)’
[8.779s]   123 |   void resultCallback(const bishe_msgs::msg::DetectorResult::SharedPtr msg)
[8.779s]       |        ^~~~~~~~~~~~~~
[8.779s] /home/jetson/projects/bishe/edge/src/bishe_monitor/src/monitor_node.cpp:353:8: error: ‘void MonitorNode::playAlarm(const string&)’ cannot be overloaded with ‘void MonitorNode::playAlarm(const string&)’
[8.779s]   353 |   void playAlarm(const std::string &violation_type)
[8.779s]       |        ^~~~~~~~~
[8.780s] /home/jetson/projects/bishe/edge/src/bishe_monitor/src/monitor_node.cpp:134:8: note: previous declaration ‘void MonitorNode::playAlarm(const string&)’
[8.780s]   134 |   void playAlarm(const std::string &violation_type)
[8.780s]       |        ^~~~~~~~~
[8.780s] /home/jetson/projects/bishe/edge/src/bishe_monitor/src/monitor_node.cpp:399:8: error: ‘bool MonitorNode::captureAndUpload(const cv::Mat&, const string&)’ cannot be overloaded with ‘bool MonitorNode::captureAndUpload(const cv::Mat&, const string&)’
[8.780s]   399 |   bool captureAndUpload(const cv::Mat &frame, const std::string &violation_type)
[8.781s]       |        ^~~~~~~~~~~~~~~~
[8.781s] /home/jetson/projects/bishe/edge/src/bishe_monitor/src/monitor_node.cpp:142:8: note: previous declaration ‘bool MonitorNode::captureAndUpload(const cv::Mat&, const string&)’
[8.781s]   142 |   bool captureAndUpload(const cv::Mat &frame, const std::string &violation_type)
[8.781s]       |        ^~~~~~~~~~~~~~~~
[8.960s] /home/jetson/projects/bishe/edge/src/bishe_monitor/src/monitor_node.cpp: In member function ‘void MonitorNode::playAlarm(const string&)’:
[8.961s] /home/jetson/projects/bishe/edge/src/bishe_monitor/src/monitor_node.cpp:134:37: warning: unused parameter ‘violation_type’ [-Wunused-parameter]
[8.961s]   134 |   void playAlarm(const std::string &violation_type)
[8.961s]       |                  ~~~~~~~~~~~~~~~~~~~^~~~~~~~~~~~~~
[8.961s] /home/jetson/projects/bishe/edge/src/bishe_monitor/src/monitor_node.cpp: In member function ‘bool MonitorNode::captureAndUpload(const cv::Mat&, const string&)’:
[8.961s] /home/jetson/projects/bishe/edge/src/bishe_monitor/src/monitor_node.cpp:145:3: warning: no return statement in function returning non-void [-Wreturn-type]
[8.962s]   145 |   }
[8.962s]       |   ^
[8.962s] /home/jetson/projects/bishe/edge/src/bishe_monitor/src/monitor_node.cpp:142:40: warning: unused parameter ‘frame’ [-Wunused-parameter]
[8.962s]   142 |   bool captureAndUpload(const cv::Mat &frame, const std::string &violation_type)
[8.962s]       |                         ~~~~~~~~~~~~~~~^~~~~
[8.963s] /home/jetson/projects/bishe/edge/src/bishe_monitor/src/monitor_node.cpp:142:66: warning: unused parameter ‘violation_type’ [-Wunused-parameter]
[8.963s]   142 |   bool captureAndUpload(const cv::Mat &frame, const std::string &violation_type)
[8.963s]       |                                               ~~~~~~~~~~~~~~~~~~~^~~~~~~~~~~~~~
[15.817s] gmake[2]: *** [CMakeFiles/monitor_node.dir/build.make:76：CMakeFiles/monitor_node.dir/src/monitor_node.cpp.o] 错误 1
[15.817s] gmake[1]: *** [CMakeFiles/Makefile2:163：CMakeFiles/monitor_node.dir/all] 错误 2
[15.818s] gmake: *** [Makefile:146：all] 错误 2
