[0.234s] colcon DEBUG Command line arguments: ['/usr/bin/colcon', 'build', '--packages-select', 'bishe_streamer', '--symlink-install']
[0.235s] colcon DEBUG Parsed command line arguments: Namespace(log_base=None, log_level=None, verb_name='build', build_base='build', install_base='install', merge_install=False, symlink_install=True, test_result_base=None, continue_on_error=False, executor='parallel', parallel_workers=6, event_handlers=None, ignore_user_meta=False, metas=['./colcon.meta'], base_paths=['.'], packages_ignore=None, packages_ignore_regex=None, paths=None, packages_up_to=None, packages_up_to_regex=None, packages_above=None, packages_above_and_dependencies=None, packages_above_depth=None, packages_select_by_dep=None, packages_skip_by_dep=None, packages_skip_up_to=None, packages_select_build_failed=False, packages_skip_build_finished=False, packages_select_test_failures=False, packages_skip_test_passed=False, packages_select=['bishe_streamer'], packages_skip=None, packages_select_regex=None, packages_skip_regex=None, packages_start=None, packages_end=None, allow_overriding=[], cmake_args=None, cmake_target=None, cmake_target_skip_unavailable=False, cmake_clean_cache=False, cmake_clean_first=False, cmake_force_configure=False, ament_cmake_args=None, catkin_cmake_args=None, catkin_skip_building_tests=False, verb_parser=<colcon_defaults.argument_parser.defaults.DefaultArgumentsDecorator object at 0xffffbb5a1a20>, verb_extension=<colcon_core.verb.build.BuildVerb object at 0xffffbb5a14e0>, main=<bound method BuildVerb.main of <colcon_core.verb.build.BuildVerb object at 0xffffbb5a14e0>>)
[0.561s] colcon.colcon_core.package_discovery Level 1 discover_packages(colcon_meta) check parameters
[0.561s] colcon.colcon_core.package_discovery Level 1 discover_packages(recursive) check parameters
[0.561s] colcon.colcon_core.package_discovery Level 1 discover_packages(ignore) check parameters
[0.561s] colcon.colcon_core.package_discovery Level 1 discover_packages(path) check parameters
[0.562s] colcon.colcon_core.package_discovery Level 1 discover_packages(colcon_meta) discover
[0.562s] colcon.colcon_core.package_discovery Level 1 discover_packages(recursive) discover
[0.562s] colcon.colcon_core.package_discovery INFO Crawling recursively for packages in '/home/jetson/projects/bishe/edge'
[0.562s] colcon.colcon_core.package_identification Level 1 _identify(.) by extensions ['ignore', 'ignore_ament_install']
[0.562s] colcon.colcon_core.package_identification Level 1 _identify(.) by extension 'ignore'
[0.562s] colcon.colcon_core.package_identification Level 1 _identify(.) by extension 'ignore_ament_install'
[0.563s] colcon.colcon_core.package_identification Level 1 _identify(.) by extensions ['colcon_pkg']
[0.563s] colcon.colcon_core.package_identification Level 1 _identify(.) by extension 'colcon_pkg'
[0.563s] colcon.colcon_core.package_identification Level 1 _identify(.) by extensions ['colcon_meta']
[0.563s] colcon.colcon_core.package_identification Level 1 _identify(.) by extension 'colcon_meta'
[0.563s] colcon.colcon_core.package_identification Level 1 _identify(.) by extensions ['ros']
[0.563s] colcon.colcon_core.package_identification Level 1 _identify(.) by extension 'ros'
[0.584s] colcon.colcon_core.package_identification Level 1 _identify(.) by extensions ['cmake', 'python']
[0.584s] colcon.colcon_core.package_identification Level 1 _identify(.) by extension 'cmake'
[0.584s] colcon.colcon_core.package_identification Level 1 _identify(.) by extension 'python'
[0.584s] colcon.colcon_core.package_identification Level 1 _identify(.) by extensions ['python_setup_py']
[0.584s] colcon.colcon_core.package_identification Level 1 _identify(.) by extension 'python_setup_py'
[0.584s] colcon.colcon_core.package_identification Level 1 _identify(build) by extensions ['ignore', 'ignore_ament_install']
[0.585s] colcon.colcon_core.package_identification Level 1 _identify(build) by extension 'ignore'
[0.585s] colcon.colcon_core.package_identification Level 1 _identify(build) ignored
[0.585s] colcon.colcon_core.package_identification Level 1 _identify(docs) by extensions ['ignore', 'ignore_ament_install']
[0.585s] colcon.colcon_core.package_identification Level 1 _identify(docs) by extension 'ignore'
[0.585s] colcon.colcon_core.package_identification Level 1 _identify(docs) by extension 'ignore_ament_install'
[0.585s] colcon.colcon_core.package_identification Level 1 _identify(docs) by extensions ['colcon_pkg']
[0.585s] colcon.colcon_core.package_identification Level 1 _identify(docs) by extension 'colcon_pkg'
[0.585s] colcon.colcon_core.package_identification Level 1 _identify(docs) by extensions ['colcon_meta']
[0.585s] colcon.colcon_core.package_identification Level 1 _identify(docs) by extension 'colcon_meta'
[0.586s] colcon.colcon_core.package_identification Level 1 _identify(docs) by extensions ['ros']
[0.586s] colcon.colcon_core.package_identification Level 1 _identify(docs) by extension 'ros'
[0.586s] colcon.colcon_core.package_identification Level 1 _identify(docs) by extensions ['cmake', 'python']
[0.586s] colcon.colcon_core.package_identification Level 1 _identify(docs) by extension 'cmake'
[0.586s] colcon.colcon_core.package_identification Level 1 _identify(docs) by extension 'python'
[0.586s] colcon.colcon_core.package_identification Level 1 _identify(docs) by extensions ['python_setup_py']
[0.586s] colcon.colcon_core.package_identification Level 1 _identify(docs) by extension 'python_setup_py'
[0.586s] colcon.colcon_core.package_identification Level 1 _identify(docs/superpowers) by extensions ['ignore', 'ignore_ament_install']
[0.586s] colcon.colcon_core.package_identification Level 1 _identify(docs/superpowers) by extension 'ignore'
[0.587s] colcon.colcon_core.package_identification Level 1 _identify(docs/superpowers) by extension 'ignore_ament_install'
[0.587s] colcon.colcon_core.package_identification Level 1 _identify(docs/superpowers) by extensions ['colcon_pkg']
[0.587s] colcon.colcon_core.package_identification Level 1 _identify(docs/superpowers) by extension 'colcon_pkg'
[0.587s] colcon.colcon_core.package_identification Level 1 _identify(docs/superpowers) by extensions ['colcon_meta']
[0.587s] colcon.colcon_core.package_identification Level 1 _identify(docs/superpowers) by extension 'colcon_meta'
[0.587s] colcon.colcon_core.package_identification Level 1 _identify(docs/superpowers) by extensions ['ros']
[0.587s] colcon.colcon_core.package_identification Level 1 _identify(docs/superpowers) by extension 'ros'
[0.587s] colcon.colcon_core.package_identification Level 1 _identify(docs/superpowers) by extensions ['cmake', 'python']
[0.587s] colcon.colcon_core.package_identification Level 1 _identify(docs/superpowers) by extension 'cmake'
[0.587s] colcon.colcon_core.package_identification Level 1 _identify(docs/superpowers) by extension 'python'
[0.587s] colcon.colcon_core.package_identification Level 1 _identify(docs/superpowers) by extensions ['python_setup_py']
[0.587s] colcon.colcon_core.package_identification Level 1 _identify(docs/superpowers) by extension 'python_setup_py'
[0.588s] colcon.colcon_core.package_identification Level 1 _identify(docs/superpowers/plans) by extensions ['ignore', 'ignore_ament_install']
[0.588s] colcon.colcon_core.package_identification Level 1 _identify(docs/superpowers/plans) by extension 'ignore'
[0.588s] colcon.colcon_core.package_identification Level 1 _identify(docs/superpowers/plans) by extension 'ignore_ament_install'
[0.588s] colcon.colcon_core.package_identification Level 1 _identify(docs/superpowers/plans) by extensions ['colcon_pkg']
[0.588s] colcon.colcon_core.package_identification Level 1 _identify(docs/superpowers/plans) by extension 'colcon_pkg'
[0.588s] colcon.colcon_core.package_identification Level 1 _identify(docs/superpowers/plans) by extensions ['colcon_meta']
[0.588s] colcon.colcon_core.package_identification Level 1 _identify(docs/superpowers/plans) by extension 'colcon_meta'
[0.588s] colcon.colcon_core.package_identification Level 1 _identify(docs/superpowers/plans) by extensions ['ros']
[0.588s] colcon.colcon_core.package_identification Level 1 _identify(docs/superpowers/plans) by extension 'ros'
[0.588s] colcon.colcon_core.package_identification Level 1 _identify(docs/superpowers/plans) by extensions ['cmake', 'python']
[0.589s] colcon.colcon_core.package_identification Level 1 _identify(docs/superpowers/plans) by extension 'cmake'
[0.589s] colcon.colcon_core.package_identification Level 1 _identify(docs/superpowers/plans) by extension 'python'
[0.589s] colcon.colcon_core.package_identification Level 1 _identify(docs/superpowers/plans) by extensions ['python_setup_py']
[0.589s] colcon.colcon_core.package_identification Level 1 _identify(docs/superpowers/plans) by extension 'python_setup_py'
[0.589s] colcon.colcon_core.package_identification Level 1 _identify(docs/superpowers/specs) by extensions ['ignore', 'ignore_ament_install']
[0.589s] colcon.colcon_core.package_identification Level 1 _identify(docs/superpowers/specs) by extension 'ignore'
[0.589s] colcon.colcon_core.package_identification Level 1 _identify(docs/superpowers/specs) by extension 'ignore_ament_install'
[0.589s] colcon.colcon_core.package_identification Level 1 _identify(docs/superpowers/specs) by extensions ['colcon_pkg']
[0.589s] colcon.colcon_core.package_identification Level 1 _identify(docs/superpowers/specs) by extension 'colcon_pkg'
[0.589s] colcon.colcon_core.package_identification Level 1 _identify(docs/superpowers/specs) by extensions ['colcon_meta']
[0.589s] colcon.colcon_core.package_identification Level 1 _identify(docs/superpowers/specs) by extension 'colcon_meta'
[0.590s] colcon.colcon_core.package_identification Level 1 _identify(docs/superpowers/specs) by extensions ['ros']
[0.590s] colcon.colcon_core.package_identification Level 1 _identify(docs/superpowers/specs) by extension 'ros'
[0.590s] colcon.colcon_core.package_identification Level 1 _identify(docs/superpowers/specs) by extensions ['cmake', 'python']
[0.590s] colcon.colcon_core.package_identification Level 1 _identify(docs/superpowers/specs) by extension 'cmake'
[0.590s] colcon.colcon_core.package_identification Level 1 _identify(docs/superpowers/specs) by extension 'python'
[0.590s] colcon.colcon_core.package_identification Level 1 _identify(docs/superpowers/specs) by extensions ['python_setup_py']
[0.590s] colcon.colcon_core.package_identification Level 1 _identify(docs/superpowers/specs) by extension 'python_setup_py'
[0.590s] colcon.colcon_core.package_identification Level 1 _identify(install) by extensions ['ignore', 'ignore_ament_install']
[0.590s] colcon.colcon_core.package_identification Level 1 _identify(install) by extension 'ignore'
[0.591s] colcon.colcon_core.package_identification Level 1 _identify(install) ignored
[0.591s] colcon.colcon_core.package_identification Level 1 _identify(log) by extensions ['ignore', 'ignore_ament_install']
[0.591s] colcon.colcon_core.package_identification Level 1 _identify(log) by extension 'ignore'
[0.591s] colcon.colcon_core.package_identification Level 1 _identify(log) ignored
[0.591s] colcon.colcon_core.package_identification Level 1 _identify(models) by extensions ['ignore', 'ignore_ament_install']
[0.591s] colcon.colcon_core.package_identification Level 1 _identify(models) by extension 'ignore'
[0.592s] colcon.colcon_core.package_identification Level 1 _identify(models) by extension 'ignore_ament_install'
[0.592s] colcon.colcon_core.package_identification Level 1 _identify(models) by extensions ['colcon_pkg']
[0.592s] colcon.colcon_core.package_identification Level 1 _identify(models) by extension 'colcon_pkg'
[0.592s] colcon.colcon_core.package_identification Level 1 _identify(models) by extensions ['colcon_meta']
[0.592s] colcon.colcon_core.package_identification Level 1 _identify(models) by extension 'colcon_meta'
[0.592s] colcon.colcon_core.package_identification Level 1 _identify(models) by extensions ['ros']
[0.592s] colcon.colcon_core.package_identification Level 1 _identify(models) by extension 'ros'
[0.592s] colcon.colcon_core.package_identification Level 1 _identify(models) by extensions ['cmake', 'python']
[0.592s] colcon.colcon_core.package_identification Level 1 _identify(models) by extension 'cmake'
[0.592s] colcon.colcon_core.package_identification Level 1 _identify(models) by extension 'python'
[0.592s] colcon.colcon_core.package_identification Level 1 _identify(models) by extensions ['python_setup_py']
[0.592s] colcon.colcon_core.package_identification Level 1 _identify(models) by extension 'python_setup_py'
[0.593s] colcon.colcon_core.package_identification Level 1 _identify(src) by extensions ['ignore', 'ignore_ament_install']
[0.593s] colcon.colcon_core.package_identification Level 1 _identify(src) by extension 'ignore'
[0.593s] colcon.colcon_core.package_identification Level 1 _identify(src) by extension 'ignore_ament_install'
[0.593s] colcon.colcon_core.package_identification Level 1 _identify(src) by extensions ['colcon_pkg']
[0.593s] colcon.colcon_core.package_identification Level 1 _identify(src) by extension 'colcon_pkg'
[0.593s] colcon.colcon_core.package_identification Level 1 _identify(src) by extensions ['colcon_meta']
[0.593s] colcon.colcon_core.package_identification Level 1 _identify(src) by extension 'colcon_meta'
[0.593s] colcon.colcon_core.package_identification Level 1 _identify(src) by extensions ['ros']
[0.593s] colcon.colcon_core.package_identification Level 1 _identify(src) by extension 'ros'
[0.593s] colcon.colcon_core.package_identification Level 1 _identify(src) by extensions ['cmake', 'python']
[0.594s] colcon.colcon_core.package_identification Level 1 _identify(src) by extension 'cmake'
[0.594s] colcon.colcon_core.package_identification Level 1 _identify(src) by extension 'python'
[0.594s] colcon.colcon_core.package_identification Level 1 _identify(src) by extensions ['python_setup_py']
[0.594s] colcon.colcon_core.package_identification Level 1 _identify(src) by extension 'python_setup_py'
[0.594s] colcon.colcon_core.package_identification Level 1 _identify(src/bishe_camera) by extensions ['ignore', 'ignore_ament_install']
[0.594s] colcon.colcon_core.package_identification Level 1 _identify(src/bishe_camera) by extension 'ignore'
[0.594s] colcon.colcon_core.package_identification Level 1 _identify(src/bishe_camera) by extension 'ignore_ament_install'
[0.594s] colcon.colcon_core.package_identification Level 1 _identify(src/bishe_camera) by extensions ['colcon_pkg']
[0.594s] colcon.colcon_core.package_identification Level 1 _identify(src/bishe_camera) by extension 'colcon_pkg'
[0.594s] colcon.colcon_core.package_identification Level 1 _identify(src/bishe_camera) by extensions ['colcon_meta']
[0.594s] colcon.colcon_core.package_identification Level 1 _identify(src/bishe_camera) by extension 'colcon_meta'
[0.595s] colcon.colcon_core.package_identification Level 1 _identify(src/bishe_camera) by extensions ['ros']
[0.595s] colcon.colcon_core.package_identification Level 1 _identify(src/bishe_camera) by extension 'ros'
[0.600s] colcon.colcon_core.package_identification DEBUG Package 'src/bishe_camera' with type 'ros.ament_cmake' and name 'bishe_camera'
[0.600s] colcon.colcon_core.package_identification Level 1 _identify(src/bishe_detector) by extensions ['ignore', 'ignore_ament_install']
[0.601s] colcon.colcon_core.package_identification Level 1 _identify(src/bishe_detector) by extension 'ignore'
[0.601s] colcon.colcon_core.package_identification Level 1 _identify(src/bishe_detector) by extension 'ignore_ament_install'
[0.601s] colcon.colcon_core.package_identification Level 1 _identify(src/bishe_detector) by extensions ['colcon_pkg']
[0.601s] colcon.colcon_core.package_identification Level 1 _identify(src/bishe_detector) by extension 'colcon_pkg'
[0.601s] colcon.colcon_core.package_identification Level 1 _identify(src/bishe_detector) by extensions ['colcon_meta']
[0.601s] colcon.colcon_core.package_identification Level 1 _identify(src/bishe_detector) by extension 'colcon_meta'
[0.601s] colcon.colcon_core.package_identification Level 1 _identify(src/bishe_detector) by extensions ['ros']
[0.601s] colcon.colcon_core.package_identification Level 1 _identify(src/bishe_detector) by extension 'ros'
[0.603s] colcon.colcon_core.package_identification DEBUG Package 'src/bishe_detector' with type 'ros.ament_cmake' and name 'bishe_detector'
[0.604s] colcon.colcon_core.package_identification Level 1 _identify(src/bishe_launch) by extensions ['ignore', 'ignore_ament_install']
[0.604s] colcon.colcon_core.package_identification Level 1 _identify(src/bishe_launch) by extension 'ignore'
[0.604s] colcon.colcon_core.package_identification Level 1 _identify(src/bishe_launch) by extension 'ignore_ament_install'
[0.604s] colcon.colcon_core.package_identification Level 1 _identify(src/bishe_launch) by extensions ['colcon_pkg']
[0.604s] colcon.colcon_core.package_identification Level 1 _identify(src/bishe_launch) by extension 'colcon_pkg'
[0.604s] colcon.colcon_core.package_identification Level 1 _identify(src/bishe_launch) by extensions ['colcon_meta']
[0.605s] colcon.colcon_core.package_identification Level 1 _identify(src/bishe_launch) by extension 'colcon_meta'
[0.605s] colcon.colcon_core.package_identification Level 1 _identify(src/bishe_launch) by extensions ['ros']
[0.605s] colcon.colcon_core.package_identification Level 1 _identify(src/bishe_launch) by extension 'ros'
[0.606s] colcon.colcon_core.package_identification DEBUG Package 'src/bishe_launch' with type 'ros.ament_python' and name 'bishe_launch'
[0.606s] colcon.colcon_core.package_identification Level 1 _identify(src/bishe_monitor) by extensions ['ignore', 'ignore_ament_install']
[0.606s] colcon.colcon_core.package_identification Level 1 _identify(src/bishe_monitor) by extension 'ignore'
[0.607s] colcon.colcon_core.package_identification Level 1 _identify(src/bishe_monitor) by extension 'ignore_ament_install'
[0.607s] colcon.colcon_core.package_identification Level 1 _identify(src/bishe_monitor) by extensions ['colcon_pkg']
[0.607s] colcon.colcon_core.package_identification Level 1 _identify(src/bishe_monitor) by extension 'colcon_pkg'
[0.607s] colcon.colcon_core.package_identification Level 1 _identify(src/bishe_monitor) by extensions ['colcon_meta']
[0.607s] colcon.colcon_core.package_identification Level 1 _identify(src/bishe_monitor) by extension 'colcon_meta'
[0.607s] colcon.colcon_core.package_identification Level 1 _identify(src/bishe_monitor) by extensions ['ros']
[0.607s] colcon.colcon_core.package_identification Level 1 _identify(src/bishe_monitor) by extension 'ros'
[0.609s] colcon.colcon_core.package_identification DEBUG Package 'src/bishe_monitor' with type 'ros.ament_cmake' and name 'bishe_monitor'
[0.609s] colcon.colcon_core.package_identification Level 1 _identify(src/bishe_mqtt) by extensions ['ignore', 'ignore_ament_install']
[0.609s] colcon.colcon_core.package_identification Level 1 _identify(src/bishe_mqtt) by extension 'ignore'
[0.609s] colcon.colcon_core.package_identification Level 1 _identify(src/bishe_mqtt) by extension 'ignore_ament_install'
[0.609s] colcon.colcon_core.package_identification Level 1 _identify(src/bishe_mqtt) by extensions ['colcon_pkg']
[0.609s] colcon.colcon_core.package_identification Level 1 _identify(src/bishe_mqtt) by extension 'colcon_pkg'
[0.609s] colcon.colcon_core.package_identification Level 1 _identify(src/bishe_mqtt) by extensions ['colcon_meta']
[0.610s] colcon.colcon_core.package_identification Level 1 _identify(src/bishe_mqtt) by extension 'colcon_meta'
[0.610s] colcon.colcon_core.package_identification Level 1 _identify(src/bishe_mqtt) by extensions ['ros']
[0.610s] colcon.colcon_core.package_identification Level 1 _identify(src/bishe_mqtt) by extension 'ros'
[0.612s] colcon.colcon_core.package_identification DEBUG Package 'src/bishe_mqtt' with type 'ros.ament_cmake' and name 'bishe_mqtt'
[0.612s] colcon.colcon_core.package_identification Level 1 _identify(src/bishe_msgs) by extensions ['ignore', 'ignore_ament_install']
[0.612s] colcon.colcon_core.package_identification Level 1 _identify(src/bishe_msgs) by extension 'ignore'
[0.612s] colcon.colcon_core.package_identification Level 1 _identify(src/bishe_msgs) by extension 'ignore_ament_install'
[0.612s] colcon.colcon_core.package_identification Level 1 _identify(src/bishe_msgs) by extensions ['colcon_pkg']
[0.612s] colcon.colcon_core.package_identification Level 1 _identify(src/bishe_msgs) by extension 'colcon_pkg'
[0.613s] colcon.colcon_core.package_identification Level 1 _identify(src/bishe_msgs) by extensions ['colcon_meta']
[0.613s] colcon.colcon_core.package_identification Level 1 _identify(src/bishe_msgs) by extension 'colcon_meta'
[0.613s] colcon.colcon_core.package_identification Level 1 _identify(src/bishe_msgs) by extensions ['ros']
[0.613s] colcon.colcon_core.package_identification Level 1 _identify(src/bishe_msgs) by extension 'ros'
[0.614s] colcon.colcon_core.package_identification DEBUG Package 'src/bishe_msgs' with type 'ros.ament_cmake' and name 'bishe_msgs'
[0.614s] colcon.colcon_core.package_identification Level 1 _identify(src/bishe_streamer) by extensions ['ignore', 'ignore_ament_install']
[0.614s] colcon.colcon_core.package_identification Level 1 _identify(src/bishe_streamer) by extension 'ignore'
[0.614s] colcon.colcon_core.package_identification Level 1 _identify(src/bishe_streamer) by extension 'ignore_ament_install'
[0.615s] colcon.colcon_core.package_identification Level 1 _identify(src/bishe_streamer) by extensions ['colcon_pkg']
[0.615s] colcon.colcon_core.package_identification Level 1 _identify(src/bishe_streamer) by extension 'colcon_pkg'
[0.615s] colcon.colcon_core.package_identification Level 1 _identify(src/bishe_streamer) by extensions ['colcon_meta']
[0.615s] colcon.colcon_core.package_identification Level 1 _identify(src/bishe_streamer) by extension 'colcon_meta'
[0.615s] colcon.colcon_core.package_identification Level 1 _identify(src/bishe_streamer) by extensions ['ros']
[0.615s] colcon.colcon_core.package_identification Level 1 _identify(src/bishe_streamer) by extension 'ros'
[0.617s] colcon.colcon_core.package_identification DEBUG Package 'src/bishe_streamer' with type 'ros.ament_cmake' and name 'bishe_streamer'
[0.617s] colcon.colcon_core.package_discovery Level 1 discover_packages(recursive) using defaults
[0.617s] colcon.colcon_core.package_discovery Level 1 discover_packages(ignore) discover
[0.617s] colcon.colcon_core.package_discovery Level 1 discover_packages(ignore) using defaults
[0.617s] colcon.colcon_core.package_discovery Level 1 discover_packages(path) discover
[0.617s] colcon.colcon_core.package_discovery Level 1 discover_packages(path) using defaults
[0.677s] colcon.colcon_core.package_selection INFO Skipping not selected package 'bishe_camera' in 'src/bishe_camera'
[0.677s] colcon.colcon_core.package_selection INFO Skipping not selected package 'bishe_launch' in 'src/bishe_launch'
[0.677s] colcon.colcon_core.package_selection INFO Skipping not selected package 'bishe_mqtt' in 'src/bishe_mqtt'
[0.677s] colcon.colcon_core.package_selection INFO Skipping not selected package 'bishe_msgs' in 'src/bishe_msgs'
[0.677s] colcon.colcon_core.package_selection INFO Skipping not selected package 'bishe_detector' in 'src/bishe_detector'
[0.677s] colcon.colcon_core.package_selection INFO Skipping not selected package 'bishe_monitor' in 'src/bishe_monitor'
[0.678s] colcon.colcon_core.package_discovery Level 1 discover_packages(prefix_path) check parameters
[0.678s] colcon.colcon_core.package_discovery Level 1 discover_packages(prefix_path) discover
[0.684s] colcon.colcon_installed_package_information.package_discovery DEBUG Found 271 installed packages in /opt/ros/humble
[0.686s] colcon.colcon_core.package_discovery Level 1 discover_packages(prefix_path) using defaults
[0.757s] colcon.colcon_core.verb Level 5 set package 'bishe_streamer' build argument 'cmake_args' from command line to 'None'
[0.757s] colcon.colcon_core.verb Level 5 set package 'bishe_streamer' build argument 'cmake_target' from command line to 'None'
[0.757s] colcon.colcon_core.verb Level 5 set package 'bishe_streamer' build argument 'cmake_target_skip_unavailable' from command line to 'False'
[0.758s] colcon.colcon_core.verb Level 5 set package 'bishe_streamer' build argument 'cmake_clean_cache' from command line to 'False'
[0.758s] colcon.colcon_core.verb Level 5 set package 'bishe_streamer' build argument 'cmake_clean_first' from command line to 'False'
[0.758s] colcon.colcon_core.verb Level 5 set package 'bishe_streamer' build argument 'cmake_force_configure' from command line to 'False'
[0.758s] colcon.colcon_core.verb Level 5 set package 'bishe_streamer' build argument 'ament_cmake_args' from command line to 'None'
[0.758s] colcon.colcon_core.verb Level 5 set package 'bishe_streamer' build argument 'catkin_cmake_args' from command line to 'None'
[0.758s] colcon.colcon_core.verb Level 5 set package 'bishe_streamer' build argument 'catkin_skip_building_tests' from command line to 'False'
[0.758s] colcon.colcon_core.verb DEBUG Building package 'bishe_streamer' with the following arguments: {'ament_cmake_args': None, 'build_base': '/home/jetson/projects/bishe/edge/build/bishe_streamer', 'catkin_cmake_args': None, 'catkin_skip_building_tests': False, 'cmake_args': None, 'cmake_clean_cache': False, 'cmake_clean_first': False, 'cmake_force_configure': False, 'cmake_target': None, 'cmake_target_skip_unavailable': False, 'install_base': '/home/jetson/projects/bishe/edge/install/bishe_streamer', 'merge_install': False, 'path': '/home/jetson/projects/bishe/edge/src/bishe_streamer', 'symlink_install': True, 'test_result_base': None}
[0.758s] colcon.colcon_core.executor INFO Executing jobs using 'parallel' executor
[0.760s] colcon.colcon_parallel_executor.executor.parallel DEBUG run_until_complete
[0.761s] colcon.colcon_ros.task.ament_cmake.build INFO Building ROS package in '/home/jetson/projects/bishe/edge/src/bishe_streamer' with build type 'ament_cmake'
[0.762s] colcon.colcon_cmake.task.cmake.build INFO Building CMake package in '/home/jetson/projects/bishe/edge/src/bishe_streamer'
[0.767s] colcon.colcon_core.plugin_system INFO Skipping extension 'colcon_core.shell.bat': Not used on non-Windows systems
[0.767s] colcon.colcon_core.shell INFO Skip shell extension 'powershell' for command environment: Not usable outside of PowerShell
[0.767s] colcon.colcon_core.shell DEBUG Skip shell extension 'dsv' for command environment
[0.786s] colcon.colcon_core.event_handler.log_command DEBUG Invoking command in '/home/jetson/projects/bishe/edge/build/bishe_streamer': AMENT_PREFIX_PATH=/home/jetson/projects/bishe/edge/install/bishe_msgs:${AMENT_PREFIX_PATH} CMAKE_PREFIX_PATH=/home/jetson/projects/bishe/edge/install/bishe_msgs:/opt/ros/humble LD_LIBRARY_PATH=/home/jetson/projects/bishe/edge/install/bishe_msgs/lib:/opt/ros/humble/opt/rviz_ogre_vendor/lib:/opt/ros/humble/lib/aarch64-linux-gnu:/opt/ros/humble/lib:/usr/local/cuda-12.6/lib64 PYTHONPATH=/home/jetson/projects/bishe/edge/install/bishe_msgs/local/lib/python3.10/dist-packages:${PYTHONPATH} /usr/bin/cmake /home/jetson/projects/bishe/edge/src/bishe_streamer -DAMENT_CMAKE_SYMLINK_INSTALL=1 -DCMAKE_INSTALL_PREFIX=/home/jetson/projects/bishe/edge/install/bishe_streamer
[1.934s] colcon.colcon_core.event_handler.log_command DEBUG Invoked command in '/home/jetson/projects/bishe/edge/build/bishe_streamer' returned '0': AMENT_PREFIX_PATH=/home/jetson/projects/bishe/edge/install/bishe_msgs:${AMENT_PREFIX_PATH} CMAKE_PREFIX_PATH=/home/jetson/projects/bishe/edge/install/bishe_msgs:/opt/ros/humble LD_LIBRARY_PATH=/home/jetson/projects/bishe/edge/install/bishe_msgs/lib:/opt/ros/humble/opt/rviz_ogre_vendor/lib:/opt/ros/humble/lib/aarch64-linux-gnu:/opt/ros/humble/lib:/usr/local/cuda-12.6/lib64 PYTHONPATH=/home/jetson/projects/bishe/edge/install/bishe_msgs/local/lib/python3.10/dist-packages:${PYTHONPATH} /usr/bin/cmake /home/jetson/projects/bishe/edge/src/bishe_streamer -DAMENT_CMAKE_SYMLINK_INSTALL=1 -DCMAKE_INSTALL_PREFIX=/home/jetson/projects/bishe/edge/install/bishe_streamer
[1.937s] colcon.colcon_core.event_handler.log_command DEBUG Invoking command in '/home/jetson/projects/bishe/edge/build/bishe_streamer': AMENT_PREFIX_PATH=/home/jetson/projects/bishe/edge/install/bishe_msgs:${AMENT_PREFIX_PATH} CMAKE_PREFIX_PATH=/home/jetson/projects/bishe/edge/install/bishe_msgs:/opt/ros/humble LD_LIBRARY_PATH=/home/jetson/projects/bishe/edge/install/bishe_msgs/lib:/opt/ros/humble/opt/rviz_ogre_vendor/lib:/opt/ros/humble/lib/aarch64-linux-gnu:/opt/ros/humble/lib:/usr/local/cuda-12.6/lib64 PYTHONPATH=/home/jetson/projects/bishe/edge/install/bishe_msgs/local/lib/python3.10/dist-packages:${PYTHONPATH} /usr/bin/cmake --build /home/jetson/projects/bishe/edge/build/bishe_streamer -- -j6 -l6
[20.921s] colcon.colcon_core.event_handler.log_command DEBUG Invoked command in '/home/jetson/projects/bishe/edge/build/bishe_streamer' returned '0': AMENT_PREFIX_PATH=/home/jetson/projects/bishe/edge/install/bishe_msgs:${AMENT_PREFIX_PATH} CMAKE_PREFIX_PATH=/home/jetson/projects/bishe/edge/install/bishe_msgs:/opt/ros/humble LD_LIBRARY_PATH=/home/jetson/projects/bishe/edge/install/bishe_msgs/lib:/opt/ros/humble/opt/rviz_ogre_vendor/lib:/opt/ros/humble/lib/aarch64-linux-gnu:/opt/ros/humble/lib:/usr/local/cuda-12.6/lib64 PYTHONPATH=/home/jetson/projects/bishe/edge/install/bishe_msgs/local/lib/python3.10/dist-packages:${PYTHONPATH} /usr/bin/cmake --build /home/jetson/projects/bishe/edge/build/bishe_streamer -- -j6 -l6
[20.941s] colcon.colcon_core.event_handler.log_command DEBUG Invoking command in '/home/jetson/projects/bishe/edge/build/bishe_streamer': AMENT_PREFIX_PATH=/home/jetson/projects/bishe/edge/install/bishe_msgs:${AMENT_PREFIX_PATH} CMAKE_PREFIX_PATH=/home/jetson/projects/bishe/edge/install/bishe_msgs:/opt/ros/humble LD_LIBRARY_PATH=/home/jetson/projects/bishe/edge/install/bishe_msgs/lib:/opt/ros/humble/opt/rviz_ogre_vendor/lib:/opt/ros/humble/lib/aarch64-linux-gnu:/opt/ros/humble/lib:/usr/local/cuda-12.6/lib64 PYTHONPATH=/home/jetson/projects/bishe/edge/install/bishe_msgs/local/lib/python3.10/dist-packages:${PYTHONPATH} /usr/bin/cmake --install /home/jetson/projects/bishe/edge/build/bishe_streamer
[20.978s] colcon.colcon_core.environment Level 1 create_environment_scripts_only(bishe_streamer)
[20.979s] colcon.colcon_core.event_handler.log_command DEBUG Invoked command in '/home/jetson/projects/bishe/edge/build/bishe_streamer' returned '0': AMENT_PREFIX_PATH=/home/jetson/projects/bishe/edge/install/bishe_msgs:${AMENT_PREFIX_PATH} CMAKE_PREFIX_PATH=/home/jetson/projects/bishe/edge/install/bishe_msgs:/opt/ros/humble LD_LIBRARY_PATH=/home/jetson/projects/bishe/edge/install/bishe_msgs/lib:/opt/ros/humble/opt/rviz_ogre_vendor/lib:/opt/ros/humble/lib/aarch64-linux-gnu:/opt/ros/humble/lib:/usr/local/cuda-12.6/lib64 PYTHONPATH=/home/jetson/projects/bishe/edge/install/bishe_msgs/local/lib/python3.10/dist-packages:${PYTHONPATH} /usr/bin/cmake --install /home/jetson/projects/bishe/edge/build/bishe_streamer
[20.983s] colcon.colcon_core.environment Level 1 checking '/home/jetson/projects/bishe/edge/install/bishe_streamer' for CMake module files
[20.984s] colcon.colcon_core.environment Level 1 checking '/home/jetson/projects/bishe/edge/install/bishe_streamer' for CMake config files
[20.985s] colcon.colcon_core.shell Level 1 create_environment_hook('bishe_streamer', 'cmake_prefix_path')
[20.985s] colcon.colcon_core.shell INFO Creating environment hook '/home/jetson/projects/bishe/edge/install/bishe_streamer/share/bishe_streamer/hook/cmake_prefix_path.ps1'
[20.987s] colcon.colcon_core.shell INFO Creating environment descriptor '/home/jetson/projects/bishe/edge/install/bishe_streamer/share/bishe_streamer/hook/cmake_prefix_path.dsv'
[20.988s] colcon.colcon_core.shell INFO Creating environment hook '/home/jetson/projects/bishe/edge/install/bishe_streamer/share/bishe_streamer/hook/cmake_prefix_path.sh'
[20.990s] colcon.colcon_core.environment Level 1 checking '/home/jetson/projects/bishe/edge/install/bishe_streamer/lib'
[20.990s] colcon.colcon_core.environment Level 1 checking '/home/jetson/projects/bishe/edge/install/bishe_streamer/bin'
[20.990s] colcon.colcon_core.environment Level 1 checking '/home/jetson/projects/bishe/edge/install/bishe_streamer/lib/pkgconfig/bishe_streamer.pc'
[20.990s] colcon.colcon_core.environment Level 1 checking '/home/jetson/projects/bishe/edge/install/bishe_streamer/lib/python3.10/site-packages'
[20.991s] colcon.colcon_core.environment Level 1 checking '/home/jetson/projects/bishe/edge/install/bishe_streamer/bin'
[20.992s] colcon.colcon_core.shell INFO Creating package script '/home/jetson/projects/bishe/edge/install/bishe_streamer/share/bishe_streamer/package.ps1'
[20.993s] colcon.colcon_core.shell INFO Creating package descriptor '/home/jetson/projects/bishe/edge/install/bishe_streamer/share/bishe_streamer/package.dsv'
[20.994s] colcon.colcon_core.shell INFO Creating package script '/home/jetson/projects/bishe/edge/install/bishe_streamer/share/bishe_streamer/package.sh'
[20.995s] colcon.colcon_core.shell INFO Creating package script '/home/jetson/projects/bishe/edge/install/bishe_streamer/share/bishe_streamer/package.bash'
[20.997s] colcon.colcon_core.shell INFO Creating package script '/home/jetson/projects/bishe/edge/install/bishe_streamer/share/bishe_streamer/package.zsh'
[20.998s] colcon.colcon_core.environment Level 1 create_file_with_runtime_dependencies(/home/jetson/projects/bishe/edge/install/bishe_streamer/share/colcon-core/packages/bishe_streamer)
[20.999s] colcon.colcon_core.environment Level 1 create_environment_scripts_only(bishe_streamer)
[20.999s] colcon.colcon_core.environment Level 1 checking '/home/jetson/projects/bishe/edge/install/bishe_streamer' for CMake module files
[21.000s] colcon.colcon_core.environment Level 1 checking '/home/jetson/projects/bishe/edge/install/bishe_streamer' for CMake config files
[21.001s] colcon.colcon_core.shell Level 1 create_environment_hook('bishe_streamer', 'cmake_prefix_path')
[21.001s] colcon.colcon_core.shell INFO Creating environment hook '/home/jetson/projects/bishe/edge/install/bishe_streamer/share/bishe_streamer/hook/cmake_prefix_path.ps1'
[21.002s] colcon.colcon_core.shell INFO Creating environment descriptor '/home/jetson/projects/bishe/edge/install/bishe_streamer/share/bishe_streamer/hook/cmake_prefix_path.dsv'
[21.005s] colcon.colcon_core.shell INFO Creating environment hook '/home/jetson/projects/bishe/edge/install/bishe_streamer/share/bishe_streamer/hook/cmake_prefix_path.sh'
[21.006s] colcon.colcon_core.environment Level 1 checking '/home/jetson/projects/bishe/edge/install/bishe_streamer/lib'
[21.007s] colcon.colcon_core.environment Level 1 checking '/home/jetson/projects/bishe/edge/install/bishe_streamer/bin'
[21.007s] colcon.colcon_core.environment Level 1 checking '/home/jetson/projects/bishe/edge/install/bishe_streamer/lib/pkgconfig/bishe_streamer.pc'
[21.007s] colcon.colcon_core.environment Level 1 checking '/home/jetson/projects/bishe/edge/install/bishe_streamer/lib/python3.10/site-packages'
[21.008s] colcon.colcon_core.environment Level 1 checking '/home/jetson/projects/bishe/edge/install/bishe_streamer/bin'
[21.009s] colcon.colcon_core.shell INFO Creating package script '/home/jetson/projects/bishe/edge/install/bishe_streamer/share/bishe_streamer/package.ps1'
[21.010s] colcon.colcon_core.shell INFO Creating package descriptor '/home/jetson/projects/bishe/edge/install/bishe_streamer/share/bishe_streamer/package.dsv'
[21.011s] colcon.colcon_core.shell INFO Creating package script '/home/jetson/projects/bishe/edge/install/bishe_streamer/share/bishe_streamer/package.sh'
[21.012s] colcon.colcon_core.shell INFO Creating package script '/home/jetson/projects/bishe/edge/install/bishe_streamer/share/bishe_streamer/package.bash'
[21.013s] colcon.colcon_core.shell INFO Creating package script '/home/jetson/projects/bishe/edge/install/bishe_streamer/share/bishe_streamer/package.zsh'
[21.014s] colcon.colcon_core.environment Level 1 create_file_with_runtime_dependencies(/home/jetson/projects/bishe/edge/install/bishe_streamer/share/colcon-core/packages/bishe_streamer)
[21.014s] colcon.colcon_parallel_executor.executor.parallel DEBUG closing loop
[21.015s] colcon.colcon_parallel_executor.executor.parallel DEBUG loop closed
[21.015s] colcon.colcon_parallel_executor.executor.parallel DEBUG run_until_complete finished with '0'
[21.015s] colcon.colcon_core.event_reactor DEBUG joining thread
[21.027s] colcon.colcon_core.plugin_system INFO Skipping extension 'colcon_notification.desktop_notification.terminal_notifier': Not used on non-Darwin systems
[21.027s] colcon.colcon_core.plugin_system INFO Skipping extension 'colcon_notification.desktop_notification.win32': Not used on non-Windows systems
[21.027s] colcon.colcon_notification.desktop_notification INFO Sending desktop notification using 'notify2'
[21.542s] colcon.colcon_core.event_reactor DEBUG joined thread
[21.547s] colcon.colcon_core.shell INFO Creating prefix script '/home/jetson/projects/bishe/edge/install/local_setup.ps1'
[21.549s] colcon.colcon_core.shell INFO Creating prefix util module '/home/jetson/projects/bishe/edge/install/_local_setup_util_ps1.py'
[21.554s] colcon.colcon_core.shell INFO Creating prefix chain script '/home/jetson/projects/bishe/edge/install/setup.ps1'
[21.558s] colcon.colcon_core.shell INFO Creating prefix script '/home/jetson/projects/bishe/edge/install/local_setup.sh'
[21.560s] colcon.colcon_core.shell INFO Creating prefix util module '/home/jetson/projects/bishe/edge/install/_local_setup_util_sh.py'
[21.561s] colcon.colcon_core.shell INFO Creating prefix chain script '/home/jetson/projects/bishe/edge/install/setup.sh'
[21.563s] colcon.colcon_core.shell INFO Creating prefix script '/home/jetson/projects/bishe/edge/install/local_setup.bash'
[21.565s] colcon.colcon_core.shell INFO Creating prefix chain script '/home/jetson/projects/bishe/edge/install/setup.bash'
[21.567s] colcon.colcon_core.shell INFO Creating prefix script '/home/jetson/projects/bishe/edge/install/local_setup.zsh'
[21.568s] colcon.colcon_core.shell INFO Creating prefix chain script '/home/jetson/projects/bishe/edge/install/setup.zsh'
