[0.037s] Invoking command in '/home/jetson/projects/bishe/build/bishe_detector': CMAKE_PREFIX_PATH=/home/jetson/projects/bishe/install/bishe_msgs:/home/jetson/projects/bishe/install/bishe_streamer:/home/jetson/projects/bishe/install/bishe_monitor:/home/jetson/projects/bishe/install/bishe_detector:/home/jetson/projects/bishe/install/bishe_mqtt:/home/jetson/projects/bishe/install/bishe_camera:/home/jetson/projects/bishe/install/bishe_launch:/opt/ros/humble LD_LIBRARY_PATH=/home/jetson/projects/bishe/install/bishe_msgs/lib:/opt/ros/humble/opt/rviz_ogre_vendor/lib:/opt/ros/humble/lib/aarch64-linux-gnu:/opt/ros/humble/lib:/usr/local/cuda-12.6/lib64 /usr/bin/cmake --build /home/jetson/projects/bishe/build/bishe_detector -- -j6 -l6
[0.150s] [ 16%] [32mBuilding CXX object CMakeFiles/detector_node.dir/src/detector_node.cpp.o[0m
[13.123s] [ 33%] [32m[1mLinking CXX executable detector_node[0m
[13.489s] /usr/bin/ld: warning: libopencv_imgcodecs.so.4.5d, needed by /opt/ros/humble/lib/libcv_bridge.so, may conflict with libopencv_imgcodecs.so.410
[13.490s] /usr/bin/ld: warning: libopencv_imgproc.so.4.5d, needed by /opt/ros/humble/lib/libcv_bridge.so, may conflict with libopencv_imgproc.so.410
[13.491s] /usr/bin/ld: warning: libopencv_core.so.4.5d, needed by /opt/ros/humble/lib/libcv_bridge.so, may conflict with libopencv_core.so.410
[14.221s] [100%] Built target detector_node
[14.241s] Invoked command in '/home/jetson/projects/bishe/build/bishe_detector' returned '0': CMAKE_PREFIX_PATH=/home/jetson/projects/bishe/install/bishe_msgs:/home/jetson/projects/bishe/install/bishe_streamer:/home/jetson/projects/bishe/install/bishe_monitor:/home/jetson/projects/bishe/install/bishe_detector:/home/jetson/projects/bishe/install/bishe_mqtt:/home/jetson/projects/bishe/install/bishe_camera:/home/jetson/projects/bishe/install/bishe_launch:/opt/ros/humble LD_LIBRARY_PATH=/home/jetson/projects/bishe/install/bishe_msgs/lib:/opt/ros/humble/opt/rviz_ogre_vendor/lib:/opt/ros/humble/lib/aarch64-linux-gnu:/opt/ros/humble/lib:/usr/local/cuda-12.6/lib64 /usr/bin/cmake --build /home/jetson/projects/bishe/build/bishe_detector -- -j6 -l6
[14.246s] Invoking command in '/home/jetson/projects/bishe/build/bishe_detector': CMAKE_PREFIX_PATH=/home/jetson/projects/bishe/install/bishe_msgs:/home/jetson/projects/bishe/install/bishe_streamer:/home/jetson/projects/bishe/install/bishe_monitor:/home/jetson/projects/bishe/install/bishe_detector:/home/jetson/projects/bishe/install/bishe_mqtt:/home/jetson/projects/bishe/install/bishe_camera:/home/jetson/projects/bishe/install/bishe_launch:/opt/ros/humble LD_LIBRARY_PATH=/home/jetson/projects/bishe/install/bishe_msgs/lib:/opt/ros/humble/opt/rviz_ogre_vendor/lib:/opt/ros/humble/lib/aarch64-linux-gnu:/opt/ros/humble/lib:/usr/local/cuda-12.6/lib64 /usr/bin/cmake --install /home/jetson/projects/bishe/build/bishe_detector
[14.258s] -- Install configuration: ""
[14.259s] -- Execute custom install script
[14.260s] -- Up-to-date symlink: /home/jetson/projects/bishe/install/bishe_detector/lib/bishe_detector/detector_node
[14.262s] -- Up-to-date symlink: /home/jetson/projects/bishe/install/bishe_detector/include/bishe_detector/int8_calibrator.h
[14.262s] -- Up-to-date symlink: /home/jetson/projects/bishe/install/bishe_detector/include/bishe_detector/trt_engine.h
[14.263s] -- Up-to-date symlink: /home/jetson/projects/bishe/install/bishe_detector/include/bishe_detector/utils.h
[14.263s] -- Up-to-date symlink: /home/jetson/projects/bishe/install/bishe_detector/include/bishe_detector/yolo.h
[14.263s] -- Up-to-date symlink: /home/jetson/projects/bishe/install/bishe_detector/include/bishe_detector/yolov10.h
[14.264s] -- Up-to-date symlink: /home/jetson/projects/bishe/install/bishe_detector/include/bishe_detector/yolov5a.h
[14.264s] -- Up-to-date symlink: /home/jetson/projects/bishe/install/bishe_detector/include/bishe_detector/yolov8.h
[14.265s] -- Up-to-date symlink: /home/jetson/projects/bishe/install/bishe_detector/share/ament_index/resource_index/package_run_dependencies/bishe_detector
[14.266s] -- Up-to-date symlink: /home/jetson/projects/bishe/install/bishe_detector/share/ament_index/resource_index/parent_prefix_path/bishe_detector
[14.266s] -- Up-to-date symlink: /home/jetson/projects/bishe/install/bishe_detector/share/bishe_detector/environment/ament_prefix_path.sh
[14.267s] -- Up-to-date symlink: /home/jetson/projects/bishe/install/bishe_detector/share/bishe_detector/environment/ament_prefix_path.dsv
[14.267s] -- Up-to-date symlink: /home/jetson/projects/bishe/install/bishe_detector/share/bishe_detector/environment/path.sh
[14.268s] -- Up-to-date symlink: /home/jetson/projects/bishe/install/bishe_detector/share/bishe_detector/environment/path.dsv
[14.268s] -- Up-to-date symlink: /home/jetson/projects/bishe/install/bishe_detector/share/bishe_detector/local_setup.bash
[14.269s] -- Up-to-date symlink: /home/jetson/projects/bishe/install/bishe_detector/share/bishe_detector/local_setup.sh
[14.269s] -- Up-to-date symlink: /home/jetson/projects/bishe/install/bishe_detector/share/bishe_detector/local_setup.zsh
[14.270s] -- Up-to-date symlink: /home/jetson/projects/bishe/install/bishe_detector/share/bishe_detector/local_setup.dsv
[14.270s] -- Symlinking: /home/jetson/projects/bishe/install/bishe_detector/share/bishe_detector/package.dsv
[14.285s] -- Up-to-date symlink: /home/jetson/projects/bishe/install/bishe_detector/share/ament_index/resource_index/packages/bishe_detector
[14.286s] -- Up-to-date symlink: /home/jetson/projects/bishe/install/bishe_detector/share/bishe_detector/cmake/bishe_detectorConfig.cmake
[14.286s] -- Up-to-date symlink: /home/jetson/projects/bishe/install/bishe_detector/share/bishe_detector/cmake/bishe_detectorConfig-version.cmake
[14.286s] -- Up-to-date symlink: /home/jetson/projects/bishe/install/bishe_detector/share/bishe_detector/package.xml
[14.292s] Invoked command in '/home/jetson/projects/bishe/build/bishe_detector' returned '0': CMAKE_PREFIX_PATH=/home/jetson/projects/bishe/install/bishe_msgs:/home/jetson/projects/bishe/install/bishe_streamer:/home/jetson/projects/bishe/install/bishe_monitor:/home/jetson/projects/bishe/install/bishe_detector:/home/jetson/projects/bishe/install/bishe_mqtt:/home/jetson/projects/bishe/install/bishe_camera:/home/jetson/projects/bishe/install/bishe_launch:/opt/ros/humble LD_LIBRARY_PATH=/home/jetson/projects/bishe/install/bishe_msgs/lib:/opt/ros/humble/opt/rviz_ogre_vendor/lib:/opt/ros/humble/lib/aarch64-linux-gnu:/opt/ros/humble/lib:/usr/local/cuda-12.6/lib64 /usr/bin/cmake --install /home/jetson/projects/bishe/build/bishe_detector
