[0.041s] Invoking command in '/home/jetson/projects/bishe/edge/build/bishe_msgs': CMAKE_PREFIX_PATH=${CMAKE_PREFIX_PATH}:/home/jetson/projects/bishe/edge/install/bishe_launch:/opt/ros/humble /usr/bin/cmake --build /home/jetson/projects/bishe/edge/build/bishe_msgs -- -j6 -l6
[0.534s] [  3%] Built target bishe_msgs__cpp
[0.534s] [  3%] Built target ament_cmake_python_symlink_bishe_msgs
[0.535s] [ 12%] Built target bishe_msgs__rosidl_typesupport_introspection_cpp
[0.728s] running egg_info
[0.728s] writing bishe_msgs.egg-info/PKG-INFO
[0.728s] writing dependency_links to bishe_msgs.egg-info/dependency_links.txt
[0.728s] writing top-level names to bishe_msgs.egg-info/top_level.txt
[0.733s] reading manifest file 'bishe_msgs.egg-info/SOURCES.txt'
[0.734s] writing manifest file 'bishe_msgs.egg-info/SOURCES.txt'
[0.797s] [ 12%] Built target ament_cmake_python_build_bishe_msgs_egg
[0.843s] [ 22%] Built target bishe_msgs__rosidl_typesupport_fastrtps_cpp
[0.885s] [ 32%] Built target bishe_msgs__rosidl_typesupport_cpp
[0.928s] [ 41%] Built target bishe_msgs__rosidl_generator_c
[0.971s] [ 51%] Built target bishe_msgs__rosidl_typesupport_fastrtps_c
[1.014s] [ 61%] Built target bishe_msgs__rosidl_typesupport_c
[1.060s] [ 70%] Built target bishe_msgs__rosidl_typesupport_introspection_c
[1.103s] [ 70%] Built target bishe_msgs
[1.146s] [ 74%] Built target bishe_msgs__py
[1.191s] [ 80%] Built target bishe_msgs__rosidl_generator_py
[1.233s] [ 87%] Built target bishe_msgs__rosidl_typesupport_fastrtps_c__pyext
[1.274s] [ 93%] Built target bishe_msgs__rosidl_typesupport_c__pyext
[1.319s] [100%] Built target bishe_msgs__rosidl_typesupport_introspection_c__pyext
[1.341s] Invoked command in '/home/jetson/projects/bishe/edge/build/bishe_msgs' returned '0': CMAKE_PREFIX_PATH=${CMAKE_PREFIX_PATH}:/home/jetson/projects/bishe/edge/install/bishe_launch:/opt/ros/humble /usr/bin/cmake --build /home/jetson/projects/bishe/edge/build/bishe_msgs -- -j6 -l6
[1.344s] Invoking command in '/home/jetson/projects/bishe/edge/build/bishe_msgs': CMAKE_PREFIX_PATH=${CMAKE_PREFIX_PATH}:/home/jetson/projects/bishe/edge/install/bishe_launch:/opt/ros/humble /usr/bin/cmake --install /home/jetson/projects/bishe/edge/build/bishe_msgs
[1.358s] -- Install configuration: ""
[1.362s] -- Execute custom install script
[1.363s] -- Up-to-date symlink: /home/jetson/projects/bishe/edge/install/bishe_msgs/share/ament_index/resource_index/rosidl_interfaces/bishe_msgs
[1.363s] -- Up-to-date symlink: /home/jetson/projects/bishe/edge/install/bishe_msgs/include/bishe_msgs/bishe_msgs/msg/detail/detector_result__functions.h
[1.363s] -- Up-to-date symlink: /home/jetson/projects/bishe/edge/install/bishe_msgs/include/bishe_msgs/bishe_msgs/msg/detail/detector_result__struct.h
[1.363s] -- Up-to-date symlink: /home/jetson/projects/bishe/edge/install/bishe_msgs/include/bishe_msgs/bishe_msgs/msg/detail/detector_result__type_support.h
[1.364s] -- Up-to-date symlink: /home/jetson/projects/bishe/edge/install/bishe_msgs/include/bishe_msgs/bishe_msgs/msg/detector_result.h
[1.364s] -- Up-to-date symlink: /home/jetson/projects/bishe/edge/install/bishe_msgs/include/bishe_msgs/bishe_msgs/msg/rosidl_generator_c__visibility_control.h
[1.364s] -- Up-to-date symlink: /home/jetson/projects/bishe/edge/install/bishe_msgs/share/bishe_msgs/environment/library_path.sh
[1.364s] -- Up-to-date symlink: /home/jetson/projects/bishe/edge/install/bishe_msgs/share/bishe_msgs/environment/library_path.dsv
[1.365s] -- Up-to-date symlink: /home/jetson/projects/bishe/edge/install/bishe_msgs/include/bishe_msgs/bishe_msgs/msg/detail/detector_result__rosidl_typesupport_fastrtps_c.h
[1.365s] -- Up-to-date symlink: /home/jetson/projects/bishe/edge/install/bishe_msgs/include/bishe_msgs/bishe_msgs/msg/rosidl_typesupport_fastrtps_c__visibility_control.h
[1.366s] -- Up-to-date symlink: /home/jetson/projects/bishe/edge/install/bishe_msgs/include/bishe_msgs/bishe_msgs/msg/detail/detector_result__rosidl_typesupport_introspection_c.h
[1.366s] -- Up-to-date symlink: /home/jetson/projects/bishe/edge/install/bishe_msgs/include/bishe_msgs/bishe_msgs/msg/rosidl_typesupport_introspection_c__visibility_control.h
[1.366s] -- Up-to-date symlink: /home/jetson/projects/bishe/edge/install/bishe_msgs/include/bishe_msgs/bishe_msgs/msg/detail/detector_result__builder.hpp
[1.367s] -- Up-to-date symlink: /home/jetson/projects/bishe/edge/install/bishe_msgs/include/bishe_msgs/bishe_msgs/msg/detail/detector_result__struct.hpp
[1.367s] -- Up-to-date symlink: /home/jetson/projects/bishe/edge/install/bishe_msgs/include/bishe_msgs/bishe_msgs/msg/detail/detector_result__traits.hpp
[1.367s] -- Up-to-date symlink: /home/jetson/projects/bishe/edge/install/bishe_msgs/include/bishe_msgs/bishe_msgs/msg/detail/detector_result__type_support.hpp
[1.367s] -- Up-to-date symlink: /home/jetson/projects/bishe/edge/install/bishe_msgs/include/bishe_msgs/bishe_msgs/msg/detector_result.hpp
[1.368s] -- Up-to-date symlink: /home/jetson/projects/bishe/edge/install/bishe_msgs/include/bishe_msgs/bishe_msgs/msg/rosidl_generator_cpp__visibility_control.hpp
[1.368s] -- Up-to-date symlink: /home/jetson/projects/bishe/edge/install/bishe_msgs/include/bishe_msgs/bishe_msgs/msg/detail/detector_result__rosidl_typesupport_fastrtps_cpp.hpp
[1.369s] -- Up-to-date symlink: /home/jetson/projects/bishe/edge/install/bishe_msgs/include/bishe_msgs/bishe_msgs/msg/rosidl_typesupport_fastrtps_cpp__visibility_control.h
[1.369s] -- Up-to-date symlink: /home/jetson/projects/bishe/edge/install/bishe_msgs/include/bishe_msgs/bishe_msgs/msg/detail/detector_result__rosidl_typesupport_introspection_cpp.hpp
[1.369s] -- Up-to-date symlink: /home/jetson/projects/bishe/edge/install/bishe_msgs/share/bishe_msgs/environment/pythonpath.sh
[1.369s] -- Up-to-date symlink: /home/jetson/projects/bishe/edge/install/bishe_msgs/share/bishe_msgs/environment/pythonpath.dsv
[1.370s] -- Up-to-date symlink: /home/jetson/projects/bishe/edge/install/bishe_msgs/local/lib/python3.10/dist-packages/bishe_msgs-0.1.0-py3.10.egg-info/PKG-INFO
[1.370s] -- Up-to-date symlink: /home/jetson/projects/bishe/edge/install/bishe_msgs/local/lib/python3.10/dist-packages/bishe_msgs-0.1.0-py3.10.egg-info/SOURCES.txt
[1.371s] -- Up-to-date symlink: /home/jetson/projects/bishe/edge/install/bishe_msgs/local/lib/python3.10/dist-packages/bishe_msgs-0.1.0-py3.10.egg-info/dependency_links.txt
[1.371s] -- Up-to-date symlink: /home/jetson/projects/bishe/edge/install/bishe_msgs/local/lib/python3.10/dist-packages/bishe_msgs-0.1.0-py3.10.egg-info/top_level.txt
[1.372s] -- Up-to-date symlink: /home/jetson/projects/bishe/edge/install/bishe_msgs/local/lib/python3.10/dist-packages/bishe_msgs/__init__.py
[1.372s] -- Up-to-date symlink: /home/jetson/projects/bishe/edge/install/bishe_msgs/local/lib/python3.10/dist-packages/bishe_msgs/_bishe_msgs_s.ep.rosidl_typesupport_c.c
[1.373s] -- Up-to-date symlink: /home/jetson/projects/bishe/edge/install/bishe_msgs/local/lib/python3.10/dist-packages/bishe_msgs/_bishe_msgs_s.ep.rosidl_typesupport_fastrtps_c.c
[1.373s] -- Up-to-date symlink: /home/jetson/projects/bishe/edge/install/bishe_msgs/local/lib/python3.10/dist-packages/bishe_msgs/_bishe_msgs_s.ep.rosidl_typesupport_introspection_c.c
[1.373s] -- Up-to-date symlink: /home/jetson/projects/bishe/edge/install/bishe_msgs/local/lib/python3.10/dist-packages/bishe_msgs/bishe_msgs_s__rosidl_typesupport_c.cpython-310-aarch64-linux-gnu.so
[1.373s] -- Up-to-date symlink: /home/jetson/projects/bishe/edge/install/bishe_msgs/local/lib/python3.10/dist-packages/bishe_msgs/bishe_msgs_s__rosidl_typesupport_fastrtps_c.cpython-310-aarch64-linux-gnu.so
[1.374s] -- Up-to-date symlink: /home/jetson/projects/bishe/edge/install/bishe_msgs/local/lib/python3.10/dist-packages/bishe_msgs/bishe_msgs_s__rosidl_typesupport_introspection_c.cpython-310-aarch64-linux-gnu.so
[1.374s] -- Up-to-date symlink: /home/jetson/projects/bishe/edge/install/bishe_msgs/local/lib/python3.10/dist-packages/bishe_msgs/libbishe_msgs__rosidl_generator_py.so
[1.374s] -- Up-to-date symlink: /home/jetson/projects/bishe/edge/install/bishe_msgs/local/lib/python3.10/dist-packages/bishe_msgs/msg/__init__.py
[1.374s] -- Up-to-date symlink: /home/jetson/projects/bishe/edge/install/bishe_msgs/local/lib/python3.10/dist-packages/bishe_msgs/msg/_detector_result.py
[1.375s] -- Up-to-date symlink: /home/jetson/projects/bishe/edge/install/bishe_msgs/local/lib/python3.10/dist-packages/bishe_msgs/msg/_detector_result_s.c
[1.375s] -- Up-to-date symlink: /home/jetson/projects/bishe/edge/install/bishe_msgs/local/lib/python3.10/dist-packages/bishe_msgs/bishe_msgs_s__rosidl_typesupport_fastrtps_c.cpython-310-aarch64-linux-gnu.so
[1.376s] -- Up-to-date symlink: /home/jetson/projects/bishe/edge/install/bishe_msgs/local/lib/python3.10/dist-packages/bishe_msgs/bishe_msgs_s__rosidl_typesupport_introspection_c.cpython-310-aarch64-linux-gnu.so
[1.376s] -- Up-to-date symlink: /home/jetson/projects/bishe/edge/install/bishe_msgs/local/lib/python3.10/dist-packages/bishe_msgs/bishe_msgs_s__rosidl_typesupport_c.cpython-310-aarch64-linux-gnu.so
[1.376s] -- Up-to-date symlink: /home/jetson/projects/bishe/edge/install/bishe_msgs/share/bishe_msgs/msg/DetectorResult.idl
[1.377s] -- Up-to-date symlink: /home/jetson/projects/bishe/edge/install/bishe_msgs/share/bishe_msgs/msg/DetectorResult.msg
[1.377s] -- Up-to-date symlink: /home/jetson/projects/bishe/edge/install/bishe_msgs/share/ament_index/resource_index/package_run_dependencies/bishe_msgs
[1.377s] -- Up-to-date symlink: /home/jetson/projects/bishe/edge/install/bishe_msgs/share/ament_index/resource_index/parent_prefix_path/bishe_msgs
[1.378s] -- Up-to-date symlink: /home/jetson/projects/bishe/edge/install/bishe_msgs/share/bishe_msgs/environment/ament_prefix_path.sh
[1.378s] -- Up-to-date symlink: /home/jetson/projects/bishe/edge/install/bishe_msgs/share/bishe_msgs/environment/ament_prefix_path.dsv
[1.378s] -- Up-to-date symlink: /home/jetson/projects/bishe/edge/install/bishe_msgs/share/bishe_msgs/environment/path.sh
[1.378s] -- Up-to-date symlink: /home/jetson/projects/bishe/edge/install/bishe_msgs/share/bishe_msgs/environment/path.dsv
[1.379s] -- Up-to-date symlink: /home/jetson/projects/bishe/edge/install/bishe_msgs/share/bishe_msgs/local_setup.bash
[1.379s] -- Up-to-date symlink: /home/jetson/projects/bishe/edge/install/bishe_msgs/share/bishe_msgs/local_setup.sh
[1.380s] -- Up-to-date symlink: /home/jetson/projects/bishe/edge/install/bishe_msgs/share/bishe_msgs/local_setup.zsh
[1.380s] -- Up-to-date symlink: /home/jetson/projects/bishe/edge/install/bishe_msgs/share/bishe_msgs/local_setup.dsv
[1.381s] -- Symlinking: /home/jetson/projects/bishe/edge/install/bishe_msgs/share/bishe_msgs/package.dsv
[1.399s] -- Up-to-date symlink: /home/jetson/projects/bishe/edge/install/bishe_msgs/share/ament_index/resource_index/packages/bishe_msgs
[1.399s] -- Up-to-date symlink: /home/jetson/projects/bishe/edge/install/bishe_msgs/share/bishe_msgs/cmake/rosidl_cmake-extras.cmake
[1.399s] -- Up-to-date symlink: /home/jetson/projects/bishe/edge/install/bishe_msgs/share/bishe_msgs/cmake/ament_cmake_export_dependencies-extras.cmake
[1.400s] -- Up-to-date symlink: /home/jetson/projects/bishe/edge/install/bishe_msgs/share/bishe_msgs/cmake/ament_cmake_export_include_directories-extras.cmake
[1.400s] -- Up-to-date symlink: /home/jetson/projects/bishe/edge/install/bishe_msgs/share/bishe_msgs/cmake/ament_cmake_export_libraries-extras.cmake
[1.400s] -- Up-to-date symlink: /home/jetson/projects/bishe/edge/install/bishe_msgs/share/bishe_msgs/cmake/ament_cmake_export_targets-extras.cmake
[1.400s] -- Up-to-date symlink: /home/jetson/projects/bishe/edge/install/bishe_msgs/share/bishe_msgs/cmake/rosidl_cmake_export_typesupport_targets-extras.cmake
[1.400s] -- Up-to-date symlink: /home/jetson/projects/bishe/edge/install/bishe_msgs/share/bishe_msgs/cmake/rosidl_cmake_export_typesupport_libraries-extras.cmake
[1.401s] -- Up-to-date symlink: /home/jetson/projects/bishe/edge/install/bishe_msgs/share/bishe_msgs/cmake/bishe_msgsConfig.cmake
[1.401s] -- Up-to-date symlink: /home/jetson/projects/bishe/edge/install/bishe_msgs/share/bishe_msgs/cmake/bishe_msgsConfig-version.cmake
[1.401s] -- Up-to-date symlink: /home/jetson/projects/bishe/edge/install/bishe_msgs/share/bishe_msgs/package.xml
[1.402s] -- Up-to-date: /home/jetson/projects/bishe/edge/install/bishe_msgs/lib/libbishe_msgs__rosidl_generator_c.so
[1.404s] -- Up-to-date: /home/jetson/projects/bishe/edge/install/bishe_msgs/lib/libbishe_msgs__rosidl_typesupport_fastrtps_c.so
[1.404s] -- Up-to-date: /home/jetson/projects/bishe/edge/install/bishe_msgs/lib/libbishe_msgs__rosidl_typesupport_introspection_c.so
[1.404s] -- Up-to-date: /home/jetson/projects/bishe/edge/install/bishe_msgs/lib/libbishe_msgs__rosidl_typesupport_c.so
[1.405s] -- Up-to-date: /home/jetson/projects/bishe/edge/install/bishe_msgs/lib/libbishe_msgs__rosidl_typesupport_fastrtps_cpp.so
[1.405s] -- Up-to-date: /home/jetson/projects/bishe/edge/install/bishe_msgs/lib/libbishe_msgs__rosidl_typesupport_introspection_cpp.so
[1.406s] -- Up-to-date: /home/jetson/projects/bishe/edge/install/bishe_msgs/lib/libbishe_msgs__rosidl_typesupport_cpp.so
[1.481s] Listing '/home/jetson/projects/bishe/edge/install/bishe_msgs/local/lib/python3.10/dist-packages/bishe_msgs'...
[1.481s] Listing '/home/jetson/projects/bishe/edge/install/bishe_msgs/local/lib/python3.10/dist-packages/bishe_msgs/msg'...
[1.492s] -- Up-to-date: /home/jetson/projects/bishe/edge/install/bishe_msgs/lib/libbishe_msgs__rosidl_generator_py.so
[1.492s] -- Up-to-date: /home/jetson/projects/bishe/edge/install/bishe_msgs/share/bishe_msgs/cmake/export_bishe_msgs__rosidl_generator_cExport.cmake
[1.492s] -- Up-to-date: /home/jetson/projects/bishe/edge/install/bishe_msgs/share/bishe_msgs/cmake/export_bishe_msgs__rosidl_generator_cExport-noconfig.cmake
[1.493s] -- Up-to-date: /home/jetson/projects/bishe/edge/install/bishe_msgs/share/bishe_msgs/cmake/export_bishe_msgs__rosidl_typesupport_fastrtps_cExport.cmake
[1.493s] -- Up-to-date: /home/jetson/projects/bishe/edge/install/bishe_msgs/share/bishe_msgs/cmake/export_bishe_msgs__rosidl_typesupport_fastrtps_cExport-noconfig.cmake
[1.493s] -- Up-to-date: /home/jetson/projects/bishe/edge/install/bishe_msgs/share/bishe_msgs/cmake/bishe_msgs__rosidl_typesupport_introspection_cExport.cmake
[1.493s] -- Up-to-date: /home/jetson/projects/bishe/edge/install/bishe_msgs/share/bishe_msgs/cmake/bishe_msgs__rosidl_typesupport_introspection_cExport-noconfig.cmake
[1.493s] -- Up-to-date: /home/jetson/projects/bishe/edge/install/bishe_msgs/share/bishe_msgs/cmake/bishe_msgs__rosidl_typesupport_cExport.cmake
[1.494s] -- Up-to-date: /home/jetson/projects/bishe/edge/install/bishe_msgs/share/bishe_msgs/cmake/bishe_msgs__rosidl_typesupport_cExport-noconfig.cmake
[1.494s] -- Up-to-date: /home/jetson/projects/bishe/edge/install/bishe_msgs/share/bishe_msgs/cmake/export_bishe_msgs__rosidl_generator_cppExport.cmake
[1.494s] -- Up-to-date: /home/jetson/projects/bishe/edge/install/bishe_msgs/share/bishe_msgs/cmake/export_bishe_msgs__rosidl_typesupport_fastrtps_cppExport.cmake
[1.494s] -- Up-to-date: /home/jetson/projects/bishe/edge/install/bishe_msgs/share/bishe_msgs/cmake/export_bishe_msgs__rosidl_typesupport_fastrtps_cppExport-noconfig.cmake
[1.495s] -- Up-to-date: /home/jetson/projects/bishe/edge/install/bishe_msgs/share/bishe_msgs/cmake/bishe_msgs__rosidl_typesupport_introspection_cppExport.cmake
[1.495s] -- Up-to-date: /home/jetson/projects/bishe/edge/install/bishe_msgs/share/bishe_msgs/cmake/bishe_msgs__rosidl_typesupport_introspection_cppExport-noconfig.cmake
[1.495s] -- Up-to-date: /home/jetson/projects/bishe/edge/install/bishe_msgs/share/bishe_msgs/cmake/bishe_msgs__rosidl_typesupport_cppExport.cmake
[1.495s] -- Up-to-date: /home/jetson/projects/bishe/edge/install/bishe_msgs/share/bishe_msgs/cmake/bishe_msgs__rosidl_typesupport_cppExport-noconfig.cmake
[1.495s] -- Up-to-date: /home/jetson/projects/bishe/edge/install/bishe_msgs/share/bishe_msgs/cmake/export_bishe_msgs__rosidl_generator_pyExport.cmake
[1.496s] -- Up-to-date: /home/jetson/projects/bishe/edge/install/bishe_msgs/share/bishe_msgs/cmake/export_bishe_msgs__rosidl_generator_pyExport-noconfig.cmake
[1.506s] Invoked command in '/home/jetson/projects/bishe/edge/build/bishe_msgs' returned '0': CMAKE_PREFIX_PATH=${CMAKE_PREFIX_PATH}:/home/jetson/projects/bishe/edge/install/bishe_launch:/opt/ros/humble /usr/bin/cmake --install /home/jetson/projects/bishe/edge/build/bishe_msgs
