[0.547s] Invoking command in '/home/jetson/projects/bishe/edge/build/bishe_mqtt': CMAKE_PREFIX_PATH=${CMAKE_PREFIX_PATH}:/home/jetson/projects/bishe/edge/install/bishe_launch:/opt/ros/humble /usr/bin/cmake /home/jetson/projects/bishe/edge/src/bishe_mqtt -DCMAKE_INSTALL_PREFIX=/home/jetson/projects/bishe/edge/install/bishe_mqtt
[0.575s] -- Found ament_cmake: 1.3.12 (/opt/ros/humble/share/ament_cmake/cmake)
[0.823s] -- Override CMake install command with custom implementation using symlinks instead of copying resources
[0.855s] -- Found rclcpp: 16.0.16 (/opt/ros/humble/share/rclcpp/cmake)
[0.912s] -- Found rosidl_generator_c: 3.1.7 (/opt/ros/humble/share/rosidl_generator_c/cmake)
[0.918s] -- Found rosidl_adapter: 3.1.7 (/opt/ros/humble/share/rosidl_adapter/cmake)
[0.940s] -- Found rosidl_generator_cpp: 3.1.7 (/opt/ros/humble/share/rosidl_generator_cpp/cmake)
[0.959s] -- Using all available rosidl_typesupport_c: rosidl_typesupport_fastrtps_c;rosidl_typesupport_introspection_c
[0.977s] -- Using all available rosidl_typesupport_cpp: rosidl_typesupport_fastrtps_cpp;rosidl_typesupport_introspection_cpp
[1.046s] -- Found rmw_implementation_cmake: 6.1.2 (/opt/ros/humble/share/rmw_implementation_cmake/cmake)
[1.052s] -- Found rmw_fastrtps_cpp: 6.2.9 (/opt/ros/humble/share/rmw_fastrtps_cpp/cmake)
[1.286s] -- Using RMW implementation 'rmw_fastrtps_cpp' as default
[1.508s] -- Configuring done
[1.527s] -- Generating done
[1.539s] -- Build files have been written to: /home/jetson/projects/bishe/edge/build/bishe_mqtt
[1.556s] Invoked command in '/home/jetson/projects/bishe/edge/build/bishe_mqtt' returned '0': CMAKE_PREFIX_PATH=${CMAKE_PREFIX_PATH}:/home/jetson/projects/bishe/edge/install/bishe_launch:/opt/ros/humble /usr/bin/cmake /home/jetson/projects/bishe/edge/src/bishe_mqtt -DCMAKE_INSTALL_PREFIX=/home/jetson/projects/bishe/edge/install/bishe_mqtt
[1.559s] Invoking command in '/home/jetson/projects/bishe/edge/build/bishe_mqtt': CMAKE_PREFIX_PATH=${CMAKE_PREFIX_PATH}:/home/jetson/projects/bishe/edge/install/bishe_launch:/opt/ros/humble /usr/bin/cmake --build /home/jetson/projects/bishe/edge/build/bishe_mqtt -- -j6 -l6
[1.627s] [35m[1mConsolidate compiler generated dependencies of target mqtt_node[0m
[1.662s] [100%] Built target mqtt_node
[1.683s] Invoked command in '/home/jetson/projects/bishe/edge/build/bishe_mqtt' returned '0': CMAKE_PREFIX_PATH=${CMAKE_PREFIX_PATH}:/home/jetson/projects/bishe/edge/install/bishe_launch:/opt/ros/humble /usr/bin/cmake --build /home/jetson/projects/bishe/edge/build/bishe_mqtt -- -j6 -l6
[1.684s] Invoking command in '/home/jetson/projects/bishe/edge/build/bishe_mqtt': CMAKE_PREFIX_PATH=${CMAKE_PREFIX_PATH}:/home/jetson/projects/bishe/edge/install/bishe_launch:/opt/ros/humble /usr/bin/cmake --install /home/jetson/projects/bishe/edge/build/bishe_mqtt
[1.709s] -- Install configuration: ""
[1.711s] -- Execute custom install script
[1.712s] -- Up-to-date symlink: /home/jetson/projects/bishe/edge/install/bishe_mqtt/lib/bishe_mqtt/mqtt_node
[1.713s] -- Up-to-date symlink: /home/jetson/projects/bishe/edge/install/bishe_mqtt/share/ament_index/resource_index/package_run_dependencies/bishe_mqtt
[1.714s] -- Up-to-date symlink: /home/jetson/projects/bishe/edge/install/bishe_mqtt/share/ament_index/resource_index/parent_prefix_path/bishe_mqtt
[1.714s] -- Up-to-date symlink: /home/jetson/projects/bishe/edge/install/bishe_mqtt/share/bishe_mqtt/environment/ament_prefix_path.sh
[1.715s] -- Up-to-date symlink: /home/jetson/projects/bishe/edge/install/bishe_mqtt/share/bishe_mqtt/environment/ament_prefix_path.dsv
[1.716s] -- Up-to-date symlink: /home/jetson/projects/bishe/edge/install/bishe_mqtt/share/bishe_mqtt/environment/path.sh
[1.716s] -- Up-to-date symlink: /home/jetson/projects/bishe/edge/install/bishe_mqtt/share/bishe_mqtt/environment/path.dsv
[1.717s] -- Up-to-date symlink: /home/jetson/projects/bishe/edge/install/bishe_mqtt/share/bishe_mqtt/local_setup.bash
[1.718s] -- Up-to-date symlink: /home/jetson/projects/bishe/edge/install/bishe_mqtt/share/bishe_mqtt/local_setup.sh
[1.718s] -- Up-to-date symlink: /home/jetson/projects/bishe/edge/install/bishe_mqtt/share/bishe_mqtt/local_setup.zsh
[1.719s] -- Up-to-date symlink: /home/jetson/projects/bishe/edge/install/bishe_mqtt/share/bishe_mqtt/local_setup.dsv
[1.720s] -- Symlinking: /home/jetson/projects/bishe/edge/install/bishe_mqtt/share/bishe_mqtt/package.dsv
[1.738s] -- Up-to-date symlink: /home/jetson/projects/bishe/edge/install/bishe_mqtt/share/ament_index/resource_index/packages/bishe_mqtt
[1.738s] -- Up-to-date symlink: /home/jetson/projects/bishe/edge/install/bishe_mqtt/share/bishe_mqtt/cmake/bishe_mqttConfig.cmake
[1.738s] -- Up-to-date symlink: /home/jetson/projects/bishe/edge/install/bishe_mqtt/share/bishe_mqtt/cmake/bishe_mqttConfig-version.cmake
[1.738s] -- Up-to-date symlink: /home/jetson/projects/bishe/edge/install/bishe_mqtt/share/bishe_mqtt/package.xml
[1.747s] Invoked command in '/home/jetson/projects/bishe/edge/build/bishe_mqtt' returned '0': CMAKE_PREFIX_PATH=${CMAKE_PREFIX_PATH}:/home/jetson/projects/bishe/edge/install/bishe_launch:/opt/ros/humble /usr/bin/cmake --install /home/jetson/projects/bishe/edge/build/bishe_mqtt
