[0.030s] Invoking command in '/home/jetson/projects/bishe/edge/build/bishe_monitor': CMAKE_PREFIX_PATH=/home/jetson/projects/bishe/edge/install/bishe_msgs:/home/jetson/projects/bishe/edge/install/bishe_streamer:/home/jetson/projects/bishe/edge/install/bishe_monitor:/home/jetson/projects/bishe/edge/install/bishe_detector:/home/jetson/projects/bishe/edge/install/bishe_mqtt:/home/jetson/projects/bishe/edge/install/bishe_camera:/home/jetson/projects/bishe/edge/install/bishe_launch:/opt/ros/humble LD_LIBRARY_PATH=/home/jetson/projects/bishe/edge/install/bishe_msgs/lib:/home/jetson/projects/bishe/edge/install/bishe_detector/lib:/home/jetson/projects/bishe/edge/install/bishe_camera/lib:/opt/ros/humble/opt/rviz_ogre_vendor/lib:/opt/ros/humble/lib/aarch64-linux-gnu:/opt/ros/humble/lib:/usr/local/cuda-12.6/lib64 /usr/bin/cmake --build /home/jetson/projects/bishe/edge/build/bishe_monitor -- -j6 -l6
[0.149s] [ 14%] Built target gtest_main
[0.150s] [ 28%] Built target gtest
[0.159s] [ 42%] Built target monitor_node
[0.207s] [ 57%] Built target test_async_task_worker
[0.214s] [ 71%] Built target test_alarm_upload_gate
[0.219s] [ 85%] Built target test_alarm_event_payload
[0.221s] [100%] Built target test_alarm_playback_command
[0.240s] Invoked command in '/home/jetson/projects/bishe/edge/build/bishe_monitor' returned '0': CMAKE_PREFIX_PATH=/home/jetson/projects/bishe/edge/install/bishe_msgs:/home/jetson/projects/bishe/edge/install/bishe_streamer:/home/jetson/projects/bishe/edge/install/bishe_monitor:/home/jetson/projects/bishe/edge/install/bishe_detector:/home/jetson/projects/bishe/edge/install/bishe_mqtt:/home/jetson/projects/bishe/edge/install/bishe_camera:/home/jetson/projects/bishe/edge/install/bishe_launch:/opt/ros/humble LD_LIBRARY_PATH=/home/jetson/projects/bishe/edge/install/bishe_msgs/lib:/home/jetson/projects/bishe/edge/install/bishe_detector/lib:/home/jetson/projects/bishe/edge/install/bishe_camera/lib:/opt/ros/humble/opt/rviz_ogre_vendor/lib:/opt/ros/humble/lib/aarch64-linux-gnu:/opt/ros/humble/lib:/usr/local/cuda-12.6/lib64 /usr/bin/cmake --build /home/jetson/projects/bishe/edge/build/bishe_monitor -- -j6 -l6
[0.243s] Invoking command in '/home/jetson/projects/bishe/edge/build/bishe_monitor': CMAKE_PREFIX_PATH=/home/jetson/projects/bishe/edge/install/bishe_msgs:/home/jetson/projects/bishe/edge/install/bishe_streamer:/home/jetson/projects/bishe/edge/install/bishe_monitor:/home/jetson/projects/bishe/edge/install/bishe_detector:/home/jetson/projects/bishe/edge/install/bishe_mqtt:/home/jetson/projects/bishe/edge/install/bishe_camera:/home/jetson/projects/bishe/edge/install/bishe_launch:/opt/ros/humble LD_LIBRARY_PATH=/home/jetson/projects/bishe/edge/install/bishe_msgs/lib:/home/jetson/projects/bishe/edge/install/bishe_detector/lib:/home/jetson/projects/bishe/edge/install/bishe_camera/lib:/opt/ros/humble/opt/rviz_ogre_vendor/lib:/opt/ros/humble/lib/aarch64-linux-gnu:/opt/ros/humble/lib:/usr/local/cuda-12.6/lib64 /usr/bin/cmake --install /home/jetson/projects/bishe/edge/build/bishe_monitor
[0.255s] -- Install configuration: ""
[0.256s] -- Execute custom install script
[0.256s] -- Up-to-date symlink: /home/jetson/projects/bishe/edge/install/bishe_monitor/lib/bishe_monitor/monitor_node
[0.258s] -- Up-to-date symlink: /home/jetson/projects/bishe/edge/install/bishe_monitor/include/bishe_monitor/alarm_event_payload.hpp
[0.260s] -- Up-to-date symlink: /home/jetson/projects/bishe/edge/install/bishe_monitor/include/bishe_monitor/alarm_playback_command.hpp
[0.262s] -- Up-to-date symlink: /home/jetson/projects/bishe/edge/install/bishe_monitor/include/bishe_monitor/alarm_upload_gate.hpp
[0.262s] -- Up-to-date symlink: /home/jetson/projects/bishe/edge/install/bishe_monitor/include/bishe_monitor/async_task_worker.hpp
[0.262s] -- Up-to-date symlink: /home/jetson/projects/bishe/edge/install/bishe_monitor/share/bishe_monitor/config/config.yaml
[0.262s] -- Up-to-date symlink: /home/jetson/projects/bishe/edge/install/bishe_monitor/share/ament_index/resource_index/package_run_dependencies/bishe_monitor
[0.263s] -- Up-to-date symlink: /home/jetson/projects/bishe/edge/install/bishe_monitor/share/ament_index/resource_index/parent_prefix_path/bishe_monitor
[0.263s] -- Up-to-date symlink: /home/jetson/projects/bishe/edge/install/bishe_monitor/share/bishe_monitor/environment/ament_prefix_path.sh
[0.263s] -- Up-to-date symlink: /home/jetson/projects/bishe/edge/install/bishe_monitor/share/bishe_monitor/environment/ament_prefix_path.dsv
[0.263s] -- Up-to-date symlink: /home/jetson/projects/bishe/edge/install/bishe_monitor/share/bishe_monitor/environment/path.sh
[0.263s] -- Up-to-date symlink: /home/jetson/projects/bishe/edge/install/bishe_monitor/share/bishe_monitor/environment/path.dsv
[0.264s] -- Up-to-date symlink: /home/jetson/projects/bishe/edge/install/bishe_monitor/share/bishe_monitor/local_setup.bash
[0.264s] -- Up-to-date symlink: /home/jetson/projects/bishe/edge/install/bishe_monitor/share/bishe_monitor/local_setup.sh
[0.265s] -- Up-to-date symlink: /home/jetson/projects/bishe/edge/install/bishe_monitor/share/bishe_monitor/local_setup.zsh
[0.266s] -- Up-to-date symlink: /home/jetson/projects/bishe/edge/install/bishe_monitor/share/bishe_monitor/local_setup.dsv
[0.266s] -- Symlinking: /home/jetson/projects/bishe/edge/install/bishe_monitor/share/bishe_monitor/package.dsv
[0.277s] -- Up-to-date symlink: /home/jetson/projects/bishe/edge/install/bishe_monitor/share/ament_index/resource_index/packages/bishe_monitor
[0.279s] -- Up-to-date symlink: /home/jetson/projects/bishe/edge/install/bishe_monitor/share/bishe_monitor/cmake/bishe_monitorConfig.cmake
[0.280s] -- Up-to-date symlink: /home/jetson/projects/bishe/edge/install/bishe_monitor/share/bishe_monitor/cmake/bishe_monitorConfig-version.cmake
[0.280s] -- Up-to-date symlink: /home/jetson/projects/bishe/edge/install/bishe_monitor/share/bishe_monitor/package.xml
[0.329s] Invoked command in '/home/jetson/projects/bishe/edge/build/bishe_monitor' returned '0': CMAKE_PREFIX_PATH=/home/jetson/projects/bishe/edge/install/bishe_msgs:/home/jetson/projects/bishe/edge/install/bishe_streamer:/home/jetson/projects/bishe/edge/install/bishe_monitor:/home/jetson/projects/bishe/edge/install/bishe_detector:/home/jetson/projects/bishe/edge/install/bishe_mqtt:/home/jetson/projects/bishe/edge/install/bishe_camera:/home/jetson/projects/bishe/edge/install/bishe_launch:/opt/ros/humble LD_LIBRARY_PATH=/home/jetson/projects/bishe/edge/install/bishe_msgs/lib:/home/jetson/projects/bishe/edge/install/bishe_detector/lib:/home/jetson/projects/bishe/edge/install/bishe_camera/lib:/opt/ros/humble/opt/rviz_ogre_vendor/lib:/opt/ros/humble/lib/aarch64-linux-gnu:/opt/ros/humble/lib:/usr/local/cuda-12.6/lib64 /usr/bin/cmake --install /home/jetson/projects/bishe/edge/build/bishe_monitor
