-- Found ament_cmake: 1.3.12 (/opt/ros/humble/share/ament_cmake/cmake)
-- Override CMake install command with custom implementation using symlinks instead of copying resources
-- Found rclcpp: 16.0.16 (/opt/ros/humble/share/rclcpp/cmake)
-- Found rosidl_generator_c: 3.1.7 (/opt/ros/humble/share/rosidl_generator_c/cmake)
-- Found rosidl_adapter: 3.1.7 (/opt/ros/humble/share/rosidl_adapter/cmake)
-- Found rosidl_generator_cpp: 3.1.7 (/opt/ros/humble/share/rosidl_generator_cpp/cmake)
-- Using all available rosidl_typesupport_c: rosidl_typesupport_fastrtps_c;rosidl_typesupport_introspection_c
-- Using all available rosidl_typesupport_cpp: rosidl_typesupport_fastrtps_cpp;rosidl_typesupport_introspection_cpp
-- Found rmw_implementation_cmake: 6.1.2 (/opt/ros/humble/share/rmw_implementation_cmake/cmake)
-- Found rmw_fastrtps_cpp: 6.2.9 (/opt/ros/humble/share/rmw_fastrtps_cpp/cmake)
-- Using RMW implementation 'rmw_fastrtps_cpp' as default
-- Found bishe_msgs: 0.1.0 (/home/jetson/projects/bishe/edge/install/bishe_msgs/share/bishe_msgs/cmake)
-- Found cv_bridge: 3.2.1 (/opt/ros/humble/share/cv_bridge/cmake)
-- Found gtest sources under '/opt/ros/humble/src/gtest_vendor': C++ tests using 'Google Test' will be built
-- Configuring done
-- Generating done
-- Build files have been written to: /home/jetson/projects/bishe/edge/build/bishe_monitor
Consolidate compiler generated dependencies of target gtest_main
Consolidate compiler generated dependencies of target gtest
Consolidate compiler generated dependencies of target monitor_node
[ 20%] Built target gtest_main
[ 40%] Built target gtest
[ 60%] Built target monitor_node
Consolidate compiler generated dependencies of target test_async_task_worker
[ 70%] Building CXX object CMakeFiles/test_alarm_upload_gate.dir/test/test_alarm_upload_gate.cpp.o
[ 90%] Built target test_async_task_worker
/home/jetson/projects/bishe/edge/src/bishe_monitor/test/test_alarm_upload_gate.cpp:5:10: fatal error: bishe_monitor/alarm_upload_gate.hpp: 没有那个文件或目录
    5 | #include "bishe_monitor/alarm_upload_gate.hpp"
      |          ^~~~~~~~~~~~~~~~~~~~~~~~~~~~~~~~~~~~~
compilation terminated.
gmake[2]: *** [CMakeFiles/test_alarm_upload_gate.dir/build.make:76：CMakeFiles/test_alarm_upload_gate.dir/test/test_alarm_upload_gate.cpp.o] 错误 1
gmake[1]: *** [CMakeFiles/Makefile2:213：CMakeFiles/test_alarm_upload_gate.dir/all] 错误 2
gmake: *** [Makefile:146：all] 错误 2
