-- Found ament_cmake: 1.3.12 (/opt/ros/humble/share/ament_cmake/cmake)
-- Override CMake install command with custom implementation using symlinks instead of copying resources
-- Found rclcpp: 16.0.16 (/opt/ros/humble/share/rclcpp/cmake)
-- Found rosidl_generator_c: 3.1.7 (/opt/ros/humble/share/rosidl_generator_c/cmake)
-- Found rosidl_adapter: 3.1.7 (/opt/ros/humble/share/rosidl_adapter/cmake)
-- Found rosidl_generator_cpp: 3.1.7 (/opt/ros/humble/share/rosidl_generator_cpp/cmake)
-- Using all available rosidl_typesupport_c: rosidl_typesupport_fastrtps_c;rosidl_typesupport_introspection_c
-- Using all available rosidl_typesupport_cpp: rosidl_typesupport_fastrtps_cpp;rosidl_typesupport_introspection_cpp
-- Found rmw_implementation_cmake: 6.1.2 (/opt/ros/humble/share/rmw_implementation_cmake/cmake)
-- Found rmw_fastrtps_cpp: 6.2.9 (/opt/ros/humble/share/rmw_fastrtps_cpp/cmake)
-- Using RMW implementation 'rmw_fastrtps_cpp' as default
-- Found sensor_msgs: 4.9.0 (/opt/ros/humble/share/sensor_msgs/cmake)
-- Found image_transport: 3.1.12 (/opt/ros/humble/share/image_transport/cmake)
-- Found cv_bridge: 3.2.1 (/opt/ros/humble/share/cv_bridge/cmake)
-- Found bishe_msgs: 0.1.0 (/home/jetson/projects/bishe/edge/install/bishe_msgs/share/bishe_msgs/cmake)
-- Configuring done
-- Generating done
-- Build files have been written to: /home/jetson/projects/bishe/edge/build/bishe_streamer
Consolidate compiler generated dependencies of target intercom_node
Consolidate compiler generated dependencies of target streamer_node
[ 25%] Building CXX object CMakeFiles/intercom_node.dir/src/intercom_node.cpp.o
[ 50%] Building CXX object CMakeFiles/streamer_node.dir/src/streamer_node.cpp.o
/home/jetson/projects/bishe/edge/src/bishe_streamer/src/streamer_node.cpp: In member function ‘void StreamerNode::reportPipelineStats()’:
/home/jetson/projects/bishe/edge/src/bishe_streamer/src/streamer_node.cpp:69:22: warning: unused variable ‘seconds’ [-Wunused-variable]
   69 |         const double seconds = static_cast<double>(elapsed_ms) / 1000.0;
      |                      ^~~~~~~
/home/jetson/projects/bishe/edge/src/bishe_streamer/src/streamer_node.cpp:70:24: warning: unused variable ‘received’ [-Wunused-variable]
   70 |         const uint64_t received = received_frames_.exchange(0);
      |                        ^~~~~~~~
/home/jetson/projects/bishe/edge/src/bishe_streamer/src/streamer_node.cpp:78:22: warning: unused variable ‘avg_write_ms’ [-Wunused-variable]
   78 |         const double avg_write_ms = written > 0 ? write_time_ms / static_cast<double>(written) : 0.0;
      |                      ^~~~~~~~~~~~
[ 75%] Linking CXX executable intercom_node
[ 75%] Built target intercom_node
[100%] Linking CXX executable streamer_node
/usr/bin/ld: warning: libopencv_imgproc.so.4.5d, needed by /opt/ros/humble/lib/libcv_bridge.so, may conflict with libopencv_imgproc.so.410
/usr/bin/ld: warning: libopencv_core.so.4.5d, needed by /opt/ros/humble/lib/libcv_bridge.so, may conflict with libopencv_core.so.410
[100%] Built target streamer_node
