[0.488s] Invoking command in '/home/jetson/projects/bishe/build/bishe_detector': AMENT_PREFIX_PATH=/home/jetson/projects/bishe/install/bishe_msgs:${AMENT_PREFIX_PATH} CMAKE_PREFIX_PATH=/home/jetson/projects/bishe/install/bishe_msgs:/opt/ros/humble LD_LIBRARY_PATH=/home/jetson/projects/bishe/install/bishe_msgs/lib:/opt/ros/humble/opt/rviz_ogre_vendor/lib:/opt/ros/humble/lib/aarch64-linux-gnu:/opt/ros/humble/lib:/usr/local/cuda-12.6/lib64 PYTHONPATH=/home/jetson/projects/bishe/install/bishe_msgs/local/lib/python3.10/dist-packages:${PYTHONPATH} /usr/bin/cmake --build /home/jetson/projects/bishe/build/bishe_detector -- -j6 -l6
[0.651s] [ 16%] Building CXX object CMakeFiles/detector_node.dir/src/detector_node.cpp.o
[13.842s] [ 33%] Linking CXX executable detector_node
[14.323s] /usr/bin/ld: warning: libopencv_imgcodecs.so.4.5d, needed by /opt/ros/humble/lib/libcv_bridge.so, may conflict with libopencv_imgcodecs.so.410
[14.325s] /usr/bin/ld: warning: libopencv_imgproc.so.4.5d, needed by /opt/ros/humble/lib/libcv_bridge.so, may conflict with libopencv_imgproc.so.410
[14.327s] /usr/bin/ld: warning: libopencv_core.so.4.5d, needed by /opt/ros/humble/lib/libcv_bridge.so, may conflict with libopencv_core.so.410
[15.099s] [100%] Built target detector_node
[15.118s] Invoked command in '/home/jetson/projects/bishe/build/bishe_detector' returned '0': AMENT_PREFIX_PATH=/home/jetson/projects/bishe/install/bishe_msgs:${AMENT_PREFIX_PATH} CMAKE_PREFIX_PATH=/home/jetson/projects/bishe/install/bishe_msgs:/opt/ros/humble LD_LIBRARY_PATH=/home/jetson/projects/bishe/install/bishe_msgs/lib:/opt/ros/humble/opt/rviz_ogre_vendor/lib:/opt/ros/humble/lib/aarch64-linux-gnu:/opt/ros/humble/lib:/usr/local/cuda-12.6/lib64 PYTHONPATH=/home/jetson/projects/bishe/install/bishe_msgs/local/lib/python3.10/dist-packages:${PYTHONPATH} /usr/bin/cmake --build /home/jetson/projects/bishe/build/bishe_detector -- -j6 -l6
[15.120s] Invoking command in '/home/jetson/projects/bishe/build/bishe_detector': AMENT_PREFIX_PATH=/home/jetson/projects/bishe/install/bishe_msgs:${AMENT_PREFIX_PATH} CMAKE_PREFIX_PATH=/home/jetson/projects/bishe/install/bishe_msgs:/opt/ros/humble LD_LIBRARY_PATH=/home/jetson/projects/bishe/install/bishe_msgs/lib:/opt/ros/humble/opt/rviz_ogre_vendor/lib:/opt/ros/humble/lib/aarch64-linux-gnu:/opt/ros/humble/lib:/usr/local/cuda-12.6/lib64 PYTHONPATH=/home/jetson/projects/bishe/install/bishe_msgs/local/lib/python3.10/dist-packages:${PYTHONPATH} /usr/bin/cmake --install /home/jetson/projects/bishe/build/bishe_detector
[15.136s] -- Install configuration: ""
[15.137s] -- Execute custom install script
[15.137s] -- Up-to-date symlink: /home/jetson/projects/bishe/install/bishe_detector/lib/bishe_detector/detector_node
[15.140s] -- Up-to-date symlink: /home/jetson/projects/bishe/install/bishe_detector/include/bishe_detector/int8_calibrator.h
[15.140s] -- Up-to-date symlink: /home/jetson/projects/bishe/install/bishe_detector/include/bishe_detector/trt_engine.h
[15.141s] -- Up-to-date symlink: /home/jetson/projects/bishe/install/bishe_detector/include/bishe_detector/utils.h
[15.142s] -- Up-to-date symlink: /home/jetson/projects/bishe/install/bishe_detector/include/bishe_detector/yolo.h
[15.142s] -- Up-to-date symlink: /home/jetson/projects/bishe/install/bishe_detector/include/bishe_detector/yolov10.h
[15.143s] -- Up-to-date symlink: /home/jetson/projects/bishe/install/bishe_detector/include/bishe_detector/yolov5a.h
[15.143s] -- Up-to-date symlink: /home/jetson/projects/bishe/install/bishe_detector/include/bishe_detector/yolov8.h
[15.143s] -- Up-to-date symlink: /home/jetson/projects/bishe/install/bishe_detector/share/ament_index/resource_index/package_run_dependencies/bishe_detector
[15.144s] -- Up-to-date symlink: /home/jetson/projects/bishe/install/bishe_detector/share/ament_index/resource_index/parent_prefix_path/bishe_detector
[15.145s] -- Up-to-date symlink: /home/jetson/projects/bishe/install/bishe_detector/share/bishe_detector/environment/ament_prefix_path.sh
[15.146s] -- Up-to-date symlink: /home/jetson/projects/bishe/install/bishe_detector/share/bishe_detector/environment/ament_prefix_path.dsv
[15.146s] -- Up-to-date symlink: /home/jetson/projects/bishe/install/bishe_detector/share/bishe_detector/environment/path.sh
[15.146s] -- Up-to-date symlink: /home/jetson/projects/bishe/install/bishe_detector/share/bishe_detector/environment/path.dsv
[15.146s] -- Up-to-date symlink: /home/jetson/projects/bishe/install/bishe_detector/share/bishe_detector/local_setup.bash
[15.147s] -- Up-to-date symlink: /home/jetson/projects/bishe/install/bishe_detector/share/bishe_detector/local_setup.sh
[15.147s] -- Up-to-date symlink: /home/jetson/projects/bishe/install/bishe_detector/share/bishe_detector/local_setup.zsh
[15.147s] -- Up-to-date symlink: /home/jetson/projects/bishe/install/bishe_detector/share/bishe_detector/local_setup.dsv
[15.147s] -- Symlinking: /home/jetson/projects/bishe/install/bishe_detector/share/bishe_detector/package.dsv
[15.162s] -- Up-to-date symlink: /home/jetson/projects/bishe/install/bishe_detector/share/ament_index/resource_index/packages/bishe_detector
[15.162s] -- Up-to-date symlink: /home/jetson/projects/bishe/install/bishe_detector/share/bishe_detector/cmake/bishe_detectorConfig.cmake
[15.162s] -- Up-to-date symlink: /home/jetson/projects/bishe/install/bishe_detector/share/bishe_detector/cmake/bishe_detectorConfig-version.cmake
[15.163s] -- Up-to-date symlink: /home/jetson/projects/bishe/install/bishe_detector/share/bishe_detector/package.xml
[15.166s] Invoked command in '/home/jetson/projects/bishe/build/bishe_detector' returned '0': AMENT_PREFIX_PATH=/home/jetson/projects/bishe/install/bishe_msgs:${AMENT_PREFIX_PATH} CMAKE_PREFIX_PATH=/home/jetson/projects/bishe/install/bishe_msgs:/opt/ros/humble LD_LIBRARY_PATH=/home/jetson/projects/bishe/install/bishe_msgs/lib:/opt/ros/humble/opt/rviz_ogre_vendor/lib:/opt/ros/humble/lib/aarch64-linux-gnu:/opt/ros/humble/lib:/usr/local/cuda-12.6/lib64 PYTHONPATH=/home/jetson/projects/bishe/install/bishe_msgs/local/lib/python3.10/dist-packages:${PYTHONPATH} /usr/bin/cmake --install /home/jetson/projects/bishe/build/bishe_detector
