[ 50%] [32mBuilding CXX object CMakeFiles/camera_node.dir/src/camera_node.cpp.o[0m
[01m[K/home/jetson/projects/bishe/src/bishe_camera/src/camera_node.cpp:[m[K In member function ‘[01m[Kvoid CameraNode::reportFps()[m[K’:
[01m[K/home/jetson/projects/bishe/src/bishe_camera/src/camera_node.cpp:47:20:[m[K [01;35m[Kwarning: [m[Kunused variable ‘[01m[Kfps[m[K’ [[01;35m[K]8;;https://gcc.gnu.org/onlinedocs/gcc/Warning-Options.html#index-Wunused-variable-Wunused-variable]8;;[m[K]
   47 |       const double [01;35m[Kfps[m[K = static_cast<double>(published_frames_) * 1000.0 / static_cast<double>(elapsed_ms);
      |                    [01;35m[K^~~[m[K
[100%] [32m[1mLinking CXX executable camera_node[0m
/usr/bin/ld: warning: libopencv_core.so.4.5d, needed by /opt/ros/humble/lib/libcv_bridge.so, may conflict with libopencv_core.so.410
[100%] Built target camera_node
-- Install configuration: ""
-- Execute custom install script
-- Up-to-date symlink: /home/jetson/projects/bishe/install/bishe_camera/lib/bishe_camera/camera_node
-- Up-to-date symlink: /home/jetson/projects/bishe/install/bishe_camera/share/ament_index/resource_index/package_run_dependencies/bishe_camera
-- Up-to-date symlink: /home/jetson/projects/bishe/install/bishe_camera/share/ament_index/resource_index/parent_prefix_path/bishe_camera
-- Up-to-date symlink: /home/jetson/projects/bishe/install/bishe_camera/share/bishe_camera/environment/ament_prefix_path.sh
-- Up-to-date symlink: /home/jetson/projects/bishe/install/bishe_camera/share/bishe_camera/environment/ament_prefix_path.dsv
-- Up-to-date symlink: /home/jetson/projects/bishe/install/bishe_camera/share/bishe_camera/environment/path.sh
-- Up-to-date symlink: /home/jetson/projects/bishe/install/bishe_camera/share/bishe_camera/environment/path.dsv
-- Up-to-date symlink: /home/jetson/projects/bishe/install/bishe_camera/share/bishe_camera/local_setup.bash
-- Up-to-date symlink: /home/jetson/projects/bishe/install/bishe_camera/share/bishe_camera/local_setup.sh
-- Up-to-date symlink: /home/jetson/projects/bishe/install/bishe_camera/share/bishe_camera/local_setup.zsh
-- Up-to-date symlink: /home/jetson/projects/bishe/install/bishe_camera/share/bishe_camera/local_setup.dsv
-- Symlinking: /home/jetson/projects/bishe/install/bishe_camera/share/bishe_camera/package.dsv
-- Up-to-date symlink: /home/jetson/projects/bishe/install/bishe_camera/share/ament_index/resource_index/packages/bishe_camera
-- Up-to-date symlink: /home/jetson/projects/bishe/install/bishe_camera/share/bishe_camera/cmake/bishe_cameraConfig.cmake
-- Up-to-date symlink: /home/jetson/projects/bishe/install/bishe_camera/share/bishe_camera/cmake/bishe_cameraConfig-version.cmake
-- Up-to-date symlink: /home/jetson/projects/bishe/install/bishe_camera/share/bishe_camera/package.xml
