[0.026s] Invoking command in '/home/jetson/projects/bishe/build/bishe_detector': CMAKE_PREFIX_PATH=/home/jetson/projects/bishe/install/bishe_msgs:/home/jetson/projects/bishe/install/bishe_streamer:/home/jetson/projects/bishe/install/bishe_monitor:/home/jetson/projects/bishe/install/bishe_detector:/home/jetson/projects/bishe/install/bishe_mqtt:/home/jetson/projects/bishe/install/bishe_camera:/home/jetson/projects/bishe/install/bishe_launch:/opt/ros/humble LD_LIBRARY_PATH=/home/jetson/projects/bishe/install/bishe_msgs/lib:/opt/ros/humble/opt/rviz_ogre_vendor/lib:/opt/ros/humble/lib/aarch64-linux-gnu:/opt/ros/humble/lib:/usr/local/cuda-12.6/lib64 /usr/bin/cmake /home/jetson/projects/bishe/src/bishe_detector -DCMAKE_INSTALL_PREFIX=/home/jetson/projects/bishe/install/bishe_detector
[0.109s] -- Found ament_cmake: 1.3.12 (/opt/ros/humble/share/ament_cmake/cmake)
[0.374s] -- Override CMake install command with custom implementation using symlinks instead of copying resources
[0.392s] -- Found rclcpp: 16.0.16 (/opt/ros/humble/share/rclcpp/cmake)
[0.435s] -- Found rosidl_generator_c: 3.1.7 (/opt/ros/humble/share/rosidl_generator_c/cmake)
[0.442s] -- Found rosidl_adapter: 3.1.7 (/opt/ros/humble/share/rosidl_adapter/cmake)
[0.453s] -- Found rosidl_generator_cpp: 3.1.7 (/opt/ros/humble/share/rosidl_generator_cpp/cmake)
[0.471s] -- Using all available rosidl_typesupport_c: rosidl_typesupport_fastrtps_c;rosidl_typesupport_introspection_c
[0.492s] -- Using all available rosidl_typesupport_cpp: rosidl_typesupport_fastrtps_cpp;rosidl_typesupport_introspection_cpp
[0.552s] -- Found rmw_implementation_cmake: 6.1.2 (/opt/ros/humble/share/rmw_implementation_cmake/cmake)
[0.554s] -- Found rmw_fastrtps_cpp: 6.2.9 (/opt/ros/humble/share/rmw_fastrtps_cpp/cmake)
[0.737s] -- Using RMW implementation 'rmw_fastrtps_cpp' as default
[0.825s] -- Found sensor_msgs: 4.9.0 (/opt/ros/humble/share/sensor_msgs/cmake)
[0.873s] -- Found image_transport: 3.1.12 (/opt/ros/humble/share/image_transport/cmake)
[0.907s] -- Found cv_bridge: 3.2.1 (/opt/ros/humble/share/cv_bridge/cmake)
[0.940s] -- Found bishe_msgs: 0.1.0 (/home/jetson/projects/bishe/install/bishe_msgs/share/bishe_msgs/cmake)
[1.145s] -- Configuring done
[1.190s] -- Generating done
[1.212s] -- Build files have been written to: /home/jetson/projects/bishe/build/bishe_detector
[1.237s] Invoked command in '/home/jetson/projects/bishe/build/bishe_detector' returned '0': CMAKE_PREFIX_PATH=/home/jetson/projects/bishe/install/bishe_msgs:/home/jetson/projects/bishe/install/bishe_streamer:/home/jetson/projects/bishe/install/bishe_monitor:/home/jetson/projects/bishe/install/bishe_detector:/home/jetson/projects/bishe/install/bishe_mqtt:/home/jetson/projects/bishe/install/bishe_camera:/home/jetson/projects/bishe/install/bishe_launch:/opt/ros/humble LD_LIBRARY_PATH=/home/jetson/projects/bishe/install/bishe_msgs/lib:/opt/ros/humble/opt/rviz_ogre_vendor/lib:/opt/ros/humble/lib/aarch64-linux-gnu:/opt/ros/humble/lib:/usr/local/cuda-12.6/lib64 /usr/bin/cmake /home/jetson/projects/bishe/src/bishe_detector -DCMAKE_INSTALL_PREFIX=/home/jetson/projects/bishe/install/bishe_detector
[1.240s] Invoking command in '/home/jetson/projects/bishe/build/bishe_detector': CMAKE_PREFIX_PATH=/home/jetson/projects/bishe/install/bishe_msgs:/home/jetson/projects/bishe/install/bishe_streamer:/home/jetson/projects/bishe/install/bishe_monitor:/home/jetson/projects/bishe/install/bishe_detector:/home/jetson/projects/bishe/install/bishe_mqtt:/home/jetson/projects/bishe/install/bishe_camera:/home/jetson/projects/bishe/install/bishe_launch:/opt/ros/humble LD_LIBRARY_PATH=/home/jetson/projects/bishe/install/bishe_msgs/lib:/opt/ros/humble/opt/rviz_ogre_vendor/lib:/opt/ros/humble/lib/aarch64-linux-gnu:/opt/ros/humble/lib:/usr/local/cuda-12.6/lib64 /usr/bin/cmake --build /home/jetson/projects/bishe/build/bishe_detector -- -j6 -l6
[1.314s] [35m[1mConsolidate compiler generated dependencies of target detector_node[0m
[1.362s] [100%] Built target detector_node
[1.384s] Invoked command in '/home/jetson/projects/bishe/build/bishe_detector' returned '0': CMAKE_PREFIX_PATH=/home/jetson/projects/bishe/install/bishe_msgs:/home/jetson/projects/bishe/install/bishe_streamer:/home/jetson/projects/bishe/install/bishe_monitor:/home/jetson/projects/bishe/install/bishe_detector:/home/jetson/projects/bishe/install/bishe_mqtt:/home/jetson/projects/bishe/install/bishe_camera:/home/jetson/projects/bishe/install/bishe_launch:/opt/ros/humble LD_LIBRARY_PATH=/home/jetson/projects/bishe/install/bishe_msgs/lib:/opt/ros/humble/opt/rviz_ogre_vendor/lib:/opt/ros/humble/lib/aarch64-linux-gnu:/opt/ros/humble/lib:/usr/local/cuda-12.6/lib64 /usr/bin/cmake --build /home/jetson/projects/bishe/build/bishe_detector -- -j6 -l6
[1.385s] Invoking command in '/home/jetson/projects/bishe/build/bishe_detector': CMAKE_PREFIX_PATH=/home/jetson/projects/bishe/install/bishe_msgs:/home/jetson/projects/bishe/install/bishe_streamer:/home/jetson/projects/bishe/install/bishe_monitor:/home/jetson/projects/bishe/install/bishe_detector:/home/jetson/projects/bishe/install/bishe_mqtt:/home/jetson/projects/bishe/install/bishe_camera:/home/jetson/projects/bishe/install/bishe_launch:/opt/ros/humble LD_LIBRARY_PATH=/home/jetson/projects/bishe/install/bishe_msgs/lib:/opt/ros/humble/opt/rviz_ogre_vendor/lib:/opt/ros/humble/lib/aarch64-linux-gnu:/opt/ros/humble/lib:/usr/local/cuda-12.6/lib64 /usr/bin/cmake --install /home/jetson/projects/bishe/build/bishe_detector
[1.398s] -- Install configuration: ""
[1.400s] -- Execute custom install script
[1.401s] -- Up-to-date symlink: /home/jetson/projects/bishe/install/bishe_detector/lib/bishe_detector/detector_node
[1.402s] -- Up-to-date symlink: /home/jetson/projects/bishe/install/bishe_detector/include/bishe_detector/int8_calibrator.h
[1.403s] -- Up-to-date symlink: /home/jetson/projects/bishe/install/bishe_detector/include/bishe_detector/trt_engine.h
[1.404s] -- Up-to-date symlink: /home/jetson/projects/bishe/install/bishe_detector/include/bishe_detector/utils.h
[1.404s] -- Up-to-date symlink: /home/jetson/projects/bishe/install/bishe_detector/include/bishe_detector/yolo.h
[1.405s] -- Up-to-date symlink: /home/jetson/projects/bishe/install/bishe_detector/include/bishe_detector/yolov10.h
[1.406s] -- Up-to-date symlink: /home/jetson/projects/bishe/install/bishe_detector/include/bishe_detector/yolov5a.h
[1.406s] -- Up-to-date symlink: /home/jetson/projects/bishe/install/bishe_detector/include/bishe_detector/yolov8.h
[1.407s] -- Up-to-date symlink: /home/jetson/projects/bishe/install/bishe_detector/share/ament_index/resource_index/package_run_dependencies/bishe_detector
[1.407s] -- Up-to-date symlink: /home/jetson/projects/bishe/install/bishe_detector/share/ament_index/resource_index/parent_prefix_path/bishe_detector
[1.408s] -- Up-to-date symlink: /home/jetson/projects/bishe/install/bishe_detector/share/bishe_detector/environment/ament_prefix_path.sh
[1.409s] -- Up-to-date symlink: /home/jetson/projects/bishe/install/bishe_detector/share/bishe_detector/environment/ament_prefix_path.dsv
[1.410s] -- Up-to-date symlink: /home/jetson/projects/bishe/install/bishe_detector/share/bishe_detector/environment/path.sh
[1.411s] -- Up-to-date symlink: /home/jetson/projects/bishe/install/bishe_detector/share/bishe_detector/environment/path.dsv
[1.412s] -- Up-to-date symlink: /home/jetson/projects/bishe/install/bishe_detector/share/bishe_detector/local_setup.bash
[1.415s] -- Up-to-date symlink: /home/jetson/projects/bishe/install/bishe_detector/share/bishe_detector/local_setup.sh
[1.415s] -- Up-to-date symlink: /home/jetson/projects/bishe/install/bishe_detector/share/bishe_detector/local_setup.zsh
[1.415s] -- Up-to-date symlink: /home/jetson/projects/bishe/install/bishe_detector/share/bishe_detector/local_setup.dsv
[1.420s] -- Symlinking: /home/jetson/projects/bishe/install/bishe_detector/share/bishe_detector/package.dsv
[1.441s] -- Up-to-date symlink: /home/jetson/projects/bishe/install/bishe_detector/share/ament_index/resource_index/packages/bishe_detector
[1.441s] -- Up-to-date symlink: /home/jetson/projects/bishe/install/bishe_detector/share/bishe_detector/cmake/bishe_detectorConfig.cmake
[1.442s] -- Up-to-date symlink: /home/jetson/projects/bishe/install/bishe_detector/share/bishe_detector/cmake/bishe_detectorConfig-version.cmake
[1.442s] -- Up-to-date symlink: /home/jetson/projects/bishe/install/bishe_detector/share/bishe_detector/package.xml
[1.449s] Invoked command in '/home/jetson/projects/bishe/build/bishe_detector' returned '0': CMAKE_PREFIX_PATH=/home/jetson/projects/bishe/install/bishe_msgs:/home/jetson/projects/bishe/install/bishe_streamer:/home/jetson/projects/bishe/install/bishe_monitor:/home/jetson/projects/bishe/install/bishe_detector:/home/jetson/projects/bishe/install/bishe_mqtt:/home/jetson/projects/bishe/install/bishe_camera:/home/jetson/projects/bishe/install/bishe_launch:/opt/ros/humble LD_LIBRARY_PATH=/home/jetson/projects/bishe/install/bishe_msgs/lib:/opt/ros/humble/opt/rviz_ogre_vendor/lib:/opt/ros/humble/lib/aarch64-linux-gnu:/opt/ros/humble/lib:/usr/local/cuda-12.6/lib64 /usr/bin/cmake --install /home/jetson/projects/bishe/build/bishe_detector
