[0.036s] Invoking command in '/home/jetson/projects/bishe/build/bishe_detector': AMENT_PREFIX_PATH=/home/jetson/projects/bishe/install/bishe_msgs:${AMENT_PREFIX_PATH} CMAKE_PREFIX_PATH=/home/jetson/projects/bishe/install/bishe_msgs:/opt/ros/humble LD_LIBRARY_PATH=/home/jetson/projects/bishe/install/bishe_msgs/lib:/opt/ros/humble/opt/rviz_ogre_vendor/lib:/opt/ros/humble/lib/aarch64-linux-gnu:/opt/ros/humble/lib:/usr/local/cuda-12.6/lib64 PYTHONPATH=/home/jetson/projects/bishe/install/bishe_msgs/local/lib/python3.10/dist-packages:${PYTHONPATH} /usr/bin/cmake --build /home/jetson/projects/bishe/build/bishe_detector -- -j6 -l6
[0.143s] Consolidate compiler generated dependencies of target detector_node
[0.198s] [ 16%] Building CXX object CMakeFiles/detector_node.dir/src/detector_node.cpp.o
[12.733s] [ 33%] Linking CXX executable detector_node
[13.119s] /usr/bin/ld: warning: libopencv_imgcodecs.so.4.5d, needed by /opt/ros/humble/lib/libcv_bridge.so, may conflict with libopencv_imgcodecs.so.410
[13.120s] /usr/bin/ld: warning: libopencv_imgproc.so.4.5d, needed by /opt/ros/humble/lib/libcv_bridge.so, may conflict with libopencv_imgproc.so.410
[13.122s] /usr/bin/ld: warning: libopencv_core.so.4.5d, needed by /opt/ros/humble/lib/libcv_bridge.so, may conflict with libopencv_core.so.410
[13.883s] [100%] Built target detector_node
[13.902s] Invoked command in '/home/jetson/projects/bishe/build/bishe_detector' returned '0': AMENT_PREFIX_PATH=/home/jetson/projects/bishe/install/bishe_msgs:${AMENT_PREFIX_PATH} CMAKE_PREFIX_PATH=/home/jetson/projects/bishe/install/bishe_msgs:/opt/ros/humble LD_LIBRARY_PATH=/home/jetson/projects/bishe/install/bishe_msgs/lib:/opt/ros/humble/opt/rviz_ogre_vendor/lib:/opt/ros/humble/lib/aarch64-linux-gnu:/opt/ros/humble/lib:/usr/local/cuda-12.6/lib64 PYTHONPATH=/home/jetson/projects/bishe/install/bishe_msgs/local/lib/python3.10/dist-packages:${PYTHONPATH} /usr/bin/cmake --build /home/jetson/projects/bishe/build/bishe_detector -- -j6 -l6
[13.904s] Invoking command in '/home/jetson/projects/bishe/build/bishe_detector': AMENT_PREFIX_PATH=/home/jetson/projects/bishe/install/bishe_msgs:${AMENT_PREFIX_PATH} CMAKE_PREFIX_PATH=/home/jetson/projects/bishe/install/bishe_msgs:/opt/ros/humble LD_LIBRARY_PATH=/home/jetson/projects/bishe/install/bishe_msgs/lib:/opt/ros/humble/opt/rviz_ogre_vendor/lib:/opt/ros/humble/lib/aarch64-linux-gnu:/opt/ros/humble/lib:/usr/local/cuda-12.6/lib64 PYTHONPATH=/home/jetson/projects/bishe/install/bishe_msgs/local/lib/python3.10/dist-packages:${PYTHONPATH} /usr/bin/cmake --install /home/jetson/projects/bishe/build/bishe_detector
[13.917s] -- Install configuration: ""
[13.918s] -- Execute custom install script
[13.918s] -- Up-to-date symlink: /home/jetson/projects/bishe/install/bishe_detector/lib/bishe_detector/detector_node
[13.919s] -- Up-to-date symlink: /home/jetson/projects/bishe/install/bishe_detector/include/bishe_detector/int8_calibrator.h
[13.919s] -- Up-to-date symlink: /home/jetson/projects/bishe/install/bishe_detector/include/bishe_detector/trt_engine.h
[13.920s] -- Up-to-date symlink: /home/jetson/projects/bishe/install/bishe_detector/include/bishe_detector/utils.h
[13.920s] -- Up-to-date symlink: /home/jetson/projects/bishe/install/bishe_detector/include/bishe_detector/yolo.h
[13.920s] -- Up-to-date symlink: /home/jetson/projects/bishe/install/bishe_detector/include/bishe_detector/yolov10.h
[13.920s] -- Up-to-date symlink: /home/jetson/projects/bishe/install/bishe_detector/include/bishe_detector/yolov5a.h
[13.920s] -- Up-to-date symlink: /home/jetson/projects/bishe/install/bishe_detector/include/bishe_detector/yolov8.h
[13.921s] -- Up-to-date symlink: /home/jetson/projects/bishe/install/bishe_detector/share/ament_index/resource_index/package_run_dependencies/bishe_detector
[13.921s] -- Up-to-date symlink: /home/jetson/projects/bishe/install/bishe_detector/share/ament_index/resource_index/parent_prefix_path/bishe_detector
[13.921s] -- Up-to-date symlink: /home/jetson/projects/bishe/install/bishe_detector/share/bishe_detector/environment/ament_prefix_path.sh
[13.922s] -- Up-to-date symlink: /home/jetson/projects/bishe/install/bishe_detector/share/bishe_detector/environment/ament_prefix_path.dsv
[13.922s] -- Up-to-date symlink: /home/jetson/projects/bishe/install/bishe_detector/share/bishe_detector/environment/path.sh
[13.922s] -- Up-to-date symlink: /home/jetson/projects/bishe/install/bishe_detector/share/bishe_detector/environment/path.dsv
[13.923s] -- Up-to-date symlink: /home/jetson/projects/bishe/install/bishe_detector/share/bishe_detector/local_setup.bash
[13.923s] -- Up-to-date symlink: /home/jetson/projects/bishe/install/bishe_detector/share/bishe_detector/local_setup.sh
[13.923s] -- Up-to-date symlink: /home/jetson/projects/bishe/install/bishe_detector/share/bishe_detector/local_setup.zsh
[13.923s] -- Up-to-date symlink: /home/jetson/projects/bishe/install/bishe_detector/share/bishe_detector/local_setup.dsv
[13.924s] -- Symlinking: /home/jetson/projects/bishe/install/bishe_detector/share/bishe_detector/package.dsv
[13.938s] -- Up-to-date symlink: /home/jetson/projects/bishe/install/bishe_detector/share/ament_index/resource_index/packages/bishe_detector
[13.938s] -- Up-to-date symlink: /home/jetson/projects/bishe/install/bishe_detector/share/bishe_detector/cmake/bishe_detectorConfig.cmake
[13.939s] -- Up-to-date symlink: /home/jetson/projects/bishe/install/bishe_detector/share/bishe_detector/cmake/bishe_detectorConfig-version.cmake
[13.939s] -- Up-to-date symlink: /home/jetson/projects/bishe/install/bishe_detector/share/bishe_detector/package.xml
[13.942s] Invoked command in '/home/jetson/projects/bishe/build/bishe_detector' returned '0': AMENT_PREFIX_PATH=/home/jetson/projects/bishe/install/bishe_msgs:${AMENT_PREFIX_PATH} CMAKE_PREFIX_PATH=/home/jetson/projects/bishe/install/bishe_msgs:/opt/ros/humble LD_LIBRARY_PATH=/home/jetson/projects/bishe/install/bishe_msgs/lib:/opt/ros/humble/opt/rviz_ogre_vendor/lib:/opt/ros/humble/lib/aarch64-linux-gnu:/opt/ros/humble/lib:/usr/local/cuda-12.6/lib64 PYTHONPATH=/home/jetson/projects/bishe/install/bishe_msgs/local/lib/python3.10/dist-packages:${PYTHONPATH} /usr/bin/cmake --install /home/jetson/projects/bishe/build/bishe_detector
