[0.041s] Invoking command in '/home/jetson/projects/bishe/edge/build/bishe_msgs': CMAKE_PREFIX_PATH=${CMAKE_PREFIX_PATH}:/home/jetson/projects/bishe/edge/install/bishe_launch:/opt/ros/humble /usr/bin/cmake --build /home/jetson/projects/bishe/edge/build/bishe_msgs -- -j6 -l6
[0.533s] [  3%] Built target bishe_msgs__cpp
[0.533s] [ 12%] Built target bishe_msgs__rosidl_generator_c
[0.533s] [ 12%] Built target ament_cmake_python_symlink_bishe_msgs
[0.534s] [ 22%] Built target bishe_msgs__rosidl_typesupport_cpp
[0.534s] [ 32%] Built target bishe_msgs__rosidl_typesupport_fastrtps_c
[0.534s] [ 41%] Built target bishe_msgs__rosidl_typesupport_fastrtps_cpp
[0.535s] [ 51%] Built target bishe_msgs__rosidl_typesupport_introspection_cpp
[0.535s] [ 61%] Built target bishe_msgs__rosidl_typesupport_introspection_c
[0.535s] [ 70%] Built target bishe_msgs__rosidl_typesupport_c
[0.537s] [ 70%] Built target bishe_msgs
[0.537s] [ 74%] Built target bishe_msgs__py
[0.538s] [ 80%] Built target bishe_msgs__rosidl_generator_py
[0.539s] [ 93%] Built target bishe_msgs__rosidl_typesupport_introspection_c__pyext
[0.540s] [ 93%] Built target bishe_msgs__rosidl_typesupport_fastrtps_c__pyext
[0.541s] [100%] Built target bishe_msgs__rosidl_typesupport_c__pyext
[0.612s] running egg_info
[0.615s] writing bishe_msgs.egg-info/PKG-INFO
[0.615s] writing dependency_links to bishe_msgs.egg-info/dependency_links.txt
[0.617s] writing top-level names to bishe_msgs.egg-info/top_level.txt
[0.625s] reading manifest file 'bishe_msgs.egg-info/SOURCES.txt'
[0.627s] writing manifest file 'bishe_msgs.egg-info/SOURCES.txt'
[0.690s] [100%] Built target ament_cmake_python_build_bishe_msgs_egg
[0.729s] Invoked command in '/home/jetson/projects/bishe/edge/build/bishe_msgs' returned '0': CMAKE_PREFIX_PATH=${CMAKE_PREFIX_PATH}:/home/jetson/projects/bishe/edge/install/bishe_launch:/opt/ros/humble /usr/bin/cmake --build /home/jetson/projects/bishe/edge/build/bishe_msgs -- -j6 -l6
[0.731s] Invoking command in '/home/jetson/projects/bishe/edge/build/bishe_msgs': CMAKE_PREFIX_PATH=${CMAKE_PREFIX_PATH}:/home/jetson/projects/bishe/edge/install/bishe_launch:/opt/ros/humble /usr/bin/cmake --install /home/jetson/projects/bishe/edge/build/bishe_msgs
[0.745s] -- Install configuration: ""
[0.746s] -- Execute custom install script
[0.746s] -- Up-to-date symlink: /home/jetson/projects/bishe/edge/install/bishe_msgs/share/ament_index/resource_index/rosidl_interfaces/bishe_msgs
[0.747s] -- Symlinking: /home/jetson/projects/bishe/edge/install/bishe_msgs/include/bishe_msgs/bishe_msgs/msg/detail/detection_box__functions.h
[0.762s] -- Symlinking: /home/jetson/projects/bishe/edge/install/bishe_msgs/include/bishe_msgs/bishe_msgs/msg/detail/detection_box__struct.h
[0.776s] -- Symlinking: /home/jetson/projects/bishe/edge/install/bishe_msgs/include/bishe_msgs/bishe_msgs/msg/detail/detection_box__type_support.h
[0.790s] -- Up-to-date symlink: /home/jetson/projects/bishe/edge/install/bishe_msgs/include/bishe_msgs/bishe_msgs/msg/detail/detector_result__functions.h
[0.790s] -- Up-to-date symlink: /home/jetson/projects/bishe/edge/install/bishe_msgs/include/bishe_msgs/bishe_msgs/msg/detail/detector_result__struct.h
[0.790s] -- Up-to-date symlink: /home/jetson/projects/bishe/edge/install/bishe_msgs/include/bishe_msgs/bishe_msgs/msg/detail/detector_result__type_support.h
[0.790s] -- Symlinking: /home/jetson/projects/bishe/edge/install/bishe_msgs/include/bishe_msgs/bishe_msgs/msg/detection_box.h
[0.804s] -- Up-to-date symlink: /home/jetson/projects/bishe/edge/install/bishe_msgs/include/bishe_msgs/bishe_msgs/msg/detector_result.h
[0.804s] -- Up-to-date symlink: /home/jetson/projects/bishe/edge/install/bishe_msgs/include/bishe_msgs/bishe_msgs/msg/rosidl_generator_c__visibility_control.h
[0.805s] -- Up-to-date symlink: /home/jetson/projects/bishe/edge/install/bishe_msgs/share/bishe_msgs/environment/library_path.sh
[0.805s] -- Up-to-date symlink: /home/jetson/projects/bishe/edge/install/bishe_msgs/share/bishe_msgs/environment/library_path.dsv
[0.806s] -- Symlinking: /home/jetson/projects/bishe/edge/install/bishe_msgs/include/bishe_msgs/bishe_msgs/msg/detail/detection_box__rosidl_typesupport_fastrtps_c.h
[0.821s] -- Up-to-date symlink: /home/jetson/projects/bishe/edge/install/bishe_msgs/include/bishe_msgs/bishe_msgs/msg/detail/detector_result__rosidl_typesupport_fastrtps_c.h
[0.821s] -- Up-to-date symlink: /home/jetson/projects/bishe/edge/install/bishe_msgs/include/bishe_msgs/bishe_msgs/msg/rosidl_typesupport_fastrtps_c__visibility_control.h
[0.821s] -- Symlinking: /home/jetson/projects/bishe/edge/install/bishe_msgs/include/bishe_msgs/bishe_msgs/msg/detail/detection_box__rosidl_typesupport_introspection_c.h
[0.835s] -- Up-to-date symlink: /home/jetson/projects/bishe/edge/install/bishe_msgs/include/bishe_msgs/bishe_msgs/msg/detail/detector_result__rosidl_typesupport_introspection_c.h
[0.835s] -- Up-to-date symlink: /home/jetson/projects/bishe/edge/install/bishe_msgs/include/bishe_msgs/bishe_msgs/msg/rosidl_typesupport_introspection_c__visibility_control.h
[0.836s] -- Symlinking: /home/jetson/projects/bishe/edge/install/bishe_msgs/include/bishe_msgs/bishe_msgs/msg/detail/detection_box__builder.hpp
[0.850s] -- Symlinking: /home/jetson/projects/bishe/edge/install/bishe_msgs/include/bishe_msgs/bishe_msgs/msg/detail/detection_box__struct.hpp
[0.864s] -- Symlinking: /home/jetson/projects/bishe/edge/install/bishe_msgs/include/bishe_msgs/bishe_msgs/msg/detail/detection_box__traits.hpp
[0.878s] -- Symlinking: /home/jetson/projects/bishe/edge/install/bishe_msgs/include/bishe_msgs/bishe_msgs/msg/detail/detection_box__type_support.hpp
[0.892s] -- Up-to-date symlink: /home/jetson/projects/bishe/edge/install/bishe_msgs/include/bishe_msgs/bishe_msgs/msg/detail/detector_result__builder.hpp
[0.892s] -- Up-to-date symlink: /home/jetson/projects/bishe/edge/install/bishe_msgs/include/bishe_msgs/bishe_msgs/msg/detail/detector_result__struct.hpp
[0.892s] -- Up-to-date symlink: /home/jetson/projects/bishe/edge/install/bishe_msgs/include/bishe_msgs/bishe_msgs/msg/detail/detector_result__traits.hpp
[0.893s] -- Up-to-date symlink: /home/jetson/projects/bishe/edge/install/bishe_msgs/include/bishe_msgs/bishe_msgs/msg/detail/detector_result__type_support.hpp
[0.893s] -- Symlinking: /home/jetson/projects/bishe/edge/install/bishe_msgs/include/bishe_msgs/bishe_msgs/msg/detection_box.hpp
[0.908s] -- Up-to-date symlink: /home/jetson/projects/bishe/edge/install/bishe_msgs/include/bishe_msgs/bishe_msgs/msg/detector_result.hpp
[0.909s] -- Up-to-date symlink: /home/jetson/projects/bishe/edge/install/bishe_msgs/include/bishe_msgs/bishe_msgs/msg/rosidl_generator_cpp__visibility_control.hpp
[0.909s] -- Symlinking: /home/jetson/projects/bishe/edge/install/bishe_msgs/include/bishe_msgs/bishe_msgs/msg/detail/detection_box__rosidl_typesupport_fastrtps_cpp.hpp
[0.924s] -- Up-to-date symlink: /home/jetson/projects/bishe/edge/install/bishe_msgs/include/bishe_msgs/bishe_msgs/msg/detail/detector_result__rosidl_typesupport_fastrtps_cpp.hpp
[0.924s] -- Up-to-date symlink: /home/jetson/projects/bishe/edge/install/bishe_msgs/include/bishe_msgs/bishe_msgs/msg/rosidl_typesupport_fastrtps_cpp__visibility_control.h
[0.924s] -- Symlinking: /home/jetson/projects/bishe/edge/install/bishe_msgs/include/bishe_msgs/bishe_msgs/msg/detail/detection_box__rosidl_typesupport_introspection_cpp.hpp
[0.939s] -- Up-to-date symlink: /home/jetson/projects/bishe/edge/install/bishe_msgs/include/bishe_msgs/bishe_msgs/msg/detail/detector_result__rosidl_typesupport_introspection_cpp.hpp
[0.939s] -- Up-to-date symlink: /home/jetson/projects/bishe/edge/install/bishe_msgs/share/bishe_msgs/environment/pythonpath.sh
[0.939s] -- Up-to-date symlink: /home/jetson/projects/bishe/edge/install/bishe_msgs/share/bishe_msgs/environment/pythonpath.dsv
[0.940s] -- Up-to-date symlink: /home/jetson/projects/bishe/edge/install/bishe_msgs/local/lib/python3.10/dist-packages/bishe_msgs-0.1.0-py3.10.egg-info/PKG-INFO
[0.940s] -- Up-to-date symlink: /home/jetson/projects/bishe/edge/install/bishe_msgs/local/lib/python3.10/dist-packages/bishe_msgs-0.1.0-py3.10.egg-info/SOURCES.txt
[0.940s] -- Up-to-date symlink: /home/jetson/projects/bishe/edge/install/bishe_msgs/local/lib/python3.10/dist-packages/bishe_msgs-0.1.0-py3.10.egg-info/dependency_links.txt
[0.940s] -- Up-to-date symlink: /home/jetson/projects/bishe/edge/install/bishe_msgs/local/lib/python3.10/dist-packages/bishe_msgs-0.1.0-py3.10.egg-info/top_level.txt
[0.941s] -- Up-to-date symlink: /home/jetson/projects/bishe/edge/install/bishe_msgs/local/lib/python3.10/dist-packages/bishe_msgs/__init__.py
[0.942s] -- Up-to-date symlink: /home/jetson/projects/bishe/edge/install/bishe_msgs/local/lib/python3.10/dist-packages/bishe_msgs/_bishe_msgs_s.ep.rosidl_typesupport_c.c
[0.942s] -- Up-to-date symlink: /home/jetson/projects/bishe/edge/install/bishe_msgs/local/lib/python3.10/dist-packages/bishe_msgs/_bishe_msgs_s.ep.rosidl_typesupport_fastrtps_c.c
[0.942s] -- Up-to-date symlink: /home/jetson/projects/bishe/edge/install/bishe_msgs/local/lib/python3.10/dist-packages/bishe_msgs/_bishe_msgs_s.ep.rosidl_typesupport_introspection_c.c
[0.942s] -- Up-to-date symlink: /home/jetson/projects/bishe/edge/install/bishe_msgs/local/lib/python3.10/dist-packages/bishe_msgs/bishe_msgs_s__rosidl_typesupport_c.cpython-310-aarch64-linux-gnu.so
[0.942s] -- Up-to-date symlink: /home/jetson/projects/bishe/edge/install/bishe_msgs/local/lib/python3.10/dist-packages/bishe_msgs/bishe_msgs_s__rosidl_typesupport_fastrtps_c.cpython-310-aarch64-linux-gnu.so
[0.942s] -- Up-to-date symlink: /home/jetson/projects/bishe/edge/install/bishe_msgs/local/lib/python3.10/dist-packages/bishe_msgs/bishe_msgs_s__rosidl_typesupport_introspection_c.cpython-310-aarch64-linux-gnu.so
[0.942s] -- Up-to-date symlink: /home/jetson/projects/bishe/edge/install/bishe_msgs/local/lib/python3.10/dist-packages/bishe_msgs/libbishe_msgs__rosidl_generator_py.so
[0.943s] -- Up-to-date symlink: /home/jetson/projects/bishe/edge/install/bishe_msgs/local/lib/python3.10/dist-packages/bishe_msgs/msg/__init__.py
[0.944s] -- Symlinking: /home/jetson/projects/bishe/edge/install/bishe_msgs/local/lib/python3.10/dist-packages/bishe_msgs/msg/_detection_box.py
[0.957s] -- Symlinking: /home/jetson/projects/bishe/edge/install/bishe_msgs/local/lib/python3.10/dist-packages/bishe_msgs/msg/_detection_box_s.c
[0.971s] -- Up-to-date symlink: /home/jetson/projects/bishe/edge/install/bishe_msgs/local/lib/python3.10/dist-packages/bishe_msgs/msg/_detector_result.py
[0.971s] -- Up-to-date symlink: /home/jetson/projects/bishe/edge/install/bishe_msgs/local/lib/python3.10/dist-packages/bishe_msgs/msg/_detector_result_s.c
[0.972s] -- Up-to-date symlink: /home/jetson/projects/bishe/edge/install/bishe_msgs/local/lib/python3.10/dist-packages/bishe_msgs/bishe_msgs_s__rosidl_typesupport_fastrtps_c.cpython-310-aarch64-linux-gnu.so
[0.972s] -- Up-to-date symlink: /home/jetson/projects/bishe/edge/install/bishe_msgs/local/lib/python3.10/dist-packages/bishe_msgs/bishe_msgs_s__rosidl_typesupport_introspection_c.cpython-310-aarch64-linux-gnu.so
[0.973s] -- Up-to-date symlink: /home/jetson/projects/bishe/edge/install/bishe_msgs/local/lib/python3.10/dist-packages/bishe_msgs/bishe_msgs_s__rosidl_typesupport_c.cpython-310-aarch64-linux-gnu.so
[0.973s] -- Up-to-date symlink: /home/jetson/projects/bishe/edge/install/bishe_msgs/share/bishe_msgs/msg/DetectorResult.idl
[0.973s] -- Up-to-date symlink: /home/jetson/projects/bishe/edge/install/bishe_msgs/share/bishe_msgs/msg/DetectorResult.msg
[0.973s] -- Up-to-date symlink: /home/jetson/projects/bishe/edge/install/bishe_msgs/share/ament_index/resource_index/package_run_dependencies/bishe_msgs
[0.974s] -- Up-to-date symlink: /home/jetson/projects/bishe/edge/install/bishe_msgs/share/ament_index/resource_index/parent_prefix_path/bishe_msgs
[0.974s] -- Up-to-date symlink: /home/jetson/projects/bishe/edge/install/bishe_msgs/share/bishe_msgs/environment/ament_prefix_path.sh
[0.974s] -- Up-to-date symlink: /home/jetson/projects/bishe/edge/install/bishe_msgs/share/bishe_msgs/environment/ament_prefix_path.dsv
[0.974s] -- Up-to-date symlink: /home/jetson/projects/bishe/edge/install/bishe_msgs/share/bishe_msgs/environment/path.sh
[0.975s] -- Up-to-date symlink: /home/jetson/projects/bishe/edge/install/bishe_msgs/share/bishe_msgs/environment/path.dsv
[0.975s] -- Up-to-date symlink: /home/jetson/projects/bishe/edge/install/bishe_msgs/share/bishe_msgs/local_setup.bash
[0.975s] -- Up-to-date symlink: /home/jetson/projects/bishe/edge/install/bishe_msgs/share/bishe_msgs/local_setup.sh
[0.975s] -- Up-to-date symlink: /home/jetson/projects/bishe/edge/install/bishe_msgs/share/bishe_msgs/local_setup.zsh
[0.976s] -- Up-to-date symlink: /home/jetson/projects/bishe/edge/install/bishe_msgs/share/bishe_msgs/local_setup.dsv
[0.976s] -- Symlinking: /home/jetson/projects/bishe/edge/install/bishe_msgs/share/bishe_msgs/package.dsv
[0.991s] -- Up-to-date symlink: /home/jetson/projects/bishe/edge/install/bishe_msgs/share/ament_index/resource_index/packages/bishe_msgs
[0.991s] -- Up-to-date symlink: /home/jetson/projects/bishe/edge/install/bishe_msgs/share/bishe_msgs/cmake/rosidl_cmake-extras.cmake
[0.991s] -- Up-to-date symlink: /home/jetson/projects/bishe/edge/install/bishe_msgs/share/bishe_msgs/cmake/ament_cmake_export_dependencies-extras.cmake
[0.992s] -- Up-to-date symlink: /home/jetson/projects/bishe/edge/install/bishe_msgs/share/bishe_msgs/cmake/ament_cmake_export_include_directories-extras.cmake
[0.992s] -- Up-to-date symlink: /home/jetson/projects/bishe/edge/install/bishe_msgs/share/bishe_msgs/cmake/ament_cmake_export_libraries-extras.cmake
[0.992s] -- Up-to-date symlink: /home/jetson/projects/bishe/edge/install/bishe_msgs/share/bishe_msgs/cmake/ament_cmake_export_targets-extras.cmake
[0.992s] -- Up-to-date symlink: /home/jetson/projects/bishe/edge/install/bishe_msgs/share/bishe_msgs/cmake/rosidl_cmake_export_typesupport_targets-extras.cmake
[0.992s] -- Up-to-date symlink: /home/jetson/projects/bishe/edge/install/bishe_msgs/share/bishe_msgs/cmake/rosidl_cmake_export_typesupport_libraries-extras.cmake
[0.993s] -- Up-to-date symlink: /home/jetson/projects/bishe/edge/install/bishe_msgs/share/bishe_msgs/cmake/bishe_msgsConfig.cmake
[0.993s] -- Up-to-date symlink: /home/jetson/projects/bishe/edge/install/bishe_msgs/share/bishe_msgs/cmake/bishe_msgsConfig-version.cmake
[0.993s] -- Up-to-date symlink: /home/jetson/projects/bishe/edge/install/bishe_msgs/share/bishe_msgs/package.xml
[0.994s] -- Up-to-date: /home/jetson/projects/bishe/edge/install/bishe_msgs/lib/libbishe_msgs__rosidl_generator_c.so
[0.994s] -- Up-to-date: /home/jetson/projects/bishe/edge/install/bishe_msgs/lib/libbishe_msgs__rosidl_typesupport_fastrtps_c.so
[0.994s] -- Up-to-date: /home/jetson/projects/bishe/edge/install/bishe_msgs/lib/libbishe_msgs__rosidl_typesupport_introspection_c.so
[0.995s] -- Up-to-date: /home/jetson/projects/bishe/edge/install/bishe_msgs/lib/libbishe_msgs__rosidl_typesupport_c.so
[0.995s] -- Up-to-date: /home/jetson/projects/bishe/edge/install/bishe_msgs/lib/libbishe_msgs__rosidl_typesupport_fastrtps_cpp.so
[0.996s] -- Up-to-date: /home/jetson/projects/bishe/edge/install/bishe_msgs/lib/libbishe_msgs__rosidl_typesupport_introspection_cpp.so
[0.996s] -- Up-to-date: /home/jetson/projects/bishe/edge/install/bishe_msgs/lib/libbishe_msgs__rosidl_typesupport_cpp.so
[1.053s] Listing '/home/jetson/projects/bishe/edge/install/bishe_msgs/local/lib/python3.10/dist-packages/bishe_msgs'...
[1.054s] Listing '/home/jetson/projects/bishe/edge/install/bishe_msgs/local/lib/python3.10/dist-packages/bishe_msgs/msg'...
[1.064s] -- Up-to-date: /home/jetson/projects/bishe/edge/install/bishe_msgs/lib/libbishe_msgs__rosidl_generator_py.so
[1.064s] -- Installing: /home/jetson/projects/bishe/edge/install/bishe_msgs/share/bishe_msgs/cmake/export_bishe_msgs__rosidl_generator_cExport.cmake
[1.065s] -- Up-to-date: /home/jetson/projects/bishe/edge/install/bishe_msgs/share/bishe_msgs/cmake/export_bishe_msgs__rosidl_generator_cExport-noconfig.cmake
[1.065s] -- Installing: /home/jetson/projects/bishe/edge/install/bishe_msgs/share/bishe_msgs/cmake/export_bishe_msgs__rosidl_typesupport_fastrtps_cExport.cmake
[1.065s] -- Up-to-date: /home/jetson/projects/bishe/edge/install/bishe_msgs/share/bishe_msgs/cmake/export_bishe_msgs__rosidl_typesupport_fastrtps_cExport-noconfig.cmake
[1.065s] -- Installing: /home/jetson/projects/bishe/edge/install/bishe_msgs/share/bishe_msgs/cmake/bishe_msgs__rosidl_typesupport_introspection_cExport.cmake
[1.066s] -- Up-to-date: /home/jetson/projects/bishe/edge/install/bishe_msgs/share/bishe_msgs/cmake/bishe_msgs__rosidl_typesupport_introspection_cExport-noconfig.cmake
[1.066s] -- Installing: /home/jetson/projects/bishe/edge/install/bishe_msgs/share/bishe_msgs/cmake/bishe_msgs__rosidl_typesupport_cExport.cmake
[1.066s] -- Up-to-date: /home/jetson/projects/bishe/edge/install/bishe_msgs/share/bishe_msgs/cmake/bishe_msgs__rosidl_typesupport_cExport-noconfig.cmake
[1.066s] -- Installing: /home/jetson/projects/bishe/edge/install/bishe_msgs/share/bishe_msgs/cmake/export_bishe_msgs__rosidl_generator_cppExport.cmake
[1.067s] -- Installing: /home/jetson/projects/bishe/edge/install/bishe_msgs/share/bishe_msgs/cmake/export_bishe_msgs__rosidl_typesupport_fastrtps_cppExport.cmake
[1.067s] -- Up-to-date: /home/jetson/projects/bishe/edge/install/bishe_msgs/share/bishe_msgs/cmake/export_bishe_msgs__rosidl_typesupport_fastrtps_cppExport-noconfig.cmake
[1.067s] -- Installing: /home/jetson/projects/bishe/edge/install/bishe_msgs/share/bishe_msgs/cmake/bishe_msgs__rosidl_typesupport_introspection_cppExport.cmake
[1.068s] -- Up-to-date: /home/jetson/projects/bishe/edge/install/bishe_msgs/share/bishe_msgs/cmake/bishe_msgs__rosidl_typesupport_introspection_cppExport-noconfig.cmake
[1.068s] -- Installing: /home/jetson/projects/bishe/edge/install/bishe_msgs/share/bishe_msgs/cmake/bishe_msgs__rosidl_typesupport_cppExport.cmake
[1.068s] -- Up-to-date: /home/jetson/projects/bishe/edge/install/bishe_msgs/share/bishe_msgs/cmake/bishe_msgs__rosidl_typesupport_cppExport-noconfig.cmake
[1.068s] -- Installing: /home/jetson/projects/bishe/edge/install/bishe_msgs/share/bishe_msgs/cmake/export_bishe_msgs__rosidl_generator_pyExport.cmake
[1.068s] -- Up-to-date: /home/jetson/projects/bishe/edge/install/bishe_msgs/share/bishe_msgs/cmake/export_bishe_msgs__rosidl_generator_pyExport-noconfig.cmake
[1.074s] Invoked command in '/home/jetson/projects/bishe/edge/build/bishe_msgs' returned '0': CMAKE_PREFIX_PATH=${CMAKE_PREFIX_PATH}:/home/jetson/projects/bishe/edge/install/bishe_launch:/opt/ros/humble /usr/bin/cmake --install /home/jetson/projects/bishe/edge/build/bishe_msgs
