[0.045s] Invoking command in '/home/jetson/projects/bishe/edge/build/bishe_msgs': CMAKE_PREFIX_PATH=/opt/ros/humble /usr/bin/cmake /home/jetson/projects/bishe/edge/src/bishe_msgs -DAMENT_CMAKE_SYMLINK_INSTALL=1 -DCMAKE_INSTALL_PREFIX=/home/jetson/projects/bishe/edge/install/bishe_msgs
[0.629s] -- Found ament_cmake: 1.3.12 (/opt/ros/humble/share/ament_cmake/cmake)
[0.629s] -- Override CMake install command with custom implementation using symlinks instead of copying resources
[0.629s] -- Found rosidl_default_generators: 1.2.0 (/opt/ros/humble/share/rosidl_default_generators/cmake)
[0.629s] -- Using all available rosidl_typesupport_c: rosidl_typesupport_fastrtps_c;rosidl_typesupport_introspection_c
[0.629s] -- Found rosidl_adapter: 3.1.7 (/opt/ros/humble/share/rosidl_adapter/cmake)
[0.630s] -- Using all available rosidl_typesupport_cpp: rosidl_typesupport_fastrtps_cpp;rosidl_typesupport_introspection_cpp
[0.630s] -- Found sensor_msgs: 4.9.0 (/opt/ros/humble/share/sensor_msgs/cmake)
[1.259s] -- Found ament_cmake_ros: 0.10.0 (/opt/ros/humble/share/ament_cmake_ros/cmake)
[1.855s] -- Using all available rosidl_typesupport_c: rosidl_typesupport_fastrtps_c;rosidl_typesupport_introspection_c
[2.684s] -- Using all available rosidl_typesupport_cpp: rosidl_typesupport_fastrtps_cpp;rosidl_typesupport_introspection_cpp
[2.735s] -- Found python_cmake_module: 0.10.0 (/opt/ros/humble/share/python_cmake_module/cmake)
[2.788s] -- Using PYTHON_EXECUTABLE: /usr/bin/python3
[2.788s] -- Using PYTHON_INCLUDE_DIRS: /usr/include/python3.10
[2.788s] -- Using PYTHON_LIBRARIES: /usr/lib/aarch64-linux-gnu/libpython3.10.so
[2.919s] -- Configuring done
[3.003s] -- Generating done
[3.029s] -- Build files have been written to: /home/jetson/projects/bishe/edge/build/bishe_msgs
[3.054s] Invoked command in '/home/jetson/projects/bishe/edge/build/bishe_msgs' returned '0': CMAKE_PREFIX_PATH=/opt/ros/humble /usr/bin/cmake /home/jetson/projects/bishe/edge/src/bishe_msgs -DAMENT_CMAKE_SYMLINK_INSTALL=1 -DCMAKE_INSTALL_PREFIX=/home/jetson/projects/bishe/edge/install/bishe_msgs
[3.057s] Invoking command in '/home/jetson/projects/bishe/edge/build/bishe_msgs': CMAKE_PREFIX_PATH=/opt/ros/humble /usr/bin/cmake --build /home/jetson/projects/bishe/edge/build/bishe_msgs -- -j6 -l6
[3.133s] Consolidate compiler generated dependencies of target bishe_msgs__rosidl_generator_c
[3.152s] [  3%] Built target bishe_msgs__cpp
[3.155s] [ 12%] Built target bishe_msgs__rosidl_generator_c
[3.169s] [ 12%] Built target ament_cmake_python_symlink_bishe_msgs
[3.179s] Consolidate compiler generated dependencies of target bishe_msgs__rosidl_typesupport_introspection_cpp
[3.179s] Consolidate compiler generated dependencies of target bishe_msgs__rosidl_typesupport_fastrtps_cpp
[3.195s] Consolidate compiler generated dependencies of target bishe_msgs__rosidl_typesupport_c
[3.196s] Consolidate compiler generated dependencies of target bishe_msgs__rosidl_typesupport_cpp
[3.199s] Consolidate compiler generated dependencies of target bishe_msgs__rosidl_typesupport_fastrtps_c
[3.205s] Consolidate compiler generated dependencies of target bishe_msgs__rosidl_typesupport_introspection_c
[3.223s] [ 22%] Built target bishe_msgs__rosidl_typesupport_fastrtps_cpp
[3.229s] [ 32%] Built target bishe_msgs__rosidl_typesupport_introspection_cpp
[3.240s] [ 41%] Built target bishe_msgs__rosidl_typesupport_cpp
[3.245s] [ 51%] Built target bishe_msgs__rosidl_typesupport_fastrtps_c
[3.250s] [ 61%] Built target bishe_msgs__rosidl_typesupport_introspection_c
[3.250s] [ 70%] Built target bishe_msgs__rosidl_typesupport_c
[3.326s] [ 70%] Built target bishe_msgs
[3.366s] [ 74%] Built target bishe_msgs__py
[3.392s] Consolidate compiler generated dependencies of target bishe_msgs__rosidl_generator_py
[3.416s] [ 80%] Built target bishe_msgs__rosidl_generator_py
[3.440s] Consolidate compiler generated dependencies of target bishe_msgs__rosidl_typesupport_c__pyext
[3.441s] Consolidate compiler generated dependencies of target bishe_msgs__rosidl_typesupport_introspection_c__pyext
[3.441s] Consolidate compiler generated dependencies of target bishe_msgs__rosidl_typesupport_fastrtps_c__pyext
[3.464s] [ 93%] Built target bishe_msgs__rosidl_typesupport_c__pyext
[3.464s] [ 93%] Built target bishe_msgs__rosidl_typesupport_fastrtps_c__pyext
[3.470s] [100%] Built target bishe_msgs__rosidl_typesupport_introspection_c__pyext
[3.726s] running egg_info
[3.728s] writing bishe_msgs.egg-info/PKG-INFO
[3.729s] writing dependency_links to bishe_msgs.egg-info/dependency_links.txt
[3.730s] writing top-level names to bishe_msgs.egg-info/top_level.txt
[3.735s] reading manifest file 'bishe_msgs.egg-info/SOURCES.txt'
[3.736s] writing manifest file 'bishe_msgs.egg-info/SOURCES.txt'
[3.812s] [100%] Built target ament_cmake_python_build_bishe_msgs_egg
[3.837s] Invoked command in '/home/jetson/projects/bishe/edge/build/bishe_msgs' returned '0': CMAKE_PREFIX_PATH=/opt/ros/humble /usr/bin/cmake --build /home/jetson/projects/bishe/edge/build/bishe_msgs -- -j6 -l6
[3.842s] Invoking command in '/home/jetson/projects/bishe/edge/build/bishe_msgs': CMAKE_PREFIX_PATH=/opt/ros/humble /usr/bin/cmake --install /home/jetson/projects/bishe/edge/build/bishe_msgs
[3.859s] -- Install configuration: ""
[3.860s] -- Execute custom install script
[3.861s] -- Up-to-date symlink: /home/jetson/projects/bishe/edge/install/bishe_msgs/share/ament_index/resource_index/rosidl_interfaces/bishe_msgs
[3.861s] -- Up-to-date symlink: /home/jetson/projects/bishe/edge/install/bishe_msgs/include/bishe_msgs/bishe_msgs/msg/detail/detector_result__functions.h
[3.862s] -- Up-to-date symlink: /home/jetson/projects/bishe/edge/install/bishe_msgs/include/bishe_msgs/bishe_msgs/msg/detail/detector_result__struct.h
[3.862s] -- Up-to-date symlink: /home/jetson/projects/bishe/edge/install/bishe_msgs/include/bishe_msgs/bishe_msgs/msg/detail/detector_result__type_support.h
[3.862s] -- Up-to-date symlink: /home/jetson/projects/bishe/edge/install/bishe_msgs/include/bishe_msgs/bishe_msgs/msg/detector_result.h
[3.863s] -- Up-to-date symlink: /home/jetson/projects/bishe/edge/install/bishe_msgs/include/bishe_msgs/bishe_msgs/msg/rosidl_generator_c__visibility_control.h
[3.863s] -- Up-to-date symlink: /home/jetson/projects/bishe/edge/install/bishe_msgs/share/bishe_msgs/environment/library_path.sh
[3.863s] -- Up-to-date symlink: /home/jetson/projects/bishe/edge/install/bishe_msgs/share/bishe_msgs/environment/library_path.dsv
[3.866s] -- Up-to-date symlink: /home/jetson/projects/bishe/edge/install/bishe_msgs/include/bishe_msgs/bishe_msgs/msg/detail/detector_result__rosidl_typesupport_fastrtps_c.h
[3.866s] -- Up-to-date symlink: /home/jetson/projects/bishe/edge/install/bishe_msgs/include/bishe_msgs/bishe_msgs/msg/rosidl_typesupport_fastrtps_c__visibility_control.h
[3.866s] -- Up-to-date symlink: /home/jetson/projects/bishe/edge/install/bishe_msgs/include/bishe_msgs/bishe_msgs/msg/detail/detector_result__rosidl_typesupport_introspection_c.h
[3.867s] -- Up-to-date symlink: /home/jetson/projects/bishe/edge/install/bishe_msgs/include/bishe_msgs/bishe_msgs/msg/rosidl_typesupport_introspection_c__visibility_control.h
[3.867s] -- Up-to-date symlink: /home/jetson/projects/bishe/edge/install/bishe_msgs/include/bishe_msgs/bishe_msgs/msg/detail/detector_result__builder.hpp
[3.867s] -- Up-to-date symlink: /home/jetson/projects/bishe/edge/install/bishe_msgs/include/bishe_msgs/bishe_msgs/msg/detail/detector_result__struct.hpp
[3.868s] -- Up-to-date symlink: /home/jetson/projects/bishe/edge/install/bishe_msgs/include/bishe_msgs/bishe_msgs/msg/detail/detector_result__traits.hpp
[3.868s] -- Up-to-date symlink: /home/jetson/projects/bishe/edge/install/bishe_msgs/include/bishe_msgs/bishe_msgs/msg/detail/detector_result__type_support.hpp
[3.869s] -- Up-to-date symlink: /home/jetson/projects/bishe/edge/install/bishe_msgs/include/bishe_msgs/bishe_msgs/msg/detector_result.hpp
[3.869s] -- Up-to-date symlink: /home/jetson/projects/bishe/edge/install/bishe_msgs/include/bishe_msgs/bishe_msgs/msg/rosidl_generator_cpp__visibility_control.hpp
[3.870s] -- Up-to-date symlink: /home/jetson/projects/bishe/edge/install/bishe_msgs/include/bishe_msgs/bishe_msgs/msg/detail/detector_result__rosidl_typesupport_fastrtps_cpp.hpp
[3.870s] -- Up-to-date symlink: /home/jetson/projects/bishe/edge/install/bishe_msgs/include/bishe_msgs/bishe_msgs/msg/rosidl_typesupport_fastrtps_cpp__visibility_control.h
[3.870s] -- Up-to-date symlink: /home/jetson/projects/bishe/edge/install/bishe_msgs/include/bishe_msgs/bishe_msgs/msg/detail/detector_result__rosidl_typesupport_introspection_cpp.hpp
[3.870s] -- Up-to-date symlink: /home/jetson/projects/bishe/edge/install/bishe_msgs/share/bishe_msgs/environment/pythonpath.sh
[3.870s] -- Up-to-date symlink: /home/jetson/projects/bishe/edge/install/bishe_msgs/share/bishe_msgs/environment/pythonpath.dsv
[3.871s] -- Up-to-date symlink: /home/jetson/projects/bishe/edge/install/bishe_msgs/local/lib/python3.10/dist-packages/bishe_msgs-0.1.0-py3.10.egg-info/PKG-INFO
[3.871s] -- Up-to-date symlink: /home/jetson/projects/bishe/edge/install/bishe_msgs/local/lib/python3.10/dist-packages/bishe_msgs-0.1.0-py3.10.egg-info/SOURCES.txt
[3.871s] -- Up-to-date symlink: /home/jetson/projects/bishe/edge/install/bishe_msgs/local/lib/python3.10/dist-packages/bishe_msgs-0.1.0-py3.10.egg-info/dependency_links.txt
[3.872s] -- Up-to-date symlink: /home/jetson/projects/bishe/edge/install/bishe_msgs/local/lib/python3.10/dist-packages/bishe_msgs-0.1.0-py3.10.egg-info/top_level.txt
[3.873s] -- Up-to-date symlink: /home/jetson/projects/bishe/edge/install/bishe_msgs/local/lib/python3.10/dist-packages/bishe_msgs/__init__.py
[3.874s] -- Up-to-date symlink: /home/jetson/projects/bishe/edge/install/bishe_msgs/local/lib/python3.10/dist-packages/bishe_msgs/_bishe_msgs_s.ep.rosidl_typesupport_c.c
[3.874s] -- Up-to-date symlink: /home/jetson/projects/bishe/edge/install/bishe_msgs/local/lib/python3.10/dist-packages/bishe_msgs/_bishe_msgs_s.ep.rosidl_typesupport_fastrtps_c.c
[3.875s] -- Up-to-date symlink: /home/jetson/projects/bishe/edge/install/bishe_msgs/local/lib/python3.10/dist-packages/bishe_msgs/_bishe_msgs_s.ep.rosidl_typesupport_introspection_c.c
[3.875s] -- Up-to-date symlink: /home/jetson/projects/bishe/edge/install/bishe_msgs/local/lib/python3.10/dist-packages/bishe_msgs/bishe_msgs_s__rosidl_typesupport_c.cpython-310-aarch64-linux-gnu.so
[3.875s] -- Up-to-date symlink: /home/jetson/projects/bishe/edge/install/bishe_msgs/local/lib/python3.10/dist-packages/bishe_msgs/bishe_msgs_s__rosidl_typesupport_fastrtps_c.cpython-310-aarch64-linux-gnu.so
[3.876s] -- Up-to-date symlink: /home/jetson/projects/bishe/edge/install/bishe_msgs/local/lib/python3.10/dist-packages/bishe_msgs/bishe_msgs_s__rosidl_typesupport_introspection_c.cpython-310-aarch64-linux-gnu.so
[3.877s] -- Up-to-date symlink: /home/jetson/projects/bishe/edge/install/bishe_msgs/local/lib/python3.10/dist-packages/bishe_msgs/libbishe_msgs__rosidl_generator_py.so
[3.877s] -- Up-to-date symlink: /home/jetson/projects/bishe/edge/install/bishe_msgs/local/lib/python3.10/dist-packages/bishe_msgs/msg/__init__.py
[3.878s] -- Up-to-date symlink: /home/jetson/projects/bishe/edge/install/bishe_msgs/local/lib/python3.10/dist-packages/bishe_msgs/msg/_detector_result.py
[3.878s] -- Up-to-date symlink: /home/jetson/projects/bishe/edge/install/bishe_msgs/local/lib/python3.10/dist-packages/bishe_msgs/msg/_detector_result_s.c
[3.879s] -- Up-to-date symlink: /home/jetson/projects/bishe/edge/install/bishe_msgs/local/lib/python3.10/dist-packages/bishe_msgs/bishe_msgs_s__rosidl_typesupport_fastrtps_c.cpython-310-aarch64-linux-gnu.so
[3.879s] -- Up-to-date symlink: /home/jetson/projects/bishe/edge/install/bishe_msgs/local/lib/python3.10/dist-packages/bishe_msgs/bishe_msgs_s__rosidl_typesupport_introspection_c.cpython-310-aarch64-linux-gnu.so
[3.879s] -- Up-to-date symlink: /home/jetson/projects/bishe/edge/install/bishe_msgs/local/lib/python3.10/dist-packages/bishe_msgs/bishe_msgs_s__rosidl_typesupport_c.cpython-310-aarch64-linux-gnu.so
[3.879s] -- Up-to-date symlink: /home/jetson/projects/bishe/edge/install/bishe_msgs/share/bishe_msgs/msg/DetectorResult.idl
[3.880s] -- Up-to-date symlink: /home/jetson/projects/bishe/edge/install/bishe_msgs/share/bishe_msgs/msg/DetectorResult.msg
[3.880s] -- Up-to-date symlink: /home/jetson/projects/bishe/edge/install/bishe_msgs/share/ament_index/resource_index/package_run_dependencies/bishe_msgs
[3.880s] -- Up-to-date symlink: /home/jetson/projects/bishe/edge/install/bishe_msgs/share/ament_index/resource_index/parent_prefix_path/bishe_msgs
[3.880s] -- Up-to-date symlink: /home/jetson/projects/bishe/edge/install/bishe_msgs/share/bishe_msgs/environment/ament_prefix_path.sh
[3.881s] -- Up-to-date symlink: /home/jetson/projects/bishe/edge/install/bishe_msgs/share/bishe_msgs/environment/ament_prefix_path.dsv
[3.881s] -- Up-to-date symlink: /home/jetson/projects/bishe/edge/install/bishe_msgs/share/bishe_msgs/environment/path.sh
[3.881s] -- Up-to-date symlink: /home/jetson/projects/bishe/edge/install/bishe_msgs/share/bishe_msgs/environment/path.dsv
[3.881s] -- Up-to-date symlink: /home/jetson/projects/bishe/edge/install/bishe_msgs/share/bishe_msgs/local_setup.bash
[3.881s] -- Up-to-date symlink: /home/jetson/projects/bishe/edge/install/bishe_msgs/share/bishe_msgs/local_setup.sh
[3.881s] -- Up-to-date symlink: /home/jetson/projects/bishe/edge/install/bishe_msgs/share/bishe_msgs/local_setup.zsh
[3.882s] -- Up-to-date symlink: /home/jetson/projects/bishe/edge/install/bishe_msgs/share/bishe_msgs/local_setup.dsv
[3.882s] -- Symlinking: /home/jetson/projects/bishe/edge/install/bishe_msgs/share/bishe_msgs/package.dsv
[3.901s] -- Up-to-date symlink: /home/jetson/projects/bishe/edge/install/bishe_msgs/share/ament_index/resource_index/packages/bishe_msgs
[3.902s] -- Up-to-date symlink: /home/jetson/projects/bishe/edge/install/bishe_msgs/share/bishe_msgs/cmake/rosidl_cmake-extras.cmake
[3.902s] -- Up-to-date symlink: /home/jetson/projects/bishe/edge/install/bishe_msgs/share/bishe_msgs/cmake/ament_cmake_export_dependencies-extras.cmake
[3.902s] -- Up-to-date symlink: /home/jetson/projects/bishe/edge/install/bishe_msgs/share/bishe_msgs/cmake/ament_cmake_export_include_directories-extras.cmake
[3.903s] -- Up-to-date symlink: /home/jetson/projects/bishe/edge/install/bishe_msgs/share/bishe_msgs/cmake/ament_cmake_export_libraries-extras.cmake
[3.903s] -- Up-to-date symlink: /home/jetson/projects/bishe/edge/install/bishe_msgs/share/bishe_msgs/cmake/ament_cmake_export_targets-extras.cmake
[3.903s] -- Up-to-date symlink: /home/jetson/projects/bishe/edge/install/bishe_msgs/share/bishe_msgs/cmake/rosidl_cmake_export_typesupport_targets-extras.cmake
[3.904s] -- Up-to-date symlink: /home/jetson/projects/bishe/edge/install/bishe_msgs/share/bishe_msgs/cmake/rosidl_cmake_export_typesupport_libraries-extras.cmake
[3.904s] -- Up-to-date symlink: /home/jetson/projects/bishe/edge/install/bishe_msgs/share/bishe_msgs/cmake/bishe_msgsConfig.cmake
[3.904s] -- Up-to-date symlink: /home/jetson/projects/bishe/edge/install/bishe_msgs/share/bishe_msgs/cmake/bishe_msgsConfig-version.cmake
[3.904s] -- Up-to-date symlink: /home/jetson/projects/bishe/edge/install/bishe_msgs/share/bishe_msgs/package.xml
[3.907s] -- Up-to-date: /home/jetson/projects/bishe/edge/install/bishe_msgs/lib/libbishe_msgs__rosidl_generator_c.so
[3.910s] -- Up-to-date: /home/jetson/projects/bishe/edge/install/bishe_msgs/lib/libbishe_msgs__rosidl_typesupport_fastrtps_c.so
[3.910s] -- Up-to-date: /home/jetson/projects/bishe/edge/install/bishe_msgs/lib/libbishe_msgs__rosidl_typesupport_introspection_c.so
[3.912s] -- Up-to-date: /home/jetson/projects/bishe/edge/install/bishe_msgs/lib/libbishe_msgs__rosidl_typesupport_c.so
[3.913s] -- Up-to-date: /home/jetson/projects/bishe/edge/install/bishe_msgs/lib/libbishe_msgs__rosidl_typesupport_fastrtps_cpp.so
[3.915s] -- Up-to-date: /home/jetson/projects/bishe/edge/install/bishe_msgs/lib/libbishe_msgs__rosidl_typesupport_introspection_cpp.so
[3.917s] -- Up-to-date: /home/jetson/projects/bishe/edge/install/bishe_msgs/lib/libbishe_msgs__rosidl_typesupport_cpp.so
[3.995s] Listing '/home/jetson/projects/bishe/edge/install/bishe_msgs/local/lib/python3.10/dist-packages/bishe_msgs'...
[3.996s] Compiling '/home/jetson/projects/bishe/edge/install/bishe_msgs/local/lib/python3.10/dist-packages/bishe_msgs/__init__.py'...
[3.996s] Listing '/home/jetson/projects/bishe/edge/install/bishe_msgs/local/lib/python3.10/dist-packages/bishe_msgs/msg'...
[4.011s] -- Up-to-date: /home/jetson/projects/bishe/edge/install/bishe_msgs/lib/libbishe_msgs__rosidl_generator_py.so
[4.012s] -- Up-to-date: /home/jetson/projects/bishe/edge/install/bishe_msgs/share/bishe_msgs/cmake/export_bishe_msgs__rosidl_generator_cExport.cmake
[4.012s] -- Up-to-date: /home/jetson/projects/bishe/edge/install/bishe_msgs/share/bishe_msgs/cmake/export_bishe_msgs__rosidl_generator_cExport-noconfig.cmake
[4.012s] -- Up-to-date: /home/jetson/projects/bishe/edge/install/bishe_msgs/share/bishe_msgs/cmake/export_bishe_msgs__rosidl_typesupport_fastrtps_cExport.cmake
[4.012s] -- Up-to-date: /home/jetson/projects/bishe/edge/install/bishe_msgs/share/bishe_msgs/cmake/export_bishe_msgs__rosidl_typesupport_fastrtps_cExport-noconfig.cmake
[4.013s] -- Up-to-date: /home/jetson/projects/bishe/edge/install/bishe_msgs/share/bishe_msgs/cmake/bishe_msgs__rosidl_typesupport_introspection_cExport.cmake
[4.013s] -- Up-to-date: /home/jetson/projects/bishe/edge/install/bishe_msgs/share/bishe_msgs/cmake/bishe_msgs__rosidl_typesupport_introspection_cExport-noconfig.cmake
[4.014s] -- Up-to-date: /home/jetson/projects/bishe/edge/install/bishe_msgs/share/bishe_msgs/cmake/bishe_msgs__rosidl_typesupport_cExport.cmake
[4.014s] -- Up-to-date: /home/jetson/projects/bishe/edge/install/bishe_msgs/share/bishe_msgs/cmake/bishe_msgs__rosidl_typesupport_cExport-noconfig.cmake
[4.014s] -- Up-to-date: /home/jetson/projects/bishe/edge/install/bishe_msgs/share/bishe_msgs/cmake/export_bishe_msgs__rosidl_generator_cppExport.cmake
[4.014s] -- Up-to-date: /home/jetson/projects/bishe/edge/install/bishe_msgs/share/bishe_msgs/cmake/export_bishe_msgs__rosidl_typesupport_fastrtps_cppExport.cmake
[4.014s] -- Up-to-date: /home/jetson/projects/bishe/edge/install/bishe_msgs/share/bishe_msgs/cmake/export_bishe_msgs__rosidl_typesupport_fastrtps_cppExport-noconfig.cmake
[4.015s] -- Up-to-date: /home/jetson/projects/bishe/edge/install/bishe_msgs/share/bishe_msgs/cmake/bishe_msgs__rosidl_typesupport_introspection_cppExport.cmake
[4.015s] -- Up-to-date: /home/jetson/projects/bishe/edge/install/bishe_msgs/share/bishe_msgs/cmake/bishe_msgs__rosidl_typesupport_introspection_cppExport-noconfig.cmake
[4.015s] -- Up-to-date: /home/jetson/projects/bishe/edge/install/bishe_msgs/share/bishe_msgs/cmake/bishe_msgs__rosidl_typesupport_cppExport.cmake
[4.015s] -- Up-to-date: /home/jetson/projects/bishe/edge/install/bishe_msgs/share/bishe_msgs/cmake/bishe_msgs__rosidl_typesupport_cppExport-noconfig.cmake
[4.015s] -- Up-to-date: /home/jetson/projects/bishe/edge/install/bishe_msgs/share/bishe_msgs/cmake/export_bishe_msgs__rosidl_generator_pyExport.cmake
[4.015s] -- Up-to-date: /home/jetson/projects/bishe/edge/install/bishe_msgs/share/bishe_msgs/cmake/export_bishe_msgs__rosidl_generator_pyExport-noconfig.cmake
[4.020s] Invoked command in '/home/jetson/projects/bishe/edge/build/bishe_msgs' returned '0': CMAKE_PREFIX_PATH=/opt/ros/humble /usr/bin/cmake --install /home/jetson/projects/bishe/edge/build/bishe_msgs
