[0.024s] Invoking command in '/home/jetson/projects/bishe/build/bishe_streamer': CMAKE_PREFIX_PATH=/home/jetson/projects/bishe/install/bishe_msgs:/home/jetson/projects/bishe/install/bishe_streamer:/home/jetson/projects/bishe/install/bishe_monitor:/home/jetson/projects/bishe/install/bishe_detector:/home/jetson/projects/bishe/install/bishe_mqtt:/home/jetson/projects/bishe/install/bishe_camera:/home/jetson/projects/bishe/install/bishe_launch:/opt/ros/humble LD_LIBRARY_PATH=/home/jetson/projects/bishe/install/bishe_msgs/lib:/opt/ros/humble/opt/rviz_ogre_vendor/lib:/opt/ros/humble/lib/aarch64-linux-gnu:/opt/ros/humble/lib:/usr/local/cuda-12.6/lib64 /usr/bin/cmake /home/jetson/projects/bishe/src/bishe_streamer -DCMAKE_INSTALL_PREFIX=/home/jetson/projects/bishe/install/bishe_streamer
[0.050s] -- Found ament_cmake: 1.3.12 (/opt/ros/humble/share/ament_cmake/cmake)
[0.296s] -- Override CMake install command with custom implementation using symlinks instead of copying resources
[0.319s] -- Found rclcpp: 16.0.16 (/opt/ros/humble/share/rclcpp/cmake)
[0.374s] -- Found rosidl_generator_c: 3.1.7 (/opt/ros/humble/share/rosidl_generator_c/cmake)
[0.378s] -- Found rosidl_adapter: 3.1.7 (/opt/ros/humble/share/rosidl_adapter/cmake)
[0.389s] -- Found rosidl_generator_cpp: 3.1.7 (/opt/ros/humble/share/rosidl_generator_cpp/cmake)
[0.406s] -- Using all available rosidl_typesupport_c: rosidl_typesupport_fastrtps_c;rosidl_typesupport_introspection_c
[0.425s] -- Using all available rosidl_typesupport_cpp: rosidl_typesupport_fastrtps_cpp;rosidl_typesupport_introspection_cpp
[0.481s] -- Found rmw_implementation_cmake: 6.1.2 (/opt/ros/humble/share/rmw_implementation_cmake/cmake)
[0.484s] -- Found rmw_fastrtps_cpp: 6.2.9 (/opt/ros/humble/share/rmw_fastrtps_cpp/cmake)
[0.655s] -- Using RMW implementation 'rmw_fastrtps_cpp' as default
[0.744s] -- Found sensor_msgs: 4.9.0 (/opt/ros/humble/share/sensor_msgs/cmake)
[0.795s] -- Found image_transport: 3.1.12 (/opt/ros/humble/share/image_transport/cmake)
[0.831s] -- Found cv_bridge: 3.2.1 (/opt/ros/humble/share/cv_bridge/cmake)
[0.880s] -- Found bishe_msgs: 0.1.0 (/home/jetson/projects/bishe/install/bishe_msgs/share/bishe_msgs/cmake)
[1.033s] -- Configuring done
[1.065s] -- Generating done
[1.073s] -- Build files have been written to: /home/jetson/projects/bishe/build/bishe_streamer
[1.092s] Invoked command in '/home/jetson/projects/bishe/build/bishe_streamer' returned '0': CMAKE_PREFIX_PATH=/home/jetson/projects/bishe/install/bishe_msgs:/home/jetson/projects/bishe/install/bishe_streamer:/home/jetson/projects/bishe/install/bishe_monitor:/home/jetson/projects/bishe/install/bishe_detector:/home/jetson/projects/bishe/install/bishe_mqtt:/home/jetson/projects/bishe/install/bishe_camera:/home/jetson/projects/bishe/install/bishe_launch:/opt/ros/humble LD_LIBRARY_PATH=/home/jetson/projects/bishe/install/bishe_msgs/lib:/opt/ros/humble/opt/rviz_ogre_vendor/lib:/opt/ros/humble/lib/aarch64-linux-gnu:/opt/ros/humble/lib:/usr/local/cuda-12.6/lib64 /usr/bin/cmake /home/jetson/projects/bishe/src/bishe_streamer -DCMAKE_INSTALL_PREFIX=/home/jetson/projects/bishe/install/bishe_streamer
[1.094s] Invoking command in '/home/jetson/projects/bishe/build/bishe_streamer': CMAKE_PREFIX_PATH=/home/jetson/projects/bishe/install/bishe_msgs:/home/jetson/projects/bishe/install/bishe_streamer:/home/jetson/projects/bishe/install/bishe_monitor:/home/jetson/projects/bishe/install/bishe_detector:/home/jetson/projects/bishe/install/bishe_mqtt:/home/jetson/projects/bishe/install/bishe_camera:/home/jetson/projects/bishe/install/bishe_launch:/opt/ros/humble LD_LIBRARY_PATH=/home/jetson/projects/bishe/install/bishe_msgs/lib:/opt/ros/humble/opt/rviz_ogre_vendor/lib:/opt/ros/humble/lib/aarch64-linux-gnu:/opt/ros/humble/lib:/usr/local/cuda-12.6/lib64 /usr/bin/cmake --build /home/jetson/projects/bishe/build/bishe_streamer -- -j6 -l6
[1.155s] [35m[1mConsolidate compiler generated dependencies of target streamer_node[0m
[1.186s] [ 50%] [32mBuilding CXX object CMakeFiles/streamer_node.dir/src/streamer_node.cpp.o[0m
[8.094s] [01m[K/home/jetson/projects/bishe/src/bishe_streamer/src/streamer_node.cpp:[m[K In constructor ‘[01m[KStreamerNode::StreamerNode()[m[K’:
[8.095s] [01m[K/home/jetson/projects/bishe/src/bishe_streamer/src/streamer_node.cpp:26:40:[m[K [01;31m[Kerror: [m[K‘[01m[Kbitrate_[m[K’ was not declared in this scope
[8.095s]    26 |         this->get_parameter("bitrate", [01;31m[Kbitrate_[m[K);
[8.095s]       |                                        [01;31m[K^~~~~~~~[m[K
[8.131s] [01m[K/home/jetson/projects/bishe/src/bishe_streamer/src/streamer_node.cpp:27:48:[m[K [01;31m[Kerror: [m[K‘[01m[Kencoder_threads_[m[K’ was not declared in this scope
[8.131s]    27 |         this->get_parameter("encoder_threads", [01;31m[Kencoder_threads_[m[K);
[8.131s]       |                                                [01;31m[K^~~~~~~~~~~~~~~~[m[K
[14.021s] gmake[2]: *** [CMakeFiles/streamer_node.dir/build.make:76：CMakeFiles/streamer_node.dir/src/streamer_node.cpp.o] 错误 1
[14.021s] gmake[1]: *** [CMakeFiles/Makefile2:137：CMakeFiles/streamer_node.dir/all] 错误 2
[14.021s] gmake: *** [Makefile:146：all] 错误 2
[14.026s] Invoked command in '/home/jetson/projects/bishe/build/bishe_streamer' returned '2': CMAKE_PREFIX_PATH=/home/jetson/projects/bishe/install/bishe_msgs:/home/jetson/projects/bishe/install/bishe_streamer:/home/jetson/projects/bishe/install/bishe_monitor:/home/jetson/projects/bishe/install/bishe_detector:/home/jetson/projects/bishe/install/bishe_mqtt:/home/jetson/projects/bishe/install/bishe_camera:/home/jetson/projects/bishe/install/bishe_launch:/opt/ros/humble LD_LIBRARY_PATH=/home/jetson/projects/bishe/install/bishe_msgs/lib:/opt/ros/humble/opt/rviz_ogre_vendor/lib:/opt/ros/humble/lib/aarch64-linux-gnu:/opt/ros/humble/lib:/usr/local/cuda-12.6/lib64 /usr/bin/cmake --build /home/jetson/projects/bishe/build/bishe_streamer -- -j6 -l6
