[1.134s] Invoking command in '/home/jetson/projects/bishe/edge/build/bishe_launch': PYTHONPATH=/home/jetson/projects/bishe/edge/build/bishe_launch/prefix_override:/usr/lib/python3/dist-packages/colcon_core/task/python/colcon_distutils_commands:/home/jetson/projects/bishe/edge/install/bishe_launch/lib/python3.10/site-packages:${PYTHONPATH} /usr/bin/python3 -W ignore:setup.py install is deprecated -W ignore:easy_install command is deprecated setup.py develop --uninstall --editable --build-directory /home/jetson/projects/bishe/edge/build/bishe_launch/build
[1.585s] running develop
[1.859s] Removing /home/jetson/projects/bishe/edge/install/bishe_launch/lib/python3.10/site-packages/bishe-launch.egg-link (link to .)
[1.925s] Invoked command in '/home/jetson/projects/bishe/edge/build/bishe_launch' returned '0': PYTHONPATH=/home/jetson/projects/bishe/edge/build/bishe_launch/prefix_override:/usr/lib/python3/dist-packages/colcon_core/task/python/colcon_distutils_commands:/home/jetson/projects/bishe/edge/install/bishe_launch/lib/python3.10/site-packages:${PYTHONPATH} /usr/bin/python3 -W ignore:setup.py install is deprecated -W ignore:easy_install command is deprecated setup.py develop --uninstall --editable --build-directory /home/jetson/projects/bishe/edge/build/bishe_launch/build
[1.927s] Invoking command in '/home/jetson/projects/bishe/edge/src/bishe_launch': PYTHONPATH=/home/jetson/projects/bishe/edge/build/bishe_launch/prefix_override:/usr/lib/python3/dist-packages/colcon_core/task/python/colcon_distutils_commands:/home/jetson/projects/bishe/edge/install/bishe_launch/lib/python3.10/site-packages:${PYTHONPATH} /usr/bin/python3 -W ignore:setup.py install is deprecated -W ignore:easy_install command is deprecated setup.py egg_info --egg-base ../../build/bishe_launch build --build-base /home/jetson/projects/bishe/edge/build/bishe_launch/build install --record /home/jetson/projects/bishe/edge/build/bishe_launch/install.log --single-version-externally-managed install_data --force
[2.336s] running egg_info
[2.337s] writing ../../build/bishe_launch/bishe_launch.egg-info/PKG-INFO
[2.337s] writing dependency_links to ../../build/bishe_launch/bishe_launch.egg-info/dependency_links.txt
[2.337s] writing entry points to ../../build/bishe_launch/bishe_launch.egg-info/entry_points.txt
[2.338s] writing requirements to ../../build/bishe_launch/bishe_launch.egg-info/requires.txt
[2.338s] writing top-level names to ../../build/bishe_launch/bishe_launch.egg-info/top_level.txt
[2.341s] reading manifest file '../../build/bishe_launch/bishe_launch.egg-info/SOURCES.txt'
[2.342s] writing manifest file '../../build/bishe_launch/bishe_launch.egg-info/SOURCES.txt'
[2.343s] running build
[2.343s] running build_py
[2.343s] running install
[2.344s] running install_lib
[2.345s] creating /home/jetson/projects/bishe/edge/install/bishe_launch/lib/python3.10/site-packages/bishe_launch
[2.345s] copying /home/jetson/projects/bishe/edge/build/bishe_launch/build/lib/bishe_launch/__init__.py -> /home/jetson/projects/bishe/edge/install/bishe_launch/lib/python3.10/site-packages/bishe_launch
[2.346s] byte-compiling /home/jetson/projects/bishe/edge/install/bishe_launch/lib/python3.10/site-packages/bishe_launch/__init__.py to __init__.cpython-310.pyc
[2.346s] running install_data
[2.347s] copying resource/bishe_launch -> /home/jetson/projects/bishe/edge/install/bishe_launch/share/ament_index/resource_index/packages
[2.347s] copying launch/multicamera.launch.py -> /home/jetson/projects/bishe/edge/install/bishe_launch/share/bishe_launch/launch
[2.347s] copying config/cameras.yaml -> /home/jetson/projects/bishe/edge/install/bishe_launch/share/bishe_launch/config
[2.347s] copying package.xml -> /home/jetson/projects/bishe/edge/install/bishe_launch/share/bishe_launch
[2.348s] running install_egg_info
[2.351s] Copying ../../build/bishe_launch/bishe_launch.egg-info to /home/jetson/projects/bishe/edge/install/bishe_launch/lib/python3.10/site-packages/bishe_launch-0.1.0-py3.10.egg-info
[2.353s] running install_scripts
[2.391s] writing list of installed files to '/home/jetson/projects/bishe/edge/build/bishe_launch/install.log'
[2.447s] Invoked command in '/home/jetson/projects/bishe/edge/src/bishe_launch' returned '0': PYTHONPATH=/home/jetson/projects/bishe/edge/build/bishe_launch/prefix_override:/usr/lib/python3/dist-packages/colcon_core/task/python/colcon_distutils_commands:/home/jetson/projects/bishe/edge/install/bishe_launch/lib/python3.10/site-packages:${PYTHONPATH} /usr/bin/python3 -W ignore:setup.py install is deprecated -W ignore:easy_install command is deprecated setup.py egg_info --egg-base ../../build/bishe_launch build --build-base /home/jetson/projects/bishe/edge/build/bishe_launch/build install --record /home/jetson/projects/bishe/edge/build/bishe_launch/install.log --single-version-externally-managed install_data --force
