[0.210s] colcon DEBUG Command line arguments: ['/usr/bin/colcon', 'build', '--packages-select', 'bishe_launch']
[0.210s] colcon DEBUG Parsed command line arguments: Namespace(log_base=None, log_level=None, verb_name='build', build_base='build', install_base='install', merge_install=False, symlink_install=False, test_result_base=None, continue_on_error=False, executor='parallel', parallel_workers=6, event_handlers=None, ignore_user_meta=False, metas=['./colcon.meta'], base_paths=['.'], packages_ignore=None, packages_ignore_regex=None, paths=None, packages_up_to=None, packages_up_to_regex=None, packages_above=None, packages_above_and_dependencies=None, packages_above_depth=None, packages_select_by_dep=None, packages_skip_by_dep=None, packages_skip_up_to=None, packages_select_build_failed=False, packages_skip_build_finished=False, packages_select_test_failures=False, packages_skip_test_passed=False, packages_select=['bishe_launch'], packages_skip=None, packages_select_regex=None, packages_skip_regex=None, packages_start=None, packages_end=None, allow_overriding=[], cmake_args=None, cmake_target=None, cmake_target_skip_unavailable=False, cmake_clean_cache=False, cmake_clean_first=False, cmake_force_configure=False, ament_cmake_args=None, catkin_cmake_args=None, catkin_skip_building_tests=False, verb_parser=<colcon_defaults.argument_parser.defaults.DefaultArgumentsDecorator object at 0xffff8d435b10>, verb_extension=<colcon_core.verb.build.BuildVerb object at 0xffff8d4355d0>, main=<bound method BuildVerb.main of <colcon_core.verb.build.BuildVerb object at 0xffff8d4355d0>>)
[0.502s] colcon.colcon_core.package_discovery Level 1 discover_packages(colcon_meta) check parameters
[0.503s] colcon.colcon_core.package_discovery Level 1 discover_packages(recursive) check parameters
[0.503s] colcon.colcon_core.package_discovery Level 1 discover_packages(ignore) check parameters
[0.503s] colcon.colcon_core.package_discovery Level 1 discover_packages(path) check parameters
[0.503s] colcon.colcon_core.package_discovery Level 1 discover_packages(colcon_meta) discover
[0.503s] colcon.colcon_core.package_discovery Level 1 discover_packages(recursive) discover
[0.503s] colcon.colcon_core.package_discovery INFO Crawling recursively for packages in '/home/jetson/projects/bishe/edge'
[0.503s] colcon.colcon_core.package_identification Level 1 _identify(.) by extensions ['ignore', 'ignore_ament_install']
[0.504s] colcon.colcon_core.package_identification Level 1 _identify(.) by extension 'ignore'
[0.504s] colcon.colcon_core.package_identification Level 1 _identify(.) by extension 'ignore_ament_install'
[0.504s] colcon.colcon_core.package_identification Level 1 _identify(.) by extensions ['colcon_pkg']
[0.504s] colcon.colcon_core.package_identification Level 1 _identify(.) by extension 'colcon_pkg'
[0.504s] colcon.colcon_core.package_identification Level 1 _identify(.) by extensions ['colcon_meta']
[0.504s] colcon.colcon_core.package_identification Level 1 _identify(.) by extension 'colcon_meta'
[0.504s] colcon.colcon_core.package_identification Level 1 _identify(.) by extensions ['ros']
[0.504s] colcon.colcon_core.package_identification Level 1 _identify(.) by extension 'ros'
[0.525s] colcon.colcon_core.package_identification Level 1 _identify(.) by extensions ['cmake', 'python']
[0.525s] colcon.colcon_core.package_identification Level 1 _identify(.) by extension 'cmake'
[0.525s] colcon.colcon_core.package_identification Level 1 _identify(.) by extension 'python'
[0.525s] colcon.colcon_core.package_identification Level 1 _identify(.) by extensions ['python_setup_py']
[0.525s] colcon.colcon_core.package_identification Level 1 _identify(.) by extension 'python_setup_py'
[0.525s] colcon.colcon_core.package_identification Level 1 _identify(assets) by extensions ['ignore', 'ignore_ament_install']
[0.526s] colcon.colcon_core.package_identification Level 1 _identify(assets) by extension 'ignore'
[0.526s] colcon.colcon_core.package_identification Level 1 _identify(assets) by extension 'ignore_ament_install'
[0.526s] colcon.colcon_core.package_identification Level 1 _identify(assets) by extensions ['colcon_pkg']
[0.526s] colcon.colcon_core.package_identification Level 1 _identify(assets) by extension 'colcon_pkg'
[0.526s] colcon.colcon_core.package_identification Level 1 _identify(assets) by extensions ['colcon_meta']
[0.526s] colcon.colcon_core.package_identification Level 1 _identify(assets) by extension 'colcon_meta'
[0.526s] colcon.colcon_core.package_identification Level 1 _identify(assets) by extensions ['ros']
[0.526s] colcon.colcon_core.package_identification Level 1 _identify(assets) by extension 'ros'
[0.527s] colcon.colcon_core.package_identification Level 1 _identify(assets) by extensions ['cmake', 'python']
[0.527s] colcon.colcon_core.package_identification Level 1 _identify(assets) by extension 'cmake'
[0.527s] colcon.colcon_core.package_identification Level 1 _identify(assets) by extension 'python'
[0.527s] colcon.colcon_core.package_identification Level 1 _identify(assets) by extensions ['python_setup_py']
[0.527s] colcon.colcon_core.package_identification Level 1 _identify(assets) by extension 'python_setup_py'
[0.527s] colcon.colcon_core.package_identification Level 1 _identify(build) by extensions ['ignore', 'ignore_ament_install']
[0.527s] colcon.colcon_core.package_identification Level 1 _identify(build) by extension 'ignore'
[0.527s] colcon.colcon_core.package_identification Level 1 _identify(build) ignored
[0.528s] colcon.colcon_core.package_identification Level 1 _identify(docs) by extensions ['ignore', 'ignore_ament_install']
[0.528s] colcon.colcon_core.package_identification Level 1 _identify(docs) by extension 'ignore'
[0.528s] colcon.colcon_core.package_identification Level 1 _identify(docs) by extension 'ignore_ament_install'
[0.528s] colcon.colcon_core.package_identification Level 1 _identify(docs) by extensions ['colcon_pkg']
[0.528s] colcon.colcon_core.package_identification Level 1 _identify(docs) by extension 'colcon_pkg'
[0.528s] colcon.colcon_core.package_identification Level 1 _identify(docs) by extensions ['colcon_meta']
[0.528s] colcon.colcon_core.package_identification Level 1 _identify(docs) by extension 'colcon_meta'
[0.528s] colcon.colcon_core.package_identification Level 1 _identify(docs) by extensions ['ros']
[0.528s] colcon.colcon_core.package_identification Level 1 _identify(docs) by extension 'ros'
[0.528s] colcon.colcon_core.package_identification Level 1 _identify(docs) by extensions ['cmake', 'python']
[0.528s] colcon.colcon_core.package_identification Level 1 _identify(docs) by extension 'cmake'
[0.529s] colcon.colcon_core.package_identification Level 1 _identify(docs) by extension 'python'
[0.529s] colcon.colcon_core.package_identification Level 1 _identify(docs) by extensions ['python_setup_py']
[0.529s] colcon.colcon_core.package_identification Level 1 _identify(docs) by extension 'python_setup_py'
[0.529s] colcon.colcon_core.package_identification Level 1 _identify(docs/superpowers) by extensions ['ignore', 'ignore_ament_install']
[0.529s] colcon.colcon_core.package_identification Level 1 _identify(docs/superpowers) by extension 'ignore'
[0.529s] colcon.colcon_core.package_identification Level 1 _identify(docs/superpowers) by extension 'ignore_ament_install'
[0.529s] colcon.colcon_core.package_identification Level 1 _identify(docs/superpowers) by extensions ['colcon_pkg']
[0.529s] colcon.colcon_core.package_identification Level 1 _identify(docs/superpowers) by extension 'colcon_pkg'
[0.529s] colcon.colcon_core.package_identification Level 1 _identify(docs/superpowers) by extensions ['colcon_meta']
[0.529s] colcon.colcon_core.package_identification Level 1 _identify(docs/superpowers) by extension 'colcon_meta'
[0.530s] colcon.colcon_core.package_identification Level 1 _identify(docs/superpowers) by extensions ['ros']
[0.530s] colcon.colcon_core.package_identification Level 1 _identify(docs/superpowers) by extension 'ros'
[0.530s] colcon.colcon_core.package_identification Level 1 _identify(docs/superpowers) by extensions ['cmake', 'python']
[0.530s] colcon.colcon_core.package_identification Level 1 _identify(docs/superpowers) by extension 'cmake'
[0.530s] colcon.colcon_core.package_identification Level 1 _identify(docs/superpowers) by extension 'python'
[0.530s] colcon.colcon_core.package_identification Level 1 _identify(docs/superpowers) by extensions ['python_setup_py']
[0.530s] colcon.colcon_core.package_identification Level 1 _identify(docs/superpowers) by extension 'python_setup_py'
[0.530s] colcon.colcon_core.package_identification Level 1 _identify(docs/superpowers/plans) by extensions ['ignore', 'ignore_ament_install']
[0.530s] colcon.colcon_core.package_identification Level 1 _identify(docs/superpowers/plans) by extension 'ignore'
[0.531s] colcon.colcon_core.package_identification Level 1 _identify(docs/superpowers/plans) by extension 'ignore_ament_install'
[0.531s] colcon.colcon_core.package_identification Level 1 _identify(docs/superpowers/plans) by extensions ['colcon_pkg']
[0.531s] colcon.colcon_core.package_identification Level 1 _identify(docs/superpowers/plans) by extension 'colcon_pkg'
[0.531s] colcon.colcon_core.package_identification Level 1 _identify(docs/superpowers/plans) by extensions ['colcon_meta']
[0.531s] colcon.colcon_core.package_identification Level 1 _identify(docs/superpowers/plans) by extension 'colcon_meta'
[0.531s] colcon.colcon_core.package_identification Level 1 _identify(docs/superpowers/plans) by extensions ['ros']
[0.531s] colcon.colcon_core.package_identification Level 1 _identify(docs/superpowers/plans) by extension 'ros'
[0.531s] colcon.colcon_core.package_identification Level 1 _identify(docs/superpowers/plans) by extensions ['cmake', 'python']
[0.531s] colcon.colcon_core.package_identification Level 1 _identify(docs/superpowers/plans) by extension 'cmake'
[0.531s] colcon.colcon_core.package_identification Level 1 _identify(docs/superpowers/plans) by extension 'python'
[0.531s] colcon.colcon_core.package_identification Level 1 _identify(docs/superpowers/plans) by extensions ['python_setup_py']
[0.531s] colcon.colcon_core.package_identification Level 1 _identify(docs/superpowers/plans) by extension 'python_setup_py'
[0.532s] colcon.colcon_core.package_identification Level 1 _identify(docs/superpowers/specs) by extensions ['ignore', 'ignore_ament_install']
[0.532s] colcon.colcon_core.package_identification Level 1 _identify(docs/superpowers/specs) by extension 'ignore'
[0.532s] colcon.colcon_core.package_identification Level 1 _identify(docs/superpowers/specs) by extension 'ignore_ament_install'
[0.532s] colcon.colcon_core.package_identification Level 1 _identify(docs/superpowers/specs) by extensions ['colcon_pkg']
[0.532s] colcon.colcon_core.package_identification Level 1 _identify(docs/superpowers/specs) by extension 'colcon_pkg'
[0.532s] colcon.colcon_core.package_identification Level 1 _identify(docs/superpowers/specs) by extensions ['colcon_meta']
[0.532s] colcon.colcon_core.package_identification Level 1 _identify(docs/superpowers/specs) by extension 'colcon_meta'
[0.532s] colcon.colcon_core.package_identification Level 1 _identify(docs/superpowers/specs) by extensions ['ros']
[0.532s] colcon.colcon_core.package_identification Level 1 _identify(docs/superpowers/specs) by extension 'ros'
[0.532s] colcon.colcon_core.package_identification Level 1 _identify(docs/superpowers/specs) by extensions ['cmake', 'python']
[0.532s] colcon.colcon_core.package_identification Level 1 _identify(docs/superpowers/specs) by extension 'cmake'
[0.533s] colcon.colcon_core.package_identification Level 1 _identify(docs/superpowers/specs) by extension 'python'
[0.533s] colcon.colcon_core.package_identification Level 1 _identify(docs/superpowers/specs) by extensions ['python_setup_py']
[0.533s] colcon.colcon_core.package_identification Level 1 _identify(docs/superpowers/specs) by extension 'python_setup_py'
[0.533s] colcon.colcon_core.package_identification Level 1 _identify(install) by extensions ['ignore', 'ignore_ament_install']
[0.533s] colcon.colcon_core.package_identification Level 1 _identify(install) by extension 'ignore'
[0.533s] colcon.colcon_core.package_identification Level 1 _identify(install) ignored
[0.534s] colcon.colcon_core.package_identification Level 1 _identify(log) by extensions ['ignore', 'ignore_ament_install']
[0.534s] colcon.colcon_core.package_identification Level 1 _identify(log) by extension 'ignore'
[0.534s] colcon.colcon_core.package_identification Level 1 _identify(log) ignored
[0.534s] colcon.colcon_core.package_identification Level 1 _identify(models) by extensions ['ignore', 'ignore_ament_install']
[0.534s] colcon.colcon_core.package_identification Level 1 _identify(models) by extension 'ignore'
[0.534s] colcon.colcon_core.package_identification Level 1 _identify(models) by extension 'ignore_ament_install'
[0.534s] colcon.colcon_core.package_identification Level 1 _identify(models) by extensions ['colcon_pkg']
[0.535s] colcon.colcon_core.package_identification Level 1 _identify(models) by extension 'colcon_pkg'
[0.535s] colcon.colcon_core.package_identification Level 1 _identify(models) by extensions ['colcon_meta']
[0.535s] colcon.colcon_core.package_identification Level 1 _identify(models) by extension 'colcon_meta'
[0.535s] colcon.colcon_core.package_identification Level 1 _identify(models) by extensions ['ros']
[0.535s] colcon.colcon_core.package_identification Level 1 _identify(models) by extension 'ros'
[0.535s] colcon.colcon_core.package_identification Level 1 _identify(models) by extensions ['cmake', 'python']
[0.535s] colcon.colcon_core.package_identification Level 1 _identify(models) by extension 'cmake'
[0.535s] colcon.colcon_core.package_identification Level 1 _identify(models) by extension 'python'
[0.535s] colcon.colcon_core.package_identification Level 1 _identify(models) by extensions ['python_setup_py']
[0.535s] colcon.colcon_core.package_identification Level 1 _identify(models) by extension 'python_setup_py'
[0.535s] colcon.colcon_core.package_identification Level 1 _identify(src) by extensions ['ignore', 'ignore_ament_install']
[0.536s] colcon.colcon_core.package_identification Level 1 _identify(src) by extension 'ignore'
[0.536s] colcon.colcon_core.package_identification Level 1 _identify(src) by extension 'ignore_ament_install'
[0.536s] colcon.colcon_core.package_identification Level 1 _identify(src) by extensions ['colcon_pkg']
[0.536s] colcon.colcon_core.package_identification Level 1 _identify(src) by extension 'colcon_pkg'
[0.536s] colcon.colcon_core.package_identification Level 1 _identify(src) by extensions ['colcon_meta']
[0.536s] colcon.colcon_core.package_identification Level 1 _identify(src) by extension 'colcon_meta'
[0.536s] colcon.colcon_core.package_identification Level 1 _identify(src) by extensions ['ros']
[0.536s] colcon.colcon_core.package_identification Level 1 _identify(src) by extension 'ros'
[0.536s] colcon.colcon_core.package_identification Level 1 _identify(src) by extensions ['cmake', 'python']
[0.536s] colcon.colcon_core.package_identification Level 1 _identify(src) by extension 'cmake'
[0.536s] colcon.colcon_core.package_identification Level 1 _identify(src) by extension 'python'
[0.536s] colcon.colcon_core.package_identification Level 1 _identify(src) by extensions ['python_setup_py']
[0.537s] colcon.colcon_core.package_identification Level 1 _identify(src) by extension 'python_setup_py'
[0.537s] colcon.colcon_core.package_identification Level 1 _identify(src/bishe_camera) by extensions ['ignore', 'ignore_ament_install']
[0.537s] colcon.colcon_core.package_identification Level 1 _identify(src/bishe_camera) by extension 'ignore'
[0.537s] colcon.colcon_core.package_identification Level 1 _identify(src/bishe_camera) by extension 'ignore_ament_install'
[0.537s] colcon.colcon_core.package_identification Level 1 _identify(src/bishe_camera) by extensions ['colcon_pkg']
[0.537s] colcon.colcon_core.package_identification Level 1 _identify(src/bishe_camera) by extension 'colcon_pkg'
[0.537s] colcon.colcon_core.package_identification Level 1 _identify(src/bishe_camera) by extensions ['colcon_meta']
[0.537s] colcon.colcon_core.package_identification Level 1 _identify(src/bishe_camera) by extension 'colcon_meta'
[0.537s] colcon.colcon_core.package_identification Level 1 _identify(src/bishe_camera) by extensions ['ros']
[0.537s] colcon.colcon_core.package_identification Level 1 _identify(src/bishe_camera) by extension 'ros'
[0.543s] colcon.colcon_core.package_identification DEBUG Package 'src/bishe_camera' with type 'ros.ament_cmake' and name 'bishe_camera'
[0.543s] colcon.colcon_core.package_identification Level 1 _identify(src/bishe_detector) by extensions ['ignore', 'ignore_ament_install']
[0.543s] colcon.colcon_core.package_identification Level 1 _identify(src/bishe_detector) by extension 'ignore'
[0.543s] colcon.colcon_core.package_identification Level 1 _identify(src/bishe_detector) by extension 'ignore_ament_install'
[0.543s] colcon.colcon_core.package_identification Level 1 _identify(src/bishe_detector) by extensions ['colcon_pkg']
[0.543s] colcon.colcon_core.package_identification Level 1 _identify(src/bishe_detector) by extension 'colcon_pkg'
[0.543s] colcon.colcon_core.package_identification Level 1 _identify(src/bishe_detector) by extensions ['colcon_meta']
[0.543s] colcon.colcon_core.package_identification Level 1 _identify(src/bishe_detector) by extension 'colcon_meta'
[0.544s] colcon.colcon_core.package_identification Level 1 _identify(src/bishe_detector) by extensions ['ros']
[0.544s] colcon.colcon_core.package_identification Level 1 _identify(src/bishe_detector) by extension 'ros'
[0.545s] colcon.colcon_core.package_identification DEBUG Package 'src/bishe_detector' with type 'ros.ament_cmake' and name 'bishe_detector'
[0.546s] colcon.colcon_core.package_identification Level 1 _identify(src/bishe_launch) by extensions ['ignore', 'ignore_ament_install']
[0.546s] colcon.colcon_core.package_identification Level 1 _identify(src/bishe_launch) by extension 'ignore'
[0.546s] colcon.colcon_core.package_identification Level 1 _identify(src/bishe_launch) by extension 'ignore_ament_install'
[0.546s] colcon.colcon_core.package_identification Level 1 _identify(src/bishe_launch) by extensions ['colcon_pkg']
[0.546s] colcon.colcon_core.package_identification Level 1 _identify(src/bishe_launch) by extension 'colcon_pkg'
[0.546s] colcon.colcon_core.package_identification Level 1 _identify(src/bishe_launch) by extensions ['colcon_meta']
[0.546s] colcon.colcon_core.package_identification Level 1 _identify(src/bishe_launch) by extension 'colcon_meta'
[0.546s] colcon.colcon_core.package_identification Level 1 _identify(src/bishe_launch) by extensions ['ros']
[0.546s] colcon.colcon_core.package_identification Level 1 _identify(src/bishe_launch) by extension 'ros'
[0.547s] colcon.colcon_core.package_identification DEBUG Package 'src/bishe_launch' with type 'ros.ament_python' and name 'bishe_launch'
[0.548s] colcon.colcon_core.package_identification Level 1 _identify(src/bishe_monitor) by extensions ['ignore', 'ignore_ament_install']
[0.548s] colcon.colcon_core.package_identification Level 1 _identify(src/bishe_monitor) by extension 'ignore'
[0.548s] colcon.colcon_core.package_identification Level 1 _identify(src/bishe_monitor) by extension 'ignore_ament_install'
[0.548s] colcon.colcon_core.package_identification Level 1 _identify(src/bishe_monitor) by extensions ['colcon_pkg']
[0.548s] colcon.colcon_core.package_identification Level 1 _identify(src/bishe_monitor) by extension 'colcon_pkg'
[0.548s] colcon.colcon_core.package_identification Level 1 _identify(src/bishe_monitor) by extensions ['colcon_meta']
[0.548s] colcon.colcon_core.package_identification Level 1 _identify(src/bishe_monitor) by extension 'colcon_meta'
[0.548s] colcon.colcon_core.package_identification Level 1 _identify(src/bishe_monitor) by extensions ['ros']
[0.548s] colcon.colcon_core.package_identification Level 1 _identify(src/bishe_monitor) by extension 'ros'
[0.550s] colcon.colcon_core.package_identification DEBUG Package 'src/bishe_monitor' with type 'ros.ament_cmake' and name 'bishe_monitor'
[0.550s] colcon.colcon_core.package_identification Level 1 _identify(src/bishe_mqtt) by extensions ['ignore', 'ignore_ament_install']
[0.550s] colcon.colcon_core.package_identification Level 1 _identify(src/bishe_mqtt) by extension 'ignore'
[0.550s] colcon.colcon_core.package_identification Level 1 _identify(src/bishe_mqtt) by extension 'ignore_ament_install'
[0.551s] colcon.colcon_core.package_identification Level 1 _identify(src/bishe_mqtt) by extensions ['colcon_pkg']
[0.551s] colcon.colcon_core.package_identification Level 1 _identify(src/bishe_mqtt) by extension 'colcon_pkg'
[0.551s] colcon.colcon_core.package_identification Level 1 _identify(src/bishe_mqtt) by extensions ['colcon_meta']
[0.551s] colcon.colcon_core.package_identification Level 1 _identify(src/bishe_mqtt) by extension 'colcon_meta'
[0.551s] colcon.colcon_core.package_identification Level 1 _identify(src/bishe_mqtt) by extensions ['ros']
[0.551s] colcon.colcon_core.package_identification Level 1 _identify(src/bishe_mqtt) by extension 'ros'
[0.552s] colcon.colcon_core.package_identification DEBUG Package 'src/bishe_mqtt' with type 'ros.ament_cmake' and name 'bishe_mqtt'
[0.552s] colcon.colcon_core.package_identification Level 1 _identify(src/bishe_msgs) by extensions ['ignore', 'ignore_ament_install']
[0.553s] colcon.colcon_core.package_identification Level 1 _identify(src/bishe_msgs) by extension 'ignore'
[0.553s] colcon.colcon_core.package_identification Level 1 _identify(src/bishe_msgs) by extension 'ignore_ament_install'
[0.553s] colcon.colcon_core.package_identification Level 1 _identify(src/bishe_msgs) by extensions ['colcon_pkg']
[0.553s] colcon.colcon_core.package_identification Level 1 _identify(src/bishe_msgs) by extension 'colcon_pkg'
[0.553s] colcon.colcon_core.package_identification Level 1 _identify(src/bishe_msgs) by extensions ['colcon_meta']
[0.553s] colcon.colcon_core.package_identification Level 1 _identify(src/bishe_msgs) by extension 'colcon_meta'
[0.553s] colcon.colcon_core.package_identification Level 1 _identify(src/bishe_msgs) by extensions ['ros']
[0.553s] colcon.colcon_core.package_identification Level 1 _identify(src/bishe_msgs) by extension 'ros'
[0.554s] colcon.colcon_core.package_identification DEBUG Package 'src/bishe_msgs' with type 'ros.ament_cmake' and name 'bishe_msgs'
[0.554s] colcon.colcon_core.package_identification Level 1 _identify(src/bishe_streamer) by extensions ['ignore', 'ignore_ament_install']
[0.555s] colcon.colcon_core.package_identification Level 1 _identify(src/bishe_streamer) by extension 'ignore'
[0.555s] colcon.colcon_core.package_identification Level 1 _identify(src/bishe_streamer) by extension 'ignore_ament_install'
[0.555s] colcon.colcon_core.package_identification Level 1 _identify(src/bishe_streamer) by extensions ['colcon_pkg']
[0.555s] colcon.colcon_core.package_identification Level 1 _identify(src/bishe_streamer) by extension 'colcon_pkg'
[0.555s] colcon.colcon_core.package_identification Level 1 _identify(src/bishe_streamer) by extensions ['colcon_meta']
[0.555s] colcon.colcon_core.package_identification Level 1 _identify(src/bishe_streamer) by extension 'colcon_meta'
[0.555s] colcon.colcon_core.package_identification Level 1 _identify(src/bishe_streamer) by extensions ['ros']
[0.555s] colcon.colcon_core.package_identification Level 1 _identify(src/bishe_streamer) by extension 'ros'
[0.557s] colcon.colcon_core.package_identification DEBUG Package 'src/bishe_streamer' with type 'ros.ament_cmake' and name 'bishe_streamer'
[0.557s] colcon.colcon_core.package_discovery Level 1 discover_packages(recursive) using defaults
[0.557s] colcon.colcon_core.package_discovery Level 1 discover_packages(ignore) discover
[0.557s] colcon.colcon_core.package_discovery Level 1 discover_packages(ignore) using defaults
[0.557s] colcon.colcon_core.package_discovery Level 1 discover_packages(path) discover
[0.557s] colcon.colcon_core.package_discovery Level 1 discover_packages(path) using defaults
[0.610s] colcon.colcon_core.package_selection INFO Skipping not selected package 'bishe_camera' in 'src/bishe_camera'
[0.611s] colcon.colcon_core.package_selection INFO Skipping not selected package 'bishe_mqtt' in 'src/bishe_mqtt'
[0.611s] colcon.colcon_core.package_selection INFO Skipping not selected package 'bishe_msgs' in 'src/bishe_msgs'
[0.611s] colcon.colcon_core.package_selection INFO Skipping not selected package 'bishe_detector' in 'src/bishe_detector'
[0.611s] colcon.colcon_core.package_selection INFO Skipping not selected package 'bishe_monitor' in 'src/bishe_monitor'
[0.611s] colcon.colcon_core.package_selection INFO Skipping not selected package 'bishe_streamer' in 'src/bishe_streamer'
[0.612s] colcon.colcon_core.package_discovery Level 1 discover_packages(prefix_path) check parameters
[0.612s] colcon.colcon_core.package_discovery Level 1 discover_packages(prefix_path) discover
[0.616s] colcon.colcon_installed_package_information.package_discovery DEBUG Found 271 installed packages in /opt/ros/humble
[0.618s] colcon.colcon_core.package_discovery Level 1 discover_packages(prefix_path) using defaults
[0.682s] colcon.colcon_core.verb Level 5 set package 'bishe_launch' build argument 'cmake_args' from command line to 'None'
[0.682s] colcon.colcon_core.verb Level 5 set package 'bishe_launch' build argument 'cmake_target' from command line to 'None'
[0.682s] colcon.colcon_core.verb Level 5 set package 'bishe_launch' build argument 'cmake_target_skip_unavailable' from command line to 'False'
[0.682s] colcon.colcon_core.verb Level 5 set package 'bishe_launch' build argument 'cmake_clean_cache' from command line to 'False'
[0.682s] colcon.colcon_core.verb Level 5 set package 'bishe_launch' build argument 'cmake_clean_first' from command line to 'False'
[0.682s] colcon.colcon_core.verb Level 5 set package 'bishe_launch' build argument 'cmake_force_configure' from command line to 'False'
[0.683s] colcon.colcon_core.verb Level 5 set package 'bishe_launch' build argument 'ament_cmake_args' from command line to 'None'
[0.683s] colcon.colcon_core.verb Level 5 set package 'bishe_launch' build argument 'catkin_cmake_args' from command line to 'None'
[0.683s] colcon.colcon_core.verb Level 5 set package 'bishe_launch' build argument 'catkin_skip_building_tests' from command line to 'False'
[0.683s] colcon.colcon_core.verb DEBUG Building package 'bishe_launch' with the following arguments: {'ament_cmake_args': None, 'build_base': '/home/jetson/projects/bishe/edge/build/bishe_launch', 'catkin_cmake_args': None, 'catkin_skip_building_tests': False, 'cmake_args': None, 'cmake_clean_cache': False, 'cmake_clean_first': False, 'cmake_force_configure': False, 'cmake_target': None, 'cmake_target_skip_unavailable': False, 'install_base': '/home/jetson/projects/bishe/edge/install/bishe_launch', 'merge_install': False, 'path': '/home/jetson/projects/bishe/edge/src/bishe_launch', 'symlink_install': False, 'test_result_base': None}
[0.683s] colcon.colcon_core.executor INFO Executing jobs using 'parallel' executor
[0.685s] colcon.colcon_parallel_executor.executor.parallel DEBUG run_until_complete
[0.685s] colcon.colcon_ros.task.ament_python.build INFO Building ROS package in '/home/jetson/projects/bishe/edge/src/bishe_launch' with build type 'ament_python'
[0.686s] colcon.colcon_core.shell Level 1 create_environment_hook('bishe_launch', 'ament_prefix_path')
[0.689s] colcon.colcon_core.plugin_system INFO Skipping extension 'colcon_core.shell.bat': Not used on non-Windows systems
[0.690s] colcon.colcon_core.shell INFO Creating environment hook '/home/jetson/projects/bishe/edge/install/bishe_launch/share/bishe_launch/hook/ament_prefix_path.ps1'
[0.692s] colcon.colcon_core.shell INFO Creating environment descriptor '/home/jetson/projects/bishe/edge/install/bishe_launch/share/bishe_launch/hook/ament_prefix_path.dsv'
[0.693s] colcon.colcon_core.shell INFO Creating environment hook '/home/jetson/projects/bishe/edge/install/bishe_launch/share/bishe_launch/hook/ament_prefix_path.sh'
[0.695s] colcon.colcon_core.shell INFO Skip shell extension 'powershell' for command environment: Not usable outside of PowerShell
[0.695s] colcon.colcon_core.shell DEBUG Skip shell extension 'dsv' for command environment
[1.159s] colcon.colcon_core.task.python.build INFO Building Python package in '/home/jetson/projects/bishe/edge/src/bishe_launch'
[1.160s] colcon.colcon_core.shell INFO Skip shell extension 'powershell' for command environment: Not usable outside of PowerShell
[1.160s] colcon.colcon_core.shell DEBUG Skip shell extension 'dsv' for command environment
[1.754s] colcon.colcon_core.event_handler.log_command DEBUG Invoking command in '/home/jetson/projects/bishe/edge/src/bishe_launch': AMENT_PREFIX_PATH=/home/jetson/projects/bishe/edge/install/bishe_streamer:/home/jetson/projects/bishe/edge/install/bishe_monitor:/home/jetson/projects/bishe/edge/install/bishe_detector:/home/jetson/projects/bishe/edge/install/bishe_msgs:/home/jetson/projects/bishe/edge/install/bishe_mqtt:/home/jetson/projects/bishe/edge/install/bishe_camera:${AMENT_PREFIX_PATH} CMAKE_PREFIX_PATH=/home/jetson/projects/bishe/edge/install/bishe_streamer:/home/jetson/projects/bishe/edge/install/bishe_monitor:/home/jetson/projects/bishe/edge/install/bishe_detector:/home/jetson/projects/bishe/edge/install/bishe_msgs:/home/jetson/projects/bishe/edge/install/bishe_mqtt:/home/jetson/projects/bishe/edge/install/bishe_camera LD_LIBRARY_PATH=/home/jetson/projects/bishe/edge/install/bishe_detector/lib:/home/jetson/projects/bishe/edge/install/bishe_msgs/lib:/home/jetson/projects/bishe/edge/install/bishe_camera/lib:/opt/ros/humble/opt/rviz_ogre_vendor/lib:/opt/ros/humble/lib/aarch64-linux-gnu:/opt/ros/humble/lib:/usr/local/cuda-12.6/lib64 PYTHONPATH=/home/jetson/projects/bishe/edge/build/bishe_launch/prefix_override:/usr/lib/python3/dist-packages/colcon_core/task/python/colcon_distutils_commands:/home/jetson/projects/bishe/edge/install/bishe_launch/lib/python3.10/site-packages:/home/jetson/projects/bishe/edge/install/bishe_msgs/local/lib/python3.10/dist-packages:${PYTHONPATH} /usr/bin/python3 -W ignore:setup.py install is deprecated -W ignore:easy_install command is deprecated setup.py egg_info --egg-base ../../build/bishe_launch build --build-base /home/jetson/projects/bishe/edge/build/bishe_launch/build install --record /home/jetson/projects/bishe/edge/build/bishe_launch/install.log --single-version-externally-managed install_data
[2.268s] colcon.colcon_core.event_handler.log_command DEBUG Invoked command in '/home/jetson/projects/bishe/edge/src/bishe_launch' returned '0': AMENT_PREFIX_PATH=/home/jetson/projects/bishe/edge/install/bishe_streamer:/home/jetson/projects/bishe/edge/install/bishe_monitor:/home/jetson/projects/bishe/edge/install/bishe_detector:/home/jetson/projects/bishe/edge/install/bishe_msgs:/home/jetson/projects/bishe/edge/install/bishe_mqtt:/home/jetson/projects/bishe/edge/install/bishe_camera:${AMENT_PREFIX_PATH} CMAKE_PREFIX_PATH=/home/jetson/projects/bishe/edge/install/bishe_streamer:/home/jetson/projects/bishe/edge/install/bishe_monitor:/home/jetson/projects/bishe/edge/install/bishe_detector:/home/jetson/projects/bishe/edge/install/bishe_msgs:/home/jetson/projects/bishe/edge/install/bishe_mqtt:/home/jetson/projects/bishe/edge/install/bishe_camera LD_LIBRARY_PATH=/home/jetson/projects/bishe/edge/install/bishe_detector/lib:/home/jetson/projects/bishe/edge/install/bishe_msgs/lib:/home/jetson/projects/bishe/edge/install/bishe_camera/lib:/opt/ros/humble/opt/rviz_ogre_vendor/lib:/opt/ros/humble/lib/aarch64-linux-gnu:/opt/ros/humble/lib:/usr/local/cuda-12.6/lib64 PYTHONPATH=/home/jetson/projects/bishe/edge/build/bishe_launch/prefix_override:/usr/lib/python3/dist-packages/colcon_core/task/python/colcon_distutils_commands:/home/jetson/projects/bishe/edge/install/bishe_launch/lib/python3.10/site-packages:/home/jetson/projects/bishe/edge/install/bishe_msgs/local/lib/python3.10/dist-packages:${PYTHONPATH} /usr/bin/python3 -W ignore:setup.py install is deprecated -W ignore:easy_install command is deprecated setup.py egg_info --egg-base ../../build/bishe_launch build --build-base /home/jetson/projects/bishe/edge/build/bishe_launch/build install --record /home/jetson/projects/bishe/edge/build/bishe_launch/install.log --single-version-externally-managed install_data
[2.272s] colcon.colcon_core.environment Level 1 checking '/home/jetson/projects/bishe/edge/install/bishe_launch' for CMake module files
[2.273s] colcon.colcon_core.environment Level 1 checking '/home/jetson/projects/bishe/edge/install/bishe_launch' for CMake config files
[2.274s] colcon.colcon_core.environment Level 1 checking '/home/jetson/projects/bishe/edge/install/bishe_launch/lib'
[2.275s] colcon.colcon_core.environment Level 1 checking '/home/jetson/projects/bishe/edge/install/bishe_launch/bin'
[2.275s] colcon.colcon_core.environment Level 1 checking '/home/jetson/projects/bishe/edge/install/bishe_launch/lib/pkgconfig/bishe_launch.pc'
[2.275s] colcon.colcon_core.environment Level 1 checking '/home/jetson/projects/bishe/edge/install/bishe_launch/lib/python3.10/site-packages'
[2.275s] colcon.colcon_core.shell Level 1 create_environment_hook('bishe_launch', 'pythonpath')
[2.276s] colcon.colcon_core.shell INFO Creating environment hook '/home/jetson/projects/bishe/edge/install/bishe_launch/share/bishe_launch/hook/pythonpath.ps1'
[2.277s] colcon.colcon_core.shell INFO Creating environment descriptor '/home/jetson/projects/bishe/edge/install/bishe_launch/share/bishe_launch/hook/pythonpath.dsv'
[2.277s] colcon.colcon_core.shell INFO Creating environment hook '/home/jetson/projects/bishe/edge/install/bishe_launch/share/bishe_launch/hook/pythonpath.sh'
[2.278s] colcon.colcon_core.environment Level 1 checking '/home/jetson/projects/bishe/edge/install/bishe_launch/bin'
[2.279s] colcon.colcon_core.environment Level 1 create_environment_scripts_only(bishe_launch)
[2.279s] colcon.colcon_core.shell INFO Creating package script '/home/jetson/projects/bishe/edge/install/bishe_launch/share/bishe_launch/package.ps1'
[2.281s] colcon.colcon_core.shell INFO Creating package descriptor '/home/jetson/projects/bishe/edge/install/bishe_launch/share/bishe_launch/package.dsv'
[2.281s] colcon.colcon_core.shell INFO Creating package script '/home/jetson/projects/bishe/edge/install/bishe_launch/share/bishe_launch/package.sh'
[2.283s] colcon.colcon_core.shell INFO Creating package script '/home/jetson/projects/bishe/edge/install/bishe_launch/share/bishe_launch/package.bash'
[2.284s] colcon.colcon_core.shell INFO Creating package script '/home/jetson/projects/bishe/edge/install/bishe_launch/share/bishe_launch/package.zsh'
[2.285s] colcon.colcon_core.environment Level 1 create_file_with_runtime_dependencies(/home/jetson/projects/bishe/edge/install/bishe_launch/share/colcon-core/packages/bishe_launch)
[2.285s] colcon.colcon_parallel_executor.executor.parallel DEBUG closing loop
[2.286s] colcon.colcon_parallel_executor.executor.parallel DEBUG loop closed
[2.286s] colcon.colcon_parallel_executor.executor.parallel DEBUG run_until_complete finished with '0'
[2.286s] colcon.colcon_core.event_reactor DEBUG joining thread
[2.296s] colcon.colcon_core.plugin_system INFO Skipping extension 'colcon_notification.desktop_notification.terminal_notifier': Not used on non-Darwin systems
[2.296s] colcon.colcon_core.plugin_system INFO Skipping extension 'colcon_notification.desktop_notification.win32': Not used on non-Windows systems
[2.297s] colcon.colcon_notification.desktop_notification INFO Sending desktop notification using 'notify2'
[2.320s] colcon.colcon_core.event_reactor DEBUG joined thread
[2.321s] colcon.colcon_core.shell INFO Creating prefix script '/home/jetson/projects/bishe/edge/install/local_setup.ps1'
[2.323s] colcon.colcon_core.shell INFO Creating prefix util module '/home/jetson/projects/bishe/edge/install/_local_setup_util_ps1.py'
[2.326s] colcon.colcon_core.shell INFO Creating prefix chain script '/home/jetson/projects/bishe/edge/install/setup.ps1'
[2.328s] colcon.colcon_core.shell INFO Creating prefix script '/home/jetson/projects/bishe/edge/install/local_setup.sh'
[2.329s] colcon.colcon_core.shell INFO Creating prefix util module '/home/jetson/projects/bishe/edge/install/_local_setup_util_sh.py'
[2.330s] colcon.colcon_core.shell INFO Creating prefix chain script '/home/jetson/projects/bishe/edge/install/setup.sh'
[2.332s] colcon.colcon_core.shell INFO Creating prefix script '/home/jetson/projects/bishe/edge/install/local_setup.bash'
[2.333s] colcon.colcon_core.shell INFO Creating prefix chain script '/home/jetson/projects/bishe/edge/install/setup.bash'
[2.334s] colcon.colcon_core.shell INFO Creating prefix script '/home/jetson/projects/bishe/edge/install/local_setup.zsh'
[2.335s] colcon.colcon_core.shell INFO Creating prefix chain script '/home/jetson/projects/bishe/edge/install/setup.zsh'
