[0.043s] Invoking command in '/home/jetson/projects/bishe/edge/build/bishe_camera': CMAKE_PREFIX_PATH=${CMAKE_PREFIX_PATH}:/home/jetson/projects/bishe/edge/install/bishe_launch:/opt/ros/humble /usr/bin/cmake --build /home/jetson/projects/bishe/edge/build/bishe_camera -- -j6 -l6
[0.581s] [100%] Built target camera_node
[0.599s] Invoked command in '/home/jetson/projects/bishe/edge/build/bishe_camera' returned '0': CMAKE_PREFIX_PATH=${CMAKE_PREFIX_PATH}:/home/jetson/projects/bishe/edge/install/bishe_launch:/opt/ros/humble /usr/bin/cmake --build /home/jetson/projects/bishe/edge/build/bishe_camera -- -j6 -l6
[0.632s] Invoking command in '/home/jetson/projects/bishe/edge/build/bishe_camera': CMAKE_PREFIX_PATH=${CMAKE_PREFIX_PATH}:/home/jetson/projects/bishe/edge/install/bishe_launch:/opt/ros/humble /usr/bin/cmake --install /home/jetson/projects/bishe/edge/build/bishe_camera
[0.648s] -- Install configuration: ""
[0.650s] -- Execute custom install script
[0.651s] -- Up-to-date symlink: /home/jetson/projects/bishe/edge/install/bishe_camera/lib/bishe_camera/camera_node
[0.652s] -- Up-to-date symlink: /home/jetson/projects/bishe/edge/install/bishe_camera/share/ament_index/resource_index/package_run_dependencies/bishe_camera
[0.653s] -- Up-to-date symlink: /home/jetson/projects/bishe/edge/install/bishe_camera/share/ament_index/resource_index/parent_prefix_path/bishe_camera
[0.654s] -- Up-to-date symlink: /home/jetson/projects/bishe/edge/install/bishe_camera/share/bishe_camera/environment/ament_prefix_path.sh
[0.654s] -- Up-to-date symlink: /home/jetson/projects/bishe/edge/install/bishe_camera/share/bishe_camera/environment/ament_prefix_path.dsv
[0.655s] -- Up-to-date symlink: /home/jetson/projects/bishe/edge/install/bishe_camera/share/bishe_camera/environment/path.sh
[0.656s] -- Up-to-date symlink: /home/jetson/projects/bishe/edge/install/bishe_camera/share/bishe_camera/environment/path.dsv
[0.656s] -- Up-to-date symlink: /home/jetson/projects/bishe/edge/install/bishe_camera/share/bishe_camera/local_setup.bash
[0.657s] -- Up-to-date symlink: /home/jetson/projects/bishe/edge/install/bishe_camera/share/bishe_camera/local_setup.sh
[0.658s] -- Up-to-date symlink: /home/jetson/projects/bishe/edge/install/bishe_camera/share/bishe_camera/local_setup.zsh
[0.658s] -- Up-to-date symlink: /home/jetson/projects/bishe/edge/install/bishe_camera/share/bishe_camera/local_setup.dsv
[0.659s] -- Symlinking: /home/jetson/projects/bishe/edge/install/bishe_camera/share/bishe_camera/package.dsv
[0.676s] -- Up-to-date symlink: /home/jetson/projects/bishe/edge/install/bishe_camera/share/ament_index/resource_index/packages/bishe_camera
[0.676s] -- Up-to-date symlink: /home/jetson/projects/bishe/edge/install/bishe_camera/share/bishe_camera/cmake/bishe_cameraConfig.cmake
[0.677s] -- Up-to-date symlink: /home/jetson/projects/bishe/edge/install/bishe_camera/share/bishe_camera/cmake/bishe_cameraConfig-version.cmake
[0.678s] -- Up-to-date symlink: /home/jetson/projects/bishe/edge/install/bishe_camera/share/bishe_camera/package.xml
[0.689s] Invoked command in '/home/jetson/projects/bishe/edge/build/bishe_camera' returned '0': CMAKE_PREFIX_PATH=${CMAKE_PREFIX_PATH}:/home/jetson/projects/bishe/edge/install/bishe_launch:/opt/ros/humble /usr/bin/cmake --install /home/jetson/projects/bishe/edge/build/bishe_camera
