[0.019s] Invoking command in '/home/jetson/projects/bishe/edge/build/bishe_detector': AMENT_PREFIX_PATH=/home/jetson/projects/bishe/edge/install/bishe_msgs:${AMENT_PREFIX_PATH} CMAKE_PREFIX_PATH=/home/jetson/projects/bishe/edge/install/bishe_msgs:/opt/ros/humble LD_LIBRARY_PATH=/home/jetson/projects/bishe/edge/install/bishe_msgs/lib:/opt/ros/humble/opt/rviz_ogre_vendor/lib:/opt/ros/humble/lib/aarch64-linux-gnu:/opt/ros/humble/lib:/usr/local/cuda-12.6/lib64 PYTHONPATH=/home/jetson/projects/bishe/edge/install/bishe_msgs/local/lib/python3.10/dist-packages:${PYTHONPATH} /usr/bin/cmake /home/jetson/projects/bishe/edge/src/bishe_detector -DBUILD_TESTING=ON -DCMAKE_INSTALL_PREFIX=/home/jetson/projects/bishe/edge/install/bishe_detector
[0.106s] -- Found ament_cmake: 1.3.12 (/opt/ros/humble/share/ament_cmake/cmake)
[0.376s] -- Override CMake install command with custom implementation using symlinks instead of copying resources
[0.384s] -- Found ament_cmake_gtest: 1.3.12 (/opt/ros/humble/share/ament_cmake_gtest/cmake)
[0.386s] -- Found rclcpp: 16.0.16 (/opt/ros/humble/share/rclcpp/cmake)
[0.425s] -- Found rosidl_generator_c: 3.1.7 (/opt/ros/humble/share/rosidl_generator_c/cmake)
[0.430s] -- Found rosidl_adapter: 3.1.7 (/opt/ros/humble/share/rosidl_adapter/cmake)
[0.468s] -- Found rosidl_generator_cpp: 3.1.7 (/opt/ros/humble/share/rosidl_generator_cpp/cmake)
[0.485s] -- Using all available rosidl_typesupport_c: rosidl_typesupport_fastrtps_c;rosidl_typesupport_introspection_c
[0.506s] -- Using all available rosidl_typesupport_cpp: rosidl_typesupport_fastrtps_cpp;rosidl_typesupport_introspection_cpp
[0.559s] -- Found rmw_implementation_cmake: 6.1.2 (/opt/ros/humble/share/rmw_implementation_cmake/cmake)
[0.562s] -- Found rmw_fastrtps_cpp: 6.2.9 (/opt/ros/humble/share/rmw_fastrtps_cpp/cmake)
[0.740s] -- Using RMW implementation 'rmw_fastrtps_cpp' as default
[0.823s] -- Found rclcpp_components: 16.0.16 (/opt/ros/humble/share/rclcpp_components/cmake)
[0.854s] -- Found sensor_msgs: 4.9.0 (/opt/ros/humble/share/sensor_msgs/cmake)
[0.901s] -- Found image_transport: 3.1.12 (/opt/ros/humble/share/image_transport/cmake)
[0.932s] -- Found cv_bridge: 3.2.1 (/opt/ros/humble/share/cv_bridge/cmake)
[0.967s] -- Found bishe_msgs: 0.1.0 (/home/jetson/projects/bishe/edge/install/bishe_msgs/share/bishe_msgs/cmake)
[1.001s] -- Found gtest sources under '/opt/ros/humble/src/gtest_vendor': C++ tests using 'Google Test' will be built
[1.159s] -- Configuring done
[1.253s] -- Generating done
[1.285s] -- Build files have been written to: /home/jetson/projects/bishe/edge/build/bishe_detector
[1.309s] Invoked command in '/home/jetson/projects/bishe/edge/build/bishe_detector' returned '0': AMENT_PREFIX_PATH=/home/jetson/projects/bishe/edge/install/bishe_msgs:${AMENT_PREFIX_PATH} CMAKE_PREFIX_PATH=/home/jetson/projects/bishe/edge/install/bishe_msgs:/opt/ros/humble LD_LIBRARY_PATH=/home/jetson/projects/bishe/edge/install/bishe_msgs/lib:/opt/ros/humble/opt/rviz_ogre_vendor/lib:/opt/ros/humble/lib/aarch64-linux-gnu:/opt/ros/humble/lib:/usr/local/cuda-12.6/lib64 PYTHONPATH=/home/jetson/projects/bishe/edge/install/bishe_msgs/local/lib/python3.10/dist-packages:${PYTHONPATH} /usr/bin/cmake /home/jetson/projects/bishe/edge/src/bishe_detector -DBUILD_TESTING=ON -DCMAKE_INSTALL_PREFIX=/home/jetson/projects/bishe/edge/install/bishe_detector
[1.312s] Invoking command in '/home/jetson/projects/bishe/edge/build/bishe_detector': AMENT_PREFIX_PATH=/home/jetson/projects/bishe/edge/install/bishe_msgs:${AMENT_PREFIX_PATH} CMAKE_PREFIX_PATH=/home/jetson/projects/bishe/edge/install/bishe_msgs:/opt/ros/humble LD_LIBRARY_PATH=/home/jetson/projects/bishe/edge/install/bishe_msgs/lib:/opt/ros/humble/opt/rviz_ogre_vendor/lib:/opt/ros/humble/lib/aarch64-linux-gnu:/opt/ros/humble/lib:/usr/local/cuda-12.6/lib64 PYTHONPATH=/home/jetson/projects/bishe/edge/install/bishe_msgs/local/lib/python3.10/dist-packages:${PYTHONPATH} /usr/bin/cmake --build /home/jetson/projects/bishe/edge/build/bishe_detector -- -j6 -l6
[1.396s] Consolidate compiler generated dependencies of target gtest_main
[1.410s] Consolidate compiler generated dependencies of target gtest
[1.410s] Consolidate compiler generated dependencies of target bishe_detector_component
[1.420s] [ 14%] Built target gtest_main
[1.441s] [ 28%] Built target gtest
[1.446s] [ 35%] Building CXX object CMakeFiles/bishe_detector_component.dir/src/detector_node.cpp.o
[1.476s] Consolidate compiler generated dependencies of target test_detection_gate
[1.504s] [ 50%] Built target test_detection_gate
[23.184s] [ 57%] Linking CXX shared library libbishe_detector_component.so
[24.445s] [ 85%] Built target bishe_detector_component
[24.470s] Consolidate compiler generated dependencies of target detector_node
[24.493s] [ 92%] Linking CXX executable detector_node
[25.598s] [100%] Built target detector_node
[25.616s] Invoked command in '/home/jetson/projects/bishe/edge/build/bishe_detector' returned '0': AMENT_PREFIX_PATH=/home/jetson/projects/bishe/edge/install/bishe_msgs:${AMENT_PREFIX_PATH} CMAKE_PREFIX_PATH=/home/jetson/projects/bishe/edge/install/bishe_msgs:/opt/ros/humble LD_LIBRARY_PATH=/home/jetson/projects/bishe/edge/install/bishe_msgs/lib:/opt/ros/humble/opt/rviz_ogre_vendor/lib:/opt/ros/humble/lib/aarch64-linux-gnu:/opt/ros/humble/lib:/usr/local/cuda-12.6/lib64 PYTHONPATH=/home/jetson/projects/bishe/edge/install/bishe_msgs/local/lib/python3.10/dist-packages:${PYTHONPATH} /usr/bin/cmake --build /home/jetson/projects/bishe/edge/build/bishe_detector -- -j6 -l6
[25.632s] Invoking command in '/home/jetson/projects/bishe/edge/build/bishe_detector': AMENT_PREFIX_PATH=/home/jetson/projects/bishe/edge/install/bishe_msgs:${AMENT_PREFIX_PATH} CMAKE_PREFIX_PATH=/home/jetson/projects/bishe/edge/install/bishe_msgs:/opt/ros/humble LD_LIBRARY_PATH=/home/jetson/projects/bishe/edge/install/bishe_msgs/lib:/opt/ros/humble/opt/rviz_ogre_vendor/lib:/opt/ros/humble/lib/aarch64-linux-gnu:/opt/ros/humble/lib:/usr/local/cuda-12.6/lib64 PYTHONPATH=/home/jetson/projects/bishe/edge/install/bishe_msgs/local/lib/python3.10/dist-packages:${PYTHONPATH} /usr/bin/cmake --install /home/jetson/projects/bishe/edge/build/bishe_detector
[25.643s] -- Install configuration: ""
[25.644s] -- Execute custom install script
[25.644s] -- Up-to-date symlink: /home/jetson/projects/bishe/edge/install/bishe_detector/lib/libbishe_detector_component.so
[25.645s] -- Up-to-date symlink: /home/jetson/projects/bishe/edge/install/bishe_detector/lib/bishe_detector/detector_node
[25.645s] -- Up-to-date symlink: /home/jetson/projects/bishe/edge/install/bishe_detector/include/bishe_detector/detection_gate.hpp
[25.645s] -- Up-to-date symlink: /home/jetson/projects/bishe/edge/install/bishe_detector/include/bishe_detector/detector_node_factory.hpp
[25.646s] -- Up-to-date symlink: /home/jetson/projects/bishe/edge/install/bishe_detector/include/bishe_detector/detector_result_utils.hpp
[25.646s] -- Up-to-date symlink: /home/jetson/projects/bishe/edge/install/bishe_detector/include/bishe_detector/int8_calibrator.h
[25.646s] -- Up-to-date symlink: /home/jetson/projects/bishe/edge/install/bishe_detector/include/bishe_detector/trt_engine.h
[25.647s] -- Up-to-date symlink: /home/jetson/projects/bishe/edge/install/bishe_detector/include/bishe_detector/utils.h
[25.647s] -- Up-to-date symlink: /home/jetson/projects/bishe/edge/install/bishe_detector/include/bishe_detector/yolo.h
[25.647s] -- Up-to-date symlink: /home/jetson/projects/bishe/edge/install/bishe_detector/include/bishe_detector/yolov10.h
[25.647s] -- Up-to-date symlink: /home/jetson/projects/bishe/edge/install/bishe_detector/include/bishe_detector/yolov5a.h
[25.648s] -- Up-to-date symlink: /home/jetson/projects/bishe/edge/install/bishe_detector/include/bishe_detector/yolov8.h
[25.648s] -- Up-to-date symlink: /home/jetson/projects/bishe/edge/install/bishe_detector/share/ament_index/resource_index/package_run_dependencies/bishe_detector
[25.648s] -- Up-to-date symlink: /home/jetson/projects/bishe/edge/install/bishe_detector/share/ament_index/resource_index/parent_prefix_path/bishe_detector
[25.648s] -- Up-to-date symlink: /home/jetson/projects/bishe/edge/install/bishe_detector/share/bishe_detector/environment/ament_prefix_path.sh
[25.648s] -- Up-to-date symlink: /home/jetson/projects/bishe/edge/install/bishe_detector/share/bishe_detector/environment/ament_prefix_path.dsv
[25.649s] -- Up-to-date symlink: /home/jetson/projects/bishe/edge/install/bishe_detector/share/bishe_detector/environment/path.sh
[25.649s] -- Up-to-date symlink: /home/jetson/projects/bishe/edge/install/bishe_detector/share/bishe_detector/environment/path.dsv
[25.649s] -- Up-to-date symlink: /home/jetson/projects/bishe/edge/install/bishe_detector/share/bishe_detector/local_setup.bash
[25.649s] -- Up-to-date symlink: /home/jetson/projects/bishe/edge/install/bishe_detector/share/bishe_detector/local_setup.sh
[25.649s] -- Up-to-date symlink: /home/jetson/projects/bishe/edge/install/bishe_detector/share/bishe_detector/local_setup.zsh
[25.649s] -- Up-to-date symlink: /home/jetson/projects/bishe/edge/install/bishe_detector/share/bishe_detector/local_setup.dsv
[25.649s] -- Symlinking: /home/jetson/projects/bishe/edge/install/bishe_detector/share/bishe_detector/package.dsv
[25.664s] -- Up-to-date symlink: /home/jetson/projects/bishe/edge/install/bishe_detector/share/ament_index/resource_index/packages/bishe_detector
[25.664s] -- Up-to-date symlink: /home/jetson/projects/bishe/edge/install/bishe_detector/share/ament_index/resource_index/rclcpp_components/bishe_detector
[25.664s] -- Up-to-date symlink: /home/jetson/projects/bishe/edge/install/bishe_detector/share/bishe_detector/cmake/bishe_detectorConfig.cmake
[25.665s] -- Up-to-date symlink: /home/jetson/projects/bishe/edge/install/bishe_detector/share/bishe_detector/cmake/bishe_detectorConfig-version.cmake
[25.665s] -- Up-to-date symlink: /home/jetson/projects/bishe/edge/install/bishe_detector/share/bishe_detector/package.xml
[25.668s] Invoked command in '/home/jetson/projects/bishe/edge/build/bishe_detector' returned '0': AMENT_PREFIX_PATH=/home/jetson/projects/bishe/edge/install/bishe_msgs:${AMENT_PREFIX_PATH} CMAKE_PREFIX_PATH=/home/jetson/projects/bishe/edge/install/bishe_msgs:/opt/ros/humble LD_LIBRARY_PATH=/home/jetson/projects/bishe/edge/install/bishe_msgs/lib:/opt/ros/humble/opt/rviz_ogre_vendor/lib:/opt/ros/humble/lib/aarch64-linux-gnu:/opt/ros/humble/lib:/usr/local/cuda-12.6/lib64 PYTHONPATH=/home/jetson/projects/bishe/edge/install/bishe_msgs/local/lib/python3.10/dist-packages:${PYTHONPATH} /usr/bin/cmake --install /home/jetson/projects/bishe/edge/build/bishe_detector
