[0.024s] Invoking command in '/home/jetson/projects/bishe/build/bishe_streamer': CMAKE_PREFIX_PATH=/home/jetson/projects/bishe/install/bishe_msgs:/home/jetson/projects/bishe/install/bishe_streamer:/home/jetson/projects/bishe/install/bishe_monitor:/home/jetson/projects/bishe/install/bishe_detector:/home/jetson/projects/bishe/install/bishe_mqtt:/home/jetson/projects/bishe/install/bishe_camera:/home/jetson/projects/bishe/install/bishe_launch:/opt/ros/humble LD_LIBRARY_PATH=/home/jetson/projects/bishe/install/bishe_msgs/lib:/opt/ros/humble/opt/rviz_ogre_vendor/lib:/opt/ros/humble/lib/aarch64-linux-gnu:/opt/ros/humble/lib:/usr/local/cuda-12.6/lib64 /usr/bin/cmake --build /home/jetson/projects/bishe/build/bishe_streamer -- -j6 -l6
[0.121s] [ 50%] [32mBuilding CXX object CMakeFiles/streamer_node.dir/src/streamer_node.cpp.o[0m
[19.019s] [100%] [32m[1mLinking CXX executable streamer_node[0m
[19.445s] /usr/bin/ld: warning: libopencv_core.so.4.5d, needed by /opt/ros/humble/lib/libcv_bridge.so, may conflict with libopencv_core.so.410
[20.354s] [100%] Built target streamer_node
[20.372s] Invoked command in '/home/jetson/projects/bishe/build/bishe_streamer' returned '0': CMAKE_PREFIX_PATH=/home/jetson/projects/bishe/install/bishe_msgs:/home/jetson/projects/bishe/install/bishe_streamer:/home/jetson/projects/bishe/install/bishe_monitor:/home/jetson/projects/bishe/install/bishe_detector:/home/jetson/projects/bishe/install/bishe_mqtt:/home/jetson/projects/bishe/install/bishe_camera:/home/jetson/projects/bishe/install/bishe_launch:/opt/ros/humble LD_LIBRARY_PATH=/home/jetson/projects/bishe/install/bishe_msgs/lib:/opt/ros/humble/opt/rviz_ogre_vendor/lib:/opt/ros/humble/lib/aarch64-linux-gnu:/opt/ros/humble/lib:/usr/local/cuda-12.6/lib64 /usr/bin/cmake --build /home/jetson/projects/bishe/build/bishe_streamer -- -j6 -l6
[20.374s] Invoking command in '/home/jetson/projects/bishe/build/bishe_streamer': CMAKE_PREFIX_PATH=/home/jetson/projects/bishe/install/bishe_msgs:/home/jetson/projects/bishe/install/bishe_streamer:/home/jetson/projects/bishe/install/bishe_monitor:/home/jetson/projects/bishe/install/bishe_detector:/home/jetson/projects/bishe/install/bishe_mqtt:/home/jetson/projects/bishe/install/bishe_camera:/home/jetson/projects/bishe/install/bishe_launch:/opt/ros/humble LD_LIBRARY_PATH=/home/jetson/projects/bishe/install/bishe_msgs/lib:/opt/ros/humble/opt/rviz_ogre_vendor/lib:/opt/ros/humble/lib/aarch64-linux-gnu:/opt/ros/humble/lib:/usr/local/cuda-12.6/lib64 /usr/bin/cmake --install /home/jetson/projects/bishe/build/bishe_streamer
[20.387s] -- Install configuration: ""
[20.387s] -- Execute custom install script
[20.388s] -- Up-to-date symlink: /home/jetson/projects/bishe/install/bishe_streamer/lib/bishe_streamer/streamer_node
[20.388s] -- Up-to-date symlink: /home/jetson/projects/bishe/install/bishe_streamer/share/ament_index/resource_index/package_run_dependencies/bishe_streamer
[20.389s] -- Up-to-date symlink: /home/jetson/projects/bishe/install/bishe_streamer/share/ament_index/resource_index/parent_prefix_path/bishe_streamer
[20.389s] -- Up-to-date symlink: /home/jetson/projects/bishe/install/bishe_streamer/share/bishe_streamer/environment/ament_prefix_path.sh
[20.389s] -- Up-to-date symlink: /home/jetson/projects/bishe/install/bishe_streamer/share/bishe_streamer/environment/ament_prefix_path.dsv
[20.389s] -- Up-to-date symlink: /home/jetson/projects/bishe/install/bishe_streamer/share/bishe_streamer/environment/path.sh
[20.389s] -- Up-to-date symlink: /home/jetson/projects/bishe/install/bishe_streamer/share/bishe_streamer/environment/path.dsv
[20.390s] -- Up-to-date symlink: /home/jetson/projects/bishe/install/bishe_streamer/share/bishe_streamer/local_setup.bash
[20.390s] -- Up-to-date symlink: /home/jetson/projects/bishe/install/bishe_streamer/share/bishe_streamer/local_setup.sh
[20.390s] -- Up-to-date symlink: /home/jetson/projects/bishe/install/bishe_streamer/share/bishe_streamer/local_setup.zsh
[20.390s] -- Up-to-date symlink: /home/jetson/projects/bishe/install/bishe_streamer/share/bishe_streamer/local_setup.dsv
[20.391s] -- Symlinking: /home/jetson/projects/bishe/install/bishe_streamer/share/bishe_streamer/package.dsv
[20.404s] -- Up-to-date symlink: /home/jetson/projects/bishe/install/bishe_streamer/share/ament_index/resource_index/packages/bishe_streamer
[20.404s] -- Up-to-date symlink: /home/jetson/projects/bishe/install/bishe_streamer/share/bishe_streamer/cmake/bishe_streamerConfig.cmake
[20.404s] -- Up-to-date symlink: /home/jetson/projects/bishe/install/bishe_streamer/share/bishe_streamer/cmake/bishe_streamerConfig-version.cmake
[20.405s] -- Up-to-date symlink: /home/jetson/projects/bishe/install/bishe_streamer/share/bishe_streamer/package.xml
[20.408s] Invoked command in '/home/jetson/projects/bishe/build/bishe_streamer' returned '0': CMAKE_PREFIX_PATH=/home/jetson/projects/bishe/install/bishe_msgs:/home/jetson/projects/bishe/install/bishe_streamer:/home/jetson/projects/bishe/install/bishe_monitor:/home/jetson/projects/bishe/install/bishe_detector:/home/jetson/projects/bishe/install/bishe_mqtt:/home/jetson/projects/bishe/install/bishe_camera:/home/jetson/projects/bishe/install/bishe_launch:/opt/ros/humble LD_LIBRARY_PATH=/home/jetson/projects/bishe/install/bishe_msgs/lib:/opt/ros/humble/opt/rviz_ogre_vendor/lib:/opt/ros/humble/lib/aarch64-linux-gnu:/opt/ros/humble/lib:/usr/local/cuda-12.6/lib64 /usr/bin/cmake --install /home/jetson/projects/bishe/build/bishe_streamer
