Consolidate compiler generated dependencies of target streamer_node
[ 50%] Building CXX object CMakeFiles/streamer_node.dir/src/streamer_node.cpp.o
[100%] Linking CXX executable streamer_node
[100%] Built target streamer_node
-- Install configuration: ""
-- Execute custom install script
-- Up-to-date symlink: /home/jetson/projects/bishe/install/bishe_streamer/lib/bishe_streamer/streamer_node
-- Up-to-date symlink: /home/jetson/projects/bishe/install/bishe_streamer/share/ament_index/resource_index/package_run_dependencies/bishe_streamer
-- Up-to-date symlink: /home/jetson/projects/bishe/install/bishe_streamer/share/ament_index/resource_index/parent_prefix_path/bishe_streamer
-- Up-to-date symlink: /home/jetson/projects/bishe/install/bishe_streamer/share/bishe_streamer/environment/ament_prefix_path.sh
-- Up-to-date symlink: /home/jetson/projects/bishe/install/bishe_streamer/share/bishe_streamer/environment/ament_prefix_path.dsv
-- Up-to-date symlink: /home/jetson/projects/bishe/install/bishe_streamer/share/bishe_streamer/environment/path.sh
-- Up-to-date symlink: /home/jetson/projects/bishe/install/bishe_streamer/share/bishe_streamer/environment/path.dsv
-- Up-to-date symlink: /home/jetson/projects/bishe/install/bishe_streamer/share/bishe_streamer/local_setup.bash
-- Up-to-date symlink: /home/jetson/projects/bishe/install/bishe_streamer/share/bishe_streamer/local_setup.sh
-- Up-to-date symlink: /home/jetson/projects/bishe/install/bishe_streamer/share/bishe_streamer/local_setup.zsh
-- Up-to-date symlink: /home/jetson/projects/bishe/install/bishe_streamer/share/bishe_streamer/local_setup.dsv
-- Symlinking: /home/jetson/projects/bishe/install/bishe_streamer/share/bishe_streamer/package.dsv
-- Up-to-date symlink: /home/jetson/projects/bishe/install/bishe_streamer/share/ament_index/resource_index/packages/bishe_streamer
-- Up-to-date symlink: /home/jetson/projects/bishe/install/bishe_streamer/share/bishe_streamer/cmake/bishe_streamerConfig.cmake
-- Up-to-date symlink: /home/jetson/projects/bishe/install/bishe_streamer/share/bishe_streamer/cmake/bishe_streamerConfig-version.cmake
-- Up-to-date symlink: /home/jetson/projects/bishe/install/bishe_streamer/share/bishe_streamer/package.xml
