[0.040s] Invoking command in '/home/jetson/projects/bishe/edge/build/bishe_detector': CMAKE_PREFIX_PATH=/home/jetson/projects/bishe/edge/install/bishe_msgs:/home/jetson/projects/bishe/edge/install/bishe_streamer:/home/jetson/projects/bishe/edge/install/bishe_monitor:/home/jetson/projects/bishe/edge/install/bishe_detector:/home/jetson/projects/bishe/edge/install/bishe_mqtt:/home/jetson/projects/bishe/edge/install/bishe_camera:/home/jetson/projects/bishe/edge/install/bishe_launch:/opt/ros/humble LD_LIBRARY_PATH=/home/jetson/projects/bishe/edge/install/bishe_msgs/lib:/usr/local/cuda-12.6/lib64:/opt/ros/humble/opt/rviz_ogre_vendor/lib:/opt/ros/humble/lib/aarch64-linux-gnu:/opt/ros/humble/lib:/usr/local/cuda-12.6/lib64 /usr/bin/cmake --build /home/jetson/projects/bishe/edge/build/bishe_detector -- -j6 -l6
[0.178s] Consolidate compiler generated dependencies of target detector_node
[0.213s] [ 16%] Building CXX object CMakeFiles/detector_node.dir/src/yolov8.cc.o
[5.914s] [ 33%] Linking CXX executable detector_node
[6.428s] /usr/bin/ld: warning: libopencv_imgcodecs.so.4.5d, needed by /opt/ros/humble/lib/libcv_bridge.so, may conflict with libopencv_imgcodecs.so.410
[6.429s] /usr/bin/ld: warning: libopencv_imgproc.so.4.5d, needed by /opt/ros/humble/lib/libcv_bridge.so, may conflict with libopencv_imgproc.so.410
[6.435s] /usr/bin/ld: warning: libopencv_core.so.4.5d, needed by /opt/ros/humble/lib/libcv_bridge.so, may conflict with libopencv_core.so.410
[7.279s] [100%] Built target detector_node
[7.303s] Invoked command in '/home/jetson/projects/bishe/edge/build/bishe_detector' returned '0': CMAKE_PREFIX_PATH=/home/jetson/projects/bishe/edge/install/bishe_msgs:/home/jetson/projects/bishe/edge/install/bishe_streamer:/home/jetson/projects/bishe/edge/install/bishe_monitor:/home/jetson/projects/bishe/edge/install/bishe_detector:/home/jetson/projects/bishe/edge/install/bishe_mqtt:/home/jetson/projects/bishe/edge/install/bishe_camera:/home/jetson/projects/bishe/edge/install/bishe_launch:/opt/ros/humble LD_LIBRARY_PATH=/home/jetson/projects/bishe/edge/install/bishe_msgs/lib:/usr/local/cuda-12.6/lib64:/opt/ros/humble/opt/rviz_ogre_vendor/lib:/opt/ros/humble/lib/aarch64-linux-gnu:/opt/ros/humble/lib:/usr/local/cuda-12.6/lib64 /usr/bin/cmake --build /home/jetson/projects/bishe/edge/build/bishe_detector -- -j6 -l6
[7.322s] Invoking command in '/home/jetson/projects/bishe/edge/build/bishe_detector': CMAKE_PREFIX_PATH=/home/jetson/projects/bishe/edge/install/bishe_msgs:/home/jetson/projects/bishe/edge/install/bishe_streamer:/home/jetson/projects/bishe/edge/install/bishe_monitor:/home/jetson/projects/bishe/edge/install/bishe_detector:/home/jetson/projects/bishe/edge/install/bishe_mqtt:/home/jetson/projects/bishe/edge/install/bishe_camera:/home/jetson/projects/bishe/edge/install/bishe_launch:/opt/ros/humble LD_LIBRARY_PATH=/home/jetson/projects/bishe/edge/install/bishe_msgs/lib:/usr/local/cuda-12.6/lib64:/opt/ros/humble/opt/rviz_ogre_vendor/lib:/opt/ros/humble/lib/aarch64-linux-gnu:/opt/ros/humble/lib:/usr/local/cuda-12.6/lib64 /usr/bin/cmake --install /home/jetson/projects/bishe/edge/build/bishe_detector
[7.339s] -- Install configuration: ""
[7.345s] -- Execute custom install script
[7.345s] -- Up-to-date symlink: /home/jetson/projects/bishe/edge/install/bishe_detector/lib/bishe_detector/detector_node
[7.345s] -- Up-to-date symlink: /home/jetson/projects/bishe/edge/install/bishe_detector/include/bishe_detector/int8_calibrator.h
[7.345s] -- Up-to-date symlink: /home/jetson/projects/bishe/edge/install/bishe_detector/include/bishe_detector/trt_engine.h
[7.345s] -- Up-to-date symlink: /home/jetson/projects/bishe/edge/install/bishe_detector/include/bishe_detector/utils.h
[7.345s] -- Up-to-date symlink: /home/jetson/projects/bishe/edge/install/bishe_detector/include/bishe_detector/yolo.h
[7.345s] -- Up-to-date symlink: /home/jetson/projects/bishe/edge/install/bishe_detector/include/bishe_detector/yolov10.h
[7.345s] -- Up-to-date symlink: /home/jetson/projects/bishe/edge/install/bishe_detector/include/bishe_detector/yolov5a.h
[7.346s] -- Up-to-date symlink: /home/jetson/projects/bishe/edge/install/bishe_detector/include/bishe_detector/yolov8.h
[7.346s] -- Up-to-date symlink: /home/jetson/projects/bishe/edge/install/bishe_detector/share/ament_index/resource_index/package_run_dependencies/bishe_detector
[7.346s] -- Up-to-date symlink: /home/jetson/projects/bishe/edge/install/bishe_detector/share/ament_index/resource_index/parent_prefix_path/bishe_detector
[7.346s] -- Up-to-date symlink: /home/jetson/projects/bishe/edge/install/bishe_detector/share/bishe_detector/environment/ament_prefix_path.sh
[7.346s] -- Up-to-date symlink: /home/jetson/projects/bishe/edge/install/bishe_detector/share/bishe_detector/environment/ament_prefix_path.dsv
[7.346s] -- Up-to-date symlink: /home/jetson/projects/bishe/edge/install/bishe_detector/share/bishe_detector/environment/path.sh
[7.346s] -- Up-to-date symlink: /home/jetson/projects/bishe/edge/install/bishe_detector/share/bishe_detector/environment/path.dsv
[7.346s] -- Up-to-date symlink: /home/jetson/projects/bishe/edge/install/bishe_detector/share/bishe_detector/local_setup.bash
[7.347s] -- Up-to-date symlink: /home/jetson/projects/bishe/edge/install/bishe_detector/share/bishe_detector/local_setup.sh
[7.347s] -- Up-to-date symlink: /home/jetson/projects/bishe/edge/install/bishe_detector/share/bishe_detector/local_setup.zsh
[7.347s] -- Up-to-date symlink: /home/jetson/projects/bishe/edge/install/bishe_detector/share/bishe_detector/local_setup.dsv
[7.348s] -- Symlinking: /home/jetson/projects/bishe/edge/install/bishe_detector/share/bishe_detector/package.dsv
[7.367s] -- Up-to-date symlink: /home/jetson/projects/bishe/edge/install/bishe_detector/share/ament_index/resource_index/packages/bishe_detector
[7.368s] -- Up-to-date symlink: /home/jetson/projects/bishe/edge/install/bishe_detector/share/bishe_detector/cmake/bishe_detectorConfig.cmake
[7.368s] -- Up-to-date symlink: /home/jetson/projects/bishe/edge/install/bishe_detector/share/bishe_detector/cmake/bishe_detectorConfig-version.cmake
[7.369s] -- Up-to-date symlink: /home/jetson/projects/bishe/edge/install/bishe_detector/share/bishe_detector/package.xml
[7.376s] Invoked command in '/home/jetson/projects/bishe/edge/build/bishe_detector' returned '0': CMAKE_PREFIX_PATH=/home/jetson/projects/bishe/edge/install/bishe_msgs:/home/jetson/projects/bishe/edge/install/bishe_streamer:/home/jetson/projects/bishe/edge/install/bishe_monitor:/home/jetson/projects/bishe/edge/install/bishe_detector:/home/jetson/projects/bishe/edge/install/bishe_mqtt:/home/jetson/projects/bishe/edge/install/bishe_camera:/home/jetson/projects/bishe/edge/install/bishe_launch:/opt/ros/humble LD_LIBRARY_PATH=/home/jetson/projects/bishe/edge/install/bishe_msgs/lib:/usr/local/cuda-12.6/lib64:/opt/ros/humble/opt/rviz_ogre_vendor/lib:/opt/ros/humble/lib/aarch64-linux-gnu:/opt/ros/humble/lib:/usr/local/cuda-12.6/lib64 /usr/bin/cmake --install /home/jetson/projects/bishe/edge/build/bishe_detector
