[1.269s] Invoking command in '/home/jetson/projects/bishe/edge/build/bishe_launch': PYTHONPATH=/home/jetson/projects/bishe/edge/build/bishe_launch/prefix_override:/usr/lib/python3/dist-packages/colcon_core/task/python/colcon_distutils_commands:/home/jetson/projects/bishe/edge/install/bishe_launch/lib/python3.10/site-packages:${PYTHONPATH} /usr/bin/python3 -W ignore:setup.py install is deprecated -W ignore:easy_install command is deprecated setup.py develop --editable --build-directory /home/jetson/projects/bishe/edge/build/bishe_launch/build --no-deps symlink_data --force
[1.779s] running develop
[2.083s] running egg_info
[2.083s] writing bishe_launch.egg-info/PKG-INFO
[2.083s] writing dependency_links to bishe_launch.egg-info/dependency_links.txt
[2.083s] writing entry points to bishe_launch.egg-info/entry_points.txt
[2.084s] writing requirements to bishe_launch.egg-info/requires.txt
[2.085s] writing top-level names to bishe_launch.egg-info/top_level.txt
[2.088s] reading manifest file 'bishe_launch.egg-info/SOURCES.txt'
[2.088s] writing manifest file 'bishe_launch.egg-info/SOURCES.txt'
[2.091s] running build_ext
[2.092s] Creating /home/jetson/projects/bishe/edge/install/bishe_launch/lib/python3.10/site-packages/bishe-launch.egg-link (link to .)
[2.096s] 
[2.096s] Installed /home/jetson/projects/bishe/edge/build/bishe_launch
[2.097s] running symlink_data
[2.097s] symbolically linking /home/jetson/projects/bishe/edge/build/bishe_launch/resource/bishe_launch -> /home/jetson/projects/bishe/edge/install/bishe_launch/share/ament_index/resource_index/packages
[2.097s] symbolically linking /home/jetson/projects/bishe/edge/build/bishe_launch/launch/multicamera.launch.py -> /home/jetson/projects/bishe/edge/install/bishe_launch/share/bishe_launch/launch
[2.097s] symbolically linking /home/jetson/projects/bishe/edge/build/bishe_launch/config/cameras.yaml -> /home/jetson/projects/bishe/edge/install/bishe_launch/share/bishe_launch/config
[2.097s] symbolically linking /home/jetson/projects/bishe/edge/build/bishe_launch/package.xml -> /home/jetson/projects/bishe/edge/install/bishe_launch/share/bishe_launch
[2.194s] Invoked command in '/home/jetson/projects/bishe/edge/build/bishe_launch' returned '0': PYTHONPATH=/home/jetson/projects/bishe/edge/build/bishe_launch/prefix_override:/usr/lib/python3/dist-packages/colcon_core/task/python/colcon_distutils_commands:/home/jetson/projects/bishe/edge/install/bishe_launch/lib/python3.10/site-packages:${PYTHONPATH} /usr/bin/python3 -W ignore:setup.py install is deprecated -W ignore:easy_install command is deprecated setup.py develop --editable --build-directory /home/jetson/projects/bishe/edge/build/bishe_launch/build --no-deps symlink_data --force
