[0.028s] Invoking command in '/home/jetson/projects/bishe/build/bishe_msgs': CMAKE_PREFIX_PATH=/opt/ros/humble /usr/bin/cmake /home/jetson/projects/bishe/src/bishe_msgs -DAMENT_CMAKE_SYMLINK_INSTALL=1 -DCMAKE_INSTALL_PREFIX=/home/jetson/projects/bishe/install/bishe_msgs
[0.508s] -- The C compiler identification is GNU 11.4.0
[0.509s] -- The CXX compiler identification is GNU 11.4.0
[0.509s] -- Detecting C compiler ABI info
[0.509s] -- Detecting C compiler ABI info - done
[0.509s] -- Check for working C compiler: /usr/bin/cc - skipped
[0.509s] -- Detecting C compile features
[0.509s] -- Detecting C compile features - done
[0.509s] -- Detecting CXX compiler ABI info
[0.559s] -- Detecting CXX compiler ABI info - done
[0.571s] -- Check for working CXX compiler: /usr/bin/c++ - skipped
[0.572s] -- Detecting CXX compile features
[0.572s] -- Detecting CXX compile features - done
[0.576s] -- Found ament_cmake: 1.3.12 (/opt/ros/humble/share/ament_cmake/cmake)
[0.850s] -- Found Python3: /usr/bin/python3 (found version "3.10.12") found components: Interpreter 
[0.971s] -- Override CMake install command with custom implementation using symlinks instead of copying resources
[1.010s] -- Found rosidl_default_generators: 1.2.0 (/opt/ros/humble/share/rosidl_default_generators/cmake)
[1.014s] -- Using all available rosidl_typesupport_c: rosidl_typesupport_fastrtps_c;rosidl_typesupport_introspection_c
[1.023s] -- Found rosidl_adapter: 3.1.7 (/opt/ros/humble/share/rosidl_adapter/cmake)
[1.084s] -- Using all available rosidl_typesupport_cpp: rosidl_typesupport_fastrtps_cpp;rosidl_typesupport_introspection_cpp
[1.139s] -- Found sensor_msgs: 4.9.0 (/opt/ros/humble/share/sensor_msgs/cmake)
[1.784s] -- Found ament_cmake_ros: 0.10.0 (/opt/ros/humble/share/ament_cmake_ros/cmake)
[2.290s] -- Using all available rosidl_typesupport_c: rosidl_typesupport_fastrtps_c;rosidl_typesupport_introspection_c
[2.943s] -- Using all available rosidl_typesupport_cpp: rosidl_typesupport_fastrtps_cpp;rosidl_typesupport_introspection_cpp
[2.984s] -- Found PythonInterp: /usr/bin/python3 (found suitable version "3.10.12", minimum required is "3.6") 
[2.986s] -- Found python_cmake_module: 0.10.0 (/opt/ros/humble/share/python_cmake_module/cmake)
[3.036s] -- Found PythonLibs: /usr/lib/aarch64-linux-gnu/libpython3.10.so (found suitable version "3.10.12", minimum required is "3.5") 
[3.036s] -- Using PYTHON_EXECUTABLE: /usr/bin/python3
[3.036s] -- Using PYTHON_INCLUDE_DIRS: /usr/include/python3.10
[3.036s] -- Using PYTHON_LIBRARIES: /usr/lib/aarch64-linux-gnu/libpython3.10.so
[3.075s] -- Found PythonExtra: .so  
[3.226s] -- Configuring done
[3.297s] -- Generating done
[3.318s] -- Build files have been written to: /home/jetson/projects/bishe/build/bishe_msgs
[3.336s] Invoked command in '/home/jetson/projects/bishe/build/bishe_msgs' returned '0': CMAKE_PREFIX_PATH=/opt/ros/humble /usr/bin/cmake /home/jetson/projects/bishe/src/bishe_msgs -DAMENT_CMAKE_SYMLINK_INSTALL=1 -DCMAKE_INSTALL_PREFIX=/home/jetson/projects/bishe/install/bishe_msgs
[3.338s] Invoking command in '/home/jetson/projects/bishe/build/bishe_msgs': CMAKE_PREFIX_PATH=/opt/ros/humble /usr/bin/cmake --build /home/jetson/projects/bishe/build/bishe_msgs -- -j6 -l6
[3.415s] [  3%] Generating C code for ROS interfaces
[3.423s] [  6%] Generating C++ code for ROS interfaces
[3.440s] [  6%] Built target ament_cmake_python_symlink_bishe_msgs
[3.935s] running egg_info
[3.937s] creating bishe_msgs.egg-info
[3.939s] writing bishe_msgs.egg-info/PKG-INFO
[3.939s] writing dependency_links to bishe_msgs.egg-info/dependency_links.txt
[3.940s] writing top-level names to bishe_msgs.egg-info/top_level.txt
[3.941s] writing manifest file 'bishe_msgs.egg-info/SOURCES.txt'
[3.947s] reading manifest file 'bishe_msgs.egg-info/SOURCES.txt'
[3.948s] writing manifest file 'bishe_msgs.egg-info/SOURCES.txt'
[3.978s] [  9%] Building C object CMakeFiles/bishe_msgs__rosidl_generator_c.dir/rosidl_generator_c/bishe_msgs/msg/detail/detector_result__functions.c.o
[3.988s] [  9%] Built target bishe_msgs__cpp
[4.013s] [ 12%] Generating C++ type support for eProsima Fast-RTPS
[4.020s] [ 16%] Generating C++ type support dispatch for ROS interfaces
[4.021s] [ 16%] Built target ament_cmake_python_build_bishe_msgs_egg
[4.035s] [ 19%] Generating C++ introspection for ROS interfaces
[4.129s] [ 22%] Linking C shared library libbishe_msgs__rosidl_generator_c.so
[4.226s] [ 22%] Built target bishe_msgs__rosidl_generator_c
[4.246s] [ 25%] Generating C introspection for ROS interfaces
[4.253s] [ 29%] Generating C type support dispatch for ROS interfaces
[4.267s] [ 32%] Generating C type support for eProsima Fast-RTPS
[4.535s] [ 35%] Building CXX object CMakeFiles/bishe_msgs__rosidl_typesupport_introspection_cpp.dir/rosidl_typesupport_introspection_cpp/bishe_msgs/msg/detail/detector_result__type_support.cpp.o
[4.610s] [ 38%] Building CXX object CMakeFiles/bishe_msgs__rosidl_typesupport_fastrtps_cpp.dir/rosidl_typesupport_fastrtps_cpp/bishe_msgs/msg/detail/dds_fastrtps/detector_result__type_support.cpp.o
[4.627s] [ 41%] Building CXX object CMakeFiles/bishe_msgs__rosidl_typesupport_cpp.dir/rosidl_typesupport_cpp/bishe_msgs/msg/detector_result__type_support.cpp.o
[4.790s] [ 45%] Building CXX object CMakeFiles/bishe_msgs__rosidl_typesupport_c.dir/rosidl_typesupport_c/bishe_msgs/msg/detector_result__type_support.cpp.o
[4.837s] [ 48%] Building C object CMakeFiles/bishe_msgs__rosidl_typesupport_introspection_c.dir/rosidl_typesupport_introspection_c/bishe_msgs/msg/detail/detector_result__type_support.c.o
[4.949s] [ 51%] Linking CXX shared library libbishe_msgs__rosidl_typesupport_c.so
[4.986s] [ 54%] Building CXX object CMakeFiles/bishe_msgs__rosidl_typesupport_fastrtps_c.dir/rosidl_typesupport_fastrtps_c/bishe_msgs/msg/detail/detector_result__type_support_c.cpp.o
[5.017s] [ 58%] Linking C shared library libbishe_msgs__rosidl_typesupport_introspection_c.so
[5.150s] [ 58%] Built target bishe_msgs__rosidl_typesupport_c
[5.190s] [ 58%] Built target bishe_msgs__rosidl_typesupport_introspection_c
[5.455s] [ 61%] Linking CXX shared library libbishe_msgs__rosidl_typesupport_cpp.so
[5.517s] [ 64%] Linking CXX shared library libbishe_msgs__rosidl_typesupport_fastrtps_cpp.so
[5.551s] [ 67%] Linking CXX shared library libbishe_msgs__rosidl_typesupport_introspection_cpp.so
[5.558s] [ 67%] Built target bishe_msgs__rosidl_typesupport_cpp
[5.647s] [ 67%] Built target bishe_msgs__rosidl_typesupport_fastrtps_cpp
[5.697s] [ 67%] Built target bishe_msgs__rosidl_typesupport_introspection_cpp
[5.786s] [ 70%] Linking CXX shared library libbishe_msgs__rosidl_typesupport_fastrtps_c.so
[5.916s] [ 70%] Built target bishe_msgs__rosidl_typesupport_fastrtps_c
[5.949s] [ 70%] Built target bishe_msgs
[5.983s] [ 74%] Generating Python code for ROS interfaces
[6.522s] [ 74%] Built target bishe_msgs__py
[6.556s] [ 77%] Building C object CMakeFiles/bishe_msgs__rosidl_generator_py.dir/rosidl_generator_py/bishe_msgs/msg/_detector_result_s.c.o
[6.759s] [ 80%] Linking C shared library rosidl_generator_py/bishe_msgs/libbishe_msgs__rosidl_generator_py.so
[6.831s] [ 80%] Built target bishe_msgs__rosidl_generator_py
[6.864s] [ 83%] Building C object CMakeFiles/bishe_msgs__rosidl_typesupport_fastrtps_c__pyext.dir/rosidl_generator_py/bishe_msgs/_bishe_msgs_s.ep.rosidl_typesupport_fastrtps_c.c.o
[6.865s] [ 87%] Building C object CMakeFiles/bishe_msgs__rosidl_typesupport_c__pyext.dir/rosidl_generator_py/bishe_msgs/_bishe_msgs_s.ep.rosidl_typesupport_c.c.o
[6.869s] [ 90%] Building C object CMakeFiles/bishe_msgs__rosidl_typesupport_introspection_c__pyext.dir/rosidl_generator_py/bishe_msgs/_bishe_msgs_s.ep.rosidl_typesupport_introspection_c.c.o
[7.046s] [ 93%] Linking C shared library rosidl_generator_py/bishe_msgs/bishe_msgs_s__rosidl_typesupport_c.cpython-310-aarch64-linux-gnu.so
[7.073s] [ 96%] Linking C shared library rosidl_generator_py/bishe_msgs/bishe_msgs_s__rosidl_typesupport_introspection_c.cpython-310-aarch64-linux-gnu.so
[7.125s] [100%] Linking C shared library rosidl_generator_py/bishe_msgs/bishe_msgs_s__rosidl_typesupport_fastrtps_c.cpython-310-aarch64-linux-gnu.so
[7.142s] [100%] Built target bishe_msgs__rosidl_typesupport_c__pyext
[7.153s] [100%] Built target bishe_msgs__rosidl_typesupport_introspection_c__pyext
[7.206s] [100%] Built target bishe_msgs__rosidl_typesupport_fastrtps_c__pyext
[7.234s] Invoked command in '/home/jetson/projects/bishe/build/bishe_msgs' returned '0': CMAKE_PREFIX_PATH=/opt/ros/humble /usr/bin/cmake --build /home/jetson/projects/bishe/build/bishe_msgs -- -j6 -l6
[7.248s] Invoking command in '/home/jetson/projects/bishe/build/bishe_msgs': CMAKE_PREFIX_PATH=/opt/ros/humble /usr/bin/cmake --install /home/jetson/projects/bishe/build/bishe_msgs
[7.262s] -- Install configuration: ""
[7.263s] -- Execute custom install script
[7.264s] -- Symlinking: /home/jetson/projects/bishe/install/bishe_msgs/share/ament_index/resource_index/rosidl_interfaces/bishe_msgs
[7.284s] -- Symlinking: /home/jetson/projects/bishe/install/bishe_msgs/include/bishe_msgs/bishe_msgs/msg/detail/detector_result__functions.h
[7.302s] -- Symlinking: /home/jetson/projects/bishe/install/bishe_msgs/include/bishe_msgs/bishe_msgs/msg/detail/detector_result__struct.h
[7.316s] -- Symlinking: /home/jetson/projects/bishe/install/bishe_msgs/include/bishe_msgs/bishe_msgs/msg/detail/detector_result__type_support.h
[7.331s] -- Symlinking: /home/jetson/projects/bishe/install/bishe_msgs/include/bishe_msgs/bishe_msgs/msg/detector_result.h
[7.346s] -- Symlinking: /home/jetson/projects/bishe/install/bishe_msgs/include/bishe_msgs/bishe_msgs/msg/rosidl_generator_c__visibility_control.h
[7.362s] -- Symlinking: /home/jetson/projects/bishe/install/bishe_msgs/share/bishe_msgs/environment/library_path.sh
[7.376s] -- Symlinking: /home/jetson/projects/bishe/install/bishe_msgs/share/bishe_msgs/environment/library_path.dsv
[7.392s] -- Symlinking: /home/jetson/projects/bishe/install/bishe_msgs/include/bishe_msgs/bishe_msgs/msg/detail/detector_result__rosidl_typesupport_fastrtps_c.h
[7.407s] -- Symlinking: /home/jetson/projects/bishe/install/bishe_msgs/include/bishe_msgs/bishe_msgs/msg/rosidl_typesupport_fastrtps_c__visibility_control.h
[7.423s] -- Symlinking: /home/jetson/projects/bishe/install/bishe_msgs/include/bishe_msgs/bishe_msgs/msg/detail/detector_result__rosidl_typesupport_introspection_c.h
[7.440s] -- Symlinking: /home/jetson/projects/bishe/install/bishe_msgs/include/bishe_msgs/bishe_msgs/msg/rosidl_typesupport_introspection_c__visibility_control.h
[7.456s] -- Symlinking: /home/jetson/projects/bishe/install/bishe_msgs/include/bishe_msgs/bishe_msgs/msg/detail/detector_result__builder.hpp
[7.473s] -- Symlinking: /home/jetson/projects/bishe/install/bishe_msgs/include/bishe_msgs/bishe_msgs/msg/detail/detector_result__struct.hpp
[7.488s] -- Symlinking: /home/jetson/projects/bishe/install/bishe_msgs/include/bishe_msgs/bishe_msgs/msg/detail/detector_result__traits.hpp
[7.503s] -- Symlinking: /home/jetson/projects/bishe/install/bishe_msgs/include/bishe_msgs/bishe_msgs/msg/detail/detector_result__type_support.hpp
[7.518s] -- Symlinking: /home/jetson/projects/bishe/install/bishe_msgs/include/bishe_msgs/bishe_msgs/msg/detector_result.hpp
[7.534s] -- Symlinking: /home/jetson/projects/bishe/install/bishe_msgs/include/bishe_msgs/bishe_msgs/msg/rosidl_generator_cpp__visibility_control.hpp
[7.550s] -- Symlinking: /home/jetson/projects/bishe/install/bishe_msgs/include/bishe_msgs/bishe_msgs/msg/detail/detector_result__rosidl_typesupport_fastrtps_cpp.hpp
[7.565s] -- Symlinking: /home/jetson/projects/bishe/install/bishe_msgs/include/bishe_msgs/bishe_msgs/msg/rosidl_typesupport_fastrtps_cpp__visibility_control.h
[7.580s] -- Symlinking: /home/jetson/projects/bishe/install/bishe_msgs/include/bishe_msgs/bishe_msgs/msg/detail/detector_result__rosidl_typesupport_introspection_cpp.hpp
[7.596s] -- Symlinking: /home/jetson/projects/bishe/install/bishe_msgs/share/bishe_msgs/environment/pythonpath.sh
[7.611s] -- Symlinking: /home/jetson/projects/bishe/install/bishe_msgs/share/bishe_msgs/environment/pythonpath.dsv
[7.627s] -- Symlinking: /home/jetson/projects/bishe/install/bishe_msgs/local/lib/python3.10/dist-packages/bishe_msgs-0.1.0-py3.10.egg-info/PKG-INFO
[7.643s] -- Symlinking: /home/jetson/projects/bishe/install/bishe_msgs/local/lib/python3.10/dist-packages/bishe_msgs-0.1.0-py3.10.egg-info/SOURCES.txt
[7.658s] -- Symlinking: /home/jetson/projects/bishe/install/bishe_msgs/local/lib/python3.10/dist-packages/bishe_msgs-0.1.0-py3.10.egg-info/dependency_links.txt
[7.673s] -- Symlinking: /home/jetson/projects/bishe/install/bishe_msgs/local/lib/python3.10/dist-packages/bishe_msgs-0.1.0-py3.10.egg-info/top_level.txt
[7.689s] -- Symlinking: /home/jetson/projects/bishe/install/bishe_msgs/local/lib/python3.10/dist-packages/bishe_msgs/__init__.py
[7.705s] -- Symlinking: /home/jetson/projects/bishe/install/bishe_msgs/local/lib/python3.10/dist-packages/bishe_msgs/_bishe_msgs_s.ep.rosidl_typesupport_c.c
[7.720s] -- Symlinking: /home/jetson/projects/bishe/install/bishe_msgs/local/lib/python3.10/dist-packages/bishe_msgs/_bishe_msgs_s.ep.rosidl_typesupport_fastrtps_c.c
[7.735s] -- Symlinking: /home/jetson/projects/bishe/install/bishe_msgs/local/lib/python3.10/dist-packages/bishe_msgs/_bishe_msgs_s.ep.rosidl_typesupport_introspection_c.c
[7.751s] -- Symlinking: /home/jetson/projects/bishe/install/bishe_msgs/local/lib/python3.10/dist-packages/bishe_msgs/bishe_msgs_s__rosidl_typesupport_c.cpython-310-aarch64-linux-gnu.so
[7.767s] -- Symlinking: /home/jetson/projects/bishe/install/bishe_msgs/local/lib/python3.10/dist-packages/bishe_msgs/bishe_msgs_s__rosidl_typesupport_fastrtps_c.cpython-310-aarch64-linux-gnu.so
[7.782s] -- Symlinking: /home/jetson/projects/bishe/install/bishe_msgs/local/lib/python3.10/dist-packages/bishe_msgs/bishe_msgs_s__rosidl_typesupport_introspection_c.cpython-310-aarch64-linux-gnu.so
[7.796s] -- Symlinking: /home/jetson/projects/bishe/install/bishe_msgs/local/lib/python3.10/dist-packages/bishe_msgs/libbishe_msgs__rosidl_generator_py.so
[7.811s] -- Symlinking: /home/jetson/projects/bishe/install/bishe_msgs/local/lib/python3.10/dist-packages/bishe_msgs/msg/__init__.py
[7.827s] -- Symlinking: /home/jetson/projects/bishe/install/bishe_msgs/local/lib/python3.10/dist-packages/bishe_msgs/msg/_detector_result.py
[7.843s] -- Symlinking: /home/jetson/projects/bishe/install/bishe_msgs/local/lib/python3.10/dist-packages/bishe_msgs/msg/_detector_result_s.c
[7.860s] -- Up-to-date symlink: /home/jetson/projects/bishe/install/bishe_msgs/local/lib/python3.10/dist-packages/bishe_msgs/bishe_msgs_s__rosidl_typesupport_fastrtps_c.cpython-310-aarch64-linux-gnu.so
[7.860s] -- Up-to-date symlink: /home/jetson/projects/bishe/install/bishe_msgs/local/lib/python3.10/dist-packages/bishe_msgs/bishe_msgs_s__rosidl_typesupport_introspection_c.cpython-310-aarch64-linux-gnu.so
[7.860s] -- Up-to-date symlink: /home/jetson/projects/bishe/install/bishe_msgs/local/lib/python3.10/dist-packages/bishe_msgs/bishe_msgs_s__rosidl_typesupport_c.cpython-310-aarch64-linux-gnu.so
[7.860s] -- Symlinking: /home/jetson/projects/bishe/install/bishe_msgs/share/bishe_msgs/msg/DetectorResult.idl
[7.874s] -- Symlinking: /home/jetson/projects/bishe/install/bishe_msgs/share/bishe_msgs/msg/DetectorResult.msg
[7.890s] -- Symlinking: /home/jetson/projects/bishe/install/bishe_msgs/share/ament_index/resource_index/package_run_dependencies/bishe_msgs
[7.905s] -- Symlinking: /home/jetson/projects/bishe/install/bishe_msgs/share/ament_index/resource_index/parent_prefix_path/bishe_msgs
[7.921s] -- Symlinking: /home/jetson/projects/bishe/install/bishe_msgs/share/bishe_msgs/environment/ament_prefix_path.sh
[7.937s] -- Symlinking: /home/jetson/projects/bishe/install/bishe_msgs/share/bishe_msgs/environment/ament_prefix_path.dsv
[7.952s] -- Symlinking: /home/jetson/projects/bishe/install/bishe_msgs/share/bishe_msgs/environment/path.sh
[7.967s] -- Symlinking: /home/jetson/projects/bishe/install/bishe_msgs/share/bishe_msgs/environment/path.dsv
[7.983s] -- Symlinking: /home/jetson/projects/bishe/install/bishe_msgs/share/bishe_msgs/local_setup.bash
[7.998s] -- Symlinking: /home/jetson/projects/bishe/install/bishe_msgs/share/bishe_msgs/local_setup.sh
[8.014s] -- Symlinking: /home/jetson/projects/bishe/install/bishe_msgs/share/bishe_msgs/local_setup.zsh
[8.031s] -- Symlinking: /home/jetson/projects/bishe/install/bishe_msgs/share/bishe_msgs/local_setup.dsv
[8.047s] -- Symlinking: /home/jetson/projects/bishe/install/bishe_msgs/share/bishe_msgs/package.dsv
[8.062s] -- Symlinking: /home/jetson/projects/bishe/install/bishe_msgs/share/ament_index/resource_index/packages/bishe_msgs
[8.079s] -- Symlinking: /home/jetson/projects/bishe/install/bishe_msgs/share/bishe_msgs/cmake/rosidl_cmake-extras.cmake
[8.094s] -- Symlinking: /home/jetson/projects/bishe/install/bishe_msgs/share/bishe_msgs/cmake/ament_cmake_export_dependencies-extras.cmake
[8.109s] -- Symlinking: /home/jetson/projects/bishe/install/bishe_msgs/share/bishe_msgs/cmake/ament_cmake_export_include_directories-extras.cmake
[8.125s] -- Symlinking: /home/jetson/projects/bishe/install/bishe_msgs/share/bishe_msgs/cmake/ament_cmake_export_libraries-extras.cmake
[8.140s] -- Symlinking: /home/jetson/projects/bishe/install/bishe_msgs/share/bishe_msgs/cmake/ament_cmake_export_targets-extras.cmake
[8.156s] -- Symlinking: /home/jetson/projects/bishe/install/bishe_msgs/share/bishe_msgs/cmake/rosidl_cmake_export_typesupport_targets-extras.cmake
[8.171s] -- Symlinking: /home/jetson/projects/bishe/install/bishe_msgs/share/bishe_msgs/cmake/rosidl_cmake_export_typesupport_libraries-extras.cmake
[8.187s] -- Symlinking: /home/jetson/projects/bishe/install/bishe_msgs/share/bishe_msgs/cmake/bishe_msgsConfig.cmake
[8.204s] -- Symlinking: /home/jetson/projects/bishe/install/bishe_msgs/share/bishe_msgs/cmake/bishe_msgsConfig-version.cmake
[8.219s] -- Symlinking: /home/jetson/projects/bishe/install/bishe_msgs/share/bishe_msgs/package.xml
[8.237s] -- Installing: /home/jetson/projects/bishe/install/bishe_msgs/lib/libbishe_msgs__rosidl_generator_c.so
[8.238s] -- Set runtime path of "/home/jetson/projects/bishe/install/bishe_msgs/lib/libbishe_msgs__rosidl_generator_c.so" to ""
[8.238s] -- Installing: /home/jetson/projects/bishe/install/bishe_msgs/lib/libbishe_msgs__rosidl_typesupport_fastrtps_c.so
[8.239s] -- Set runtime path of "/home/jetson/projects/bishe/install/bishe_msgs/lib/libbishe_msgs__rosidl_typesupport_fastrtps_c.so" to ""
[8.239s] -- Installing: /home/jetson/projects/bishe/install/bishe_msgs/lib/libbishe_msgs__rosidl_typesupport_introspection_c.so
[8.239s] -- Set runtime path of "/home/jetson/projects/bishe/install/bishe_msgs/lib/libbishe_msgs__rosidl_typesupport_introspection_c.so" to ""
[8.239s] -- Installing: /home/jetson/projects/bishe/install/bishe_msgs/lib/libbishe_msgs__rosidl_typesupport_c.so
[8.240s] -- Set runtime path of "/home/jetson/projects/bishe/install/bishe_msgs/lib/libbishe_msgs__rosidl_typesupport_c.so" to ""
[8.240s] -- Installing: /home/jetson/projects/bishe/install/bishe_msgs/lib/libbishe_msgs__rosidl_typesupport_fastrtps_cpp.so
[8.240s] -- Set runtime path of "/home/jetson/projects/bishe/install/bishe_msgs/lib/libbishe_msgs__rosidl_typesupport_fastrtps_cpp.so" to ""
[8.240s] -- Installing: /home/jetson/projects/bishe/install/bishe_msgs/lib/libbishe_msgs__rosidl_typesupport_introspection_cpp.so
[8.241s] -- Set runtime path of "/home/jetson/projects/bishe/install/bishe_msgs/lib/libbishe_msgs__rosidl_typesupport_introspection_cpp.so" to ""
[8.241s] -- Installing: /home/jetson/projects/bishe/install/bishe_msgs/lib/libbishe_msgs__rosidl_typesupport_cpp.so
[8.242s] -- Set runtime path of "/home/jetson/projects/bishe/install/bishe_msgs/lib/libbishe_msgs__rosidl_typesupport_cpp.so" to ""
[8.308s] Listing '/home/jetson/projects/bishe/install/bishe_msgs/local/lib/python3.10/dist-packages/bishe_msgs'...
[8.308s] Compiling '/home/jetson/projects/bishe/install/bishe_msgs/local/lib/python3.10/dist-packages/bishe_msgs/__init__.py'...
[8.308s] Listing '/home/jetson/projects/bishe/install/bishe_msgs/local/lib/python3.10/dist-packages/bishe_msgs/msg'...
[8.309s] Compiling '/home/jetson/projects/bishe/install/bishe_msgs/local/lib/python3.10/dist-packages/bishe_msgs/msg/__init__.py'...
[8.309s] Compiling '/home/jetson/projects/bishe/install/bishe_msgs/local/lib/python3.10/dist-packages/bishe_msgs/msg/_detector_result.py'...
[8.321s] -- Installing: /home/jetson/projects/bishe/install/bishe_msgs/lib/libbishe_msgs__rosidl_generator_py.so
[8.322s] -- Set runtime path of "/home/jetson/projects/bishe/install/bishe_msgs/lib/libbishe_msgs__rosidl_generator_py.so" to ""
[8.322s] -- Installing: /home/jetson/projects/bishe/install/bishe_msgs/share/bishe_msgs/cmake/export_bishe_msgs__rosidl_generator_cExport.cmake
[8.322s] -- Installing: /home/jetson/projects/bishe/install/bishe_msgs/share/bishe_msgs/cmake/export_bishe_msgs__rosidl_generator_cExport-noconfig.cmake
[8.322s] -- Installing: /home/jetson/projects/bishe/install/bishe_msgs/share/bishe_msgs/cmake/export_bishe_msgs__rosidl_typesupport_fastrtps_cExport.cmake
[8.323s] -- Installing: /home/jetson/projects/bishe/install/bishe_msgs/share/bishe_msgs/cmake/export_bishe_msgs__rosidl_typesupport_fastrtps_cExport-noconfig.cmake
[8.323s] -- Installing: /home/jetson/projects/bishe/install/bishe_msgs/share/bishe_msgs/cmake/bishe_msgs__rosidl_typesupport_introspection_cExport.cmake
[8.323s] -- Installing: /home/jetson/projects/bishe/install/bishe_msgs/share/bishe_msgs/cmake/bishe_msgs__rosidl_typesupport_introspection_cExport-noconfig.cmake
[8.323s] -- Installing: /home/jetson/projects/bishe/install/bishe_msgs/share/bishe_msgs/cmake/bishe_msgs__rosidl_typesupport_cExport.cmake
[8.323s] -- Installing: /home/jetson/projects/bishe/install/bishe_msgs/share/bishe_msgs/cmake/bishe_msgs__rosidl_typesupport_cExport-noconfig.cmake
[8.323s] -- Installing: /home/jetson/projects/bishe/install/bishe_msgs/share/bishe_msgs/cmake/export_bishe_msgs__rosidl_generator_cppExport.cmake
[8.323s] -- Installing: /home/jetson/projects/bishe/install/bishe_msgs/share/bishe_msgs/cmake/export_bishe_msgs__rosidl_typesupport_fastrtps_cppExport.cmake
[8.324s] -- Installing: /home/jetson/projects/bishe/install/bishe_msgs/share/bishe_msgs/cmake/export_bishe_msgs__rosidl_typesupport_fastrtps_cppExport-noconfig.cmake
[8.324s] -- Installing: /home/jetson/projects/bishe/install/bishe_msgs/share/bishe_msgs/cmake/bishe_msgs__rosidl_typesupport_introspection_cppExport.cmake
[8.325s] -- Installing: /home/jetson/projects/bishe/install/bishe_msgs/share/bishe_msgs/cmake/bishe_msgs__rosidl_typesupport_introspection_cppExport-noconfig.cmake
[8.325s] -- Installing: /home/jetson/projects/bishe/install/bishe_msgs/share/bishe_msgs/cmake/bishe_msgs__rosidl_typesupport_cppExport.cmake
[8.325s] -- Installing: /home/jetson/projects/bishe/install/bishe_msgs/share/bishe_msgs/cmake/bishe_msgs__rosidl_typesupport_cppExport-noconfig.cmake
[8.325s] -- Installing: /home/jetson/projects/bishe/install/bishe_msgs/share/bishe_msgs/cmake/export_bishe_msgs__rosidl_generator_pyExport.cmake
[8.331s] -- Installing: /home/jetson/projects/bishe/install/bishe_msgs/share/bishe_msgs/cmake/export_bishe_msgs__rosidl_generator_pyExport-noconfig.cmake
[8.335s] Invoked command in '/home/jetson/projects/bishe/build/bishe_msgs' returned '0': CMAKE_PREFIX_PATH=/opt/ros/humble /usr/bin/cmake --install /home/jetson/projects/bishe/build/bishe_msgs
