-- Found ament_cmake: 1.3.12 (/opt/ros/humble/share/ament_cmake/cmake)
-- Override CMake install command with custom implementation using symlinks instead of copying resources
-- Found rclcpp: 16.0.16 (/opt/ros/humble/share/rclcpp/cmake)
-- Found rosidl_generator_c: 3.1.7 (/opt/ros/humble/share/rosidl_generator_c/cmake)
-- Found rosidl_adapter: 3.1.7 (/opt/ros/humble/share/rosidl_adapter/cmake)
-- Found rosidl_generator_cpp: 3.1.7 (/opt/ros/humble/share/rosidl_generator_cpp/cmake)
-- Using all available rosidl_typesupport_c: rosidl_typesupport_fastrtps_c;rosidl_typesupport_introspection_c
-- Using all available rosidl_typesupport_cpp: rosidl_typesupport_fastrtps_cpp;rosidl_typesupport_introspection_cpp
-- Found rmw_implementation_cmake: 6.1.2 (/opt/ros/humble/share/rmw_implementation_cmake/cmake)
-- Found rmw_fastrtps_cpp: 6.2.9 (/opt/ros/humble/share/rmw_fastrtps_cpp/cmake)
-- Using RMW implementation 'rmw_fastrtps_cpp' as default
-- Found sensor_msgs: 4.9.0 (/opt/ros/humble/share/sensor_msgs/cmake)
-- Found image_transport: 3.1.12 (/opt/ros/humble/share/image_transport/cmake)
-- Found cv_bridge: 3.2.1 (/opt/ros/humble/share/cv_bridge/cmake)
-- Found bishe_msgs: 0.1.0 (/home/jetson/projects/bishe/edge/install/bishe_msgs/share/bishe_msgs/cmake)
-- Configuring done
-- Generating done
-- Build files have been written to: /home/jetson/projects/bishe/edge/build/bishe_detector
[35m[1mConsolidate compiler generated dependencies of target detector_node[0m
[ 16%] [32mBuilding CXX object CMakeFiles/detector_node.dir/src/yolo.cc.o[0m
[01m[K/home/jetson/projects/bishe/edge/src/bishe_detector/src/yolo.cc:25:1:[m[K [01;31m[Kerror: [m[Kexpected ‘[01m[K,[m[K’ or ‘[01m[K;[m[K’ before ‘[01m[Kconst[m[K’
   25 | [01;31m[Kconst[m[K std::array<cv::Scalar, 80> YOLO::kClassColors = {
      | [01;31m[K^~~~~[m[K
gmake[2]: *** [CMakeFiles/detector_node.dir/build.make:90：CMakeFiles/detector_node.dir/src/yolo.cc.o] 错误 1
gmake[1]: *** [CMakeFiles/Makefile2:137：CMakeFiles/detector_node.dir/all] 错误 2
gmake: *** [Makefile:146：all] 错误 2
