[0.601s] Invoking command in '/home/jetson/projects/bishe/edge/build/bishe_mqtt': CMAKE_PREFIX_PATH=${CMAKE_PREFIX_PATH}:/home/jetson/projects/bishe/edge/install/bishe_launch:/opt/ros/humble /usr/bin/cmake /home/jetson/projects/bishe/edge/src/bishe_mqtt -DCMAKE_INSTALL_PREFIX=/home/jetson/projects/bishe/edge/install/bishe_mqtt
[0.635s] -- Found ament_cmake: 1.3.12 (/opt/ros/humble/share/ament_cmake/cmake)
[0.913s] -- Override CMake install command with custom implementation using symlinks instead of copying resources
[0.927s] -- Found rclcpp: 16.0.16 (/opt/ros/humble/share/rclcpp/cmake)
[0.985s] -- Found rosidl_generator_c: 3.1.7 (/opt/ros/humble/share/rosidl_generator_c/cmake)
[0.990s] -- Found rosidl_adapter: 3.1.7 (/opt/ros/humble/share/rosidl_adapter/cmake)
[1.001s] -- Found rosidl_generator_cpp: 3.1.7 (/opt/ros/humble/share/rosidl_generator_cpp/cmake)
[1.019s] -- Using all available rosidl_typesupport_c: rosidl_typesupport_fastrtps_c;rosidl_typesupport_introspection_c
[1.041s] -- Using all available rosidl_typesupport_cpp: rosidl_typesupport_fastrtps_cpp;rosidl_typesupport_introspection_cpp
[1.102s] -- Found rmw_implementation_cmake: 6.1.2 (/opt/ros/humble/share/rmw_implementation_cmake/cmake)
[1.105s] -- Found rmw_fastrtps_cpp: 6.2.9 (/opt/ros/humble/share/rmw_fastrtps_cpp/cmake)
[1.342s] -- Using RMW implementation 'rmw_fastrtps_cpp' as default
[1.562s] -- Configuring done
[1.580s] -- Generating done
[1.587s] -- Build files have been written to: /home/jetson/projects/bishe/edge/build/bishe_mqtt
[1.608s] Invoked command in '/home/jetson/projects/bishe/edge/build/bishe_mqtt' returned '0': CMAKE_PREFIX_PATH=${CMAKE_PREFIX_PATH}:/home/jetson/projects/bishe/edge/install/bishe_launch:/opt/ros/humble /usr/bin/cmake /home/jetson/projects/bishe/edge/src/bishe_mqtt -DCMAKE_INSTALL_PREFIX=/home/jetson/projects/bishe/edge/install/bishe_mqtt
[1.609s] Invoking command in '/home/jetson/projects/bishe/edge/build/bishe_mqtt': CMAKE_PREFIX_PATH=${CMAKE_PREFIX_PATH}:/home/jetson/projects/bishe/edge/install/bishe_launch:/opt/ros/humble /usr/bin/cmake --build /home/jetson/projects/bishe/edge/build/bishe_mqtt -- -j6 -l6
[1.704s] [35m[1mConsolidate compiler generated dependencies of target mqtt_node[0m
[1.745s] [100%] Built target mqtt_node
[1.768s] Invoked command in '/home/jetson/projects/bishe/edge/build/bishe_mqtt' returned '0': CMAKE_PREFIX_PATH=${CMAKE_PREFIX_PATH}:/home/jetson/projects/bishe/edge/install/bishe_launch:/opt/ros/humble /usr/bin/cmake --build /home/jetson/projects/bishe/edge/build/bishe_mqtt -- -j6 -l6
[1.769s] Invoking command in '/home/jetson/projects/bishe/edge/build/bishe_mqtt': CMAKE_PREFIX_PATH=${CMAKE_PREFIX_PATH}:/home/jetson/projects/bishe/edge/install/bishe_launch:/opt/ros/humble /usr/bin/cmake --install /home/jetson/projects/bishe/edge/build/bishe_mqtt
[1.786s] -- Install configuration: ""
[1.788s] -- Execute custom install script
[1.790s] -- Up-to-date symlink: /home/jetson/projects/bishe/edge/install/bishe_mqtt/lib/bishe_mqtt/mqtt_node
[1.791s] -- Up-to-date symlink: /home/jetson/projects/bishe/edge/install/bishe_mqtt/share/ament_index/resource_index/package_run_dependencies/bishe_mqtt
[1.791s] -- Up-to-date symlink: /home/jetson/projects/bishe/edge/install/bishe_mqtt/share/ament_index/resource_index/parent_prefix_path/bishe_mqtt
[1.792s] -- Up-to-date symlink: /home/jetson/projects/bishe/edge/install/bishe_mqtt/share/bishe_mqtt/environment/ament_prefix_path.sh
[1.793s] -- Up-to-date symlink: /home/jetson/projects/bishe/edge/install/bishe_mqtt/share/bishe_mqtt/environment/ament_prefix_path.dsv
[1.794s] -- Up-to-date symlink: /home/jetson/projects/bishe/edge/install/bishe_mqtt/share/bishe_mqtt/environment/path.sh
[1.794s] -- Up-to-date symlink: /home/jetson/projects/bishe/edge/install/bishe_mqtt/share/bishe_mqtt/environment/path.dsv
[1.794s] -- Up-to-date symlink: /home/jetson/projects/bishe/edge/install/bishe_mqtt/share/bishe_mqtt/local_setup.bash
[1.795s] -- Up-to-date symlink: /home/jetson/projects/bishe/edge/install/bishe_mqtt/share/bishe_mqtt/local_setup.sh
[1.795s] -- Up-to-date symlink: /home/jetson/projects/bishe/edge/install/bishe_mqtt/share/bishe_mqtt/local_setup.zsh
[1.796s] -- Up-to-date symlink: /home/jetson/projects/bishe/edge/install/bishe_mqtt/share/bishe_mqtt/local_setup.dsv
[1.796s] -- Symlinking: /home/jetson/projects/bishe/edge/install/bishe_mqtt/share/bishe_mqtt/package.dsv
[1.813s] -- Up-to-date symlink: /home/jetson/projects/bishe/edge/install/bishe_mqtt/share/ament_index/resource_index/packages/bishe_mqtt
[1.814s] -- Up-to-date symlink: /home/jetson/projects/bishe/edge/install/bishe_mqtt/share/bishe_mqtt/cmake/bishe_mqttConfig.cmake
[1.814s] -- Up-to-date symlink: /home/jetson/projects/bishe/edge/install/bishe_mqtt/share/bishe_mqtt/cmake/bishe_mqttConfig-version.cmake
[1.815s] -- Up-to-date symlink: /home/jetson/projects/bishe/edge/install/bishe_mqtt/share/bishe_mqtt/package.xml
[1.823s] Invoked command in '/home/jetson/projects/bishe/edge/build/bishe_mqtt' returned '0': CMAKE_PREFIX_PATH=${CMAKE_PREFIX_PATH}:/home/jetson/projects/bishe/edge/install/bishe_launch:/opt/ros/humble /usr/bin/cmake --install /home/jetson/projects/bishe/edge/build/bishe_mqtt
