[0.035s] Invoking command in '/home/jetson/projects/bishe/edge/build/bishe_detector': AMENT_PREFIX_PATH=/home/jetson/projects/bishe/edge/install/bishe_msgs:${AMENT_PREFIX_PATH} CMAKE_PREFIX_PATH=/home/jetson/projects/bishe/edge/install/bishe_msgs:/opt/ros/humble LD_LIBRARY_PATH=/home/jetson/projects/bishe/edge/install/bishe_msgs/lib:/opt/ros/humble/opt/rviz_ogre_vendor/lib:/opt/ros/humble/lib/aarch64-linux-gnu:/opt/ros/humble/lib:/usr/local/cuda-12.6/lib64 PYTHONPATH=/home/jetson/projects/bishe/edge/install/bishe_msgs/local/lib/python3.10/dist-packages:${PYTHONPATH} /usr/bin/cmake --build /home/jetson/projects/bishe/edge/build/bishe_detector -- -j6 -l6
[0.208s] -- Found ament_cmake: 1.3.12 (/opt/ros/humble/share/ament_cmake/cmake)
[0.633s] -- Override CMake install command with custom implementation using symlinks instead of copying resources
[0.652s] -- Found ament_cmake_gtest: 1.3.12 (/opt/ros/humble/share/ament_cmake_gtest/cmake)
[0.654s] -- Found rclcpp: 16.0.16 (/opt/ros/humble/share/rclcpp/cmake)
[0.713s] -- Found rosidl_generator_c: 3.1.7 (/opt/ros/humble/share/rosidl_generator_c/cmake)
[0.721s] -- Found rosidl_adapter: 3.1.7 (/opt/ros/humble/share/rosidl_adapter/cmake)
[0.733s] -- Found rosidl_generator_cpp: 3.1.7 (/opt/ros/humble/share/rosidl_generator_cpp/cmake)
[0.758s] -- Using all available rosidl_typesupport_c: rosidl_typesupport_fastrtps_c;rosidl_typesupport_introspection_c
[0.795s] -- Using all available rosidl_typesupport_cpp: rosidl_typesupport_fastrtps_cpp;rosidl_typesupport_introspection_cpp
[0.896s] -- Found rmw_implementation_cmake: 6.1.2 (/opt/ros/humble/share/rmw_implementation_cmake/cmake)
[0.900s] -- Found rmw_fastrtps_cpp: 6.2.9 (/opt/ros/humble/share/rmw_fastrtps_cpp/cmake)
[1.149s] -- Using RMW implementation 'rmw_fastrtps_cpp' as default
[1.257s] -- Found rclcpp_components: 16.0.16 (/opt/ros/humble/share/rclcpp_components/cmake)
[1.299s] -- Found sensor_msgs: 4.9.0 (/opt/ros/humble/share/sensor_msgs/cmake)
[1.352s] -- Found image_transport: 3.1.12 (/opt/ros/humble/share/image_transport/cmake)
[1.387s] -- Found cv_bridge: 3.2.1 (/opt/ros/humble/share/cv_bridge/cmake)
[1.426s] -- Found bishe_msgs: 0.1.0 (/home/jetson/projects/bishe/edge/install/bishe_msgs/share/bishe_msgs/cmake)
[1.469s] -- Found gtest sources under '/opt/ros/humble/src/gtest_vendor': C++ tests using 'Google Test' will be built
[1.639s] -- Configuring done
[1.727s] -- Generating done
[1.748s] -- Build files have been written to: /home/jetson/projects/bishe/edge/build/bishe_detector
[1.869s] Consolidate compiler generated dependencies of target bishe_detector_component
[1.920s] [  6%] Building CXX object CMakeFiles/bishe_detector_component.dir/src/detector_node.cpp.o
[32.838s] [ 12%] Building CXX object CMakeFiles/bishe_detector_component.dir/src/trt_engine.cc.o
[37.142s] /home/jetson/projects/bishe/edge/src/bishe_detector/src/trt_engine.cc: In member function ‘void TrtEngine::BuildEngine(const string&, const string&, TrtPrecision)’:
[37.142s] /home/jetson/projects/bishe/edge/src/bishe_detector/src/trt_engine.cc:20:28: warning: comparison of integer expressions of different signedness: ‘size_t’ {aka ‘long unsigned int’} and ‘int’ [-Wsign-compare]
[37.142s]    20 |         for (size_t i=0; i < parser->getNbErrors(); ++i) {
[37.142s]       |                          ~~^~~~~~~~~~~~~~~~~~~~~~~
[37.157s] /home/jetson/projects/bishe/edge/src/bishe_detector/src/trt_engine.cc:42:38: warning: ‘void nvinfer1::IBuilderConfig::setInt8Calibrator(nvinfer1::IInt8Calibrator*)’ is deprecated [-Wdeprecated-declarations]
[37.158s]    42 |             config->setInt8Calibrator(calibrator_.get());
[37.158s]       |             ~~~~~~~~~~~~~~~~~~~~~~~~~^~~~~~~~~~~~~~~~~~~
[37.158s] In file included from /home/jetson/projects/bishe/edge/src/bishe_detector/include/bishe_detector/trt_engine.h:6,
[37.159s]                  from /home/jetson/projects/bishe/edge/src/bishe_detector/src/trt_engine.cc:1:
[37.159s] /usr/include/aarch64-linux-gnu/NvInfer.h:8825:25: note: declared here
[37.159s]  8825 |     TRT_DEPRECATED void setInt8Calibrator(IInt8Calibrator* calibrator) noexcept
[37.159s]       |                         ^~~~~~~~~~~~~~~~~
[38.829s] [ 18%] Building CXX object CMakeFiles/bishe_detector_component.dir/src/int8_calibrator.cc.o
[42.407s] /home/jetson/projects/bishe/edge/src/bishe_detector/src/int8_calibrator.cc: In member function ‘virtual bool Int8EntropyCalibrator2::getBatch(void**, const char**, int)’:
[42.408s] /home/jetson/projects/bishe/edge/src/bishe_detector/src/int8_calibrator.cc:33:69: warning: unused parameter ‘names’ [-Wunused-parameter]
[42.408s]    33 | bool Int8EntropyCalibrator2::getBatch(void* bindings[], const char* names[], int nbBindings) noexcept {
[42.408s]       |                                                         ~~~~~~~~~~~~^~~~~~~
[42.410s] /home/jetson/projects/bishe/edge/src/bishe_detector/src/int8_calibrator.cc:33:82: warning: unused parameter ‘nbBindings’ [-Wunused-parameter]
[42.410s]    33 | bool Int8EntropyCalibrator2::getBatch(void* bindings[], const char* names[], int nbBindings) noexcept {
[42.410s]       |                                                                              ~~~~^~~~~~~~~~
[44.125s] [ 25%] Building CXX object CMakeFiles/bishe_detector_component.dir/src/yolov8.cc.o
[50.223s] [ 31%] Building CXX object CMakeFiles/bishe_detector_component.dir/src/yolo.cc.o
[55.068s] [ 37%] Linking CXX shared library libbishe_detector_component.so
[56.783s] [ 37%] Built target bishe_detector_component
[56.824s] Consolidate compiler generated dependencies of target gtest
[56.855s] [ 50%] Built target gtest
[56.896s] Consolidate compiler generated dependencies of target detector_node
[56.925s] [ 56%] Building CXX object CMakeFiles/detector_node.dir/src/detector_node_main.cpp.o
[63.528s] [ 62%] Linking CXX executable detector_node
[64.960s] [ 62%] Built target detector_node
[64.988s] Consolidate compiler generated dependencies of target gtest_main
[65.014s] [ 75%] Built target gtest_main
[65.050s] Consolidate compiler generated dependencies of target test_detection_gate
[65.077s] [ 81%] Building CXX object CMakeFiles/test_detection_gate.dir/test/test_detection_gate.cpp.o
[68.310s] [ 87%] Linking CXX executable test_detection_gate
[68.654s] [ 87%] Built target test_detection_gate
[68.698s] [ 93%] Building CXX object CMakeFiles/test_shared_frame_ring.dir/test/test_shared_frame_ring.cpp.o
[71.045s] [100%] Linking CXX executable test_shared_frame_ring
[71.359s] [100%] Built target test_shared_frame_ring
[71.384s] Invoked command in '/home/jetson/projects/bishe/edge/build/bishe_detector' returned '0': AMENT_PREFIX_PATH=/home/jetson/projects/bishe/edge/install/bishe_msgs:${AMENT_PREFIX_PATH} CMAKE_PREFIX_PATH=/home/jetson/projects/bishe/edge/install/bishe_msgs:/opt/ros/humble LD_LIBRARY_PATH=/home/jetson/projects/bishe/edge/install/bishe_msgs/lib:/opt/ros/humble/opt/rviz_ogre_vendor/lib:/opt/ros/humble/lib/aarch64-linux-gnu:/opt/ros/humble/lib:/usr/local/cuda-12.6/lib64 PYTHONPATH=/home/jetson/projects/bishe/edge/install/bishe_msgs/local/lib/python3.10/dist-packages:${PYTHONPATH} /usr/bin/cmake --build /home/jetson/projects/bishe/edge/build/bishe_detector -- -j6 -l6
[71.388s] Invoking command in '/home/jetson/projects/bishe/edge/build/bishe_detector': AMENT_PREFIX_PATH=/home/jetson/projects/bishe/edge/install/bishe_msgs:${AMENT_PREFIX_PATH} CMAKE_PREFIX_PATH=/home/jetson/projects/bishe/edge/install/bishe_msgs:/opt/ros/humble LD_LIBRARY_PATH=/home/jetson/projects/bishe/edge/install/bishe_msgs/lib:/opt/ros/humble/opt/rviz_ogre_vendor/lib:/opt/ros/humble/lib/aarch64-linux-gnu:/opt/ros/humble/lib:/usr/local/cuda-12.6/lib64 PYTHONPATH=/home/jetson/projects/bishe/edge/install/bishe_msgs/local/lib/python3.10/dist-packages:${PYTHONPATH} /usr/bin/cmake --install /home/jetson/projects/bishe/edge/build/bishe_detector
[71.402s] -- Install configuration: ""
[71.403s] -- Execute custom install script
[71.407s] -- Up-to-date symlink: /home/jetson/projects/bishe/edge/install/bishe_detector/lib/libbishe_detector_component.so
[71.407s] -- Up-to-date symlink: /home/jetson/projects/bishe/edge/install/bishe_detector/lib/bishe_detector/detector_node
[71.409s] -- Up-to-date symlink: /home/jetson/projects/bishe/edge/install/bishe_detector/include/bishe_detector/detection_gate.hpp
[71.409s] -- Up-to-date symlink: /home/jetson/projects/bishe/edge/install/bishe_detector/include/bishe_detector/detector_node_factory.hpp
[71.409s] -- Up-to-date symlink: /home/jetson/projects/bishe/edge/install/bishe_detector/include/bishe_detector/detector_result_utils.hpp
[71.410s] -- Up-to-date symlink: /home/jetson/projects/bishe/edge/install/bishe_detector/include/bishe_detector/int8_calibrator.h
[71.410s] -- Up-to-date symlink: /home/jetson/projects/bishe/edge/install/bishe_detector/include/bishe_detector/trt_engine.h
[71.410s] -- Up-to-date symlink: /home/jetson/projects/bishe/edge/install/bishe_detector/include/bishe_detector/utils.h
[71.412s] -- Up-to-date symlink: /home/jetson/projects/bishe/edge/install/bishe_detector/include/bishe_detector/yolo.h
[71.412s] -- Up-to-date symlink: /home/jetson/projects/bishe/edge/install/bishe_detector/include/bishe_detector/yolov10.h
[71.412s] -- Up-to-date symlink: /home/jetson/projects/bishe/edge/install/bishe_detector/include/bishe_detector/yolov5a.h
[71.412s] -- Up-to-date symlink: /home/jetson/projects/bishe/edge/install/bishe_detector/include/bishe_detector/yolov8.h
[71.413s] -- Up-to-date symlink: /home/jetson/projects/bishe/edge/install/bishe_detector/share/ament_index/resource_index/package_run_dependencies/bishe_detector
[71.414s] -- Up-to-date symlink: /home/jetson/projects/bishe/edge/install/bishe_detector/share/ament_index/resource_index/parent_prefix_path/bishe_detector
[71.414s] -- Up-to-date symlink: /home/jetson/projects/bishe/edge/install/bishe_detector/share/bishe_detector/environment/ament_prefix_path.sh
[71.415s] -- Up-to-date symlink: /home/jetson/projects/bishe/edge/install/bishe_detector/share/bishe_detector/environment/ament_prefix_path.dsv
[71.415s] -- Up-to-date symlink: /home/jetson/projects/bishe/edge/install/bishe_detector/share/bishe_detector/environment/path.sh
[71.416s] -- Up-to-date symlink: /home/jetson/projects/bishe/edge/install/bishe_detector/share/bishe_detector/environment/path.dsv
[71.416s] -- Up-to-date symlink: /home/jetson/projects/bishe/edge/install/bishe_detector/share/bishe_detector/local_setup.bash
[71.416s] -- Up-to-date symlink: /home/jetson/projects/bishe/edge/install/bishe_detector/share/bishe_detector/local_setup.sh
[71.416s] -- Up-to-date symlink: /home/jetson/projects/bishe/edge/install/bishe_detector/share/bishe_detector/local_setup.zsh
[71.417s] -- Up-to-date symlink: /home/jetson/projects/bishe/edge/install/bishe_detector/share/bishe_detector/local_setup.dsv
[71.417s] -- Symlinking: /home/jetson/projects/bishe/edge/install/bishe_detector/share/bishe_detector/package.dsv
[71.436s] -- Up-to-date symlink: /home/jetson/projects/bishe/edge/install/bishe_detector/share/ament_index/resource_index/packages/bishe_detector
[71.437s] -- Up-to-date symlink: /home/jetson/projects/bishe/edge/install/bishe_detector/share/ament_index/resource_index/rclcpp_components/bishe_detector
[71.437s] -- Up-to-date symlink: /home/jetson/projects/bishe/edge/install/bishe_detector/share/bishe_detector/cmake/bishe_detectorConfig.cmake
[71.437s] -- Up-to-date symlink: /home/jetson/projects/bishe/edge/install/bishe_detector/share/bishe_detector/cmake/bishe_detectorConfig-version.cmake
[71.437s] -- Up-to-date symlink: /home/jetson/projects/bishe/edge/install/bishe_detector/share/bishe_detector/package.xml
[71.441s] Invoked command in '/home/jetson/projects/bishe/edge/build/bishe_detector' returned '0': AMENT_PREFIX_PATH=/home/jetson/projects/bishe/edge/install/bishe_msgs:${AMENT_PREFIX_PATH} CMAKE_PREFIX_PATH=/home/jetson/projects/bishe/edge/install/bishe_msgs:/opt/ros/humble LD_LIBRARY_PATH=/home/jetson/projects/bishe/edge/install/bishe_msgs/lib:/opt/ros/humble/opt/rviz_ogre_vendor/lib:/opt/ros/humble/lib/aarch64-linux-gnu:/opt/ros/humble/lib:/usr/local/cuda-12.6/lib64 PYTHONPATH=/home/jetson/projects/bishe/edge/install/bishe_msgs/local/lib/python3.10/dist-packages:${PYTHONPATH} /usr/bin/cmake --install /home/jetson/projects/bishe/edge/build/bishe_detector
