[0.023s] Invoking command in '/home/jetson/projects/bishe/edge/build/bishe_streamer': CMAKE_PREFIX_PATH=/home/jetson/projects/bishe/edge/install/bishe_msgs:/home/jetson/projects/bishe/edge/install/bishe_streamer:/home/jetson/projects/bishe/edge/install/bishe_monitor:/home/jetson/projects/bishe/edge/install/bishe_detector:/home/jetson/projects/bishe/edge/install/bishe_mqtt:/home/jetson/projects/bishe/edge/install/bishe_camera:/home/jetson/projects/bishe/edge/install/bishe_launch:/opt/ros/humble LD_LIBRARY_PATH=/home/jetson/projects/bishe/edge/install/bishe_msgs/lib:/opt/ros/humble/opt/rviz_ogre_vendor/lib:/opt/ros/humble/lib/aarch64-linux-gnu:/opt/ros/humble/lib:/usr/local/cuda-12.6/lib64 /usr/bin/cmake --build /home/jetson/projects/bishe/edge/build/bishe_streamer -- -j6 -l6
[0.115s] [ 25%] [32mBuilding CXX object CMakeFiles/intercom_node.dir/src/intercom_node.cpp.o[0m
[0.122s] [ 75%] Built target streamer_node
[15.293s] [100%] [32m[1mLinking CXX executable intercom_node[0m
[15.913s] [100%] Built target intercom_node
[15.929s] Invoked command in '/home/jetson/projects/bishe/edge/build/bishe_streamer' returned '0': CMAKE_PREFIX_PATH=/home/jetson/projects/bishe/edge/install/bishe_msgs:/home/jetson/projects/bishe/edge/install/bishe_streamer:/home/jetson/projects/bishe/edge/install/bishe_monitor:/home/jetson/projects/bishe/edge/install/bishe_detector:/home/jetson/projects/bishe/edge/install/bishe_mqtt:/home/jetson/projects/bishe/edge/install/bishe_camera:/home/jetson/projects/bishe/edge/install/bishe_launch:/opt/ros/humble LD_LIBRARY_PATH=/home/jetson/projects/bishe/edge/install/bishe_msgs/lib:/opt/ros/humble/opt/rviz_ogre_vendor/lib:/opt/ros/humble/lib/aarch64-linux-gnu:/opt/ros/humble/lib:/usr/local/cuda-12.6/lib64 /usr/bin/cmake --build /home/jetson/projects/bishe/edge/build/bishe_streamer -- -j6 -l6
[15.932s] Invoking command in '/home/jetson/projects/bishe/edge/build/bishe_streamer': CMAKE_PREFIX_PATH=/home/jetson/projects/bishe/edge/install/bishe_msgs:/home/jetson/projects/bishe/edge/install/bishe_streamer:/home/jetson/projects/bishe/edge/install/bishe_monitor:/home/jetson/projects/bishe/edge/install/bishe_detector:/home/jetson/projects/bishe/edge/install/bishe_mqtt:/home/jetson/projects/bishe/edge/install/bishe_camera:/home/jetson/projects/bishe/edge/install/bishe_launch:/opt/ros/humble LD_LIBRARY_PATH=/home/jetson/projects/bishe/edge/install/bishe_msgs/lib:/opt/ros/humble/opt/rviz_ogre_vendor/lib:/opt/ros/humble/lib/aarch64-linux-gnu:/opt/ros/humble/lib:/usr/local/cuda-12.6/lib64 /usr/bin/cmake --install /home/jetson/projects/bishe/edge/build/bishe_streamer
[15.943s] -- Install configuration: ""
[15.944s] -- Execute custom install script
[15.944s] -- Up-to-date symlink: /home/jetson/projects/bishe/edge/install/bishe_streamer/lib/bishe_streamer/streamer_node
[15.944s] -- Up-to-date symlink: /home/jetson/projects/bishe/edge/install/bishe_streamer/lib/bishe_streamer/intercom_node
[15.945s] -- Up-to-date symlink: /home/jetson/projects/bishe/edge/install/bishe_streamer/share/ament_index/resource_index/package_run_dependencies/bishe_streamer
[15.945s] -- Up-to-date symlink: /home/jetson/projects/bishe/edge/install/bishe_streamer/share/ament_index/resource_index/parent_prefix_path/bishe_streamer
[15.945s] -- Up-to-date symlink: /home/jetson/projects/bishe/edge/install/bishe_streamer/share/bishe_streamer/environment/ament_prefix_path.sh
[15.946s] -- Up-to-date symlink: /home/jetson/projects/bishe/edge/install/bishe_streamer/share/bishe_streamer/environment/ament_prefix_path.dsv
[15.946s] -- Up-to-date symlink: /home/jetson/projects/bishe/edge/install/bishe_streamer/share/bishe_streamer/environment/path.sh
[15.946s] -- Up-to-date symlink: /home/jetson/projects/bishe/edge/install/bishe_streamer/share/bishe_streamer/environment/path.dsv
[15.946s] -- Up-to-date symlink: /home/jetson/projects/bishe/edge/install/bishe_streamer/share/bishe_streamer/local_setup.bash
[15.947s] -- Up-to-date symlink: /home/jetson/projects/bishe/edge/install/bishe_streamer/share/bishe_streamer/local_setup.sh
[15.947s] -- Up-to-date symlink: /home/jetson/projects/bishe/edge/install/bishe_streamer/share/bishe_streamer/local_setup.zsh
[15.947s] -- Up-to-date symlink: /home/jetson/projects/bishe/edge/install/bishe_streamer/share/bishe_streamer/local_setup.dsv
[15.947s] -- Symlinking: /home/jetson/projects/bishe/edge/install/bishe_streamer/share/bishe_streamer/package.dsv
[15.960s] -- Up-to-date symlink: /home/jetson/projects/bishe/edge/install/bishe_streamer/share/ament_index/resource_index/packages/bishe_streamer
[15.960s] -- Up-to-date symlink: /home/jetson/projects/bishe/edge/install/bishe_streamer/share/bishe_streamer/cmake/bishe_streamerConfig.cmake
[15.960s] -- Up-to-date symlink: /home/jetson/projects/bishe/edge/install/bishe_streamer/share/bishe_streamer/cmake/bishe_streamerConfig-version.cmake
[15.961s] -- Up-to-date symlink: /home/jetson/projects/bishe/edge/install/bishe_streamer/share/bishe_streamer/package.xml
[15.964s] Invoked command in '/home/jetson/projects/bishe/edge/build/bishe_streamer' returned '0': CMAKE_PREFIX_PATH=/home/jetson/projects/bishe/edge/install/bishe_msgs:/home/jetson/projects/bishe/edge/install/bishe_streamer:/home/jetson/projects/bishe/edge/install/bishe_monitor:/home/jetson/projects/bishe/edge/install/bishe_detector:/home/jetson/projects/bishe/edge/install/bishe_mqtt:/home/jetson/projects/bishe/edge/install/bishe_camera:/home/jetson/projects/bishe/edge/install/bishe_launch:/opt/ros/humble LD_LIBRARY_PATH=/home/jetson/projects/bishe/edge/install/bishe_msgs/lib:/opt/ros/humble/opt/rviz_ogre_vendor/lib:/opt/ros/humble/lib/aarch64-linux-gnu:/opt/ros/humble/lib:/usr/local/cuda-12.6/lib64 /usr/bin/cmake --install /home/jetson/projects/bishe/edge/build/bishe_streamer
