[0.027s] Invoking command in '/home/jetson/projects/bishe/edge/build/bishe_msgs': CMAKE_PREFIX_PATH=${CMAKE_PREFIX_PATH}:/home/jetson/projects/bishe/edge/install/bishe_launch:/opt/ros/humble /usr/bin/cmake --build /home/jetson/projects/bishe/edge/build/bishe_msgs -- -j6 -l6
[0.112s] [  2%] Built target bishe_msgs__cpp
[0.156s] [  2%] Built target ament_cmake_python_symlink_bishe_msgs
[0.193s] [ 12%] Built target bishe_msgs__rosidl_typesupport_introspection_cpp
[0.631s] running egg_info
[0.632s] writing bishe_msgs.egg-info/PKG-INFO
[0.632s] writing dependency_links to bishe_msgs.egg-info/dependency_links.txt
[0.633s] writing top-level names to bishe_msgs.egg-info/top_level.txt
[0.637s] reading manifest file 'bishe_msgs.egg-info/SOURCES.txt'
[0.638s] writing manifest file 'bishe_msgs.egg-info/SOURCES.txt'
[0.697s] [ 12%] Built target ament_cmake_python_build_bishe_msgs_egg
[0.737s] [ 23%] Built target bishe_msgs__rosidl_typesupport_fastrtps_cpp
[0.777s] [ 33%] Built target bishe_msgs__rosidl_typesupport_cpp
[0.815s] [ 43%] Built target bishe_msgs__rosidl_generator_c
[0.854s] [ 53%] Built target bishe_msgs__rosidl_typesupport_fastrtps_c
[0.890s] [ 64%] Built target bishe_msgs__rosidl_typesupport_c
[0.928s] [ 74%] Built target bishe_msgs__rosidl_typesupport_introspection_c
[0.962s] [ 74%] Built target bishe_msgs
[0.994s] [ 76%] Built target bishe_msgs__py
[1.031s] [ 84%] Built target bishe_msgs__rosidl_generator_py
[1.067s] [ 89%] Built target bishe_msgs__rosidl_typesupport_fastrtps_c__pyext
[1.102s] [ 94%] Built target bishe_msgs__rosidl_typesupport_c__pyext
[1.136s] [100%] Built target bishe_msgs__rosidl_typesupport_introspection_c__pyext
[1.155s] Invoked command in '/home/jetson/projects/bishe/edge/build/bishe_msgs' returned '0': CMAKE_PREFIX_PATH=${CMAKE_PREFIX_PATH}:/home/jetson/projects/bishe/edge/install/bishe_launch:/opt/ros/humble /usr/bin/cmake --build /home/jetson/projects/bishe/edge/build/bishe_msgs -- -j6 -l6
[1.158s] Invoking command in '/home/jetson/projects/bishe/edge/build/bishe_msgs': CMAKE_PREFIX_PATH=${CMAKE_PREFIX_PATH}:/home/jetson/projects/bishe/edge/install/bishe_launch:/opt/ros/humble /usr/bin/cmake --install /home/jetson/projects/bishe/edge/build/bishe_msgs
[1.172s] -- Install configuration: ""
[1.173s] -- Execute custom install script
[1.173s] -- Up-to-date symlink: /home/jetson/projects/bishe/edge/install/bishe_msgs/share/ament_index/resource_index/rosidl_interfaces/bishe_msgs
[1.174s] -- Up-to-date symlink: /home/jetson/projects/bishe/edge/install/bishe_msgs/include/bishe_msgs/bishe_msgs/msg/detail/detection_box__functions.h
[1.174s] -- Up-to-date symlink: /home/jetson/projects/bishe/edge/install/bishe_msgs/include/bishe_msgs/bishe_msgs/msg/detail/detection_box__struct.h
[1.174s] -- Up-to-date symlink: /home/jetson/projects/bishe/edge/install/bishe_msgs/include/bishe_msgs/bishe_msgs/msg/detail/detection_box__type_support.h
[1.175s] -- Up-to-date symlink: /home/jetson/projects/bishe/edge/install/bishe_msgs/include/bishe_msgs/bishe_msgs/msg/detail/detector_result__functions.h
[1.175s] -- Up-to-date symlink: /home/jetson/projects/bishe/edge/install/bishe_msgs/include/bishe_msgs/bishe_msgs/msg/detail/detector_result__struct.h
[1.175s] -- Up-to-date symlink: /home/jetson/projects/bishe/edge/install/bishe_msgs/include/bishe_msgs/bishe_msgs/msg/detail/detector_result__type_support.h
[1.175s] -- Up-to-date symlink: /home/jetson/projects/bishe/edge/install/bishe_msgs/include/bishe_msgs/bishe_msgs/msg/detail/shared_frame_ref__functions.h
[1.176s] -- Up-to-date symlink: /home/jetson/projects/bishe/edge/install/bishe_msgs/include/bishe_msgs/bishe_msgs/msg/detail/shared_frame_ref__struct.h
[1.176s] -- Up-to-date symlink: /home/jetson/projects/bishe/edge/install/bishe_msgs/include/bishe_msgs/bishe_msgs/msg/detail/shared_frame_ref__type_support.h
[1.176s] -- Up-to-date symlink: /home/jetson/projects/bishe/edge/install/bishe_msgs/include/bishe_msgs/bishe_msgs/msg/detection_box.h
[1.176s] -- Up-to-date symlink: /home/jetson/projects/bishe/edge/install/bishe_msgs/include/bishe_msgs/bishe_msgs/msg/detector_result.h
[1.177s] -- Up-to-date symlink: /home/jetson/projects/bishe/edge/install/bishe_msgs/include/bishe_msgs/bishe_msgs/msg/rosidl_generator_c__visibility_control.h
[1.177s] -- Up-to-date symlink: /home/jetson/projects/bishe/edge/install/bishe_msgs/include/bishe_msgs/bishe_msgs/msg/shared_frame_ref.h
[1.177s] -- Up-to-date symlink: /home/jetson/projects/bishe/edge/install/bishe_msgs/share/bishe_msgs/environment/library_path.sh
[1.178s] -- Up-to-date symlink: /home/jetson/projects/bishe/edge/install/bishe_msgs/share/bishe_msgs/environment/library_path.dsv
[1.178s] -- Up-to-date symlink: /home/jetson/projects/bishe/edge/install/bishe_msgs/include/bishe_msgs/bishe_msgs/msg/detail/detection_box__rosidl_typesupport_fastrtps_c.h
[1.179s] -- Up-to-date symlink: /home/jetson/projects/bishe/edge/install/bishe_msgs/include/bishe_msgs/bishe_msgs/msg/detail/detector_result__rosidl_typesupport_fastrtps_c.h
[1.179s] -- Up-to-date symlink: /home/jetson/projects/bishe/edge/install/bishe_msgs/include/bishe_msgs/bishe_msgs/msg/detail/shared_frame_ref__rosidl_typesupport_fastrtps_c.h
[1.179s] -- Up-to-date symlink: /home/jetson/projects/bishe/edge/install/bishe_msgs/include/bishe_msgs/bishe_msgs/msg/rosidl_typesupport_fastrtps_c__visibility_control.h
[1.180s] -- Up-to-date symlink: /home/jetson/projects/bishe/edge/install/bishe_msgs/include/bishe_msgs/bishe_msgs/msg/detail/detection_box__rosidl_typesupport_introspection_c.h
[1.180s] -- Up-to-date symlink: /home/jetson/projects/bishe/edge/install/bishe_msgs/include/bishe_msgs/bishe_msgs/msg/detail/detector_result__rosidl_typesupport_introspection_c.h
[1.180s] -- Up-to-date symlink: /home/jetson/projects/bishe/edge/install/bishe_msgs/include/bishe_msgs/bishe_msgs/msg/detail/shared_frame_ref__rosidl_typesupport_introspection_c.h
[1.180s] -- Up-to-date symlink: /home/jetson/projects/bishe/edge/install/bishe_msgs/include/bishe_msgs/bishe_msgs/msg/rosidl_typesupport_introspection_c__visibility_control.h
[1.181s] -- Up-to-date symlink: /home/jetson/projects/bishe/edge/install/bishe_msgs/include/bishe_msgs/bishe_msgs/msg/detail/detection_box__builder.hpp
[1.181s] -- Up-to-date symlink: /home/jetson/projects/bishe/edge/install/bishe_msgs/include/bishe_msgs/bishe_msgs/msg/detail/detection_box__struct.hpp
[1.181s] -- Up-to-date symlink: /home/jetson/projects/bishe/edge/install/bishe_msgs/include/bishe_msgs/bishe_msgs/msg/detail/detection_box__traits.hpp
[1.182s] -- Up-to-date symlink: /home/jetson/projects/bishe/edge/install/bishe_msgs/include/bishe_msgs/bishe_msgs/msg/detail/detection_box__type_support.hpp
[1.182s] -- Up-to-date symlink: /home/jetson/projects/bishe/edge/install/bishe_msgs/include/bishe_msgs/bishe_msgs/msg/detail/detector_result__builder.hpp
[1.182s] -- Up-to-date symlink: /home/jetson/projects/bishe/edge/install/bishe_msgs/include/bishe_msgs/bishe_msgs/msg/detail/detector_result__struct.hpp
[1.182s] -- Up-to-date symlink: /home/jetson/projects/bishe/edge/install/bishe_msgs/include/bishe_msgs/bishe_msgs/msg/detail/detector_result__traits.hpp
[1.182s] -- Up-to-date symlink: /home/jetson/projects/bishe/edge/install/bishe_msgs/include/bishe_msgs/bishe_msgs/msg/detail/detector_result__type_support.hpp
[1.183s] -- Up-to-date symlink: /home/jetson/projects/bishe/edge/install/bishe_msgs/include/bishe_msgs/bishe_msgs/msg/detail/shared_frame_ref__builder.hpp
[1.183s] -- Up-to-date symlink: /home/jetson/projects/bishe/edge/install/bishe_msgs/include/bishe_msgs/bishe_msgs/msg/detail/shared_frame_ref__struct.hpp
[1.183s] -- Up-to-date symlink: /home/jetson/projects/bishe/edge/install/bishe_msgs/include/bishe_msgs/bishe_msgs/msg/detail/shared_frame_ref__traits.hpp
[1.183s] -- Up-to-date symlink: /home/jetson/projects/bishe/edge/install/bishe_msgs/include/bishe_msgs/bishe_msgs/msg/detail/shared_frame_ref__type_support.hpp
[1.183s] -- Up-to-date symlink: /home/jetson/projects/bishe/edge/install/bishe_msgs/include/bishe_msgs/bishe_msgs/msg/detection_box.hpp
[1.184s] -- Up-to-date symlink: /home/jetson/projects/bishe/edge/install/bishe_msgs/include/bishe_msgs/bishe_msgs/msg/detector_result.hpp
[1.184s] -- Up-to-date symlink: /home/jetson/projects/bishe/edge/install/bishe_msgs/include/bishe_msgs/bishe_msgs/msg/rosidl_generator_cpp__visibility_control.hpp
[1.184s] -- Up-to-date symlink: /home/jetson/projects/bishe/edge/install/bishe_msgs/include/bishe_msgs/bishe_msgs/msg/shared_frame_ref.hpp
[1.185s] -- Up-to-date symlink: /home/jetson/projects/bishe/edge/install/bishe_msgs/include/bishe_msgs/bishe_msgs/msg/detail/detection_box__rosidl_typesupport_fastrtps_cpp.hpp
[1.185s] -- Up-to-date symlink: /home/jetson/projects/bishe/edge/install/bishe_msgs/include/bishe_msgs/bishe_msgs/msg/detail/detector_result__rosidl_typesupport_fastrtps_cpp.hpp
[1.185s] -- Up-to-date symlink: /home/jetson/projects/bishe/edge/install/bishe_msgs/include/bishe_msgs/bishe_msgs/msg/detail/shared_frame_ref__rosidl_typesupport_fastrtps_cpp.hpp
[1.185s] -- Up-to-date symlink: /home/jetson/projects/bishe/edge/install/bishe_msgs/include/bishe_msgs/bishe_msgs/msg/rosidl_typesupport_fastrtps_cpp__visibility_control.h
[1.186s] -- Up-to-date symlink: /home/jetson/projects/bishe/edge/install/bishe_msgs/include/bishe_msgs/bishe_msgs/msg/detail/detection_box__rosidl_typesupport_introspection_cpp.hpp
[1.186s] -- Up-to-date symlink: /home/jetson/projects/bishe/edge/install/bishe_msgs/include/bishe_msgs/bishe_msgs/msg/detail/detector_result__rosidl_typesupport_introspection_cpp.hpp
[1.186s] -- Up-to-date symlink: /home/jetson/projects/bishe/edge/install/bishe_msgs/include/bishe_msgs/bishe_msgs/msg/detail/shared_frame_ref__rosidl_typesupport_introspection_cpp.hpp
[1.187s] -- Up-to-date symlink: /home/jetson/projects/bishe/edge/install/bishe_msgs/share/bishe_msgs/environment/pythonpath.sh
[1.187s] -- Up-to-date symlink: /home/jetson/projects/bishe/edge/install/bishe_msgs/share/bishe_msgs/environment/pythonpath.dsv
[1.187s] -- Up-to-date symlink: /home/jetson/projects/bishe/edge/install/bishe_msgs/local/lib/python3.10/dist-packages/bishe_msgs-0.1.0-py3.10.egg-info/PKG-INFO
[1.188s] -- Up-to-date symlink: /home/jetson/projects/bishe/edge/install/bishe_msgs/local/lib/python3.10/dist-packages/bishe_msgs-0.1.0-py3.10.egg-info/SOURCES.txt
[1.188s] -- Up-to-date symlink: /home/jetson/projects/bishe/edge/install/bishe_msgs/local/lib/python3.10/dist-packages/bishe_msgs-0.1.0-py3.10.egg-info/dependency_links.txt
[1.188s] -- Up-to-date symlink: /home/jetson/projects/bishe/edge/install/bishe_msgs/local/lib/python3.10/dist-packages/bishe_msgs-0.1.0-py3.10.egg-info/top_level.txt
[1.189s] -- Up-to-date symlink: /home/jetson/projects/bishe/edge/install/bishe_msgs/local/lib/python3.10/dist-packages/bishe_msgs/__init__.py
[1.189s] -- Up-to-date symlink: /home/jetson/projects/bishe/edge/install/bishe_msgs/local/lib/python3.10/dist-packages/bishe_msgs/_bishe_msgs_s.ep.rosidl_typesupport_c.c
[1.190s] -- Up-to-date symlink: /home/jetson/projects/bishe/edge/install/bishe_msgs/local/lib/python3.10/dist-packages/bishe_msgs/_bishe_msgs_s.ep.rosidl_typesupport_fastrtps_c.c
[1.190s] -- Up-to-date symlink: /home/jetson/projects/bishe/edge/install/bishe_msgs/local/lib/python3.10/dist-packages/bishe_msgs/_bishe_msgs_s.ep.rosidl_typesupport_introspection_c.c
[1.190s] -- Up-to-date symlink: /home/jetson/projects/bishe/edge/install/bishe_msgs/local/lib/python3.10/dist-packages/bishe_msgs/bishe_msgs_s__rosidl_typesupport_c.cpython-310-aarch64-linux-gnu.so
[1.190s] -- Up-to-date symlink: /home/jetson/projects/bishe/edge/install/bishe_msgs/local/lib/python3.10/dist-packages/bishe_msgs/bishe_msgs_s__rosidl_typesupport_fastrtps_c.cpython-310-aarch64-linux-gnu.so
[1.190s] -- Up-to-date symlink: /home/jetson/projects/bishe/edge/install/bishe_msgs/local/lib/python3.10/dist-packages/bishe_msgs/bishe_msgs_s__rosidl_typesupport_introspection_c.cpython-310-aarch64-linux-gnu.so
[1.190s] -- Up-to-date symlink: /home/jetson/projects/bishe/edge/install/bishe_msgs/local/lib/python3.10/dist-packages/bishe_msgs/libbishe_msgs__rosidl_generator_py.so
[1.191s] -- Up-to-date symlink: /home/jetson/projects/bishe/edge/install/bishe_msgs/local/lib/python3.10/dist-packages/bishe_msgs/msg/__init__.py
[1.191s] -- Up-to-date symlink: /home/jetson/projects/bishe/edge/install/bishe_msgs/local/lib/python3.10/dist-packages/bishe_msgs/msg/_detection_box.py
[1.191s] -- Up-to-date symlink: /home/jetson/projects/bishe/edge/install/bishe_msgs/local/lib/python3.10/dist-packages/bishe_msgs/msg/_detection_box_s.c
[1.191s] -- Up-to-date symlink: /home/jetson/projects/bishe/edge/install/bishe_msgs/local/lib/python3.10/dist-packages/bishe_msgs/msg/_detector_result.py
[1.192s] -- Up-to-date symlink: /home/jetson/projects/bishe/edge/install/bishe_msgs/local/lib/python3.10/dist-packages/bishe_msgs/msg/_detector_result_s.c
[1.192s] -- Up-to-date symlink: /home/jetson/projects/bishe/edge/install/bishe_msgs/local/lib/python3.10/dist-packages/bishe_msgs/msg/_shared_frame_ref.py
[1.192s] -- Up-to-date symlink: /home/jetson/projects/bishe/edge/install/bishe_msgs/local/lib/python3.10/dist-packages/bishe_msgs/msg/_shared_frame_ref_s.c
[1.193s] -- Up-to-date symlink: /home/jetson/projects/bishe/edge/install/bishe_msgs/local/lib/python3.10/dist-packages/bishe_msgs/bishe_msgs_s__rosidl_typesupport_fastrtps_c.cpython-310-aarch64-linux-gnu.so
[1.193s] -- Up-to-date symlink: /home/jetson/projects/bishe/edge/install/bishe_msgs/local/lib/python3.10/dist-packages/bishe_msgs/bishe_msgs_s__rosidl_typesupport_introspection_c.cpython-310-aarch64-linux-gnu.so
[1.193s] -- Up-to-date symlink: /home/jetson/projects/bishe/edge/install/bishe_msgs/local/lib/python3.10/dist-packages/bishe_msgs/bishe_msgs_s__rosidl_typesupport_c.cpython-310-aarch64-linux-gnu.so
[1.194s] -- Up-to-date symlink: /home/jetson/projects/bishe/edge/install/bishe_msgs/share/bishe_msgs/msg/DetectorResult.idl
[1.194s] -- Up-to-date symlink: /home/jetson/projects/bishe/edge/install/bishe_msgs/share/bishe_msgs/msg/SharedFrameRef.idl
[1.194s] -- Up-to-date symlink: /home/jetson/projects/bishe/edge/install/bishe_msgs/share/bishe_msgs/msg/DetectorResult.msg
[1.194s] -- Up-to-date symlink: /home/jetson/projects/bishe/edge/install/bishe_msgs/share/bishe_msgs/msg/SharedFrameRef.msg
[1.195s] -- Up-to-date symlink: /home/jetson/projects/bishe/edge/install/bishe_msgs/include/bishe_msgs/shared_frame_ring.hpp
[1.195s] -- Up-to-date symlink: /home/jetson/projects/bishe/edge/install/bishe_msgs/share/ament_index/resource_index/package_run_dependencies/bishe_msgs
[1.195s] -- Up-to-date symlink: /home/jetson/projects/bishe/edge/install/bishe_msgs/share/ament_index/resource_index/parent_prefix_path/bishe_msgs
[1.196s] -- Up-to-date symlink: /home/jetson/projects/bishe/edge/install/bishe_msgs/share/bishe_msgs/environment/ament_prefix_path.sh
[1.196s] -- Up-to-date symlink: /home/jetson/projects/bishe/edge/install/bishe_msgs/share/bishe_msgs/environment/ament_prefix_path.dsv
[1.196s] -- Up-to-date symlink: /home/jetson/projects/bishe/edge/install/bishe_msgs/share/bishe_msgs/environment/path.sh
[1.197s] -- Up-to-date symlink: /home/jetson/projects/bishe/edge/install/bishe_msgs/share/bishe_msgs/environment/path.dsv
[1.197s] -- Up-to-date symlink: /home/jetson/projects/bishe/edge/install/bishe_msgs/share/bishe_msgs/local_setup.bash
[1.197s] -- Up-to-date symlink: /home/jetson/projects/bishe/edge/install/bishe_msgs/share/bishe_msgs/local_setup.sh
[1.197s] -- Up-to-date symlink: /home/jetson/projects/bishe/edge/install/bishe_msgs/share/bishe_msgs/local_setup.zsh
[1.198s] -- Up-to-date symlink: /home/jetson/projects/bishe/edge/install/bishe_msgs/share/bishe_msgs/local_setup.dsv
[1.198s] -- Symlinking: /home/jetson/projects/bishe/edge/install/bishe_msgs/share/bishe_msgs/package.dsv
[1.212s] -- Up-to-date symlink: /home/jetson/projects/bishe/edge/install/bishe_msgs/share/ament_index/resource_index/packages/bishe_msgs
[1.212s] -- Up-to-date symlink: /home/jetson/projects/bishe/edge/install/bishe_msgs/share/bishe_msgs/cmake/rosidl_cmake-extras.cmake
[1.213s] -- Up-to-date symlink: /home/jetson/projects/bishe/edge/install/bishe_msgs/share/bishe_msgs/cmake/ament_cmake_export_dependencies-extras.cmake
[1.213s] -- Up-to-date symlink: /home/jetson/projects/bishe/edge/install/bishe_msgs/share/bishe_msgs/cmake/ament_cmake_export_include_directories-extras.cmake
[1.213s] -- Up-to-date symlink: /home/jetson/projects/bishe/edge/install/bishe_msgs/share/bishe_msgs/cmake/ament_cmake_export_libraries-extras.cmake
[1.213s] -- Up-to-date symlink: /home/jetson/projects/bishe/edge/install/bishe_msgs/share/bishe_msgs/cmake/ament_cmake_export_targets-extras.cmake
[1.213s] -- Up-to-date symlink: /home/jetson/projects/bishe/edge/install/bishe_msgs/share/bishe_msgs/cmake/rosidl_cmake_export_typesupport_targets-extras.cmake
[1.214s] -- Up-to-date symlink: /home/jetson/projects/bishe/edge/install/bishe_msgs/share/bishe_msgs/cmake/rosidl_cmake_export_typesupport_libraries-extras.cmake
[1.215s] -- Up-to-date symlink: /home/jetson/projects/bishe/edge/install/bishe_msgs/share/bishe_msgs/cmake/bishe_msgsConfig.cmake
[1.215s] -- Up-to-date symlink: /home/jetson/projects/bishe/edge/install/bishe_msgs/share/bishe_msgs/cmake/bishe_msgsConfig-version.cmake
[1.215s] -- Up-to-date symlink: /home/jetson/projects/bishe/edge/install/bishe_msgs/share/bishe_msgs/package.xml
[1.215s] -- Up-to-date: /home/jetson/projects/bishe/edge/install/bishe_msgs/lib/libbishe_msgs__rosidl_generator_c.so
[1.215s] -- Up-to-date: /home/jetson/projects/bishe/edge/install/bishe_msgs/lib/libbishe_msgs__rosidl_typesupport_fastrtps_c.so
[1.216s] -- Up-to-date: /home/jetson/projects/bishe/edge/install/bishe_msgs/lib/libbishe_msgs__rosidl_typesupport_introspection_c.so
[1.216s] -- Up-to-date: /home/jetson/projects/bishe/edge/install/bishe_msgs/lib/libbishe_msgs__rosidl_typesupport_c.so
[1.217s] -- Up-to-date: /home/jetson/projects/bishe/edge/install/bishe_msgs/lib/libbishe_msgs__rosidl_typesupport_fastrtps_cpp.so
[1.217s] -- Up-to-date: /home/jetson/projects/bishe/edge/install/bishe_msgs/lib/libbishe_msgs__rosidl_typesupport_introspection_cpp.so
[1.218s] -- Up-to-date: /home/jetson/projects/bishe/edge/install/bishe_msgs/lib/libbishe_msgs__rosidl_typesupport_cpp.so
[1.273s] Listing '/home/jetson/projects/bishe/edge/install/bishe_msgs/local/lib/python3.10/dist-packages/bishe_msgs'...
[1.273s] Listing '/home/jetson/projects/bishe/edge/install/bishe_msgs/local/lib/python3.10/dist-packages/bishe_msgs/msg'...
[1.283s] -- Up-to-date: /home/jetson/projects/bishe/edge/install/bishe_msgs/lib/libbishe_msgs__rosidl_generator_py.so
[1.283s] -- Up-to-date: /home/jetson/projects/bishe/edge/install/bishe_msgs/share/bishe_msgs/cmake/export_bishe_msgs__rosidl_generator_cExport.cmake
[1.284s] -- Up-to-date: /home/jetson/projects/bishe/edge/install/bishe_msgs/share/bishe_msgs/cmake/export_bishe_msgs__rosidl_generator_cExport-noconfig.cmake
[1.284s] -- Up-to-date: /home/jetson/projects/bishe/edge/install/bishe_msgs/share/bishe_msgs/cmake/export_bishe_msgs__rosidl_typesupport_fastrtps_cExport.cmake
[1.284s] -- Up-to-date: /home/jetson/projects/bishe/edge/install/bishe_msgs/share/bishe_msgs/cmake/export_bishe_msgs__rosidl_typesupport_fastrtps_cExport-noconfig.cmake
[1.284s] -- Up-to-date: /home/jetson/projects/bishe/edge/install/bishe_msgs/share/bishe_msgs/cmake/bishe_msgs__rosidl_typesupport_introspection_cExport.cmake
[1.284s] -- Up-to-date: /home/jetson/projects/bishe/edge/install/bishe_msgs/share/bishe_msgs/cmake/bishe_msgs__rosidl_typesupport_introspection_cExport-noconfig.cmake
[1.284s] -- Up-to-date: /home/jetson/projects/bishe/edge/install/bishe_msgs/share/bishe_msgs/cmake/bishe_msgs__rosidl_typesupport_cExport.cmake
[1.284s] -- Up-to-date: /home/jetson/projects/bishe/edge/install/bishe_msgs/share/bishe_msgs/cmake/bishe_msgs__rosidl_typesupport_cExport-noconfig.cmake
[1.285s] -- Up-to-date: /home/jetson/projects/bishe/edge/install/bishe_msgs/share/bishe_msgs/cmake/export_bishe_msgs__rosidl_generator_cppExport.cmake
[1.285s] -- Up-to-date: /home/jetson/projects/bishe/edge/install/bishe_msgs/share/bishe_msgs/cmake/export_bishe_msgs__rosidl_typesupport_fastrtps_cppExport.cmake
[1.285s] -- Up-to-date: /home/jetson/projects/bishe/edge/install/bishe_msgs/share/bishe_msgs/cmake/export_bishe_msgs__rosidl_typesupport_fastrtps_cppExport-noconfig.cmake
[1.285s] -- Up-to-date: /home/jetson/projects/bishe/edge/install/bishe_msgs/share/bishe_msgs/cmake/bishe_msgs__rosidl_typesupport_introspection_cppExport.cmake
[1.285s] -- Up-to-date: /home/jetson/projects/bishe/edge/install/bishe_msgs/share/bishe_msgs/cmake/bishe_msgs__rosidl_typesupport_introspection_cppExport-noconfig.cmake
[1.285s] -- Up-to-date: /home/jetson/projects/bishe/edge/install/bishe_msgs/share/bishe_msgs/cmake/bishe_msgs__rosidl_typesupport_cppExport.cmake
[1.285s] -- Up-to-date: /home/jetson/projects/bishe/edge/install/bishe_msgs/share/bishe_msgs/cmake/bishe_msgs__rosidl_typesupport_cppExport-noconfig.cmake
[1.285s] -- Up-to-date: /home/jetson/projects/bishe/edge/install/bishe_msgs/share/bishe_msgs/cmake/export_bishe_msgs__rosidl_generator_pyExport.cmake
[1.286s] -- Up-to-date: /home/jetson/projects/bishe/edge/install/bishe_msgs/share/bishe_msgs/cmake/export_bishe_msgs__rosidl_generator_pyExport-noconfig.cmake
[1.290s] Invoked command in '/home/jetson/projects/bishe/edge/build/bishe_msgs' returned '0': CMAKE_PREFIX_PATH=${CMAKE_PREFIX_PATH}:/home/jetson/projects/bishe/edge/install/bishe_launch:/opt/ros/humble /usr/bin/cmake --install /home/jetson/projects/bishe/edge/build/bishe_msgs
