/usr/bin/ld: warning: libopencv_imgcodecs.so.4.5d, needed by /opt/ros/humble/lib/libcv_bridge.so, may conflict with libopencv_imgcodecs.so.410
/usr/bin/ld: warning: libopencv_core.so.4.5d, needed by /opt/ros/humble/lib/libcv_bridge.so, may conflict with libopencv_core.so.410
/usr/bin/ld: CMakeFiles/monitor_node.dir/src/monitor_node.cpp.o: in function `buildAlarmEventPayload(std::__cxx11::basic_string<char, std::char_traits<char>, std::allocator<char> > const&, std::__cxx11::basic_string<char, std::char_traits<char>, std::allocator<char> > const&, std::__cxx11::basic_string<char, std::char_traits<char>, std::allocator<char> > const&, long)':
monitor_node.cpp:(.text._Z22buildAlarmEventPayloadRKNSt7__cxx1112basic_stringIcSt11char_traitsIcESaIcEEES6_S6_l[_Z22buildAlarmEventPayloadRKNSt7__cxx1112basic_stringIcSt11char_traitsIcESaIcEEES6_S6_l]+0x40): undefined reference to `Json::Value::Value(Json::ValueType)'
/usr/bin/ld: monitor_node.cpp:(.text._Z22buildAlarmEventPayloadRKNSt7__cxx1112basic_stringIcSt11char_traitsIcESaIcEEES6_S6_l[_Z22buildAlarmEventPayloadRKNSt7__cxx1112basic_stringIcSt11char_traitsIcESaIcEEES6_S6_l]+0x4c): undefined reference to `Json::Value::Value(std::__cxx11::basic_string<char, std::char_traits<char>, std::allocator<char> > const&)'
/usr/bin/ld: monitor_node.cpp:(.text._Z22buildAlarmEventPayloadRKNSt7__cxx1112basic_stringIcSt11char_traitsIcESaIcEEES6_S6_l[_Z22buildAlarmEventPayloadRKNSt7__cxx1112basic_stringIcSt11char_traitsIcESaIcEEES6_S6_l]+0x60): undefined reference to `Json::Value::operator[](char const*)'
/usr/bin/ld: monitor_node.cpp:(.text._Z22buildAlarmEventPayloadRKNSt7__cxx1112basic_stringIcSt11char_traitsIcESaIcEEES6_S6_l[_Z22buildAlarmEventPayloadRKNSt7__cxx1112basic_stringIcSt11char_traitsIcESaIcEEES6_S6_l]+0x74): undefined reference to `Json::Value::operator=(Json::Value&&)'
/usr/bin/ld: monitor_node.cpp:(.text._Z22buildAlarmEventPayloadRKNSt7__cxx1112basic_stringIcSt11char_traitsIcESaIcEEES6_S6_l[_Z22buildAlarmEventPayloadRKNSt7__cxx1112basic_stringIcSt11char_traitsIcESaIcEEES6_S6_l]+0x7c): undefined reference to `Json::Value::~Value()'
/usr/bin/ld: monitor_node.cpp:(.text._Z22buildAlarmEventPayloadRKNSt7__cxx1112basic_stringIcSt11char_traitsIcESaIcEEES6_S6_l[_Z22buildAlarmEventPayloadRKNSt7__cxx1112basic_stringIcSt11char_traitsIcESaIcEEES6_S6_l]+0x88): undefined reference to `Json::Value::Value(std::__cxx11::basic_string<char, std::char_traits<char>, std::allocator<char> > const&)'
/usr/bin/ld: monitor_node.cpp:(.text._Z22buildAlarmEventPayloadRKNSt7__cxx1112basic_stringIcSt11char_traitsIcESaIcEEES6_S6_l[_Z22buildAlarmEventPayloadRKNSt7__cxx1112basic_stringIcSt11char_traitsIcESaIcEEES6_S6_l]+0x9c): undefined reference to `Json::Value::operator[](char const*)'
/usr/bin/ld: monitor_node.cpp:(.text._Z22buildAlarmEventPayloadRKNSt7__cxx1112basic_stringIcSt11char_traitsIcESaIcEEES6_S6_l[_Z22buildAlarmEventPayloadRKNSt7__cxx1112basic_stringIcSt11char_traitsIcESaIcEEES6_S6_l]+0xb0): undefined reference to `Json::Value::operator=(Json::Value&&)'
/usr/bin/ld: monitor_node.cpp:(.text._Z22buildAlarmEventPayloadRKNSt7__cxx1112basic_stringIcSt11char_traitsIcESaIcEEES6_S6_l[_Z22buildAlarmEventPayloadRKNSt7__cxx1112basic_stringIcSt11char_traitsIcESaIcEEES6_S6_l]+0xb8): undefined reference to `Json::Value::~Value()'
/usr/bin/ld: monitor_node.cpp:(.text._Z22buildAlarmEventPayloadRKNSt7__cxx1112basic_stringIcSt11char_traitsIcESaIcEEES6_S6_l[_Z22buildAlarmEventPayloadRKNSt7__cxx1112basic_stringIcSt11char_traitsIcESaIcEEES6_S6_l]+0xc4): undefined reference to `Json::Value::Value(std::__cxx11::basic_string<char, std::char_traits<char>, std::allocator<char> > const&)'
/usr/bin/ld: monitor_node.cpp:(.text._Z22buildAlarmEventPayloadRKNSt7__cxx1112basic_stringIcSt11char_traitsIcESaIcEEES6_S6_l[_Z22buildAlarmEventPayloadRKNSt7__cxx1112basic_stringIcSt11char_traitsIcESaIcEEES6_S6_l]+0xd8): undefined reference to `Json::Value::operator[](char const*)'
/usr/bin/ld: monitor_node.cpp:(.text._Z22buildAlarmEventPayloadRKNSt7__cxx1112basic_stringIcSt11char_traitsIcESaIcEEES6_S6_l[_Z22buildAlarmEventPayloadRKNSt7__cxx1112basic_stringIcSt11char_traitsIcESaIcEEES6_S6_l]+0xec): undefined reference to `Json::Value::operator=(Json::Value&&)'
/usr/bin/ld: monitor_node.cpp:(.text._Z22buildAlarmEventPayloadRKNSt7__cxx1112basic_stringIcSt11char_traitsIcESaIcEEES6_S6_l[_Z22buildAlarmEventPayloadRKNSt7__cxx1112basic_stringIcSt11char_traitsIcESaIcEEES6_S6_l]+0xf4): undefined reference to `Json::Value::~Value()'
/usr/bin/ld: monitor_node.cpp:(.text._Z22buildAlarmEventPayloadRKNSt7__cxx1112basic_stringIcSt11char_traitsIcESaIcEEES6_S6_l[_Z22buildAlarmEventPayloadRKNSt7__cxx1112basic_stringIcSt11char_traitsIcESaIcEEES6_S6_l]+0x100): undefined reference to `Json::Value::Value(long)'
/usr/bin/ld: monitor_node.cpp:(.text._Z22buildAlarmEventPayloadRKNSt7__cxx1112basic_stringIcSt11char_traitsIcESaIcEEES6_S6_l[_Z22buildAlarmEventPayloadRKNSt7__cxx1112basic_stringIcSt11char_traitsIcESaIcEEES6_S6_l]+0x114): undefined reference to `Json::Value::operator[](char const*)'
/usr/bin/ld: monitor_node.cpp:(.text._Z22buildAlarmEventPayloadRKNSt7__cxx1112basic_stringIcSt11char_traitsIcESaIcEEES6_S6_l[_Z22buildAlarmEventPayloadRKNSt7__cxx1112basic_stringIcSt11char_traitsIcESaIcEEES6_S6_l]+0x128): undefined reference to `Json::Value::operator=(Json::Value&&)'
/usr/bin/ld: monitor_node.cpp:(.text._Z22buildAlarmEventPayloadRKNSt7__cxx1112basic_stringIcSt11char_traitsIcESaIcEEES6_S6_l[_Z22buildAlarmEventPayloadRKNSt7__cxx1112basic_stringIcSt11char_traitsIcESaIcEEES6_S6_l]+0x130): undefined reference to `Json::Value::~Value()'
/usr/bin/ld: monitor_node.cpp:(.text._Z22buildAlarmEventPayloadRKNSt7__cxx1112basic_stringIcSt11char_traitsIcESaIcEEES6_S6_l[_Z22buildAlarmEventPayloadRKNSt7__cxx1112basic_stringIcSt11char_traitsIcESaIcEEES6_S6_l]+0x138): undefined reference to `Json::StreamWriterBuilder::StreamWriterBuilder()'
/usr/bin/ld: monitor_node.cpp:(.text._Z22buildAlarmEventPayloadRKNSt7__cxx1112basic_stringIcSt11char_traitsIcESaIcEEES6_S6_l[_Z22buildAlarmEventPayloadRKNSt7__cxx1112basic_stringIcSt11char_traitsIcESaIcEEES6_S6_l]+0x14c): undefined reference to `Json::Value::Value(char const*)'
/usr/bin/ld: monitor_node.cpp:(.text._Z22buildAlarmEventPayloadRKNSt7__cxx1112basic_stringIcSt11char_traitsIcESaIcEEES6_S6_l[_Z22buildAlarmEventPayloadRKNSt7__cxx1112basic_stringIcSt11char_traitsIcESaIcEEES6_S6_l]+0x17c): undefined reference to `Json::StreamWriterBuilder::operator[](std::__cxx11::basic_string<char, std::char_traits<char>, std::allocator<char> > const&)'
/usr/bin/ld: monitor_node.cpp:(.text._Z22buildAlarmEventPayloadRKNSt7__cxx1112basic_stringIcSt11char_traitsIcESaIcEEES6_S6_l[_Z22buildAlarmEventPayloadRKNSt7__cxx1112basic_stringIcSt11char_traitsIcESaIcEEES6_S6_l]+0x190): undefined reference to `Json::Value::operator=(Json::Value&&)'
/usr/bin/ld: monitor_node.cpp:(.text._Z22buildAlarmEventPayloadRKNSt7__cxx1112basic_stringIcSt11char_traitsIcESaIcEEES6_S6_l[_Z22buildAlarmEventPayloadRKNSt7__cxx1112basic_stringIcSt11char_traitsIcESaIcEEES6_S6_l]+0x1a8): undefined reference to `Json::Value::~Value()'
/usr/bin/ld: monitor_node.cpp:(.text._Z22buildAlarmEventPayloadRKNSt7__cxx1112basic_stringIcSt11char_traitsIcESaIcEEES6_S6_l[_Z22buildAlarmEventPayloadRKNSt7__cxx1112basic_stringIcSt11char_traitsIcESaIcEEES6_S6_l]+0x1b8): undefined reference to `Json::writeString[abi:cxx11](Json::StreamWriter::Factory const&, Json::Value const&)'
/usr/bin/ld: monitor_node.cpp:(.text._Z22buildAlarmEventPayloadRKNSt7__cxx1112basic_stringIcSt11char_traitsIcESaIcEEES6_S6_l[_Z22buildAlarmEventPayloadRKNSt7__cxx1112basic_stringIcSt11char_traitsIcESaIcEEES6_S6_l]+0x1c4): undefined reference to `Json::StreamWriterBuilder::~StreamWriterBuilder()'
/usr/bin/ld: monitor_node.cpp:(.text._Z22buildAlarmEventPayloadRKNSt7__cxx1112basic_stringIcSt11char_traitsIcESaIcEEES6_S6_l[_Z22buildAlarmEventPayloadRKNSt7__cxx1112basic_stringIcSt11char_traitsIcESaIcEEES6_S6_l]+0x1cc): undefined reference to `Json::Value::~Value()'
/usr/bin/ld: monitor_node.cpp:(.text._Z22buildAlarmEventPayloadRKNSt7__cxx1112basic_stringIcSt11char_traitsIcESaIcEEES6_S6_l[_Z22buildAlarmEventPayloadRKNSt7__cxx1112basic_stringIcSt11char_traitsIcESaIcEEES6_S6_l]+0x1fc): undefined reference to `Json::Value::~Value()'
/usr/bin/ld: monitor_node.cpp:(.text._Z22buildAlarmEventPayloadRKNSt7__cxx1112basic_stringIcSt11char_traitsIcESaIcEEES6_S6_l[_Z22buildAlarmEventPayloadRKNSt7__cxx1112basic_stringIcSt11char_traitsIcESaIcEEES6_S6_l]+0x20c): undefined reference to `Json::Value::~Value()'
/usr/bin/ld: monitor_node.cpp:(.text._Z22buildAlarmEventPayloadRKNSt7__cxx1112basic_stringIcSt11char_traitsIcESaIcEEES6_S6_l[_Z22buildAlarmEventPayloadRKNSt7__cxx1112basic_stringIcSt11char_traitsIcESaIcEEES6_S6_l]+0x21c): undefined reference to `Json::Value::~Value()'
/usr/bin/ld: monitor_node.cpp:(.text._Z22buildAlarmEventPayloadRKNSt7__cxx1112basic_stringIcSt11char_traitsIcESaIcEEES6_S6_l[_Z22buildAlarmEventPayloadRKNSt7__cxx1112basic_stringIcSt11char_traitsIcESaIcEEES6_S6_l]+0x22c): undefined reference to `Json::Value::~Value()'
/usr/bin/ld: CMakeFiles/monitor_node.dir/src/monitor_node.cpp.o:monitor_node.cpp:(.text._Z22buildAlarmEventPayloadRKNSt7__cxx1112basic_stringIcSt11char_traitsIcESaIcEEES6_S6_l[_Z22buildAlarmEventPayloadRKNSt7__cxx1112basic_stringIcSt11char_traitsIcESaIcEEES6_S6_l]+0x254): more undefined references to `Json::Value::~Value()' follow
/usr/bin/ld: CMakeFiles/monitor_node.dir/src/monitor_node.cpp.o: in function `buildAlarmEventPayload(std::__cxx11::basic_string<char, std::char_traits<char>, std::allocator<char> > const&, std::__cxx11::basic_string<char, std::char_traits<char>, std::allocator<char> > const&, std::__cxx11::basic_string<char, std::char_traits<char>, std::allocator<char> > const&, long)':
monitor_node.cpp:(.text._Z22buildAlarmEventPayloadRKNSt7__cxx1112basic_stringIcSt11char_traitsIcESaIcEEES6_S6_l[_Z22buildAlarmEventPayloadRKNSt7__cxx1112basic_stringIcSt11char_traitsIcESaIcEEES6_S6_l]+0x264): undefined reference to `Json::StreamWriterBuilder::~StreamWriterBuilder()'
/usr/bin/ld: monitor_node.cpp:(.text._Z22buildAlarmEventPayloadRKNSt7__cxx1112basic_stringIcSt11char_traitsIcESaIcEEES6_S6_l[_Z22buildAlarmEventPayloadRKNSt7__cxx1112basic_stringIcSt11char_traitsIcESaIcEEES6_S6_l]+0x274): undefined reference to `Json::Value::~Value()'
collect2: error: ld returned 1 exit status
gmake[2]: *** [CMakeFiles/monitor_node.dir/build.make:253：monitor_node] 错误 1
gmake[1]: *** [CMakeFiles/Makefile2:163：CMakeFiles/monitor_node.dir/all] 错误 2
gmake: *** [Makefile:146：all] 错误 2
