-- Found ament_cmake: 1.3.12 (/opt/ros/humble/share/ament_cmake/cmake)
-- Override CMake install command with custom implementation using symlinks instead of copying resources
-- Found rclcpp: 16.0.16 (/opt/ros/humble/share/rclcpp/cmake)
-- Found rosidl_generator_c: 3.1.7 (/opt/ros/humble/share/rosidl_generator_c/cmake)
-- Found rosidl_adapter: 3.1.7 (/opt/ros/humble/share/rosidl_adapter/cmake)
-- Found rosidl_generator_cpp: 3.1.7 (/opt/ros/humble/share/rosidl_generator_cpp/cmake)
-- Using all available rosidl_typesupport_c: rosidl_typesupport_fastrtps_c;rosidl_typesupport_introspection_c
-- Using all available rosidl_typesupport_cpp: rosidl_typesupport_fastrtps_cpp;rosidl_typesupport_introspection_cpp
-- Found rmw_implementation_cmake: 6.1.2 (/opt/ros/humble/share/rmw_implementation_cmake/cmake)
-- Found rmw_fastrtps_cpp: 6.2.9 (/opt/ros/humble/share/rmw_fastrtps_cpp/cmake)
-- Using RMW implementation 'rmw_fastrtps_cpp' as default
-- Found bishe_msgs: 0.1.0 (/home/jetson/projects/bishe/edge/install/bishe_msgs/share/bishe_msgs/cmake)
-- Found cv_bridge: 3.2.1 (/opt/ros/humble/share/cv_bridge/cmake)
-- Found gtest sources under '/opt/ros/humble/src/gtest_vendor': C++ tests using 'Google Test' will be built
-- Configuring done
-- Generating done
-- Build files have been written to: /home/jetson/projects/bishe/edge/build/bishe_monitor
Consolidate compiler generated dependencies of target gtest_main
Consolidate compiler generated dependencies of target gtest
Consolidate compiler generated dependencies of target monitor_node
[ 14%] Built target gtest_main
[ 28%] Built target gtest
[ 35%] Building CXX object CMakeFiles/monitor_node.dir/src/monitor_node.cpp.o
Consolidate compiler generated dependencies of target test_alarm_upload_gate
Consolidate compiler generated dependencies of target test_async_task_worker
Consolidate compiler generated dependencies of target test_alarm_playback_command
Consolidate compiler generated dependencies of target test_alarm_event_payload
[ 50%] Built target test_alarm_upload_gate
[ 64%] Built target test_alarm_playback_command
[ 78%] Built target test_async_task_worker
[ 92%] Built target test_alarm_event_payload
[100%] Linking CXX executable monitor_node
/usr/bin/ld: warning: libopencv_imgcodecs.so.4.5d, needed by /opt/ros/humble/lib/libcv_bridge.so, may conflict with libopencv_imgcodecs.so.410
/usr/bin/ld: warning: libopencv_core.so.4.5d, needed by /opt/ros/humble/lib/libcv_bridge.so, may conflict with libopencv_core.so.410
/usr/bin/ld: CMakeFiles/monitor_node.dir/src/monitor_node.cpp.o: in function `buildAlarmEventPayload(std::__cxx11::basic_string<char, std::char_traits<char>, std::allocator<char> > const&, std::__cxx11::basic_string<char, std::char_traits<char>, std::allocator<char> > const&, std::__cxx11::basic_string<char, std::char_traits<char>, std::allocator<char> > const&, long)':
monitor_node.cpp:(.text._Z22buildAlarmEventPayloadRKNSt7__cxx1112basic_stringIcSt11char_traitsIcESaIcEEES6_S6_l[_Z22buildAlarmEventPayloadRKNSt7__cxx1112basic_stringIcSt11char_traitsIcESaIcEEES6_S6_l]+0x40): undefined reference to `Json::Value::Value(Json::ValueType)'
/usr/bin/ld: monitor_node.cpp:(.text._Z22buildAlarmEventPayloadRKNSt7__cxx1112basic_stringIcSt11char_traitsIcESaIcEEES6_S6_l[_Z22buildAlarmEventPayloadRKNSt7__cxx1112basic_stringIcSt11char_traitsIcESaIcEEES6_S6_l]+0x4c): undefined reference to `Json::Value::Value(std::__cxx11::basic_string<char, std::char_traits<char>, std::allocator<char> > const&)'
/usr/bin/ld: monitor_node.cpp:(.text._Z22buildAlarmEventPayloadRKNSt7__cxx1112basic_stringIcSt11char_traitsIcESaIcEEES6_S6_l[_Z22buildAlarmEventPayloadRKNSt7__cxx1112basic_stringIcSt11char_traitsIcESaIcEEES6_S6_l]+0x60): undefined reference to `Json::Value::operator[](char const*)'
/usr/bin/ld: monitor_node.cpp:(.text._Z22buildAlarmEventPayloadRKNSt7__cxx1112basic_stringIcSt11char_traitsIcESaIcEEES6_S6_l[_Z22buildAlarmEventPayloadRKNSt7__cxx1112basic_stringIcSt11char_traitsIcESaIcEEES6_S6_l]+0x74): undefined reference to `Json::Value::operator=(Json::Value&&)'
/usr/bin/ld: monitor_node.cpp:(.text._Z22buildAlarmEventPayloadRKNSt7__cxx1112basic_stringIcSt11char_traitsIcESaIcEEES6_S6_l[_Z22buildAlarmEventPayloadRKNSt7__cxx1112basic_stringIcSt11char_traitsIcESaIcEEES6_S6_l]+0x7c): undefined reference to `Json::Value::~Value()'
/usr/bin/ld: monitor_node.cpp:(.text._Z22buildAlarmEventPayloadRKNSt7__cxx1112basic_stringIcSt11char_traitsIcESaIcEEES6_S6_l[_Z22buildAlarmEventPayloadRKNSt7__cxx1112basic_stringIcSt11char_traitsIcESaIcEEES6_S6_l]+0x88): undefined reference to `Json::Value::Value(std::__cxx11::basic_string<char, std::char_traits<char>, std::allocator<char> > const&)'
/usr/bin/ld: monitor_node.cpp:(.text._Z22buildAlarmEventPayloadRKNSt7__cxx1112basic_stringIcSt11char_traitsIcESaIcEEES6_S6_l[_Z22buildAlarmEventPayloadRKNSt7__cxx1112basic_stringIcSt11char_traitsIcESaIcEEES6_S6_l]+0x9c): undefined reference to `Json::Value::operator[](char const*)'
/usr/bin/ld: monitor_node.cpp:(.text._Z22buildAlarmEventPayloadRKNSt7__cxx1112basic_stringIcSt11char_traitsIcESaIcEEES6_S6_l[_Z22buildAlarmEventPayloadRKNSt7__cxx1112basic_stringIcSt11char_traitsIcESaIcEEES6_S6_l]+0xb0): undefined reference to `Json::Value::operator=(Json::Value&&)'
/usr/bin/ld: monitor_node.cpp:(.text._Z22buildAlarmEventPayloadRKNSt7__cxx1112basic_stringIcSt11char_traitsIcESaIcEEES6_S6_l[_Z22buildAlarmEventPayloadRKNSt7__cxx1112basic_stringIcSt11char_traitsIcESaIcEEES6_S6_l]+0xb8): undefined reference to `Json::Value::~Value()'
/usr/bin/ld: monitor_node.cpp:(.text._Z22buildAlarmEventPayloadRKNSt7__cxx1112basic_stringIcSt11char_traitsIcESaIcEEES6_S6_l[_Z22buildAlarmEventPayloadRKNSt7__cxx1112basic_stringIcSt11char_traitsIcESaIcEEES6_S6_l]+0xc4): undefined reference to `Json::Value::Value(std::__cxx11::basic_string<char, std::char_traits<char>, std::allocator<char> > const&)'
/usr/bin/ld: monitor_node.cpp:(.text._Z22buildAlarmEventPayloadRKNSt7__cxx1112basic_stringIcSt11char_traitsIcESaIcEEES6_S6_l[_Z22buildAlarmEventPayloadRKNSt7__cxx1112basic_stringIcSt11char_traitsIcESaIcEEES6_S6_l]+0xd8): undefined reference to `Json::Value::operator[](char const*)'
/usr/bin/ld: monitor_node.cpp:(.text._Z22buildAlarmEventPayloadRKNSt7__cxx1112basic_stringIcSt11char_traitsIcESaIcEEES6_S6_l[_Z22buildAlarmEventPayloadRKNSt7__cxx1112basic_stringIcSt11char_traitsIcESaIcEEES6_S6_l]+0xec): undefined reference to `Json::Value::operator=(Json::Value&&)'
/usr/bin/ld: monitor_node.cpp:(.text._Z22buildAlarmEventPayloadRKNSt7__cxx1112basic_stringIcSt11char_traitsIcESaIcEEES6_S6_l[_Z22buildAlarmEventPayloadRKNSt7__cxx1112basic_stringIcSt11char_traitsIcESaIcEEES6_S6_l]+0xf4): undefined reference to `Json::Value::~Value()'
/usr/bin/ld: monitor_node.cpp:(.text._Z22buildAlarmEventPayloadRKNSt7__cxx1112basic_stringIcSt11char_traitsIcESaIcEEES6_S6_l[_Z22buildAlarmEventPayloadRKNSt7__cxx1112basic_stringIcSt11char_traitsIcESaIcEEES6_S6_l]+0x100): undefined reference to `Json::Value::Value(long)'
/usr/bin/ld: monitor_node.cpp:(.text._Z22buildAlarmEventPayloadRKNSt7__cxx1112basic_stringIcSt11char_traitsIcESaIcEEES6_S6_l[_Z22buildAlarmEventPayloadRKNSt7__cxx1112basic_stringIcSt11char_traitsIcESaIcEEES6_S6_l]+0x114): undefined reference to `Json::Value::operator[](char const*)'
/usr/bin/ld: monitor_node.cpp:(.text._Z22buildAlarmEventPayloadRKNSt7__cxx1112basic_stringIcSt11char_traitsIcESaIcEEES6_S6_l[_Z22buildAlarmEventPayloadRKNSt7__cxx1112basic_stringIcSt11char_traitsIcESaIcEEES6_S6_l]+0x128): undefined reference to `Json::Value::operator=(Json::Value&&)'
/usr/bin/ld: monitor_node.cpp:(.text._Z22buildAlarmEventPayloadRKNSt7__cxx1112basic_stringIcSt11char_traitsIcESaIcEEES6_S6_l[_Z22buildAlarmEventPayloadRKNSt7__cxx1112basic_stringIcSt11char_traitsIcESaIcEEES6_S6_l]+0x130): undefined reference to `Json::Value::~Value()'
/usr/bin/ld: monitor_node.cpp:(.text._Z22buildAlarmEventPayloadRKNSt7__cxx1112basic_stringIcSt11char_traitsIcESaIcEEES6_S6_l[_Z22buildAlarmEventPayloadRKNSt7__cxx1112basic_stringIcSt11char_traitsIcESaIcEEES6_S6_l]+0x138): undefined reference to `Json::StreamWriterBuilder::StreamWriterBuilder()'
/usr/bin/ld: monitor_node.cpp:(.text._Z22buildAlarmEventPayloadRKNSt7__cxx1112basic_stringIcSt11char_traitsIcESaIcEEES6_S6_l[_Z22buildAlarmEventPayloadRKNSt7__cxx1112basic_stringIcSt11char_traitsIcESaIcEEES6_S6_l]+0x14c): undefined reference to `Json::Value::Value(char const*)'
/usr/bin/ld: monitor_node.cpp:(.text._Z22buildAlarmEventPayloadRKNSt7__cxx1112basic_stringIcSt11char_traitsIcESaIcEEES6_S6_l[_Z22buildAlarmEventPayloadRKNSt7__cxx1112basic_stringIcSt11char_traitsIcESaIcEEES6_S6_l]+0x17c): undefined reference to `Json::StreamWriterBuilder::operator[](std::__cxx11::basic_string<char, std::char_traits<char>, std::allocator<char> > const&)'
/usr/bin/ld: monitor_node.cpp:(.text._Z22buildAlarmEventPayloadRKNSt7__cxx1112basic_stringIcSt11char_traitsIcESaIcEEES6_S6_l[_Z22buildAlarmEventPayloadRKNSt7__cxx1112basic_stringIcSt11char_traitsIcESaIcEEES6_S6_l]+0x190): undefined reference to `Json::Value::operator=(Json::Value&&)'
/usr/bin/ld: monitor_node.cpp:(.text._Z22buildAlarmEventPayloadRKNSt7__cxx1112basic_stringIcSt11char_traitsIcESaIcEEES6_S6_l[_Z22buildAlarmEventPayloadRKNSt7__cxx1112basic_stringIcSt11char_traitsIcESaIcEEES6_S6_l]+0x1a8): undefined reference to `Json::Value::~Value()'
/usr/bin/ld: monitor_node.cpp:(.text._Z22buildAlarmEventPayloadRKNSt7__cxx1112basic_stringIcSt11char_traitsIcESaIcEEES6_S6_l[_Z22buildAlarmEventPayloadRKNSt7__cxx1112basic_stringIcSt11char_traitsIcESaIcEEES6_S6_l]+0x1b8): undefined reference to `Json::writeString[abi:cxx11](Json::StreamWriter::Factory const&, Json::Value const&)'
/usr/bin/ld: monitor_node.cpp:(.text._Z22buildAlarmEventPayloadRKNSt7__cxx1112basic_stringIcSt11char_traitsIcESaIcEEES6_S6_l[_Z22buildAlarmEventPayloadRKNSt7__cxx1112basic_stringIcSt11char_traitsIcESaIcEEES6_S6_l]+0x1c4): undefined reference to `Json::StreamWriterBuilder::~StreamWriterBuilder()'
/usr/bin/ld: monitor_node.cpp:(.text._Z22buildAlarmEventPayloadRKNSt7__cxx1112basic_stringIcSt11char_traitsIcESaIcEEES6_S6_l[_Z22buildAlarmEventPayloadRKNSt7__cxx1112basic_stringIcSt11char_traitsIcESaIcEEES6_S6_l]+0x1cc): undefined reference to `Json::Value::~Value()'
/usr/bin/ld: monitor_node.cpp:(.text._Z22buildAlarmEventPayloadRKNSt7__cxx1112basic_stringIcSt11char_traitsIcESaIcEEES6_S6_l[_Z22buildAlarmEventPayloadRKNSt7__cxx1112basic_stringIcSt11char_traitsIcESaIcEEES6_S6_l]+0x1fc): undefined reference to `Json::Value::~Value()'
/usr/bin/ld: monitor_node.cpp:(.text._Z22buildAlarmEventPayloadRKNSt7__cxx1112basic_stringIcSt11char_traitsIcESaIcEEES6_S6_l[_Z22buildAlarmEventPayloadRKNSt7__cxx1112basic_stringIcSt11char_traitsIcESaIcEEES6_S6_l]+0x20c): undefined reference to `Json::Value::~Value()'
/usr/bin/ld: monitor_node.cpp:(.text._Z22buildAlarmEventPayloadRKNSt7__cxx1112basic_stringIcSt11char_traitsIcESaIcEEES6_S6_l[_Z22buildAlarmEventPayloadRKNSt7__cxx1112basic_stringIcSt11char_traitsIcESaIcEEES6_S6_l]+0x21c): undefined reference to `Json::Value::~Value()'
/usr/bin/ld: monitor_node.cpp:(.text._Z22buildAlarmEventPayloadRKNSt7__cxx1112basic_stringIcSt11char_traitsIcESaIcEEES6_S6_l[_Z22buildAlarmEventPayloadRKNSt7__cxx1112basic_stringIcSt11char_traitsIcESaIcEEES6_S6_l]+0x22c): undefined reference to `Json::Value::~Value()'
/usr/bin/ld: CMakeFiles/monitor_node.dir/src/monitor_node.cpp.o:monitor_node.cpp:(.text._Z22buildAlarmEventPayloadRKNSt7__cxx1112basic_stringIcSt11char_traitsIcESaIcEEES6_S6_l[_Z22buildAlarmEventPayloadRKNSt7__cxx1112basic_stringIcSt11char_traitsIcESaIcEEES6_S6_l]+0x254): more undefined references to `Json::Value::~Value()' follow
/usr/bin/ld: CMakeFiles/monitor_node.dir/src/monitor_node.cpp.o: in function `buildAlarmEventPayload(std::__cxx11::basic_string<char, std::char_traits<char>, std::allocator<char> > const&, std::__cxx11::basic_string<char, std::char_traits<char>, std::allocator<char> > const&, std::__cxx11::basic_string<char, std::char_traits<char>, std::allocator<char> > const&, long)':
monitor_node.cpp:(.text._Z22buildAlarmEventPayloadRKNSt7__cxx1112basic_stringIcSt11char_traitsIcESaIcEEES6_S6_l[_Z22buildAlarmEventPayloadRKNSt7__cxx1112basic_stringIcSt11char_traitsIcESaIcEEES6_S6_l]+0x264): undefined reference to `Json::StreamWriterBuilder::~StreamWriterBuilder()'
/usr/bin/ld: monitor_node.cpp:(.text._Z22buildAlarmEventPayloadRKNSt7__cxx1112basic_stringIcSt11char_traitsIcESaIcEEES6_S6_l[_Z22buildAlarmEventPayloadRKNSt7__cxx1112basic_stringIcSt11char_traitsIcESaIcEEES6_S6_l]+0x274): undefined reference to `Json::Value::~Value()'
collect2: error: ld returned 1 exit status
gmake[2]: *** [CMakeFiles/monitor_node.dir/build.make:253：monitor_node] 错误 1
gmake[1]: *** [CMakeFiles/Makefile2:163：CMakeFiles/monitor_node.dir/all] 错误 2
gmake: *** [Makefile:146：all] 错误 2
