[0.028s] Invoking command in '/home/jetson/projects/bishe/edge/build/bishe_monitor': AMENT_PREFIX_PATH=/home/jetson/projects/bishe/edge/install/bishe_msgs:${AMENT_PREFIX_PATH} CMAKE_PREFIX_PATH=/home/jetson/projects/bishe/edge/install/bishe_msgs:/opt/ros/humble LD_LIBRARY_PATH=/home/jetson/projects/bishe/edge/install/bishe_msgs/lib:/opt/ros/humble/opt/rviz_ogre_vendor/lib:/opt/ros/humble/lib/aarch64-linux-gnu:/opt/ros/humble/lib:/usr/local/cuda-12.6/lib64 PYTHONPATH=/home/jetson/projects/bishe/edge/install/bishe_msgs/local/lib/python3.10/dist-packages:${PYTHONPATH} /usr/bin/cmake /home/jetson/projects/bishe/edge/src/bishe_monitor -DCMAKE_INSTALL_PREFIX=/home/jetson/projects/bishe/edge/install/bishe_monitor
[0.060s] -- Found ament_cmake: 1.3.12 (/opt/ros/humble/share/ament_cmake/cmake)
[0.280s] -- Override CMake install command with custom implementation using symlinks instead of copying resources
[0.293s] -- Found rclcpp: 16.0.16 (/opt/ros/humble/share/rclcpp/cmake)
[0.343s] -- Found rosidl_generator_c: 3.1.7 (/opt/ros/humble/share/rosidl_generator_c/cmake)
[0.347s] -- Found rosidl_adapter: 3.1.7 (/opt/ros/humble/share/rosidl_adapter/cmake)
[0.357s] -- Found rosidl_generator_cpp: 3.1.7 (/opt/ros/humble/share/rosidl_generator_cpp/cmake)
[0.373s] -- Using all available rosidl_typesupport_c: rosidl_typesupport_fastrtps_c;rosidl_typesupport_introspection_c
[0.393s] -- Using all available rosidl_typesupport_cpp: rosidl_typesupport_fastrtps_cpp;rosidl_typesupport_introspection_cpp
[0.445s] -- Found rmw_implementation_cmake: 6.1.2 (/opt/ros/humble/share/rmw_implementation_cmake/cmake)
[0.448s] -- Found rmw_fastrtps_cpp: 6.2.9 (/opt/ros/humble/share/rmw_fastrtps_cpp/cmake)
[0.614s] -- Using RMW implementation 'rmw_fastrtps_cpp' as default
[0.695s] -- Found bishe_msgs: 0.1.0 (/home/jetson/projects/bishe/edge/install/bishe_msgs/share/bishe_msgs/cmake)
[0.770s] -- Found cv_bridge: 3.2.1 (/opt/ros/humble/share/cv_bridge/cmake)
[0.838s] -- Found gtest sources under '/opt/ros/humble/src/gtest_vendor': C++ tests using 'Google Test' will be built
[0.981s] -- Configuring done
[1.025s] -- Generating done
[1.038s] -- Build files have been written to: /home/jetson/projects/bishe/edge/build/bishe_monitor
[1.060s] Invoked command in '/home/jetson/projects/bishe/edge/build/bishe_monitor' returned '0': AMENT_PREFIX_PATH=/home/jetson/projects/bishe/edge/install/bishe_msgs:${AMENT_PREFIX_PATH} CMAKE_PREFIX_PATH=/home/jetson/projects/bishe/edge/install/bishe_msgs:/opt/ros/humble LD_LIBRARY_PATH=/home/jetson/projects/bishe/edge/install/bishe_msgs/lib:/opt/ros/humble/opt/rviz_ogre_vendor/lib:/opt/ros/humble/lib/aarch64-linux-gnu:/opt/ros/humble/lib:/usr/local/cuda-12.6/lib64 PYTHONPATH=/home/jetson/projects/bishe/edge/install/bishe_msgs/local/lib/python3.10/dist-packages:${PYTHONPATH} /usr/bin/cmake /home/jetson/projects/bishe/edge/src/bishe_monitor -DCMAKE_INSTALL_PREFIX=/home/jetson/projects/bishe/edge/install/bishe_monitor
[1.063s] Invoking command in '/home/jetson/projects/bishe/edge/build/bishe_monitor': AMENT_PREFIX_PATH=/home/jetson/projects/bishe/edge/install/bishe_msgs:${AMENT_PREFIX_PATH} CMAKE_PREFIX_PATH=/home/jetson/projects/bishe/edge/install/bishe_msgs:/opt/ros/humble LD_LIBRARY_PATH=/home/jetson/projects/bishe/edge/install/bishe_msgs/lib:/opt/ros/humble/opt/rviz_ogre_vendor/lib:/opt/ros/humble/lib/aarch64-linux-gnu:/opt/ros/humble/lib:/usr/local/cuda-12.6/lib64 PYTHONPATH=/home/jetson/projects/bishe/edge/install/bishe_msgs/local/lib/python3.10/dist-packages:${PYTHONPATH} /usr/bin/cmake --build /home/jetson/projects/bishe/edge/build/bishe_monitor -- -j6 -l6
[1.135s] Consolidate compiler generated dependencies of target gtest_main
[1.135s] Consolidate compiler generated dependencies of target gtest
[1.151s] Consolidate compiler generated dependencies of target monitor_node
[1.159s] [ 14%] Built target gtest_main
[1.173s] [ 28%] Built target gtest
[1.176s] [ 35%] Building CXX object CMakeFiles/monitor_node.dir/src/monitor_node.cpp.o
[1.195s] Consolidate compiler generated dependencies of target test_alarm_upload_gate
[1.196s] Consolidate compiler generated dependencies of target test_async_task_worker
[1.213s] Consolidate compiler generated dependencies of target test_alarm_playback_command
[1.224s] Consolidate compiler generated dependencies of target test_alarm_event_payload
[1.242s] [ 50%] Built target test_alarm_upload_gate
[1.263s] [ 64%] Built target test_alarm_playback_command
[1.266s] [ 78%] Built target test_async_task_worker
[1.269s] [ 92%] Built target test_alarm_event_payload
[23.001s] [100%] Linking CXX executable monitor_node
[23.597s] /usr/bin/ld: warning: libopencv_imgcodecs.so.4.5d, needed by /opt/ros/humble/lib/libcv_bridge.so, may conflict with libopencv_imgcodecs.so.410
[23.599s] /usr/bin/ld: warning: libopencv_core.so.4.5d, needed by /opt/ros/humble/lib/libcv_bridge.so, may conflict with libopencv_core.so.410
[24.361s] /usr/bin/ld: CMakeFiles/monitor_node.dir/src/monitor_node.cpp.o: in function `buildAlarmEventPayload(std::__cxx11::basic_string<char, std::char_traits<char>, std::allocator<char> > const&, std::__cxx11::basic_string<char, std::char_traits<char>, std::allocator<char> > const&, std::__cxx11::basic_string<char, std::char_traits<char>, std::allocator<char> > const&, long)':
[24.361s] monitor_node.cpp:(.text._Z22buildAlarmEventPayloadRKNSt7__cxx1112basic_stringIcSt11char_traitsIcESaIcEEES6_S6_l[_Z22buildAlarmEventPayloadRKNSt7__cxx1112basic_stringIcSt11char_traitsIcESaIcEEES6_S6_l]+0x40): undefined reference to `Json::Value::Value(Json::ValueType)'
[24.362s] /usr/bin/ld: monitor_node.cpp:(.text._Z22buildAlarmEventPayloadRKNSt7__cxx1112basic_stringIcSt11char_traitsIcESaIcEEES6_S6_l[_Z22buildAlarmEventPayloadRKNSt7__cxx1112basic_stringIcSt11char_traitsIcESaIcEEES6_S6_l]+0x4c): undefined reference to `Json::Value::Value(std::__cxx11::basic_string<char, std::char_traits<char>, std::allocator<char> > const&)'
[24.363s] /usr/bin/ld: monitor_node.cpp:(.text._Z22buildAlarmEventPayloadRKNSt7__cxx1112basic_stringIcSt11char_traitsIcESaIcEEES6_S6_l[_Z22buildAlarmEventPayloadRKNSt7__cxx1112basic_stringIcSt11char_traitsIcESaIcEEES6_S6_l]+0x60): undefined reference to `Json::Value::operator[](char const*)'
[24.363s] /usr/bin/ld: monitor_node.cpp:(.text._Z22buildAlarmEventPayloadRKNSt7__cxx1112basic_stringIcSt11char_traitsIcESaIcEEES6_S6_l[_Z22buildAlarmEventPayloadRKNSt7__cxx1112basic_stringIcSt11char_traitsIcESaIcEEES6_S6_l]+0x74): undefined reference to `Json::Value::operator=(Json::Value&&)'
[24.364s] /usr/bin/ld: monitor_node.cpp:(.text._Z22buildAlarmEventPayloadRKNSt7__cxx1112basic_stringIcSt11char_traitsIcESaIcEEES6_S6_l[_Z22buildAlarmEventPayloadRKNSt7__cxx1112basic_stringIcSt11char_traitsIcESaIcEEES6_S6_l]+0x7c): undefined reference to `Json::Value::~Value()'
[24.364s] /usr/bin/ld: monitor_node.cpp:(.text._Z22buildAlarmEventPayloadRKNSt7__cxx1112basic_stringIcSt11char_traitsIcESaIcEEES6_S6_l[_Z22buildAlarmEventPayloadRKNSt7__cxx1112basic_stringIcSt11char_traitsIcESaIcEEES6_S6_l]+0x88): undefined reference to `Json::Value::Value(std::__cxx11::basic_string<char, std::char_traits<char>, std::allocator<char> > const&)'
[24.365s] /usr/bin/ld: monitor_node.cpp:(.text._Z22buildAlarmEventPayloadRKNSt7__cxx1112basic_stringIcSt11char_traitsIcESaIcEEES6_S6_l[_Z22buildAlarmEventPayloadRKNSt7__cxx1112basic_stringIcSt11char_traitsIcESaIcEEES6_S6_l]+0x9c): undefined reference to `Json::Value::operator[](char const*)'
[24.365s] /usr/bin/ld: monitor_node.cpp:(.text._Z22buildAlarmEventPayloadRKNSt7__cxx1112basic_stringIcSt11char_traitsIcESaIcEEES6_S6_l[_Z22buildAlarmEventPayloadRKNSt7__cxx1112basic_stringIcSt11char_traitsIcESaIcEEES6_S6_l]+0xb0): undefined reference to `Json::Value::operator=(Json::Value&&)'
[24.366s] /usr/bin/ld: monitor_node.cpp:(.text._Z22buildAlarmEventPayloadRKNSt7__cxx1112basic_stringIcSt11char_traitsIcESaIcEEES6_S6_l[_Z22buildAlarmEventPayloadRKNSt7__cxx1112basic_stringIcSt11char_traitsIcESaIcEEES6_S6_l]+0xb8): undefined reference to `Json::Value::~Value()'
[24.366s] /usr/bin/ld: monitor_node.cpp:(.text._Z22buildAlarmEventPayloadRKNSt7__cxx1112basic_stringIcSt11char_traitsIcESaIcEEES6_S6_l[_Z22buildAlarmEventPayloadRKNSt7__cxx1112basic_stringIcSt11char_traitsIcESaIcEEES6_S6_l]+0xc4): undefined reference to `Json::Value::Value(std::__cxx11::basic_string<char, std::char_traits<char>, std::allocator<char> > const&)'
[24.367s] /usr/bin/ld: monitor_node.cpp:(.text._Z22buildAlarmEventPayloadRKNSt7__cxx1112basic_stringIcSt11char_traitsIcESaIcEEES6_S6_l[_Z22buildAlarmEventPayloadRKNSt7__cxx1112basic_stringIcSt11char_traitsIcESaIcEEES6_S6_l]+0xd8): undefined reference to `Json::Value::operator[](char const*)'
[24.368s] /usr/bin/ld: monitor_node.cpp:(.text._Z22buildAlarmEventPayloadRKNSt7__cxx1112basic_stringIcSt11char_traitsIcESaIcEEES6_S6_l[_Z22buildAlarmEventPayloadRKNSt7__cxx1112basic_stringIcSt11char_traitsIcESaIcEEES6_S6_l]+0xec): undefined reference to `Json::Value::operator=(Json::Value&&)'
[24.368s] /usr/bin/ld: monitor_node.cpp:(.text._Z22buildAlarmEventPayloadRKNSt7__cxx1112basic_stringIcSt11char_traitsIcESaIcEEES6_S6_l[_Z22buildAlarmEventPayloadRKNSt7__cxx1112basic_stringIcSt11char_traitsIcESaIcEEES6_S6_l]+0xf4): undefined reference to `Json::Value::~Value()'
[24.369s] /usr/bin/ld: monitor_node.cpp:(.text._Z22buildAlarmEventPayloadRKNSt7__cxx1112basic_stringIcSt11char_traitsIcESaIcEEES6_S6_l[_Z22buildAlarmEventPayloadRKNSt7__cxx1112basic_stringIcSt11char_traitsIcESaIcEEES6_S6_l]+0x100): undefined reference to `Json::Value::Value(long)'
[24.369s] /usr/bin/ld: monitor_node.cpp:(.text._Z22buildAlarmEventPayloadRKNSt7__cxx1112basic_stringIcSt11char_traitsIcESaIcEEES6_S6_l[_Z22buildAlarmEventPayloadRKNSt7__cxx1112basic_stringIcSt11char_traitsIcESaIcEEES6_S6_l]+0x114): undefined reference to `Json::Value::operator[](char const*)'
[24.370s] /usr/bin/ld: monitor_node.cpp:(.text._Z22buildAlarmEventPayloadRKNSt7__cxx1112basic_stringIcSt11char_traitsIcESaIcEEES6_S6_l[_Z22buildAlarmEventPayloadRKNSt7__cxx1112basic_stringIcSt11char_traitsIcESaIcEEES6_S6_l]+0x128): undefined reference to `Json::Value::operator=(Json::Value&&)'
[24.370s] /usr/bin/ld: monitor_node.cpp:(.text._Z22buildAlarmEventPayloadRKNSt7__cxx1112basic_stringIcSt11char_traitsIcESaIcEEES6_S6_l[_Z22buildAlarmEventPayloadRKNSt7__cxx1112basic_stringIcSt11char_traitsIcESaIcEEES6_S6_l]+0x130): undefined reference to `Json::Value::~Value()'
[24.370s] /usr/bin/ld: monitor_node.cpp:(.text._Z22buildAlarmEventPayloadRKNSt7__cxx1112basic_stringIcSt11char_traitsIcESaIcEEES6_S6_l[_Z22buildAlarmEventPayloadRKNSt7__cxx1112basic_stringIcSt11char_traitsIcESaIcEEES6_S6_l]+0x138): undefined reference to `Json::StreamWriterBuilder::StreamWriterBuilder()'
[24.371s] /usr/bin/ld: monitor_node.cpp:(.text._Z22buildAlarmEventPayloadRKNSt7__cxx1112basic_stringIcSt11char_traitsIcESaIcEEES6_S6_l[_Z22buildAlarmEventPayloadRKNSt7__cxx1112basic_stringIcSt11char_traitsIcESaIcEEES6_S6_l]+0x14c): undefined reference to `Json::Value::Value(char const*)'
[24.371s] /usr/bin/ld: monitor_node.cpp:(.text._Z22buildAlarmEventPayloadRKNSt7__cxx1112basic_stringIcSt11char_traitsIcESaIcEEES6_S6_l[_Z22buildAlarmEventPayloadRKNSt7__cxx1112basic_stringIcSt11char_traitsIcESaIcEEES6_S6_l]+0x17c): undefined reference to `Json::StreamWriterBuilder::operator[](std::__cxx11::basic_string<char, std::char_traits<char>, std::allocator<char> > const&)'
[24.371s] /usr/bin/ld: monitor_node.cpp:(.text._Z22buildAlarmEventPayloadRKNSt7__cxx1112basic_stringIcSt11char_traitsIcESaIcEEES6_S6_l[_Z22buildAlarmEventPayloadRKNSt7__cxx1112basic_stringIcSt11char_traitsIcESaIcEEES6_S6_l]+0x190): undefined reference to `Json::Value::operator=(Json::Value&&)'
[24.372s] /usr/bin/ld: monitor_node.cpp:(.text._Z22buildAlarmEventPayloadRKNSt7__cxx1112basic_stringIcSt11char_traitsIcESaIcEEES6_S6_l[_Z22buildAlarmEventPayloadRKNSt7__cxx1112basic_stringIcSt11char_traitsIcESaIcEEES6_S6_l]+0x1a8): undefined reference to `Json::Value::~Value()'
[24.372s] /usr/bin/ld: monitor_node.cpp:(.text._Z22buildAlarmEventPayloadRKNSt7__cxx1112basic_stringIcSt11char_traitsIcESaIcEEES6_S6_l[_Z22buildAlarmEventPayloadRKNSt7__cxx1112basic_stringIcSt11char_traitsIcESaIcEEES6_S6_l]+0x1b8): undefined reference to `Json::writeString[abi:cxx11](Json::StreamWriter::Factory const&, Json::Value const&)'
[24.373s] /usr/bin/ld: monitor_node.cpp:(.text._Z22buildAlarmEventPayloadRKNSt7__cxx1112basic_stringIcSt11char_traitsIcESaIcEEES6_S6_l[_Z22buildAlarmEventPayloadRKNSt7__cxx1112basic_stringIcSt11char_traitsIcESaIcEEES6_S6_l]+0x1c4): undefined reference to `Json::StreamWriterBuilder::~StreamWriterBuilder()'
[24.373s] /usr/bin/ld: monitor_node.cpp:(.text._Z22buildAlarmEventPayloadRKNSt7__cxx1112basic_stringIcSt11char_traitsIcESaIcEEES6_S6_l[_Z22buildAlarmEventPayloadRKNSt7__cxx1112basic_stringIcSt11char_traitsIcESaIcEEES6_S6_l]+0x1cc): undefined reference to `Json::Value::~Value()'
[24.373s] /usr/bin/ld: monitor_node.cpp:(.text._Z22buildAlarmEventPayloadRKNSt7__cxx1112basic_stringIcSt11char_traitsIcESaIcEEES6_S6_l[_Z22buildAlarmEventPayloadRKNSt7__cxx1112basic_stringIcSt11char_traitsIcESaIcEEES6_S6_l]+0x1fc): undefined reference to `Json::Value::~Value()'
[24.374s] /usr/bin/ld: monitor_node.cpp:(.text._Z22buildAlarmEventPayloadRKNSt7__cxx1112basic_stringIcSt11char_traitsIcESaIcEEES6_S6_l[_Z22buildAlarmEventPayloadRKNSt7__cxx1112basic_stringIcSt11char_traitsIcESaIcEEES6_S6_l]+0x20c): undefined reference to `Json::Value::~Value()'
[24.374s] /usr/bin/ld: monitor_node.cpp:(.text._Z22buildAlarmEventPayloadRKNSt7__cxx1112basic_stringIcSt11char_traitsIcESaIcEEES6_S6_l[_Z22buildAlarmEventPayloadRKNSt7__cxx1112basic_stringIcSt11char_traitsIcESaIcEEES6_S6_l]+0x21c): undefined reference to `Json::Value::~Value()'
[24.374s] /usr/bin/ld: monitor_node.cpp:(.text._Z22buildAlarmEventPayloadRKNSt7__cxx1112basic_stringIcSt11char_traitsIcESaIcEEES6_S6_l[_Z22buildAlarmEventPayloadRKNSt7__cxx1112basic_stringIcSt11char_traitsIcESaIcEEES6_S6_l]+0x22c): undefined reference to `Json::Value::~Value()'
[24.374s] /usr/bin/ld: CMakeFiles/monitor_node.dir/src/monitor_node.cpp.o:monitor_node.cpp:(.text._Z22buildAlarmEventPayloadRKNSt7__cxx1112basic_stringIcSt11char_traitsIcESaIcEEES6_S6_l[_Z22buildAlarmEventPayloadRKNSt7__cxx1112basic_stringIcSt11char_traitsIcESaIcEEES6_S6_l]+0x254): more undefined references to `Json::Value::~Value()' follow
[24.374s] /usr/bin/ld: CMakeFiles/monitor_node.dir/src/monitor_node.cpp.o: in function `buildAlarmEventPayload(std::__cxx11::basic_string<char, std::char_traits<char>, std::allocator<char> > const&, std::__cxx11::basic_string<char, std::char_traits<char>, std::allocator<char> > const&, std::__cxx11::basic_string<char, std::char_traits<char>, std::allocator<char> > const&, long)':
[24.375s] monitor_node.cpp:(.text._Z22buildAlarmEventPayloadRKNSt7__cxx1112basic_stringIcSt11char_traitsIcESaIcEEES6_S6_l[_Z22buildAlarmEventPayloadRKNSt7__cxx1112basic_stringIcSt11char_traitsIcESaIcEEES6_S6_l]+0x264): undefined reference to `Json::StreamWriterBuilder::~StreamWriterBuilder()'
[24.375s] /usr/bin/ld: monitor_node.cpp:(.text._Z22buildAlarmEventPayloadRKNSt7__cxx1112basic_stringIcSt11char_traitsIcESaIcEEES6_S6_l[_Z22buildAlarmEventPayloadRKNSt7__cxx1112basic_stringIcSt11char_traitsIcESaIcEEES6_S6_l]+0x274): undefined reference to `Json::Value::~Value()'
[24.525s] collect2: error: ld returned 1 exit status
[24.528s] gmake[2]: *** [CMakeFiles/monitor_node.dir/build.make:253：monitor_node] 错误 1
[24.528s] gmake[1]: *** [CMakeFiles/Makefile2:163：CMakeFiles/monitor_node.dir/all] 错误 2
[24.528s] gmake: *** [Makefile:146：all] 错误 2
[24.532s] Invoked command in '/home/jetson/projects/bishe/edge/build/bishe_monitor' returned '2': AMENT_PREFIX_PATH=/home/jetson/projects/bishe/edge/install/bishe_msgs:${AMENT_PREFIX_PATH} CMAKE_PREFIX_PATH=/home/jetson/projects/bishe/edge/install/bishe_msgs:/opt/ros/humble LD_LIBRARY_PATH=/home/jetson/projects/bishe/edge/install/bishe_msgs/lib:/opt/ros/humble/opt/rviz_ogre_vendor/lib:/opt/ros/humble/lib/aarch64-linux-gnu:/opt/ros/humble/lib:/usr/local/cuda-12.6/lib64 PYTHONPATH=/home/jetson/projects/bishe/edge/install/bishe_msgs/local/lib/python3.10/dist-packages:${PYTHONPATH} /usr/bin/cmake --build /home/jetson/projects/bishe/edge/build/bishe_monitor -- -j6 -l6
