[0.042s] Invoking command in '/home/jetson/projects/bishe/build/bishe_msgs': CMAKE_PREFIX_PATH=${CMAKE_PREFIX_PATH}:/home/jetson/projects/bishe/install/bishe_launch:/opt/ros/humble /usr/bin/cmake --build /home/jetson/projects/bishe/build/bishe_msgs -- -j6 -l6
[0.520s] [  9%] Built target bishe_msgs__rosidl_generator_c
[0.520s] [ 12%] Built target bishe_msgs__cpp
[0.521s] [ 12%] Built target ament_cmake_python_symlink_bishe_msgs
[0.521s] [ 22%] Built target bishe_msgs__rosidl_typesupport_fastrtps_c
[0.521s] [ 41%] Built target bishe_msgs__rosidl_typesupport_introspection_cpp
[0.522s] [ 41%] Built target bishe_msgs__rosidl_typesupport_introspection_c
[0.522s] [ 51%] Built target bishe_msgs__rosidl_typesupport_fastrtps_cpp
[0.522s] [ 61%] Built target bishe_msgs__rosidl_typesupport_cpp
[0.522s] [ 70%] Built target bishe_msgs__rosidl_typesupport_c
[0.523s] [ 70%] Built target bishe_msgs
[0.523s] [ 74%] Built target bishe_msgs__py
[0.523s] [ 80%] Built target bishe_msgs__rosidl_generator_py
[0.524s] [ 96%] Built target bishe_msgs__rosidl_typesupport_c__pyext
[0.525s] [ 96%] Built target bishe_msgs__rosidl_typesupport_fastrtps_c__pyext
[0.526s] [100%] Built target bishe_msgs__rosidl_typesupport_introspection_c__pyext
[0.624s] running egg_info
[0.625s] writing bishe_msgs.egg-info/PKG-INFO
[0.626s] writing dependency_links to bishe_msgs.egg-info/dependency_links.txt
[0.626s] writing top-level names to bishe_msgs.egg-info/top_level.txt
[0.631s] reading manifest file 'bishe_msgs.egg-info/SOURCES.txt'
[0.632s] writing manifest file 'bishe_msgs.egg-info/SOURCES.txt'
[0.691s] [100%] Built target ament_cmake_python_build_bishe_msgs_egg
[0.710s] Invoked command in '/home/jetson/projects/bishe/build/bishe_msgs' returned '0': CMAKE_PREFIX_PATH=${CMAKE_PREFIX_PATH}:/home/jetson/projects/bishe/install/bishe_launch:/opt/ros/humble /usr/bin/cmake --build /home/jetson/projects/bishe/build/bishe_msgs -- -j6 -l6
[0.713s] Invoking command in '/home/jetson/projects/bishe/build/bishe_msgs': CMAKE_PREFIX_PATH=${CMAKE_PREFIX_PATH}:/home/jetson/projects/bishe/install/bishe_launch:/opt/ros/humble /usr/bin/cmake --install /home/jetson/projects/bishe/build/bishe_msgs
[0.727s] -- Install configuration: ""
[0.728s] -- Execute custom install script
[0.728s] -- Up-to-date symlink: /home/jetson/projects/bishe/install/bishe_msgs/share/ament_index/resource_index/rosidl_interfaces/bishe_msgs
[0.729s] -- Up-to-date symlink: /home/jetson/projects/bishe/install/bishe_msgs/include/bishe_msgs/bishe_msgs/msg/detail/detector_result__functions.h
[0.729s] -- Up-to-date symlink: /home/jetson/projects/bishe/install/bishe_msgs/include/bishe_msgs/bishe_msgs/msg/detail/detector_result__struct.h
[0.729s] -- Up-to-date symlink: /home/jetson/projects/bishe/install/bishe_msgs/include/bishe_msgs/bishe_msgs/msg/detail/detector_result__type_support.h
[0.729s] -- Up-to-date symlink: /home/jetson/projects/bishe/install/bishe_msgs/include/bishe_msgs/bishe_msgs/msg/detector_result.h
[0.729s] -- Up-to-date symlink: /home/jetson/projects/bishe/install/bishe_msgs/include/bishe_msgs/bishe_msgs/msg/rosidl_generator_c__visibility_control.h
[0.730s] -- Up-to-date symlink: /home/jetson/projects/bishe/install/bishe_msgs/share/bishe_msgs/environment/library_path.sh
[0.730s] -- Up-to-date symlink: /home/jetson/projects/bishe/install/bishe_msgs/share/bishe_msgs/environment/library_path.dsv
[0.731s] -- Up-to-date symlink: /home/jetson/projects/bishe/install/bishe_msgs/include/bishe_msgs/bishe_msgs/msg/detail/detector_result__rosidl_typesupport_fastrtps_c.h
[0.731s] -- Up-to-date symlink: /home/jetson/projects/bishe/install/bishe_msgs/include/bishe_msgs/bishe_msgs/msg/rosidl_typesupport_fastrtps_c__visibility_control.h
[0.731s] -- Up-to-date symlink: /home/jetson/projects/bishe/install/bishe_msgs/include/bishe_msgs/bishe_msgs/msg/detail/detector_result__rosidl_typesupport_introspection_c.h
[0.732s] -- Up-to-date symlink: /home/jetson/projects/bishe/install/bishe_msgs/include/bishe_msgs/bishe_msgs/msg/rosidl_typesupport_introspection_c__visibility_control.h
[0.732s] -- Up-to-date symlink: /home/jetson/projects/bishe/install/bishe_msgs/include/bishe_msgs/bishe_msgs/msg/detail/detector_result__builder.hpp
[0.732s] -- Up-to-date symlink: /home/jetson/projects/bishe/install/bishe_msgs/include/bishe_msgs/bishe_msgs/msg/detail/detector_result__struct.hpp
[0.733s] -- Up-to-date symlink: /home/jetson/projects/bishe/install/bishe_msgs/include/bishe_msgs/bishe_msgs/msg/detail/detector_result__traits.hpp
[0.733s] -- Up-to-date symlink: /home/jetson/projects/bishe/install/bishe_msgs/include/bishe_msgs/bishe_msgs/msg/detail/detector_result__type_support.hpp
[0.733s] -- Up-to-date symlink: /home/jetson/projects/bishe/install/bishe_msgs/include/bishe_msgs/bishe_msgs/msg/detector_result.hpp
[0.733s] -- Up-to-date symlink: /home/jetson/projects/bishe/install/bishe_msgs/include/bishe_msgs/bishe_msgs/msg/rosidl_generator_cpp__visibility_control.hpp
[0.734s] -- Up-to-date symlink: /home/jetson/projects/bishe/install/bishe_msgs/include/bishe_msgs/bishe_msgs/msg/detail/detector_result__rosidl_typesupport_fastrtps_cpp.hpp
[0.734s] -- Up-to-date symlink: /home/jetson/projects/bishe/install/bishe_msgs/include/bishe_msgs/bishe_msgs/msg/rosidl_typesupport_fastrtps_cpp__visibility_control.h
[0.734s] -- Up-to-date symlink: /home/jetson/projects/bishe/install/bishe_msgs/include/bishe_msgs/bishe_msgs/msg/detail/detector_result__rosidl_typesupport_introspection_cpp.hpp
[0.735s] -- Up-to-date symlink: /home/jetson/projects/bishe/install/bishe_msgs/share/bishe_msgs/environment/pythonpath.sh
[0.735s] -- Up-to-date symlink: /home/jetson/projects/bishe/install/bishe_msgs/share/bishe_msgs/environment/pythonpath.dsv
[0.735s] -- Up-to-date symlink: /home/jetson/projects/bishe/install/bishe_msgs/local/lib/python3.10/dist-packages/bishe_msgs-0.1.0-py3.10.egg-info/PKG-INFO
[0.736s] -- Up-to-date symlink: /home/jetson/projects/bishe/install/bishe_msgs/local/lib/python3.10/dist-packages/bishe_msgs-0.1.0-py3.10.egg-info/SOURCES.txt
[0.736s] -- Up-to-date symlink: /home/jetson/projects/bishe/install/bishe_msgs/local/lib/python3.10/dist-packages/bishe_msgs-0.1.0-py3.10.egg-info/dependency_links.txt
[0.736s] -- Up-to-date symlink: /home/jetson/projects/bishe/install/bishe_msgs/local/lib/python3.10/dist-packages/bishe_msgs-0.1.0-py3.10.egg-info/top_level.txt
[0.737s] -- Up-to-date symlink: /home/jetson/projects/bishe/install/bishe_msgs/local/lib/python3.10/dist-packages/bishe_msgs/__init__.py
[0.737s] -- Up-to-date symlink: /home/jetson/projects/bishe/install/bishe_msgs/local/lib/python3.10/dist-packages/bishe_msgs/_bishe_msgs_s.ep.rosidl_typesupport_c.c
[0.737s] -- Up-to-date symlink: /home/jetson/projects/bishe/install/bishe_msgs/local/lib/python3.10/dist-packages/bishe_msgs/_bishe_msgs_s.ep.rosidl_typesupport_fastrtps_c.c
[0.737s] -- Up-to-date symlink: /home/jetson/projects/bishe/install/bishe_msgs/local/lib/python3.10/dist-packages/bishe_msgs/_bishe_msgs_s.ep.rosidl_typesupport_introspection_c.c
[0.738s] -- Up-to-date symlink: /home/jetson/projects/bishe/install/bishe_msgs/local/lib/python3.10/dist-packages/bishe_msgs/bishe_msgs_s__rosidl_typesupport_c.cpython-310-aarch64-linux-gnu.so
[0.738s] -- Up-to-date symlink: /home/jetson/projects/bishe/install/bishe_msgs/local/lib/python3.10/dist-packages/bishe_msgs/bishe_msgs_s__rosidl_typesupport_fastrtps_c.cpython-310-aarch64-linux-gnu.so
[0.738s] -- Up-to-date symlink: /home/jetson/projects/bishe/install/bishe_msgs/local/lib/python3.10/dist-packages/bishe_msgs/bishe_msgs_s__rosidl_typesupport_introspection_c.cpython-310-aarch64-linux-gnu.so
[0.738s] -- Up-to-date symlink: /home/jetson/projects/bishe/install/bishe_msgs/local/lib/python3.10/dist-packages/bishe_msgs/libbishe_msgs__rosidl_generator_py.so
[0.738s] -- Up-to-date symlink: /home/jetson/projects/bishe/install/bishe_msgs/local/lib/python3.10/dist-packages/bishe_msgs/msg/__init__.py
[0.739s] -- Up-to-date symlink: /home/jetson/projects/bishe/install/bishe_msgs/local/lib/python3.10/dist-packages/bishe_msgs/msg/_detector_result.py
[0.739s] -- Up-to-date symlink: /home/jetson/projects/bishe/install/bishe_msgs/local/lib/python3.10/dist-packages/bishe_msgs/msg/_detector_result_s.c
[0.739s] -- Up-to-date symlink: /home/jetson/projects/bishe/install/bishe_msgs/local/lib/python3.10/dist-packages/bishe_msgs/bishe_msgs_s__rosidl_typesupport_fastrtps_c.cpython-310-aarch64-linux-gnu.so
[0.740s] -- Up-to-date symlink: /home/jetson/projects/bishe/install/bishe_msgs/local/lib/python3.10/dist-packages/bishe_msgs/bishe_msgs_s__rosidl_typesupport_introspection_c.cpython-310-aarch64-linux-gnu.so
[0.741s] -- Up-to-date symlink: /home/jetson/projects/bishe/install/bishe_msgs/local/lib/python3.10/dist-packages/bishe_msgs/bishe_msgs_s__rosidl_typesupport_c.cpython-310-aarch64-linux-gnu.so
[0.741s] -- Up-to-date symlink: /home/jetson/projects/bishe/install/bishe_msgs/share/bishe_msgs/msg/DetectorResult.idl
[0.741s] -- Up-to-date symlink: /home/jetson/projects/bishe/install/bishe_msgs/share/bishe_msgs/msg/DetectorResult.msg
[0.741s] -- Up-to-date symlink: /home/jetson/projects/bishe/install/bishe_msgs/share/ament_index/resource_index/package_run_dependencies/bishe_msgs
[0.741s] -- Up-to-date symlink: /home/jetson/projects/bishe/install/bishe_msgs/share/ament_index/resource_index/parent_prefix_path/bishe_msgs
[0.742s] -- Up-to-date symlink: /home/jetson/projects/bishe/install/bishe_msgs/share/bishe_msgs/environment/ament_prefix_path.sh
[0.742s] -- Up-to-date symlink: /home/jetson/projects/bishe/install/bishe_msgs/share/bishe_msgs/environment/ament_prefix_path.dsv
[0.742s] -- Up-to-date symlink: /home/jetson/projects/bishe/install/bishe_msgs/share/bishe_msgs/environment/path.sh
[0.742s] -- Up-to-date symlink: /home/jetson/projects/bishe/install/bishe_msgs/share/bishe_msgs/environment/path.dsv
[0.743s] -- Up-to-date symlink: /home/jetson/projects/bishe/install/bishe_msgs/share/bishe_msgs/local_setup.bash
[0.743s] -- Up-to-date symlink: /home/jetson/projects/bishe/install/bishe_msgs/share/bishe_msgs/local_setup.sh
[0.743s] -- Up-to-date symlink: /home/jetson/projects/bishe/install/bishe_msgs/share/bishe_msgs/local_setup.zsh
[0.743s] -- Up-to-date symlink: /home/jetson/projects/bishe/install/bishe_msgs/share/bishe_msgs/local_setup.dsv
[0.743s] -- Symlinking: /home/jetson/projects/bishe/install/bishe_msgs/share/bishe_msgs/package.dsv
[0.759s] -- Up-to-date symlink: /home/jetson/projects/bishe/install/bishe_msgs/share/ament_index/resource_index/packages/bishe_msgs
[0.759s] -- Up-to-date symlink: /home/jetson/projects/bishe/install/bishe_msgs/share/bishe_msgs/cmake/rosidl_cmake-extras.cmake
[0.759s] -- Up-to-date symlink: /home/jetson/projects/bishe/install/bishe_msgs/share/bishe_msgs/cmake/ament_cmake_export_dependencies-extras.cmake
[0.759s] -- Up-to-date symlink: /home/jetson/projects/bishe/install/bishe_msgs/share/bishe_msgs/cmake/ament_cmake_export_include_directories-extras.cmake
[0.760s] -- Up-to-date symlink: /home/jetson/projects/bishe/install/bishe_msgs/share/bishe_msgs/cmake/ament_cmake_export_libraries-extras.cmake
[0.760s] -- Up-to-date symlink: /home/jetson/projects/bishe/install/bishe_msgs/share/bishe_msgs/cmake/ament_cmake_export_targets-extras.cmake
[0.760s] -- Up-to-date symlink: /home/jetson/projects/bishe/install/bishe_msgs/share/bishe_msgs/cmake/rosidl_cmake_export_typesupport_targets-extras.cmake
[0.760s] -- Up-to-date symlink: /home/jetson/projects/bishe/install/bishe_msgs/share/bishe_msgs/cmake/rosidl_cmake_export_typesupport_libraries-extras.cmake
[0.761s] -- Up-to-date symlink: /home/jetson/projects/bishe/install/bishe_msgs/share/bishe_msgs/cmake/bishe_msgsConfig.cmake
[0.761s] -- Up-to-date symlink: /home/jetson/projects/bishe/install/bishe_msgs/share/bishe_msgs/cmake/bishe_msgsConfig-version.cmake
[0.761s] -- Up-to-date symlink: /home/jetson/projects/bishe/install/bishe_msgs/share/bishe_msgs/package.xml
[0.761s] -- Up-to-date: /home/jetson/projects/bishe/install/bishe_msgs/lib/libbishe_msgs__rosidl_generator_c.so
[0.762s] -- Up-to-date: /home/jetson/projects/bishe/install/bishe_msgs/lib/libbishe_msgs__rosidl_typesupport_fastrtps_c.so
[0.762s] -- Up-to-date: /home/jetson/projects/bishe/install/bishe_msgs/lib/libbishe_msgs__rosidl_typesupport_introspection_c.so
[0.763s] -- Up-to-date: /home/jetson/projects/bishe/install/bishe_msgs/lib/libbishe_msgs__rosidl_typesupport_c.so
[0.763s] -- Up-to-date: /home/jetson/projects/bishe/install/bishe_msgs/lib/libbishe_msgs__rosidl_typesupport_fastrtps_cpp.so
[0.764s] -- Up-to-date: /home/jetson/projects/bishe/install/bishe_msgs/lib/libbishe_msgs__rosidl_typesupport_introspection_cpp.so
[0.764s] -- Up-to-date: /home/jetson/projects/bishe/install/bishe_msgs/lib/libbishe_msgs__rosidl_typesupport_cpp.so
[0.828s] Listing '/home/jetson/projects/bishe/install/bishe_msgs/local/lib/python3.10/dist-packages/bishe_msgs'...
[0.828s] Listing '/home/jetson/projects/bishe/install/bishe_msgs/local/lib/python3.10/dist-packages/bishe_msgs/msg'...
[0.838s] -- Up-to-date: /home/jetson/projects/bishe/install/bishe_msgs/lib/libbishe_msgs__rosidl_generator_py.so
[0.839s] -- Up-to-date: /home/jetson/projects/bishe/install/bishe_msgs/share/bishe_msgs/cmake/export_bishe_msgs__rosidl_generator_cExport.cmake
[0.839s] -- Up-to-date: /home/jetson/projects/bishe/install/bishe_msgs/share/bishe_msgs/cmake/export_bishe_msgs__rosidl_generator_cExport-noconfig.cmake
[0.839s] -- Up-to-date: /home/jetson/projects/bishe/install/bishe_msgs/share/bishe_msgs/cmake/export_bishe_msgs__rosidl_typesupport_fastrtps_cExport.cmake
[0.839s] -- Up-to-date: /home/jetson/projects/bishe/install/bishe_msgs/share/bishe_msgs/cmake/export_bishe_msgs__rosidl_typesupport_fastrtps_cExport-noconfig.cmake
[0.840s] -- Up-to-date: /home/jetson/projects/bishe/install/bishe_msgs/share/bishe_msgs/cmake/bishe_msgs__rosidl_typesupport_introspection_cExport.cmake
[0.840s] -- Up-to-date: /home/jetson/projects/bishe/install/bishe_msgs/share/bishe_msgs/cmake/bishe_msgs__rosidl_typesupport_introspection_cExport-noconfig.cmake
[0.840s] -- Up-to-date: /home/jetson/projects/bishe/install/bishe_msgs/share/bishe_msgs/cmake/bishe_msgs__rosidl_typesupport_cExport.cmake
[0.841s] -- Up-to-date: /home/jetson/projects/bishe/install/bishe_msgs/share/bishe_msgs/cmake/bishe_msgs__rosidl_typesupport_cExport-noconfig.cmake
[0.841s] -- Up-to-date: /home/jetson/projects/bishe/install/bishe_msgs/share/bishe_msgs/cmake/export_bishe_msgs__rosidl_generator_cppExport.cmake
[0.842s] -- Up-to-date: /home/jetson/projects/bishe/install/bishe_msgs/share/bishe_msgs/cmake/export_bishe_msgs__rosidl_typesupport_fastrtps_cppExport.cmake
[0.842s] -- Up-to-date: /home/jetson/projects/bishe/install/bishe_msgs/share/bishe_msgs/cmake/export_bishe_msgs__rosidl_typesupport_fastrtps_cppExport-noconfig.cmake
[0.842s] -- Up-to-date: /home/jetson/projects/bishe/install/bishe_msgs/share/bishe_msgs/cmake/bishe_msgs__rosidl_typesupport_introspection_cppExport.cmake
[0.843s] -- Up-to-date: /home/jetson/projects/bishe/install/bishe_msgs/share/bishe_msgs/cmake/bishe_msgs__rosidl_typesupport_introspection_cppExport-noconfig.cmake
[0.843s] -- Up-to-date: /home/jetson/projects/bishe/install/bishe_msgs/share/bishe_msgs/cmake/bishe_msgs__rosidl_typesupport_cppExport.cmake
[0.843s] -- Up-to-date: /home/jetson/projects/bishe/install/bishe_msgs/share/bishe_msgs/cmake/bishe_msgs__rosidl_typesupport_cppExport-noconfig.cmake
[0.843s] -- Up-to-date: /home/jetson/projects/bishe/install/bishe_msgs/share/bishe_msgs/cmake/export_bishe_msgs__rosidl_generator_pyExport.cmake
[0.843s] -- Up-to-date: /home/jetson/projects/bishe/install/bishe_msgs/share/bishe_msgs/cmake/export_bishe_msgs__rosidl_generator_pyExport-noconfig.cmake
[0.849s] Invoked command in '/home/jetson/projects/bishe/build/bishe_msgs' returned '0': CMAKE_PREFIX_PATH=${CMAKE_PREFIX_PATH}:/home/jetson/projects/bishe/install/bishe_launch:/opt/ros/humble /usr/bin/cmake --install /home/jetson/projects/bishe/build/bishe_msgs
