[0.526s] Invoking command in '/home/jetson/projects/bishe/build/bishe_mqtt': CMAKE_PREFIX_PATH=${CMAKE_PREFIX_PATH}:/home/jetson/projects/bishe/install/bishe_launch:/opt/ros/humble /usr/bin/cmake --build /home/jetson/projects/bishe/build/bishe_mqtt -- -j6 -l6
[0.624s] [100%] Built target mqtt_node
[0.648s] Invoked command in '/home/jetson/projects/bishe/build/bishe_mqtt' returned '0': CMAKE_PREFIX_PATH=${CMAKE_PREFIX_PATH}:/home/jetson/projects/bishe/install/bishe_launch:/opt/ros/humble /usr/bin/cmake --build /home/jetson/projects/bishe/build/bishe_mqtt -- -j6 -l6
[0.650s] Invoking command in '/home/jetson/projects/bishe/build/bishe_mqtt': CMAKE_PREFIX_PATH=${CMAKE_PREFIX_PATH}:/home/jetson/projects/bishe/install/bishe_launch:/opt/ros/humble /usr/bin/cmake --install /home/jetson/projects/bishe/build/bishe_mqtt
[0.667s] -- Install configuration: ""
[0.667s] -- Up-to-date: /home/jetson/projects/bishe/install/bishe_mqtt/lib/bishe_mqtt/mqtt_node
[0.668s] -- Up-to-date: /home/jetson/projects/bishe/install/bishe_mqtt/share/ament_index/resource_index/package_run_dependencies/bishe_mqtt
[0.669s] -- Up-to-date: /home/jetson/projects/bishe/install/bishe_mqtt/share/ament_index/resource_index/parent_prefix_path/bishe_mqtt
[0.669s] -- Up-to-date: /home/jetson/projects/bishe/install/bishe_mqtt/share/bishe_mqtt/environment/ament_prefix_path.sh
[0.670s] -- Up-to-date: /home/jetson/projects/bishe/install/bishe_mqtt/share/bishe_mqtt/environment/ament_prefix_path.dsv
[0.670s] -- Up-to-date: /home/jetson/projects/bishe/install/bishe_mqtt/share/bishe_mqtt/environment/path.sh
[0.670s] -- Up-to-date: /home/jetson/projects/bishe/install/bishe_mqtt/share/bishe_mqtt/environment/path.dsv
[0.671s] -- Up-to-date: /home/jetson/projects/bishe/install/bishe_mqtt/share/bishe_mqtt/local_setup.bash
[0.671s] -- Up-to-date: /home/jetson/projects/bishe/install/bishe_mqtt/share/bishe_mqtt/local_setup.sh
[0.672s] -- Up-to-date: /home/jetson/projects/bishe/install/bishe_mqtt/share/bishe_mqtt/local_setup.zsh
[0.672s] -- Up-to-date: /home/jetson/projects/bishe/install/bishe_mqtt/share/bishe_mqtt/local_setup.dsv
[0.672s] -- Installing: /home/jetson/projects/bishe/install/bishe_mqtt/share/bishe_mqtt/package.dsv
[0.674s] -- Up-to-date: /home/jetson/projects/bishe/install/bishe_mqtt/share/ament_index/resource_index/packages/bishe_mqtt
[0.675s] -- Up-to-date: /home/jetson/projects/bishe/install/bishe_mqtt/share/bishe_mqtt/cmake/bishe_mqttConfig.cmake
[0.675s] -- Up-to-date: /home/jetson/projects/bishe/install/bishe_mqtt/share/bishe_mqtt/cmake/bishe_mqttConfig-version.cmake
[0.675s] -- Up-to-date: /home/jetson/projects/bishe/install/bishe_mqtt/share/bishe_mqtt/package.xml
[0.680s] Invoked command in '/home/jetson/projects/bishe/build/bishe_mqtt' returned '0': CMAKE_PREFIX_PATH=${CMAKE_PREFIX_PATH}:/home/jetson/projects/bishe/install/bishe_launch:/opt/ros/humble /usr/bin/cmake --install /home/jetson/projects/bishe/build/bishe_mqtt
