[0.018s] Invoking command in '/home/jetson/projects/bishe/build/bishe_detector': AMENT_PREFIX_PATH=/home/jetson/projects/bishe/install/bishe_msgs:${AMENT_PREFIX_PATH} CMAKE_PREFIX_PATH=/home/jetson/projects/bishe/install/bishe_msgs:/opt/ros/humble LD_LIBRARY_PATH=/home/jetson/projects/bishe/install/bishe_msgs/lib:/opt/ros/humble/opt/rviz_ogre_vendor/lib:/opt/ros/humble/lib/aarch64-linux-gnu:/opt/ros/humble/lib:/usr/local/cuda-12.6/lib64 PYTHONPATH=/home/jetson/projects/bishe/install/bishe_msgs/local/lib/python3.10/dist-packages:${PYTHONPATH} /usr/bin/cmake /home/jetson/projects/bishe/src/bishe_detector -DAMENT_CMAKE_SYMLINK_INSTALL=1 -DCMAKE_INSTALL_PREFIX=/home/jetson/projects/bishe/install/bishe_detector
[0.132s] -- The C compiler identification is GNU 11.4.0
[0.256s] -- The CXX compiler identification is GNU 11.4.0
[0.275s] -- Detecting C compiler ABI info
[0.461s] -- Detecting C compiler ABI info - done
[0.470s] -- Check for working C compiler: /usr/bin/cc - skipped
[0.470s] -- Detecting C compile features
[0.471s] -- Detecting C compile features - done
[0.477s] -- Detecting CXX compiler ABI info
[0.633s] -- Detecting CXX compiler ABI info - done
[0.641s] -- Check for working CXX compiler: /usr/bin/c++ - skipped
[0.641s] -- Detecting CXX compile features
[0.642s] -- Detecting CXX compile features - done
[0.679s] -- Looking for pthread.h
[0.837s] -- Looking for pthread.h - found
[0.837s] -- Performing Test CMAKE_HAVE_LIBC_PTHREAD
[0.972s] -- Performing Test CMAKE_HAVE_LIBC_PTHREAD - Success
[0.972s] -- Found Threads: TRUE  
[1.006s] -- Found CUDA: /usr/local/cuda-12.6 (found version "12.6") 
[1.061s] -- Found TensorRT: /usr/lib/aarch64-linux-gnu/libnvinfer.so (found version "..") 
[1.064s] -- Found ament_cmake: 1.3.12 (/opt/ros/humble/share/ament_cmake/cmake)
[1.490s] -- Found Python3: /usr/bin/python3 (found version "3.10.12") found components: Interpreter 
[1.623s] -- Override CMake install command with custom implementation using symlinks instead of copying resources
[1.662s] -- Found rclcpp: 16.0.16 (/opt/ros/humble/share/rclcpp/cmake)
[1.718s] -- Found rosidl_generator_c: 3.1.7 (/opt/ros/humble/share/rosidl_generator_c/cmake)
[1.726s] -- Found rosidl_adapter: 3.1.7 (/opt/ros/humble/share/rosidl_adapter/cmake)
[1.742s] -- Found rosidl_generator_cpp: 3.1.7 (/opt/ros/humble/share/rosidl_generator_cpp/cmake)
[1.758s] -- Using all available rosidl_typesupport_c: rosidl_typesupport_fastrtps_c;rosidl_typesupport_introspection_c
[1.785s] -- Using all available rosidl_typesupport_cpp: rosidl_typesupport_fastrtps_cpp;rosidl_typesupport_introspection_cpp
[1.856s] -- Found rmw_implementation_cmake: 6.1.2 (/opt/ros/humble/share/rmw_implementation_cmake/cmake)
[1.860s] -- Found rmw_fastrtps_cpp: 6.2.9 (/opt/ros/humble/share/rmw_fastrtps_cpp/cmake)
[2.042s] -- Found OpenSSL: /usr/lib/aarch64-linux-gnu/libcrypto.so (found version "3.0.2")  
[2.104s] -- Found FastRTPS: /opt/ros/humble/include  
[2.200s] -- Using RMW implementation 'rmw_fastrtps_cpp' as default
[2.309s] -- Found sensor_msgs: 4.9.0 (/opt/ros/humble/share/sensor_msgs/cmake)
[2.361s] -- Found image_transport: 3.1.12 (/opt/ros/humble/share/image_transport/cmake)
[2.415s] -- Found cv_bridge: 3.2.1 (/opt/ros/humble/share/cv_bridge/cmake)
[2.453s] -- Found OpenCV: /usr/local (found version "4.10.0") 
[2.453s] -- Found bishe_msgs: 0.1.0 (/home/jetson/projects/bishe/install/bishe_msgs/share/bishe_msgs/cmake)
[2.618s] -- Configuring done
[2.658s] -- Generating done
[2.677s] -- Build files have been written to: /home/jetson/projects/bishe/build/bishe_detector
[2.702s] Invoked command in '/home/jetson/projects/bishe/build/bishe_detector' returned '0': AMENT_PREFIX_PATH=/home/jetson/projects/bishe/install/bishe_msgs:${AMENT_PREFIX_PATH} CMAKE_PREFIX_PATH=/home/jetson/projects/bishe/install/bishe_msgs:/opt/ros/humble LD_LIBRARY_PATH=/home/jetson/projects/bishe/install/bishe_msgs/lib:/opt/ros/humble/opt/rviz_ogre_vendor/lib:/opt/ros/humble/lib/aarch64-linux-gnu:/opt/ros/humble/lib:/usr/local/cuda-12.6/lib64 PYTHONPATH=/home/jetson/projects/bishe/install/bishe_msgs/local/lib/python3.10/dist-packages:${PYTHONPATH} /usr/bin/cmake /home/jetson/projects/bishe/src/bishe_detector -DAMENT_CMAKE_SYMLINK_INSTALL=1 -DCMAKE_INSTALL_PREFIX=/home/jetson/projects/bishe/install/bishe_detector
[2.705s] Invoking command in '/home/jetson/projects/bishe/build/bishe_detector': AMENT_PREFIX_PATH=/home/jetson/projects/bishe/install/bishe_msgs:${AMENT_PREFIX_PATH} CMAKE_PREFIX_PATH=/home/jetson/projects/bishe/install/bishe_msgs:/opt/ros/humble LD_LIBRARY_PATH=/home/jetson/projects/bishe/install/bishe_msgs/lib:/opt/ros/humble/opt/rviz_ogre_vendor/lib:/opt/ros/humble/lib/aarch64-linux-gnu:/opt/ros/humble/lib:/usr/local/cuda-12.6/lib64 PYTHONPATH=/home/jetson/projects/bishe/install/bishe_msgs/local/lib/python3.10/dist-packages:${PYTHONPATH} /usr/bin/cmake --build /home/jetson/projects/bishe/build/bishe_detector -- -j6 -l6
[2.791s] [ 16%] Building CXX object CMakeFiles/detector_node.dir/src/detector_node.cpp.o
[2.798s] [ 33%] Building CXX object CMakeFiles/detector_node.dir/src/yolov8.cc.o
[2.798s] [ 50%] Building CXX object CMakeFiles/detector_node.dir/src/yolo.cc.o
[2.826s] [ 66%] Building CXX object CMakeFiles/detector_node.dir/src/int8_calibrator.cc.o
[2.844s] [ 83%] Building CXX object CMakeFiles/detector_node.dir/src/trt_engine.cc.o
[8.461s] /home/jetson/projects/bishe/src/bishe_detector/src/int8_calibrator.cc: In member function ‘virtual bool Int8EntropyCalibrator2::getBatch(void**, const char**, int)’:
[8.461s] /home/jetson/projects/bishe/src/bishe_detector/src/int8_calibrator.cc:33:69: warning: unused parameter ‘names’ [-Wunused-parameter]
[8.462s]    33 | bool Int8EntropyCalibrator2::getBatch(void* bindings[], const char* names[], int nbBindings) noexcept {
[8.462s]       |                                                         ~~~~~~~~~~~~^~~~~~~
[8.462s] /home/jetson/projects/bishe/src/bishe_detector/src/int8_calibrator.cc:33:82: warning: unused parameter ‘nbBindings’ [-Wunused-parameter]
[8.462s]    33 | bool Int8EntropyCalibrator2::getBatch(void* bindings[], const char* names[], int nbBindings) noexcept {
[8.462s]       |                                                                              ~~~~^~~~~~~~~~
[9.320s] /home/jetson/projects/bishe/src/bishe_detector/src/trt_engine.cc: In member function ‘void TrtEngine::BuildEngine(const string&, const string&, TrtPrecision)’:
[9.320s] /home/jetson/projects/bishe/src/bishe_detector/src/trt_engine.cc:20:28: warning: comparison of integer expressions of different signedness: ‘size_t’ {aka ‘long unsigned int’} and ‘int’ [-Wsign-compare]
[9.320s]    20 |         for (size_t i=0; i < parser->getNbErrors(); ++i) {
[9.320s]       |                          ~~^~~~~~~~~~~~~~~~~~~~~~~
[9.335s] /home/jetson/projects/bishe/src/bishe_detector/src/trt_engine.cc:42:38: warning: ‘void nvinfer1::IBuilderConfig::setInt8Calibrator(nvinfer1::IInt8Calibrator*)’ is deprecated [-Wdeprecated-declarations]
[9.335s]    42 |             config->setInt8Calibrator(calibrator_.get());
[9.335s]       |             ~~~~~~~~~~~~~~~~~~~~~~~~~^~~~~~~~~~~~~~~~~~~
[9.335s] In file included from /home/jetson/projects/bishe/src/bishe_detector/include/bishe_detector/trt_engine.h:6,
[9.335s]                  from /home/jetson/projects/bishe/src/bishe_detector/src/trt_engine.cc:1:
[9.336s] /usr/include/aarch64-linux-gnu/NvInfer.h:8825:25: note: declared here
[9.336s]  8825 |     TRT_DEPRECATED void setInt8Calibrator(IInt8Calibrator* calibrator) noexcept
[9.336s]       |                         ^~~~~~~~~~~~~~~~~
[9.352s] /home/jetson/projects/bishe/src/bishe_detector/src/trt_engine.cc: In member function ‘void TrtEngine::LoadEngine(const string&)’:
[9.352s] /home/jetson/projects/bishe/src/bishe_detector/src/trt_engine.cc:67:14: warning: unused variable ‘msg’ [-Wunused-variable]
[9.352s]    67 |         auto msg = "Error, unable to read engine file";
[9.352s]       |              ^~~
[9.354s] /home/jetson/projects/bishe/src/bishe_detector/src/trt_engine.cc: In member function ‘std::vector<long unsigned int> TrtEngine::GetInputDim()’:
[9.354s] /home/jetson/projects/bishe/src/bishe_detector/src/trt_engine.cc:112:26: warning: comparison of integer expressions of different signedness: ‘size_t’ {aka ‘long unsigned int’} and ‘const int32_t’ {aka ‘const int’} [-Wsign-compare]
[9.355s]   112 |         for(size_t i=0; i<dim.nbDims; ++i) {
[9.355s]       |                         ~^~~~~~~~~~~
[9.355s] /home/jetson/projects/bishe/src/bishe_detector/src/trt_engine.cc: In member function ‘std::vector<long unsigned int> TrtEngine::GetOutputDim()’:
[9.356s] /home/jetson/projects/bishe/src/bishe_detector/src/trt_engine.cc:125:26: warning: comparison of integer expressions of different signedness: ‘size_t’ {aka ‘long unsigned int’} and ‘const int32_t’ {aka ‘const int’} [-Wsign-compare]
[9.356s]   125 |         for(size_t i=0; i<dim.nbDims; ++i) {
[9.356s]       |                         ~^~~~~~~~~~~
[18.715s] [100%] Linking CXX executable detector_node
[19.099s] /usr/bin/ld: warning: libopencv_imgcodecs.so.4.5d, needed by /opt/ros/humble/lib/libcv_bridge.so, may conflict with libopencv_imgcodecs.so.410
[19.101s] /usr/bin/ld: warning: libopencv_imgproc.so.4.5d, needed by /opt/ros/humble/lib/libcv_bridge.so, may conflict with libopencv_imgproc.so.410
[19.104s] /usr/bin/ld: warning: libopencv_core.so.4.5d, needed by /opt/ros/humble/lib/libcv_bridge.so, may conflict with libopencv_core.so.410
[19.870s] [100%] Built target detector_node
[19.888s] Invoked command in '/home/jetson/projects/bishe/build/bishe_detector' returned '0': AMENT_PREFIX_PATH=/home/jetson/projects/bishe/install/bishe_msgs:${AMENT_PREFIX_PATH} CMAKE_PREFIX_PATH=/home/jetson/projects/bishe/install/bishe_msgs:/opt/ros/humble LD_LIBRARY_PATH=/home/jetson/projects/bishe/install/bishe_msgs/lib:/opt/ros/humble/opt/rviz_ogre_vendor/lib:/opt/ros/humble/lib/aarch64-linux-gnu:/opt/ros/humble/lib:/usr/local/cuda-12.6/lib64 PYTHONPATH=/home/jetson/projects/bishe/install/bishe_msgs/local/lib/python3.10/dist-packages:${PYTHONPATH} /usr/bin/cmake --build /home/jetson/projects/bishe/build/bishe_detector -- -j6 -l6
[19.891s] Invoking command in '/home/jetson/projects/bishe/build/bishe_detector': AMENT_PREFIX_PATH=/home/jetson/projects/bishe/install/bishe_msgs:${AMENT_PREFIX_PATH} CMAKE_PREFIX_PATH=/home/jetson/projects/bishe/install/bishe_msgs:/opt/ros/humble LD_LIBRARY_PATH=/home/jetson/projects/bishe/install/bishe_msgs/lib:/opt/ros/humble/opt/rviz_ogre_vendor/lib:/opt/ros/humble/lib/aarch64-linux-gnu:/opt/ros/humble/lib:/usr/local/cuda-12.6/lib64 PYTHONPATH=/home/jetson/projects/bishe/install/bishe_msgs/local/lib/python3.10/dist-packages:${PYTHONPATH} /usr/bin/cmake --install /home/jetson/projects/bishe/build/bishe_detector
[19.903s] -- Install configuration: ""
[19.905s] -- Execute custom install script
[19.905s] -- Symlinking: /home/jetson/projects/bishe/install/bishe_detector/lib/bishe_detector/detector_node
[19.920s] -- Symlinking: /home/jetson/projects/bishe/install/bishe_detector/include/bishe_detector/int8_calibrator.h
[19.935s] -- Symlinking: /home/jetson/projects/bishe/install/bishe_detector/include/bishe_detector/trt_engine.h
[19.949s] -- Symlinking: /home/jetson/projects/bishe/install/bishe_detector/include/bishe_detector/utils.h
[19.963s] -- Symlinking: /home/jetson/projects/bishe/install/bishe_detector/include/bishe_detector/yolo.h
[19.977s] -- Symlinking: /home/jetson/projects/bishe/install/bishe_detector/include/bishe_detector/yolov10.h
[19.993s] -- Symlinking: /home/jetson/projects/bishe/install/bishe_detector/include/bishe_detector/yolov5a.h
[20.008s] -- Symlinking: /home/jetson/projects/bishe/install/bishe_detector/include/bishe_detector/yolov8.h
[20.024s] -- Symlinking: /home/jetson/projects/bishe/install/bishe_detector/share/ament_index/resource_index/package_run_dependencies/bishe_detector
[20.039s] -- Symlinking: /home/jetson/projects/bishe/install/bishe_detector/share/ament_index/resource_index/parent_prefix_path/bishe_detector
[20.055s] -- Symlinking: /home/jetson/projects/bishe/install/bishe_detector/share/bishe_detector/environment/ament_prefix_path.sh
[20.071s] -- Symlinking: /home/jetson/projects/bishe/install/bishe_detector/share/bishe_detector/environment/ament_prefix_path.dsv
[20.085s] -- Symlinking: /home/jetson/projects/bishe/install/bishe_detector/share/bishe_detector/environment/path.sh
[20.099s] -- Symlinking: /home/jetson/projects/bishe/install/bishe_detector/share/bishe_detector/environment/path.dsv
[20.113s] -- Symlinking: /home/jetson/projects/bishe/install/bishe_detector/share/bishe_detector/local_setup.bash
[20.126s] -- Symlinking: /home/jetson/projects/bishe/install/bishe_detector/share/bishe_detector/local_setup.sh
[20.140s] -- Symlinking: /home/jetson/projects/bishe/install/bishe_detector/share/bishe_detector/local_setup.zsh
[20.154s] -- Symlinking: /home/jetson/projects/bishe/install/bishe_detector/share/bishe_detector/local_setup.dsv
[20.173s] -- Symlinking: /home/jetson/projects/bishe/install/bishe_detector/share/bishe_detector/package.dsv
[20.188s] -- Symlinking: /home/jetson/projects/bishe/install/bishe_detector/share/ament_index/resource_index/packages/bishe_detector
[20.204s] -- Symlinking: /home/jetson/projects/bishe/install/bishe_detector/share/bishe_detector/cmake/bishe_detectorConfig.cmake
[20.219s] -- Symlinking: /home/jetson/projects/bishe/install/bishe_detector/share/bishe_detector/cmake/bishe_detectorConfig-version.cmake
[20.233s] -- Symlinking: /home/jetson/projects/bishe/install/bishe_detector/share/bishe_detector/package.xml
[20.253s] Invoked command in '/home/jetson/projects/bishe/build/bishe_detector' returned '0': AMENT_PREFIX_PATH=/home/jetson/projects/bishe/install/bishe_msgs:${AMENT_PREFIX_PATH} CMAKE_PREFIX_PATH=/home/jetson/projects/bishe/install/bishe_msgs:/opt/ros/humble LD_LIBRARY_PATH=/home/jetson/projects/bishe/install/bishe_msgs/lib:/opt/ros/humble/opt/rviz_ogre_vendor/lib:/opt/ros/humble/lib/aarch64-linux-gnu:/opt/ros/humble/lib:/usr/local/cuda-12.6/lib64 PYTHONPATH=/home/jetson/projects/bishe/install/bishe_msgs/local/lib/python3.10/dist-packages:${PYTHONPATH} /usr/bin/cmake --install /home/jetson/projects/bishe/build/bishe_detector
