[0.035s] Invoking command in '/home/jetson/projects/bishe/build/bishe_camera': CMAKE_PREFIX_PATH=/opt/ros/humble /usr/bin/cmake --build /home/jetson/projects/bishe/build/bishe_camera -- -j6 -l6
[0.141s] Consolidate compiler generated dependencies of target camera_node
[0.168s] [100%] Built target camera_node
[0.191s] Invoked command in '/home/jetson/projects/bishe/build/bishe_camera' returned '0': CMAKE_PREFIX_PATH=/opt/ros/humble /usr/bin/cmake --build /home/jetson/projects/bishe/build/bishe_camera -- -j6 -l6
[0.209s] Invoking command in '/home/jetson/projects/bishe/build/bishe_camera': CMAKE_PREFIX_PATH=/opt/ros/humble /usr/bin/cmake --install /home/jetson/projects/bishe/build/bishe_camera
[0.224s] -- Install configuration: ""
[0.226s] -- Execute custom install script
[0.228s] -- Up-to-date symlink: /home/jetson/projects/bishe/install/bishe_camera/lib/bishe_camera/camera_node
[0.229s] -- Up-to-date symlink: /home/jetson/projects/bishe/install/bishe_camera/share/ament_index/resource_index/package_run_dependencies/bishe_camera
[0.231s] -- Up-to-date symlink: /home/jetson/projects/bishe/install/bishe_camera/share/ament_index/resource_index/parent_prefix_path/bishe_camera
[0.231s] -- Up-to-date symlink: /home/jetson/projects/bishe/install/bishe_camera/share/bishe_camera/environment/ament_prefix_path.sh
[0.233s] -- Up-to-date symlink: /home/jetson/projects/bishe/install/bishe_camera/share/bishe_camera/environment/ament_prefix_path.dsv
[0.233s] -- Up-to-date symlink: /home/jetson/projects/bishe/install/bishe_camera/share/bishe_camera/environment/path.sh
[0.234s] -- Up-to-date symlink: /home/jetson/projects/bishe/install/bishe_camera/share/bishe_camera/environment/path.dsv
[0.234s] -- Up-to-date symlink: /home/jetson/projects/bishe/install/bishe_camera/share/bishe_camera/local_setup.bash
[0.235s] -- Up-to-date symlink: /home/jetson/projects/bishe/install/bishe_camera/share/bishe_camera/local_setup.sh
[0.235s] -- Up-to-date symlink: /home/jetson/projects/bishe/install/bishe_camera/share/bishe_camera/local_setup.zsh
[0.235s] -- Up-to-date symlink: /home/jetson/projects/bishe/install/bishe_camera/share/bishe_camera/local_setup.dsv
[0.235s] -- Symlinking: /home/jetson/projects/bishe/install/bishe_camera/share/bishe_camera/package.dsv
[0.258s] -- Up-to-date symlink: /home/jetson/projects/bishe/install/bishe_camera/share/ament_index/resource_index/packages/bishe_camera
[0.259s] -- Up-to-date symlink: /home/jetson/projects/bishe/install/bishe_camera/share/bishe_camera/cmake/bishe_cameraConfig.cmake
[0.263s] -- Up-to-date symlink: /home/jetson/projects/bishe/install/bishe_camera/share/bishe_camera/cmake/bishe_cameraConfig-version.cmake
[0.264s] -- Up-to-date symlink: /home/jetson/projects/bishe/install/bishe_camera/share/bishe_camera/package.xml
[0.274s] Invoked command in '/home/jetson/projects/bishe/build/bishe_camera' returned '0': CMAKE_PREFIX_PATH=/opt/ros/humble /usr/bin/cmake --install /home/jetson/projects/bishe/build/bishe_camera
