[0.378s] colcon DEBUG Command line arguments: ['/usr/bin/colcon', 'build', '--packages-select', 'bishe_mqtt', 'bishe_launch', '--symlink-install']
[0.378s] colcon DEBUG Parsed command line arguments: Namespace(log_base=None, log_level=None, verb_name='build', build_base='build', install_base='install', merge_install=False, symlink_install=True, test_result_base=None, continue_on_error=False, executor='parallel', parallel_workers=6, event_handlers=None, ignore_user_meta=False, metas=['./colcon.meta'], base_paths=['.'], packages_ignore=None, packages_ignore_regex=None, paths=None, packages_up_to=None, packages_up_to_regex=None, packages_above=None, packages_above_and_dependencies=None, packages_above_depth=None, packages_select_by_dep=None, packages_skip_by_dep=None, packages_skip_up_to=None, packages_select_build_failed=False, packages_skip_build_finished=False, packages_select_test_failures=False, packages_skip_test_passed=False, packages_select=['bishe_mqtt', 'bishe_launch'], packages_skip=None, packages_select_regex=None, packages_skip_regex=None, packages_start=None, packages_end=None, allow_overriding=[], cmake_args=None, cmake_target=None, cmake_target_skip_unavailable=False, cmake_clean_cache=False, cmake_clean_first=False, cmake_force_configure=False, ament_cmake_args=None, catkin_cmake_args=None, catkin_skip_building_tests=False, verb_parser=<colcon_defaults.argument_parser.defaults.DefaultArgumentsDecorator object at 0xffff8db11930>, verb_extension=<colcon_core.verb.build.BuildVerb object at 0xffff8db113f0>, main=<bound method BuildVerb.main of <colcon_core.verb.build.BuildVerb object at 0xffff8db113f0>>)
[0.828s] colcon.colcon_core.package_discovery Level 1 discover_packages(colcon_meta) check parameters
[0.828s] colcon.colcon_core.package_discovery Level 1 discover_packages(recursive) check parameters
[0.828s] colcon.colcon_core.package_discovery Level 1 discover_packages(ignore) check parameters
[0.828s] colcon.colcon_core.package_discovery Level 1 discover_packages(path) check parameters
[0.828s] colcon.colcon_core.package_discovery Level 1 discover_packages(colcon_meta) discover
[0.828s] colcon.colcon_core.package_discovery Level 1 discover_packages(recursive) discover
[0.828s] colcon.colcon_core.package_discovery INFO Crawling recursively for packages in '/home/jetson/projects/bishe/edge'
[0.829s] colcon.colcon_core.package_identification Level 1 _identify(.) by extensions ['ignore', 'ignore_ament_install']
[0.829s] colcon.colcon_core.package_identification Level 1 _identify(.) by extension 'ignore'
[0.829s] colcon.colcon_core.package_identification Level 1 _identify(.) by extension 'ignore_ament_install'
[0.829s] colcon.colcon_core.package_identification Level 1 _identify(.) by extensions ['colcon_pkg']
[0.829s] colcon.colcon_core.package_identification Level 1 _identify(.) by extension 'colcon_pkg'
[0.829s] colcon.colcon_core.package_identification Level 1 _identify(.) by extensions ['colcon_meta']
[0.829s] colcon.colcon_core.package_identification Level 1 _identify(.) by extension 'colcon_meta'
[0.829s] colcon.colcon_core.package_identification Level 1 _identify(.) by extensions ['ros']
[0.829s] colcon.colcon_core.package_identification Level 1 _identify(.) by extension 'ros'
[0.853s] colcon.colcon_core.package_identification Level 1 _identify(.) by extensions ['cmake', 'python']
[0.854s] colcon.colcon_core.package_identification Level 1 _identify(.) by extension 'cmake'
[0.854s] colcon.colcon_core.package_identification Level 1 _identify(.) by extension 'python'
[0.854s] colcon.colcon_core.package_identification Level 1 _identify(.) by extensions ['python_setup_py']
[0.854s] colcon.colcon_core.package_identification Level 1 _identify(.) by extension 'python_setup_py'
[0.854s] colcon.colcon_core.package_identification Level 1 _identify(build) by extensions ['ignore', 'ignore_ament_install']
[0.854s] colcon.colcon_core.package_identification Level 1 _identify(build) by extension 'ignore'
[0.855s] colcon.colcon_core.package_identification Level 1 _identify(build) ignored
[0.855s] colcon.colcon_core.package_identification Level 1 _identify(docs) by extensions ['ignore', 'ignore_ament_install']
[0.855s] colcon.colcon_core.package_identification Level 1 _identify(docs) by extension 'ignore'
[0.855s] colcon.colcon_core.package_identification Level 1 _identify(docs) by extension 'ignore_ament_install'
[0.855s] colcon.colcon_core.package_identification Level 1 _identify(docs) by extensions ['colcon_pkg']
[0.855s] colcon.colcon_core.package_identification Level 1 _identify(docs) by extension 'colcon_pkg'
[0.855s] colcon.colcon_core.package_identification Level 1 _identify(docs) by extensions ['colcon_meta']
[0.855s] colcon.colcon_core.package_identification Level 1 _identify(docs) by extension 'colcon_meta'
[0.856s] colcon.colcon_core.package_identification Level 1 _identify(docs) by extensions ['ros']
[0.856s] colcon.colcon_core.package_identification Level 1 _identify(docs) by extension 'ros'
[0.856s] colcon.colcon_core.package_identification Level 1 _identify(docs) by extensions ['cmake', 'python']
[0.856s] colcon.colcon_core.package_identification Level 1 _identify(docs) by extension 'cmake'
[0.856s] colcon.colcon_core.package_identification Level 1 _identify(docs) by extension 'python'
[0.856s] colcon.colcon_core.package_identification Level 1 _identify(docs) by extensions ['python_setup_py']
[0.856s] colcon.colcon_core.package_identification Level 1 _identify(docs) by extension 'python_setup_py'
[0.856s] colcon.colcon_core.package_identification Level 1 _identify(docs/superpowers) by extensions ['ignore', 'ignore_ament_install']
[0.856s] colcon.colcon_core.package_identification Level 1 _identify(docs/superpowers) by extension 'ignore'
[0.857s] colcon.colcon_core.package_identification Level 1 _identify(docs/superpowers) by extension 'ignore_ament_install'
[0.857s] colcon.colcon_core.package_identification Level 1 _identify(docs/superpowers) by extensions ['colcon_pkg']
[0.857s] colcon.colcon_core.package_identification Level 1 _identify(docs/superpowers) by extension 'colcon_pkg'
[0.857s] colcon.colcon_core.package_identification Level 1 _identify(docs/superpowers) by extensions ['colcon_meta']
[0.857s] colcon.colcon_core.package_identification Level 1 _identify(docs/superpowers) by extension 'colcon_meta'
[0.857s] colcon.colcon_core.package_identification Level 1 _identify(docs/superpowers) by extensions ['ros']
[0.857s] colcon.colcon_core.package_identification Level 1 _identify(docs/superpowers) by extension 'ros'
[0.857s] colcon.colcon_core.package_identification Level 1 _identify(docs/superpowers) by extensions ['cmake', 'python']
[0.857s] colcon.colcon_core.package_identification Level 1 _identify(docs/superpowers) by extension 'cmake'
[0.857s] colcon.colcon_core.package_identification Level 1 _identify(docs/superpowers) by extension 'python'
[0.857s] colcon.colcon_core.package_identification Level 1 _identify(docs/superpowers) by extensions ['python_setup_py']
[0.857s] colcon.colcon_core.package_identification Level 1 _identify(docs/superpowers) by extension 'python_setup_py'
[0.858s] colcon.colcon_core.package_identification Level 1 _identify(docs/superpowers/plans) by extensions ['ignore', 'ignore_ament_install']
[0.858s] colcon.colcon_core.package_identification Level 1 _identify(docs/superpowers/plans) by extension 'ignore'
[0.858s] colcon.colcon_core.package_identification Level 1 _identify(docs/superpowers/plans) by extension 'ignore_ament_install'
[0.858s] colcon.colcon_core.package_identification Level 1 _identify(docs/superpowers/plans) by extensions ['colcon_pkg']
[0.858s] colcon.colcon_core.package_identification Level 1 _identify(docs/superpowers/plans) by extension 'colcon_pkg'
[0.858s] colcon.colcon_core.package_identification Level 1 _identify(docs/superpowers/plans) by extensions ['colcon_meta']
[0.858s] colcon.colcon_core.package_identification Level 1 _identify(docs/superpowers/plans) by extension 'colcon_meta'
[0.858s] colcon.colcon_core.package_identification Level 1 _identify(docs/superpowers/plans) by extensions ['ros']
[0.858s] colcon.colcon_core.package_identification Level 1 _identify(docs/superpowers/plans) by extension 'ros'
[0.859s] colcon.colcon_core.package_identification Level 1 _identify(docs/superpowers/plans) by extensions ['cmake', 'python']
[0.859s] colcon.colcon_core.package_identification Level 1 _identify(docs/superpowers/plans) by extension 'cmake'
[0.859s] colcon.colcon_core.package_identification Level 1 _identify(docs/superpowers/plans) by extension 'python'
[0.859s] colcon.colcon_core.package_identification Level 1 _identify(docs/superpowers/plans) by extensions ['python_setup_py']
[0.859s] colcon.colcon_core.package_identification Level 1 _identify(docs/superpowers/plans) by extension 'python_setup_py'
[0.859s] colcon.colcon_core.package_identification Level 1 _identify(docs/superpowers/specs) by extensions ['ignore', 'ignore_ament_install']
[0.859s] colcon.colcon_core.package_identification Level 1 _identify(docs/superpowers/specs) by extension 'ignore'
[0.859s] colcon.colcon_core.package_identification Level 1 _identify(docs/superpowers/specs) by extension 'ignore_ament_install'
[0.859s] colcon.colcon_core.package_identification Level 1 _identify(docs/superpowers/specs) by extensions ['colcon_pkg']
[0.859s] colcon.colcon_core.package_identification Level 1 _identify(docs/superpowers/specs) by extension 'colcon_pkg'
[0.860s] colcon.colcon_core.package_identification Level 1 _identify(docs/superpowers/specs) by extensions ['colcon_meta']
[0.860s] colcon.colcon_core.package_identification Level 1 _identify(docs/superpowers/specs) by extension 'colcon_meta'
[0.860s] colcon.colcon_core.package_identification Level 1 _identify(docs/superpowers/specs) by extensions ['ros']
[0.860s] colcon.colcon_core.package_identification Level 1 _identify(docs/superpowers/specs) by extension 'ros'
[0.860s] colcon.colcon_core.package_identification Level 1 _identify(docs/superpowers/specs) by extensions ['cmake', 'python']
[0.860s] colcon.colcon_core.package_identification Level 1 _identify(docs/superpowers/specs) by extension 'cmake'
[0.860s] colcon.colcon_core.package_identification Level 1 _identify(docs/superpowers/specs) by extension 'python'
[0.860s] colcon.colcon_core.package_identification Level 1 _identify(docs/superpowers/specs) by extensions ['python_setup_py']
[0.860s] colcon.colcon_core.package_identification Level 1 _identify(docs/superpowers/specs) by extension 'python_setup_py'
[0.861s] colcon.colcon_core.package_identification Level 1 _identify(install) by extensions ['ignore', 'ignore_ament_install']
[0.861s] colcon.colcon_core.package_identification Level 1 _identify(install) by extension 'ignore'
[0.861s] colcon.colcon_core.package_identification Level 1 _identify(install) ignored
[0.861s] colcon.colcon_core.package_identification Level 1 _identify(log) by extensions ['ignore', 'ignore_ament_install']
[0.861s] colcon.colcon_core.package_identification Level 1 _identify(log) by extension 'ignore'
[0.861s] colcon.colcon_core.package_identification Level 1 _identify(log) ignored
[0.861s] colcon.colcon_core.package_identification Level 1 _identify(models) by extensions ['ignore', 'ignore_ament_install']
[0.862s] colcon.colcon_core.package_identification Level 1 _identify(models) by extension 'ignore'
[0.862s] colcon.colcon_core.package_identification Level 1 _identify(models) by extension 'ignore_ament_install'
[0.862s] colcon.colcon_core.package_identification Level 1 _identify(models) by extensions ['colcon_pkg']
[0.862s] colcon.colcon_core.package_identification Level 1 _identify(models) by extension 'colcon_pkg'
[0.862s] colcon.colcon_core.package_identification Level 1 _identify(models) by extensions ['colcon_meta']
[0.862s] colcon.colcon_core.package_identification Level 1 _identify(models) by extension 'colcon_meta'
[0.862s] colcon.colcon_core.package_identification Level 1 _identify(models) by extensions ['ros']
[0.862s] colcon.colcon_core.package_identification Level 1 _identify(models) by extension 'ros'
[0.862s] colcon.colcon_core.package_identification Level 1 _identify(models) by extensions ['cmake', 'python']
[0.862s] colcon.colcon_core.package_identification Level 1 _identify(models) by extension 'cmake'
[0.862s] colcon.colcon_core.package_identification Level 1 _identify(models) by extension 'python'
[0.862s] colcon.colcon_core.package_identification Level 1 _identify(models) by extensions ['python_setup_py']
[0.863s] colcon.colcon_core.package_identification Level 1 _identify(models) by extension 'python_setup_py'
[0.863s] colcon.colcon_core.package_identification Level 1 _identify(src) by extensions ['ignore', 'ignore_ament_install']
[0.863s] colcon.colcon_core.package_identification Level 1 _identify(src) by extension 'ignore'
[0.863s] colcon.colcon_core.package_identification Level 1 _identify(src) by extension 'ignore_ament_install'
[0.863s] colcon.colcon_core.package_identification Level 1 _identify(src) by extensions ['colcon_pkg']
[0.863s] colcon.colcon_core.package_identification Level 1 _identify(src) by extension 'colcon_pkg'
[0.863s] colcon.colcon_core.package_identification Level 1 _identify(src) by extensions ['colcon_meta']
[0.863s] colcon.colcon_core.package_identification Level 1 _identify(src) by extension 'colcon_meta'
[0.863s] colcon.colcon_core.package_identification Level 1 _identify(src) by extensions ['ros']
[0.863s] colcon.colcon_core.package_identification Level 1 _identify(src) by extension 'ros'
[0.864s] colcon.colcon_core.package_identification Level 1 _identify(src) by extensions ['cmake', 'python']
[0.864s] colcon.colcon_core.package_identification Level 1 _identify(src) by extension 'cmake'
[0.864s] colcon.colcon_core.package_identification Level 1 _identify(src) by extension 'python'
[0.864s] colcon.colcon_core.package_identification Level 1 _identify(src) by extensions ['python_setup_py']
[0.864s] colcon.colcon_core.package_identification Level 1 _identify(src) by extension 'python_setup_py'
[0.864s] colcon.colcon_core.package_identification Level 1 _identify(src/bishe_camera) by extensions ['ignore', 'ignore_ament_install']
[0.864s] colcon.colcon_core.package_identification Level 1 _identify(src/bishe_camera) by extension 'ignore'
[0.864s] colcon.colcon_core.package_identification Level 1 _identify(src/bishe_camera) by extension 'ignore_ament_install'
[0.864s] colcon.colcon_core.package_identification Level 1 _identify(src/bishe_camera) by extensions ['colcon_pkg']
[0.864s] colcon.colcon_core.package_identification Level 1 _identify(src/bishe_camera) by extension 'colcon_pkg'
[0.864s] colcon.colcon_core.package_identification Level 1 _identify(src/bishe_camera) by extensions ['colcon_meta']
[0.865s] colcon.colcon_core.package_identification Level 1 _identify(src/bishe_camera) by extension 'colcon_meta'
[0.865s] colcon.colcon_core.package_identification Level 1 _identify(src/bishe_camera) by extensions ['ros']
[0.865s] colcon.colcon_core.package_identification Level 1 _identify(src/bishe_camera) by extension 'ros'
[0.872s] colcon.colcon_core.package_identification DEBUG Package 'src/bishe_camera' with type 'ros.ament_cmake' and name 'bishe_camera'
[0.873s] colcon.colcon_core.package_identification Level 1 _identify(src/bishe_detector) by extensions ['ignore', 'ignore_ament_install']
[0.873s] colcon.colcon_core.package_identification Level 1 _identify(src/bishe_detector) by extension 'ignore'
[0.873s] colcon.colcon_core.package_identification Level 1 _identify(src/bishe_detector) by extension 'ignore_ament_install'
[0.873s] colcon.colcon_core.package_identification Level 1 _identify(src/bishe_detector) by extensions ['colcon_pkg']
[0.873s] colcon.colcon_core.package_identification Level 1 _identify(src/bishe_detector) by extension 'colcon_pkg'
[0.873s] colcon.colcon_core.package_identification Level 1 _identify(src/bishe_detector) by extensions ['colcon_meta']
[0.873s] colcon.colcon_core.package_identification Level 1 _identify(src/bishe_detector) by extension 'colcon_meta'
[0.873s] colcon.colcon_core.package_identification Level 1 _identify(src/bishe_detector) by extensions ['ros']
[0.874s] colcon.colcon_core.package_identification Level 1 _identify(src/bishe_detector) by extension 'ros'
[0.875s] colcon.colcon_core.package_identification DEBUG Package 'src/bishe_detector' with type 'ros.ament_cmake' and name 'bishe_detector'
[0.875s] colcon.colcon_core.package_identification Level 1 _identify(src/bishe_launch) by extensions ['ignore', 'ignore_ament_install']
[0.876s] colcon.colcon_core.package_identification Level 1 _identify(src/bishe_launch) by extension 'ignore'
[0.876s] colcon.colcon_core.package_identification Level 1 _identify(src/bishe_launch) by extension 'ignore_ament_install'
[0.876s] colcon.colcon_core.package_identification Level 1 _identify(src/bishe_launch) by extensions ['colcon_pkg']
[0.876s] colcon.colcon_core.package_identification Level 1 _identify(src/bishe_launch) by extension 'colcon_pkg'
[0.876s] colcon.colcon_core.package_identification Level 1 _identify(src/bishe_launch) by extensions ['colcon_meta']
[0.876s] colcon.colcon_core.package_identification Level 1 _identify(src/bishe_launch) by extension 'colcon_meta'
[0.876s] colcon.colcon_core.package_identification Level 1 _identify(src/bishe_launch) by extensions ['ros']
[0.876s] colcon.colcon_core.package_identification Level 1 _identify(src/bishe_launch) by extension 'ros'
[0.877s] colcon.colcon_core.package_identification DEBUG Package 'src/bishe_launch' with type 'ros.ament_python' and name 'bishe_launch'
[0.878s] colcon.colcon_core.package_identification Level 1 _identify(src/bishe_monitor) by extensions ['ignore', 'ignore_ament_install']
[0.878s] colcon.colcon_core.package_identification Level 1 _identify(src/bishe_monitor) by extension 'ignore'
[0.878s] colcon.colcon_core.package_identification Level 1 _identify(src/bishe_monitor) by extension 'ignore_ament_install'
[0.878s] colcon.colcon_core.package_identification Level 1 _identify(src/bishe_monitor) by extensions ['colcon_pkg']
[0.878s] colcon.colcon_core.package_identification Level 1 _identify(src/bishe_monitor) by extension 'colcon_pkg'
[0.878s] colcon.colcon_core.package_identification Level 1 _identify(src/bishe_monitor) by extensions ['colcon_meta']
[0.878s] colcon.colcon_core.package_identification Level 1 _identify(src/bishe_monitor) by extension 'colcon_meta'
[0.878s] colcon.colcon_core.package_identification Level 1 _identify(src/bishe_monitor) by extensions ['ros']
[0.878s] colcon.colcon_core.package_identification Level 1 _identify(src/bishe_monitor) by extension 'ros'
[0.880s] colcon.colcon_core.package_identification DEBUG Package 'src/bishe_monitor' with type 'ros.ament_cmake' and name 'bishe_monitor'
[0.880s] colcon.colcon_core.package_identification Level 1 _identify(src/bishe_mqtt) by extensions ['ignore', 'ignore_ament_install']
[0.880s] colcon.colcon_core.package_identification Level 1 _identify(src/bishe_mqtt) by extension 'ignore'
[0.880s] colcon.colcon_core.package_identification Level 1 _identify(src/bishe_mqtt) by extension 'ignore_ament_install'
[0.881s] colcon.colcon_core.package_identification Level 1 _identify(src/bishe_mqtt) by extensions ['colcon_pkg']
[0.881s] colcon.colcon_core.package_identification Level 1 _identify(src/bishe_mqtt) by extension 'colcon_pkg'
[0.881s] colcon.colcon_core.package_identification Level 1 _identify(src/bishe_mqtt) by extensions ['colcon_meta']
[0.881s] colcon.colcon_core.package_identification Level 1 _identify(src/bishe_mqtt) by extension 'colcon_meta'
[0.881s] colcon.colcon_core.package_identification Level 1 _identify(src/bishe_mqtt) by extensions ['ros']
[0.881s] colcon.colcon_core.package_identification Level 1 _identify(src/bishe_mqtt) by extension 'ros'
[0.882s] colcon.colcon_core.package_identification DEBUG Package 'src/bishe_mqtt' with type 'ros.ament_cmake' and name 'bishe_mqtt'
[0.882s] colcon.colcon_core.package_identification Level 1 _identify(src/bishe_msgs) by extensions ['ignore', 'ignore_ament_install']
[0.883s] colcon.colcon_core.package_identification Level 1 _identify(src/bishe_msgs) by extension 'ignore'
[0.883s] colcon.colcon_core.package_identification Level 1 _identify(src/bishe_msgs) by extension 'ignore_ament_install'
[0.883s] colcon.colcon_core.package_identification Level 1 _identify(src/bishe_msgs) by extensions ['colcon_pkg']
[0.883s] colcon.colcon_core.package_identification Level 1 _identify(src/bishe_msgs) by extension 'colcon_pkg'
[0.883s] colcon.colcon_core.package_identification Level 1 _identify(src/bishe_msgs) by extensions ['colcon_meta']
[0.883s] colcon.colcon_core.package_identification Level 1 _identify(src/bishe_msgs) by extension 'colcon_meta'
[0.883s] colcon.colcon_core.package_identification Level 1 _identify(src/bishe_msgs) by extensions ['ros']
[0.883s] colcon.colcon_core.package_identification Level 1 _identify(src/bishe_msgs) by extension 'ros'
[0.885s] colcon.colcon_core.package_identification DEBUG Package 'src/bishe_msgs' with type 'ros.ament_cmake' and name 'bishe_msgs'
[0.885s] colcon.colcon_core.package_identification Level 1 _identify(src/bishe_streamer) by extensions ['ignore', 'ignore_ament_install']
[0.885s] colcon.colcon_core.package_identification Level 1 _identify(src/bishe_streamer) by extension 'ignore'
[0.885s] colcon.colcon_core.package_identification Level 1 _identify(src/bishe_streamer) by extension 'ignore_ament_install'
[0.885s] colcon.colcon_core.package_identification Level 1 _identify(src/bishe_streamer) by extensions ['colcon_pkg']
[0.886s] colcon.colcon_core.package_identification Level 1 _identify(src/bishe_streamer) by extension 'colcon_pkg'
[0.886s] colcon.colcon_core.package_identification Level 1 _identify(src/bishe_streamer) by extensions ['colcon_meta']
[0.886s] colcon.colcon_core.package_identification Level 1 _identify(src/bishe_streamer) by extension 'colcon_meta'
[0.886s] colcon.colcon_core.package_identification Level 1 _identify(src/bishe_streamer) by extensions ['ros']
[0.886s] colcon.colcon_core.package_identification Level 1 _identify(src/bishe_streamer) by extension 'ros'
[0.888s] colcon.colcon_core.package_identification DEBUG Package 'src/bishe_streamer' with type 'ros.ament_cmake' and name 'bishe_streamer'
[0.888s] colcon.colcon_core.package_discovery Level 1 discover_packages(recursive) using defaults
[0.888s] colcon.colcon_core.package_discovery Level 1 discover_packages(ignore) discover
[0.888s] colcon.colcon_core.package_discovery Level 1 discover_packages(ignore) using defaults
[0.888s] colcon.colcon_core.package_discovery Level 1 discover_packages(path) discover
[0.888s] colcon.colcon_core.package_discovery Level 1 discover_packages(path) using defaults
[0.950s] colcon.colcon_core.package_selection INFO Skipping not selected package 'bishe_camera' in 'src/bishe_camera'
[0.951s] colcon.colcon_core.package_selection INFO Skipping not selected package 'bishe_msgs' in 'src/bishe_msgs'
[0.951s] colcon.colcon_core.package_selection INFO Skipping not selected package 'bishe_detector' in 'src/bishe_detector'
[0.951s] colcon.colcon_core.package_selection INFO Skipping not selected package 'bishe_monitor' in 'src/bishe_monitor'
[0.951s] colcon.colcon_core.package_selection INFO Skipping not selected package 'bishe_streamer' in 'src/bishe_streamer'
[0.952s] colcon.colcon_core.package_discovery Level 1 discover_packages(prefix_path) check parameters
[0.952s] colcon.colcon_core.package_discovery Level 1 discover_packages(prefix_path) discover
[0.958s] colcon.colcon_installed_package_information.package_discovery DEBUG Found 271 installed packages in /opt/ros/humble
[0.961s] colcon.colcon_core.package_discovery Level 1 discover_packages(prefix_path) using defaults
[1.070s] colcon.colcon_core.verb Level 5 set package 'bishe_launch' build argument 'cmake_args' from command line to 'None'
[1.070s] colcon.colcon_core.verb Level 5 set package 'bishe_launch' build argument 'cmake_target' from command line to 'None'
[1.070s] colcon.colcon_core.verb Level 5 set package 'bishe_launch' build argument 'cmake_target_skip_unavailable' from command line to 'False'
[1.070s] colcon.colcon_core.verb Level 5 set package 'bishe_launch' build argument 'cmake_clean_cache' from command line to 'False'
[1.070s] colcon.colcon_core.verb Level 5 set package 'bishe_launch' build argument 'cmake_clean_first' from command line to 'False'
[1.070s] colcon.colcon_core.verb Level 5 set package 'bishe_launch' build argument 'cmake_force_configure' from command line to 'False'
[1.070s] colcon.colcon_core.verb Level 5 set package 'bishe_launch' build argument 'ament_cmake_args' from command line to 'None'
[1.070s] colcon.colcon_core.verb Level 5 set package 'bishe_launch' build argument 'catkin_cmake_args' from command line to 'None'
[1.070s] colcon.colcon_core.verb Level 5 set package 'bishe_launch' build argument 'catkin_skip_building_tests' from command line to 'False'
[1.070s] colcon.colcon_core.verb DEBUG Building package 'bishe_launch' with the following arguments: {'ament_cmake_args': None, 'build_base': '/home/jetson/projects/bishe/edge/build/bishe_launch', 'catkin_cmake_args': None, 'catkin_skip_building_tests': False, 'cmake_args': None, 'cmake_clean_cache': False, 'cmake_clean_first': False, 'cmake_force_configure': False, 'cmake_target': None, 'cmake_target_skip_unavailable': False, 'install_base': '/home/jetson/projects/bishe/edge/install/bishe_launch', 'merge_install': False, 'path': '/home/jetson/projects/bishe/edge/src/bishe_launch', 'symlink_install': True, 'test_result_base': None}
[1.071s] colcon.colcon_core.verb Level 5 set package 'bishe_mqtt' build argument 'cmake_args' from command line to 'None'
[1.071s] colcon.colcon_core.verb Level 5 set package 'bishe_mqtt' build argument 'cmake_target' from command line to 'None'
[1.071s] colcon.colcon_core.verb Level 5 set package 'bishe_mqtt' build argument 'cmake_target_skip_unavailable' from command line to 'False'
[1.071s] colcon.colcon_core.verb Level 5 set package 'bishe_mqtt' build argument 'cmake_clean_cache' from command line to 'False'
[1.071s] colcon.colcon_core.verb Level 5 set package 'bishe_mqtt' build argument 'cmake_clean_first' from command line to 'False'
[1.071s] colcon.colcon_core.verb Level 5 set package 'bishe_mqtt' build argument 'cmake_force_configure' from command line to 'False'
[1.071s] colcon.colcon_core.verb Level 5 set package 'bishe_mqtt' build argument 'ament_cmake_args' from command line to 'None'
[1.071s] colcon.colcon_core.verb Level 5 set package 'bishe_mqtt' build argument 'catkin_cmake_args' from command line to 'None'
[1.071s] colcon.colcon_core.verb Level 5 set package 'bishe_mqtt' build argument 'catkin_skip_building_tests' from command line to 'False'
[1.071s] colcon.colcon_core.verb DEBUG Building package 'bishe_mqtt' with the following arguments: {'ament_cmake_args': None, 'build_base': '/home/jetson/projects/bishe/edge/build/bishe_mqtt', 'catkin_cmake_args': None, 'catkin_skip_building_tests': False, 'cmake_args': None, 'cmake_clean_cache': False, 'cmake_clean_first': False, 'cmake_force_configure': False, 'cmake_target': None, 'cmake_target_skip_unavailable': False, 'install_base': '/home/jetson/projects/bishe/edge/install/bishe_mqtt', 'merge_install': False, 'path': '/home/jetson/projects/bishe/edge/src/bishe_mqtt', 'symlink_install': True, 'test_result_base': None}
[1.072s] colcon.colcon_core.executor INFO Executing jobs using 'parallel' executor
[1.074s] colcon.colcon_parallel_executor.executor.parallel DEBUG run_until_complete
[1.074s] colcon.colcon_ros.task.ament_python.build INFO Building ROS package in '/home/jetson/projects/bishe/edge/src/bishe_launch' with build type 'ament_python'
[1.074s] colcon.colcon_core.shell Level 1 create_environment_hook('bishe_launch', 'ament_prefix_path')
[1.081s] colcon.colcon_core.plugin_system INFO Skipping extension 'colcon_core.shell.bat': Not used on non-Windows systems
[1.082s] colcon.colcon_core.shell INFO Creating environment hook '/home/jetson/projects/bishe/edge/install/bishe_launch/share/bishe_launch/hook/ament_prefix_path.ps1'
[1.084s] colcon.colcon_core.shell INFO Creating environment descriptor '/home/jetson/projects/bishe/edge/install/bishe_launch/share/bishe_launch/hook/ament_prefix_path.dsv'
[1.085s] colcon.colcon_core.shell INFO Creating environment hook '/home/jetson/projects/bishe/edge/install/bishe_launch/share/bishe_launch/hook/ament_prefix_path.sh'
[1.086s] colcon.colcon_core.shell INFO Skip shell extension 'powershell' for command environment: Not usable outside of PowerShell
[1.087s] colcon.colcon_core.shell DEBUG Skip shell extension 'dsv' for command environment
[1.092s] colcon.colcon_ros.task.ament_cmake.build INFO Building ROS package in '/home/jetson/projects/bishe/edge/src/bishe_mqtt' with build type 'ament_cmake'
[1.092s] colcon.colcon_cmake.task.cmake.build INFO Building CMake package in '/home/jetson/projects/bishe/edge/src/bishe_mqtt'
[1.093s] colcon.colcon_core.shell INFO Skip shell extension 'powershell' for command environment: Not usable outside of PowerShell
[1.093s] colcon.colcon_core.shell DEBUG Skip shell extension 'dsv' for command environment
[1.595s] colcon.colcon_core.task.python.build INFO Building Python package in '/home/jetson/projects/bishe/edge/src/bishe_launch'
[1.596s] colcon.colcon_core.shell INFO Skip shell extension 'powershell' for command environment: Not usable outside of PowerShell
[1.596s] colcon.colcon_core.shell DEBUG Skip shell extension 'dsv' for command environment
[1.607s] colcon.colcon_core.event_handler.log_command DEBUG Invoking command in '/home/jetson/projects/bishe/edge/build/bishe_mqtt': CMAKE_PREFIX_PATH=/opt/ros/humble /usr/bin/cmake /home/jetson/projects/bishe/edge/src/bishe_mqtt -DAMENT_CMAKE_SYMLINK_INSTALL=1 -DCMAKE_INSTALL_PREFIX=/home/jetson/projects/bishe/edge/install/bishe_mqtt
[2.275s] colcon.colcon_core.task.python.build DEBUG While undoing a previous installation files outside the Python library path are being ignored: /home/jetson/projects/bishe/edge/install/bishe_launch/share/ament_index/resource_index/packages/bishe_launch
[2.275s] colcon.colcon_core.task.python.build DEBUG While undoing a previous installation files outside the Python library path are being ignored: /home/jetson/projects/bishe/edge/install/bishe_launch/share/bishe_launch/launch/multicamera.launch.py
[2.275s] colcon.colcon_core.task.python.build DEBUG While undoing a previous installation files outside the Python library path are being ignored: /home/jetson/projects/bishe/edge/install/bishe_launch/share/bishe_launch/config/cameras.yaml
[2.275s] colcon.colcon_core.task.python.build DEBUG While undoing a previous installation files outside the Python library path are being ignored: /home/jetson/projects/bishe/edge/install/bishe_launch/share/bishe_launch/package.xml
[2.280s] colcon.colcon_core.event_handler.log_command DEBUG Invoking command in '/home/jetson/projects/bishe/edge/build/bishe_launch': PYTHONPATH=/home/jetson/projects/bishe/edge/build/bishe_launch/prefix_override:/usr/lib/python3/dist-packages/colcon_core/task/python/colcon_distutils_commands:/home/jetson/projects/bishe/edge/install/bishe_launch/lib/python3.10/site-packages:${PYTHONPATH} /usr/bin/python3 -W ignore:setup.py install is deprecated -W ignore:easy_install command is deprecated setup.py develop --editable --build-directory /home/jetson/projects/bishe/edge/build/bishe_launch/build --no-deps symlink_data --force
[2.714s] colcon.colcon_core.event_handler.log_command DEBUG Invoked command in '/home/jetson/projects/bishe/edge/build/bishe_mqtt' returned '0': CMAKE_PREFIX_PATH=/opt/ros/humble /usr/bin/cmake /home/jetson/projects/bishe/edge/src/bishe_mqtt -DAMENT_CMAKE_SYMLINK_INSTALL=1 -DCMAKE_INSTALL_PREFIX=/home/jetson/projects/bishe/edge/install/bishe_mqtt
[2.715s] colcon.colcon_core.event_handler.log_command DEBUG Invoking command in '/home/jetson/projects/bishe/edge/build/bishe_mqtt': CMAKE_PREFIX_PATH=/opt/ros/humble /usr/bin/cmake --build /home/jetson/projects/bishe/edge/build/bishe_mqtt -- -j6 -l6
[3.121s] colcon.colcon_core.shell Level 1 create_environment_hook('bishe_launch', 'pythonpath_develop')
[3.122s] colcon.colcon_core.shell INFO Creating environment hook '/home/jetson/projects/bishe/edge/build/bishe_launch/share/bishe_launch/hook/pythonpath_develop.ps1'
[3.123s] colcon.colcon_core.event_handler.log_command DEBUG Invoked command in '/home/jetson/projects/bishe/edge/build/bishe_launch' returned '0': PYTHONPATH=/home/jetson/projects/bishe/edge/build/bishe_launch/prefix_override:/usr/lib/python3/dist-packages/colcon_core/task/python/colcon_distutils_commands:/home/jetson/projects/bishe/edge/install/bishe_launch/lib/python3.10/site-packages:${PYTHONPATH} /usr/bin/python3 -W ignore:setup.py install is deprecated -W ignore:easy_install command is deprecated setup.py develop --editable --build-directory /home/jetson/projects/bishe/edge/build/bishe_launch/build --no-deps symlink_data --force
[3.124s] colcon.colcon_core.shell INFO Creating environment descriptor '/home/jetson/projects/bishe/edge/build/bishe_launch/share/bishe_launch/hook/pythonpath_develop.dsv'
[3.125s] colcon.colcon_core.shell INFO Creating environment hook '/home/jetson/projects/bishe/edge/build/bishe_launch/share/bishe_launch/hook/pythonpath_develop.sh'
[3.136s] colcon.colcon_core.environment Level 1 checking '/home/jetson/projects/bishe/edge/install/bishe_launch' for CMake module files
[3.136s] colcon.colcon_core.environment Level 1 checking '/home/jetson/projects/bishe/edge/install/bishe_launch' for CMake config files
[3.138s] colcon.colcon_core.environment Level 1 checking '/home/jetson/projects/bishe/edge/install/bishe_launch/lib'
[3.138s] colcon.colcon_core.environment Level 1 checking '/home/jetson/projects/bishe/edge/install/bishe_launch/bin'
[3.138s] colcon.colcon_core.environment Level 1 checking '/home/jetson/projects/bishe/edge/install/bishe_launch/lib/pkgconfig/bishe_launch.pc'
[3.139s] colcon.colcon_core.environment Level 1 checking '/home/jetson/projects/bishe/edge/install/bishe_launch/lib/python3.10/site-packages'
[3.139s] colcon.colcon_core.shell Level 1 create_environment_hook('bishe_launch', 'pythonpath')
[3.139s] colcon.colcon_core.shell INFO Creating environment hook '/home/jetson/projects/bishe/edge/install/bishe_launch/share/bishe_launch/hook/pythonpath.ps1'
[3.140s] colcon.colcon_core.shell INFO Creating environment descriptor '/home/jetson/projects/bishe/edge/install/bishe_launch/share/bishe_launch/hook/pythonpath.dsv'
[3.141s] colcon.colcon_core.shell INFO Creating environment hook '/home/jetson/projects/bishe/edge/install/bishe_launch/share/bishe_launch/hook/pythonpath.sh'
[3.143s] colcon.colcon_core.environment Level 1 checking '/home/jetson/projects/bishe/edge/install/bishe_launch/bin'
[3.143s] colcon.colcon_core.environment Level 1 create_environment_scripts_only(bishe_launch)
[3.143s] colcon.colcon_core.shell INFO Creating package script '/home/jetson/projects/bishe/edge/install/bishe_launch/share/bishe_launch/package.ps1'
[3.146s] colcon.colcon_core.shell INFO Creating package descriptor '/home/jetson/projects/bishe/edge/install/bishe_launch/share/bishe_launch/package.dsv'
[3.147s] colcon.colcon_core.shell INFO Creating package script '/home/jetson/projects/bishe/edge/install/bishe_launch/share/bishe_launch/package.sh'
[3.149s] colcon.colcon_core.shell INFO Creating package script '/home/jetson/projects/bishe/edge/install/bishe_launch/share/bishe_launch/package.bash'
[3.150s] colcon.colcon_core.shell INFO Creating package script '/home/jetson/projects/bishe/edge/install/bishe_launch/share/bishe_launch/package.zsh'
[3.152s] colcon.colcon_core.environment Level 1 create_file_with_runtime_dependencies(/home/jetson/projects/bishe/edge/install/bishe_launch/share/colcon-core/packages/bishe_launch)
[14.672s] colcon.colcon_core.event_handler.log_command DEBUG Invoked command in '/home/jetson/projects/bishe/edge/build/bishe_mqtt' returned '0': CMAKE_PREFIX_PATH=/opt/ros/humble /usr/bin/cmake --build /home/jetson/projects/bishe/edge/build/bishe_mqtt -- -j6 -l6
[14.690s] colcon.colcon_core.event_handler.log_command DEBUG Invoking command in '/home/jetson/projects/bishe/edge/build/bishe_mqtt': CMAKE_PREFIX_PATH=/opt/ros/humble /usr/bin/cmake --install /home/jetson/projects/bishe/edge/build/bishe_mqtt
[14.742s] colcon.colcon_core.environment Level 1 create_environment_scripts_only(bishe_mqtt)
[14.743s] colcon.colcon_core.environment Level 1 checking '/home/jetson/projects/bishe/edge/install/bishe_mqtt' for CMake module files
[14.744s] colcon.colcon_core.environment Level 1 checking '/home/jetson/projects/bishe/edge/install/bishe_mqtt' for CMake config files
[14.744s] colcon.colcon_core.shell Level 1 create_environment_hook('bishe_mqtt', 'cmake_prefix_path')
[14.745s] colcon.colcon_core.shell INFO Creating environment hook '/home/jetson/projects/bishe/edge/install/bishe_mqtt/share/bishe_mqtt/hook/cmake_prefix_path.ps1'
[14.746s] colcon.colcon_core.event_handler.log_command DEBUG Invoked command in '/home/jetson/projects/bishe/edge/build/bishe_mqtt' returned '0': CMAKE_PREFIX_PATH=/opt/ros/humble /usr/bin/cmake --install /home/jetson/projects/bishe/edge/build/bishe_mqtt
[14.747s] colcon.colcon_core.shell INFO Creating environment descriptor '/home/jetson/projects/bishe/edge/install/bishe_mqtt/share/bishe_mqtt/hook/cmake_prefix_path.dsv'
[14.748s] colcon.colcon_core.shell INFO Creating environment hook '/home/jetson/projects/bishe/edge/install/bishe_mqtt/share/bishe_mqtt/hook/cmake_prefix_path.sh'
[14.749s] colcon.colcon_core.environment Level 1 checking '/home/jetson/projects/bishe/edge/install/bishe_mqtt/lib'
[14.749s] colcon.colcon_core.environment Level 1 checking '/home/jetson/projects/bishe/edge/install/bishe_mqtt/bin'
[14.749s] colcon.colcon_core.environment Level 1 checking '/home/jetson/projects/bishe/edge/install/bishe_mqtt/lib/pkgconfig/bishe_mqtt.pc'
[14.750s] colcon.colcon_core.environment Level 1 checking '/home/jetson/projects/bishe/edge/install/bishe_mqtt/lib/python3.10/site-packages'
[14.750s] colcon.colcon_core.environment Level 1 checking '/home/jetson/projects/bishe/edge/install/bishe_mqtt/bin'
[14.751s] colcon.colcon_core.shell INFO Creating package script '/home/jetson/projects/bishe/edge/install/bishe_mqtt/share/bishe_mqtt/package.ps1'
[14.752s] colcon.colcon_core.shell INFO Creating package descriptor '/home/jetson/projects/bishe/edge/install/bishe_mqtt/share/bishe_mqtt/package.dsv'
[14.753s] colcon.colcon_core.shell INFO Creating package script '/home/jetson/projects/bishe/edge/install/bishe_mqtt/share/bishe_mqtt/package.sh'
[14.754s] colcon.colcon_core.shell INFO Creating package script '/home/jetson/projects/bishe/edge/install/bishe_mqtt/share/bishe_mqtt/package.bash'
[14.755s] colcon.colcon_core.shell INFO Creating package script '/home/jetson/projects/bishe/edge/install/bishe_mqtt/share/bishe_mqtt/package.zsh'
[14.756s] colcon.colcon_core.environment Level 1 create_file_with_runtime_dependencies(/home/jetson/projects/bishe/edge/install/bishe_mqtt/share/colcon-core/packages/bishe_mqtt)
[14.757s] colcon.colcon_core.environment Level 1 create_environment_scripts_only(bishe_mqtt)
[14.758s] colcon.colcon_core.environment Level 1 checking '/home/jetson/projects/bishe/edge/install/bishe_mqtt' for CMake module files
[14.758s] colcon.colcon_core.environment Level 1 checking '/home/jetson/projects/bishe/edge/install/bishe_mqtt' for CMake config files
[14.759s] colcon.colcon_core.shell Level 1 create_environment_hook('bishe_mqtt', 'cmake_prefix_path')
[14.759s] colcon.colcon_core.shell INFO Creating environment hook '/home/jetson/projects/bishe/edge/install/bishe_mqtt/share/bishe_mqtt/hook/cmake_prefix_path.ps1'
[14.760s] colcon.colcon_core.shell INFO Creating environment descriptor '/home/jetson/projects/bishe/edge/install/bishe_mqtt/share/bishe_mqtt/hook/cmake_prefix_path.dsv'
[14.761s] colcon.colcon_core.shell INFO Creating environment hook '/home/jetson/projects/bishe/edge/install/bishe_mqtt/share/bishe_mqtt/hook/cmake_prefix_path.sh'
[14.762s] colcon.colcon_core.environment Level 1 checking '/home/jetson/projects/bishe/edge/install/bishe_mqtt/lib'
[14.762s] colcon.colcon_core.environment Level 1 checking '/home/jetson/projects/bishe/edge/install/bishe_mqtt/bin'
[14.762s] colcon.colcon_core.environment Level 1 checking '/home/jetson/projects/bishe/edge/install/bishe_mqtt/lib/pkgconfig/bishe_mqtt.pc'
[14.762s] colcon.colcon_core.environment Level 1 checking '/home/jetson/projects/bishe/edge/install/bishe_mqtt/lib/python3.10/site-packages'
[14.763s] colcon.colcon_core.environment Level 1 checking '/home/jetson/projects/bishe/edge/install/bishe_mqtt/bin'
[14.764s] colcon.colcon_core.shell INFO Creating package script '/home/jetson/projects/bishe/edge/install/bishe_mqtt/share/bishe_mqtt/package.ps1'
[14.765s] colcon.colcon_core.shell INFO Creating package descriptor '/home/jetson/projects/bishe/edge/install/bishe_mqtt/share/bishe_mqtt/package.dsv'
[14.766s] colcon.colcon_core.shell INFO Creating package script '/home/jetson/projects/bishe/edge/install/bishe_mqtt/share/bishe_mqtt/package.sh'
[14.766s] colcon.colcon_core.shell INFO Creating package script '/home/jetson/projects/bishe/edge/install/bishe_mqtt/share/bishe_mqtt/package.bash'
[14.768s] colcon.colcon_core.shell INFO Creating package script '/home/jetson/projects/bishe/edge/install/bishe_mqtt/share/bishe_mqtt/package.zsh'
[14.769s] colcon.colcon_core.environment Level 1 create_file_with_runtime_dependencies(/home/jetson/projects/bishe/edge/install/bishe_mqtt/share/colcon-core/packages/bishe_mqtt)
[14.771s] colcon.colcon_parallel_executor.executor.parallel DEBUG closing loop
[14.771s] colcon.colcon_parallel_executor.executor.parallel DEBUG loop closed
[14.771s] colcon.colcon_parallel_executor.executor.parallel DEBUG run_until_complete finished with '0'
[14.771s] colcon.colcon_core.event_reactor DEBUG joining thread
[14.788s] colcon.colcon_core.plugin_system INFO Skipping extension 'colcon_notification.desktop_notification.terminal_notifier': Not used on non-Darwin systems
[14.788s] colcon.colcon_core.plugin_system INFO Skipping extension 'colcon_notification.desktop_notification.win32': Not used on non-Windows systems
[14.788s] colcon.colcon_notification.desktop_notification INFO Sending desktop notification using 'notify2'
[14.826s] colcon.colcon_core.event_reactor DEBUG joined thread
[14.827s] colcon.colcon_core.shell INFO Creating prefix script '/home/jetson/projects/bishe/edge/install/local_setup.ps1'
[14.830s] colcon.colcon_core.shell INFO Creating prefix util module '/home/jetson/projects/bishe/edge/install/_local_setup_util_ps1.py'
[14.833s] colcon.colcon_core.shell INFO Creating prefix chain script '/home/jetson/projects/bishe/edge/install/setup.ps1'
[14.842s] colcon.colcon_core.shell INFO Creating prefix script '/home/jetson/projects/bishe/edge/install/local_setup.sh'
[14.844s] colcon.colcon_core.shell INFO Creating prefix util module '/home/jetson/projects/bishe/edge/install/_local_setup_util_sh.py'
[14.845s] colcon.colcon_core.shell INFO Creating prefix chain script '/home/jetson/projects/bishe/edge/install/setup.sh'
[14.848s] colcon.colcon_core.shell INFO Creating prefix script '/home/jetson/projects/bishe/edge/install/local_setup.bash'
[14.849s] colcon.colcon_core.shell INFO Creating prefix chain script '/home/jetson/projects/bishe/edge/install/setup.bash'
[14.851s] colcon.colcon_core.shell INFO Creating prefix script '/home/jetson/projects/bishe/edge/install/local_setup.zsh'
[14.852s] colcon.colcon_core.shell INFO Creating prefix chain script '/home/jetson/projects/bishe/edge/install/setup.zsh'
