[0.071s] Invoking command in '/home/jetson/projects/bishe/edge/build/bishe_camera': CMAKE_PREFIX_PATH=${CMAKE_PREFIX_PATH}:/home/jetson/projects/bishe/edge/install/bishe_launch:/opt/ros/humble /usr/bin/cmake /home/jetson/projects/bishe/edge/src/bishe_camera -DAMENT_CMAKE_SYMLINK_INSTALL=1 -DCMAKE_INSTALL_PREFIX=/home/jetson/projects/bishe/edge/install/bishe_camera
[0.618s] -- Found ament_cmake: 1.3.12 (/opt/ros/humble/share/ament_cmake/cmake)
[0.618s] -- Override CMake install command with custom implementation using symlinks instead of copying resources
[0.618s] -- Found rclcpp: 16.0.16 (/opt/ros/humble/share/rclcpp/cmake)
[0.619s] -- Found rosidl_generator_c: 3.1.7 (/opt/ros/humble/share/rosidl_generator_c/cmake)
[0.619s] -- Found rosidl_adapter: 3.1.7 (/opt/ros/humble/share/rosidl_adapter/cmake)
[0.619s] -- Found rosidl_generator_cpp: 3.1.7 (/opt/ros/humble/share/rosidl_generator_cpp/cmake)
[0.619s] -- Using all available rosidl_typesupport_c: rosidl_typesupport_fastrtps_c;rosidl_typesupport_introspection_c
[0.619s] -- Using all available rosidl_typesupport_cpp: rosidl_typesupport_fastrtps_cpp;rosidl_typesupport_introspection_cpp
[0.640s] -- Found rmw_implementation_cmake: 6.1.2 (/opt/ros/humble/share/rmw_implementation_cmake/cmake)
[0.640s] -- Found rmw_fastrtps_cpp: 6.2.9 (/opt/ros/humble/share/rmw_fastrtps_cpp/cmake)
[0.954s] -- Using RMW implementation 'rmw_fastrtps_cpp' as default
[1.139s] -- Found sensor_msgs: 4.9.0 (/opt/ros/humble/share/sensor_msgs/cmake)
[1.232s] -- Found image_transport: 3.1.12 (/opt/ros/humble/share/image_transport/cmake)
[1.308s] -- Found cv_bridge: 3.2.1 (/opt/ros/humble/share/cv_bridge/cmake)
[1.601s] -- Configuring done
[1.687s] -- Generating done
[1.706s] -- Build files have been written to: /home/jetson/projects/bishe/edge/build/bishe_camera
[1.750s] Invoked command in '/home/jetson/projects/bishe/edge/build/bishe_camera' returned '0': CMAKE_PREFIX_PATH=${CMAKE_PREFIX_PATH}:/home/jetson/projects/bishe/edge/install/bishe_launch:/opt/ros/humble /usr/bin/cmake /home/jetson/projects/bishe/edge/src/bishe_camera -DAMENT_CMAKE_SYMLINK_INSTALL=1 -DCMAKE_INSTALL_PREFIX=/home/jetson/projects/bishe/edge/install/bishe_camera
[1.751s] Invoking command in '/home/jetson/projects/bishe/edge/build/bishe_camera': CMAKE_PREFIX_PATH=${CMAKE_PREFIX_PATH}:/home/jetson/projects/bishe/edge/install/bishe_launch:/opt/ros/humble /usr/bin/cmake --build /home/jetson/projects/bishe/edge/build/bishe_camera -- -j6 -l6
[1.897s] Consolidate compiler generated dependencies of target camera_node
[1.949s] [100%] Built target camera_node
[1.996s] Invoked command in '/home/jetson/projects/bishe/edge/build/bishe_camera' returned '0': CMAKE_PREFIX_PATH=${CMAKE_PREFIX_PATH}:/home/jetson/projects/bishe/edge/install/bishe_launch:/opt/ros/humble /usr/bin/cmake --build /home/jetson/projects/bishe/edge/build/bishe_camera -- -j6 -l6
[2.036s] Invoking command in '/home/jetson/projects/bishe/edge/build/bishe_camera': CMAKE_PREFIX_PATH=${CMAKE_PREFIX_PATH}:/home/jetson/projects/bishe/edge/install/bishe_launch:/opt/ros/humble /usr/bin/cmake --install /home/jetson/projects/bishe/edge/build/bishe_camera
[2.093s] -- Install configuration: ""
[2.094s] -- Execute custom install script
[2.099s] -- Up-to-date symlink: /home/jetson/projects/bishe/edge/install/bishe_camera/lib/bishe_camera/camera_node
[2.100s] -- Up-to-date symlink: /home/jetson/projects/bishe/edge/install/bishe_camera/share/ament_index/resource_index/package_run_dependencies/bishe_camera
[2.101s] -- Up-to-date symlink: /home/jetson/projects/bishe/edge/install/bishe_camera/share/ament_index/resource_index/parent_prefix_path/bishe_camera
[2.101s] -- Up-to-date symlink: /home/jetson/projects/bishe/edge/install/bishe_camera/share/bishe_camera/environment/ament_prefix_path.sh
[2.102s] -- Up-to-date symlink: /home/jetson/projects/bishe/edge/install/bishe_camera/share/bishe_camera/environment/ament_prefix_path.dsv
[2.103s] -- Up-to-date symlink: /home/jetson/projects/bishe/edge/install/bishe_camera/share/bishe_camera/environment/path.sh
[2.104s] -- Up-to-date symlink: /home/jetson/projects/bishe/edge/install/bishe_camera/share/bishe_camera/environment/path.dsv
[2.104s] -- Up-to-date symlink: /home/jetson/projects/bishe/edge/install/bishe_camera/share/bishe_camera/local_setup.bash
[2.105s] -- Up-to-date symlink: /home/jetson/projects/bishe/edge/install/bishe_camera/share/bishe_camera/local_setup.sh
[2.105s] -- Up-to-date symlink: /home/jetson/projects/bishe/edge/install/bishe_camera/share/bishe_camera/local_setup.zsh
[2.107s] -- Up-to-date symlink: /home/jetson/projects/bishe/edge/install/bishe_camera/share/bishe_camera/local_setup.dsv
[2.107s] -- Symlinking: /home/jetson/projects/bishe/edge/install/bishe_camera/share/bishe_camera/package.dsv
[2.130s] -- Up-to-date symlink: /home/jetson/projects/bishe/edge/install/bishe_camera/share/ament_index/resource_index/packages/bishe_camera
[2.130s] -- Up-to-date symlink: /home/jetson/projects/bishe/edge/install/bishe_camera/share/bishe_camera/cmake/bishe_cameraConfig.cmake
[2.130s] -- Up-to-date symlink: /home/jetson/projects/bishe/edge/install/bishe_camera/share/bishe_camera/cmake/bishe_cameraConfig-version.cmake
[2.131s] -- Up-to-date symlink: /home/jetson/projects/bishe/edge/install/bishe_camera/share/bishe_camera/package.xml
[2.135s] Invoked command in '/home/jetson/projects/bishe/edge/build/bishe_camera' returned '0': CMAKE_PREFIX_PATH=${CMAKE_PREFIX_PATH}:/home/jetson/projects/bishe/edge/install/bishe_launch:/opt/ros/humble /usr/bin/cmake --install /home/jetson/projects/bishe/edge/build/bishe_camera
