[0.032s] Invoking command in '/home/jetson/projects/bishe/edge/build/bishe_monitor': CMAKE_PREFIX_PATH=/home/jetson/projects/bishe/edge/install/bishe_msgs:/home/jetson/projects/bishe/edge/install/bishe_streamer:/home/jetson/projects/bishe/edge/install/bishe_monitor:/home/jetson/projects/bishe/edge/install/bishe_detector:/home/jetson/projects/bishe/edge/install/bishe_mqtt:/home/jetson/projects/bishe/edge/install/bishe_camera:/home/jetson/projects/bishe/edge/install/bishe_launch:/opt/ros/humble LD_LIBRARY_PATH=/home/jetson/projects/bishe/edge/install/bishe_msgs/lib:/opt/ros/humble/opt/rviz_ogre_vendor/lib:/opt/ros/humble/lib/aarch64-linux-gnu:/opt/ros/humble/lib:/usr/local/cuda-12.6/lib64 /usr/bin/cmake --build /home/jetson/projects/bishe/edge/build/bishe_monitor -- -j6 -l6
[0.128s] [35m[1mConsolidate compiler generated dependencies of target monitor_node[0m
[0.163s] [ 14%] Built target gtest
[0.174s] [ 28%] Built target gtest_main
[0.195s] [ 35%] [32mBuilding CXX object CMakeFiles/monitor_node.dir/src/monitor_node.cpp.o[0m
[0.241s] [ 50%] Built target test_async_task_worker
[0.246s] [ 64%] Built target test_alarm_event_payload
[0.255s] [ 78%] Built target test_alarm_upload_gate
[0.263s] [ 92%] Built target test_alarm_playback_command
[21.184s] [100%] [32m[1mLinking CXX executable monitor_node[0m
[21.776s] /usr/bin/ld: warning: libopencv_imgcodecs.so.4.5d, needed by /opt/ros/humble/lib/libcv_bridge.so, may conflict with libopencv_imgcodecs.so.410
[21.778s] /usr/bin/ld: warning: libopencv_core.so.4.5d, needed by /opt/ros/humble/lib/libcv_bridge.so, may conflict with libopencv_core.so.410
[22.675s] [100%] Built target monitor_node
[22.699s] Invoked command in '/home/jetson/projects/bishe/edge/build/bishe_monitor' returned '0': CMAKE_PREFIX_PATH=/home/jetson/projects/bishe/edge/install/bishe_msgs:/home/jetson/projects/bishe/edge/install/bishe_streamer:/home/jetson/projects/bishe/edge/install/bishe_monitor:/home/jetson/projects/bishe/edge/install/bishe_detector:/home/jetson/projects/bishe/edge/install/bishe_mqtt:/home/jetson/projects/bishe/edge/install/bishe_camera:/home/jetson/projects/bishe/edge/install/bishe_launch:/opt/ros/humble LD_LIBRARY_PATH=/home/jetson/projects/bishe/edge/install/bishe_msgs/lib:/opt/ros/humble/opt/rviz_ogre_vendor/lib:/opt/ros/humble/lib/aarch64-linux-gnu:/opt/ros/humble/lib:/usr/local/cuda-12.6/lib64 /usr/bin/cmake --build /home/jetson/projects/bishe/edge/build/bishe_monitor -- -j6 -l6
[22.703s] Invoking command in '/home/jetson/projects/bishe/edge/build/bishe_monitor': CMAKE_PREFIX_PATH=/home/jetson/projects/bishe/edge/install/bishe_msgs:/home/jetson/projects/bishe/edge/install/bishe_streamer:/home/jetson/projects/bishe/edge/install/bishe_monitor:/home/jetson/projects/bishe/edge/install/bishe_detector:/home/jetson/projects/bishe/edge/install/bishe_mqtt:/home/jetson/projects/bishe/edge/install/bishe_camera:/home/jetson/projects/bishe/edge/install/bishe_launch:/opt/ros/humble LD_LIBRARY_PATH=/home/jetson/projects/bishe/edge/install/bishe_msgs/lib:/opt/ros/humble/opt/rviz_ogre_vendor/lib:/opt/ros/humble/lib/aarch64-linux-gnu:/opt/ros/humble/lib:/usr/local/cuda-12.6/lib64 /usr/bin/cmake --install /home/jetson/projects/bishe/edge/build/bishe_monitor
[22.716s] -- Install configuration: ""
[22.717s] -- Execute custom install script
[22.718s] -- Up-to-date symlink: /home/jetson/projects/bishe/edge/install/bishe_monitor/lib/bishe_monitor/monitor_node
[22.719s] -- Up-to-date symlink: /home/jetson/projects/bishe/edge/install/bishe_monitor/include/bishe_monitor/alarm_event_payload.hpp
[22.719s] -- Up-to-date symlink: /home/jetson/projects/bishe/edge/install/bishe_monitor/include/bishe_monitor/alarm_playback_command.hpp
[22.720s] -- Up-to-date symlink: /home/jetson/projects/bishe/edge/install/bishe_monitor/include/bishe_monitor/alarm_upload_gate.hpp
[22.720s] -- Up-to-date symlink: /home/jetson/projects/bishe/edge/install/bishe_monitor/include/bishe_monitor/async_task_worker.hpp
[22.720s] -- Up-to-date symlink: /home/jetson/projects/bishe/edge/install/bishe_monitor/share/bishe_monitor/config/config.yaml
[22.721s] -- Up-to-date symlink: /home/jetson/projects/bishe/edge/install/bishe_monitor/share/ament_index/resource_index/package_run_dependencies/bishe_monitor
[22.721s] -- Up-to-date symlink: /home/jetson/projects/bishe/edge/install/bishe_monitor/share/ament_index/resource_index/parent_prefix_path/bishe_monitor
[22.722s] -- Up-to-date symlink: /home/jetson/projects/bishe/edge/install/bishe_monitor/share/bishe_monitor/environment/ament_prefix_path.sh
[22.722s] -- Up-to-date symlink: /home/jetson/projects/bishe/edge/install/bishe_monitor/share/bishe_monitor/environment/ament_prefix_path.dsv
[22.722s] -- Up-to-date symlink: /home/jetson/projects/bishe/edge/install/bishe_monitor/share/bishe_monitor/environment/path.sh
[22.723s] -- Up-to-date symlink: /home/jetson/projects/bishe/edge/install/bishe_monitor/share/bishe_monitor/environment/path.dsv
[22.723s] -- Up-to-date symlink: /home/jetson/projects/bishe/edge/install/bishe_monitor/share/bishe_monitor/local_setup.bash
[22.723s] -- Up-to-date symlink: /home/jetson/projects/bishe/edge/install/bishe_monitor/share/bishe_monitor/local_setup.sh
[22.724s] -- Up-to-date symlink: /home/jetson/projects/bishe/edge/install/bishe_monitor/share/bishe_monitor/local_setup.zsh
[22.724s] -- Up-to-date symlink: /home/jetson/projects/bishe/edge/install/bishe_monitor/share/bishe_monitor/local_setup.dsv
[22.725s] -- Symlinking: /home/jetson/projects/bishe/edge/install/bishe_monitor/share/bishe_monitor/package.dsv
[22.741s] -- Up-to-date symlink: /home/jetson/projects/bishe/edge/install/bishe_monitor/share/ament_index/resource_index/packages/bishe_monitor
[22.742s] -- Up-to-date symlink: /home/jetson/projects/bishe/edge/install/bishe_monitor/share/bishe_monitor/cmake/bishe_monitorConfig.cmake
[22.742s] -- Up-to-date symlink: /home/jetson/projects/bishe/edge/install/bishe_monitor/share/bishe_monitor/cmake/bishe_monitorConfig-version.cmake
[22.742s] -- Up-to-date symlink: /home/jetson/projects/bishe/edge/install/bishe_monitor/share/bishe_monitor/package.xml
[22.747s] Invoked command in '/home/jetson/projects/bishe/edge/build/bishe_monitor' returned '0': CMAKE_PREFIX_PATH=/home/jetson/projects/bishe/edge/install/bishe_msgs:/home/jetson/projects/bishe/edge/install/bishe_streamer:/home/jetson/projects/bishe/edge/install/bishe_monitor:/home/jetson/projects/bishe/edge/install/bishe_detector:/home/jetson/projects/bishe/edge/install/bishe_mqtt:/home/jetson/projects/bishe/edge/install/bishe_camera:/home/jetson/projects/bishe/edge/install/bishe_launch:/opt/ros/humble LD_LIBRARY_PATH=/home/jetson/projects/bishe/edge/install/bishe_msgs/lib:/opt/ros/humble/opt/rviz_ogre_vendor/lib:/opt/ros/humble/lib/aarch64-linux-gnu:/opt/ros/humble/lib:/usr/local/cuda-12.6/lib64 /usr/bin/cmake --install /home/jetson/projects/bishe/edge/build/bishe_monitor
