[ 50%] [32mBuilding CXX object CMakeFiles/mqtt_node.dir/src/mqtt_node.cpp.o[0m
[01m[K/home/jetson/projects/bishe/edge/src/bishe_mqtt/src/mqtt_node.cpp:[m[K In member function ‘[01m[Kbool MqttNode::handleParameterCommand(const Json::Value&)[m[K’:
[01m[K/home/jetson/projects/bishe/edge/src/bishe_mqtt/src/mqtt_node.cpp:774:26:[m[K [01;35m[Kwarning: [m[Kunused variable ‘[01m[Knode_name[m[K’ [[01;35m[K]8;;https://gcc.gnu.org/onlinedocs/gcc/Warning-Options.html#index-Wunused-variable-Wunused-variable]8;;[m[K]
  774 |         for (const auto &[01;35m[Knode_name[m[K : monitorNodeCandidates(camera_id))
      |                          [01;35m[K^~~~~~~~~[m[K
[100%] [32m[1mLinking CXX executable mqtt_node[0m
[100%] Built target mqtt_node
-- Install configuration: ""
-- Execute custom install script
-- Up-to-date symlink: /home/jetson/projects/bishe/edge/install/bishe_mqtt/lib/bishe_mqtt/mqtt_node
-- Up-to-date symlink: /home/jetson/projects/bishe/edge/install/bishe_mqtt/share/ament_index/resource_index/package_run_dependencies/bishe_mqtt
-- Up-to-date symlink: /home/jetson/projects/bishe/edge/install/bishe_mqtt/share/ament_index/resource_index/parent_prefix_path/bishe_mqtt
-- Up-to-date symlink: /home/jetson/projects/bishe/edge/install/bishe_mqtt/share/bishe_mqtt/environment/ament_prefix_path.sh
-- Up-to-date symlink: /home/jetson/projects/bishe/edge/install/bishe_mqtt/share/bishe_mqtt/environment/ament_prefix_path.dsv
-- Up-to-date symlink: /home/jetson/projects/bishe/edge/install/bishe_mqtt/share/bishe_mqtt/environment/path.sh
-- Up-to-date symlink: /home/jetson/projects/bishe/edge/install/bishe_mqtt/share/bishe_mqtt/environment/path.dsv
-- Up-to-date symlink: /home/jetson/projects/bishe/edge/install/bishe_mqtt/share/bishe_mqtt/local_setup.bash
-- Up-to-date symlink: /home/jetson/projects/bishe/edge/install/bishe_mqtt/share/bishe_mqtt/local_setup.sh
-- Up-to-date symlink: /home/jetson/projects/bishe/edge/install/bishe_mqtt/share/bishe_mqtt/local_setup.zsh
-- Up-to-date symlink: /home/jetson/projects/bishe/edge/install/bishe_mqtt/share/bishe_mqtt/local_setup.dsv
-- Symlinking: /home/jetson/projects/bishe/edge/install/bishe_mqtt/share/bishe_mqtt/package.dsv
-- Up-to-date symlink: /home/jetson/projects/bishe/edge/install/bishe_mqtt/share/ament_index/resource_index/packages/bishe_mqtt
-- Up-to-date symlink: /home/jetson/projects/bishe/edge/install/bishe_mqtt/share/bishe_mqtt/cmake/bishe_mqttConfig.cmake
-- Up-to-date symlink: /home/jetson/projects/bishe/edge/install/bishe_mqtt/share/bishe_mqtt/cmake/bishe_mqttConfig-version.cmake
-- Up-to-date symlink: /home/jetson/projects/bishe/edge/install/bishe_mqtt/share/bishe_mqtt/package.xml
