[1.133s] Invoking command in '/home/jetson/projects/bishe/edge/src/bishe_launch': PYTHONPATH=/home/jetson/projects/bishe/edge/build/bishe_launch/prefix_override:/usr/lib/python3/dist-packages/colcon_core/task/python/colcon_distutils_commands:/home/jetson/projects/bishe/edge/install/bishe_launch/lib/python3.10/site-packages:${PYTHONPATH} /usr/bin/python3 -W ignore:setup.py install is deprecated -W ignore:easy_install command is deprecated setup.py egg_info --egg-base ../../build/bishe_launch build --build-base /home/jetson/projects/bishe/edge/build/bishe_launch/build install --record /home/jetson/projects/bishe/edge/build/bishe_launch/install.log --single-version-externally-managed install_data
[1.538s] running egg_info
[1.541s] writing ../../build/bishe_launch/bishe_launch.egg-info/PKG-INFO
[1.542s] writing dependency_links to ../../build/bishe_launch/bishe_launch.egg-info/dependency_links.txt
[1.542s] writing entry points to ../../build/bishe_launch/bishe_launch.egg-info/entry_points.txt
[1.543s] writing requirements to ../../build/bishe_launch/bishe_launch.egg-info/requires.txt
[1.543s] writing top-level names to ../../build/bishe_launch/bishe_launch.egg-info/top_level.txt
[1.544s] reading manifest file '../../build/bishe_launch/bishe_launch.egg-info/SOURCES.txt'
[1.546s] writing manifest file '../../build/bishe_launch/bishe_launch.egg-info/SOURCES.txt'
[1.546s] running build
[1.547s] running build_py
[1.548s] running install
[1.549s] running install_lib
[1.550s] running install_data
[1.550s] copying launch/multicamera.launch.py -> /home/jetson/projects/bishe/edge/install/bishe_launch/share/bishe_launch/launch
[1.550s] running install_egg_info
[1.552s] removing '/home/jetson/projects/bishe/edge/install/bishe_launch/lib/python3.10/site-packages/bishe_launch-0.1.0-py3.10.egg-info' (and everything under it)
[1.553s] Copying ../../build/bishe_launch/bishe_launch.egg-info to /home/jetson/projects/bishe/edge/install/bishe_launch/lib/python3.10/site-packages/bishe_launch-0.1.0-py3.10.egg-info
[1.554s] running install_scripts
[1.590s] writing list of installed files to '/home/jetson/projects/bishe/edge/build/bishe_launch/install.log'
[1.642s] Invoked command in '/home/jetson/projects/bishe/edge/src/bishe_launch' returned '0': PYTHONPATH=/home/jetson/projects/bishe/edge/build/bishe_launch/prefix_override:/usr/lib/python3/dist-packages/colcon_core/task/python/colcon_distutils_commands:/home/jetson/projects/bishe/edge/install/bishe_launch/lib/python3.10/site-packages:${PYTHONPATH} /usr/bin/python3 -W ignore:setup.py install is deprecated -W ignore:easy_install command is deprecated setup.py egg_info --egg-base ../../build/bishe_launch build --build-base /home/jetson/projects/bishe/edge/build/bishe_launch/build install --record /home/jetson/projects/bishe/edge/build/bishe_launch/install.log --single-version-externally-managed install_data
