-- The C compiler identification is GNU 11.4.0
-- The CXX compiler identification is GNU 11.4.0
-- Detecting C compiler ABI info
-- Detecting C compiler ABI info - done
-- Check for working C compiler: /usr/bin/cc - skipped
-- Detecting C compile features
-- Detecting C compile features - done
-- Detecting CXX compiler ABI info
-- Detecting CXX compiler ABI info - done
-- Check for working CXX compiler: /usr/bin/c++ - skipped
-- Detecting CXX compile features
-- Detecting CXX compile features - done
-- Looking for pthread.h
-- Looking for pthread.h - found
-- Performing Test CMAKE_HAVE_LIBC_PTHREAD
-- Performing Test CMAKE_HAVE_LIBC_PTHREAD - Success
-- Found Threads: TRUE  
-- Found CUDA: /usr/local/cuda-12.6 (found version "12.6") 
-- Found TensorRT: /usr/lib/aarch64-linux-gnu/libnvinfer.so (found version "..") 
-- Found ament_cmake: 1.3.12 (/opt/ros/humble/share/ament_cmake/cmake)
-- Found Python3: /usr/bin/python3 (found version "3.10.12") found components: Interpreter 
-- Override CMake install command with custom implementation using symlinks instead of copying resources
-- Found rclcpp: 16.0.16 (/opt/ros/humble/share/rclcpp/cmake)
-- Found rosidl_generator_c: 3.1.7 (/opt/ros/humble/share/rosidl_generator_c/cmake)
-- Found rosidl_adapter: 3.1.7 (/opt/ros/humble/share/rosidl_adapter/cmake)
-- Found rosidl_generator_cpp: 3.1.7 (/opt/ros/humble/share/rosidl_generator_cpp/cmake)
-- Using all available rosidl_typesupport_c: rosidl_typesupport_fastrtps_c;rosidl_typesupport_introspection_c
-- Using all available rosidl_typesupport_cpp: rosidl_typesupport_fastrtps_cpp;rosidl_typesupport_introspection_cpp
-- Found rmw_implementation_cmake: 6.1.2 (/opt/ros/humble/share/rmw_implementation_cmake/cmake)
-- Found rmw_fastrtps_cpp: 6.2.9 (/opt/ros/humble/share/rmw_fastrtps_cpp/cmake)
-- Found OpenSSL: /usr/lib/aarch64-linux-gnu/libcrypto.so (found version "3.0.2")  
-- Found FastRTPS: /opt/ros/humble/include  
-- Using RMW implementation 'rmw_fastrtps_cpp' as default
-- Found sensor_msgs: 4.9.0 (/opt/ros/humble/share/sensor_msgs/cmake)
-- Found image_transport: 3.1.12 (/opt/ros/humble/share/image_transport/cmake)
-- Found cv_bridge: 3.2.1 (/opt/ros/humble/share/cv_bridge/cmake)
-- Found OpenCV: /usr/local (found version "4.10.0") 
-- Found bishe_msgs: 0.1.0 (/home/jetson/projects/bishe/edge/install/bishe_msgs/share/bishe_msgs/cmake)
-- Configuring done
-- Generating done
-- Build files have been written to: /home/jetson/projects/bishe/edge/build/bishe_detector
[ 16%] Building CXX object CMakeFiles/detector_node.dir/src/detector_node.cpp.o
[ 33%] Building CXX object CMakeFiles/detector_node.dir/src/yolo.cc.o
[ 50%] Building CXX object CMakeFiles/detector_node.dir/src/yolov8.cc.o
[ 66%] Building CXX object CMakeFiles/detector_node.dir/src/trt_engine.cc.o
[ 83%] Building CXX object CMakeFiles/detector_node.dir/src/int8_calibrator.cc.o
/home/jetson/projects/bishe/edge/src/bishe_detector/src/trt_engine.cc: In member function ‘void TrtEngine::BuildEngine(const string&, const string&, TrtPrecision)’:
/home/jetson/projects/bishe/edge/src/bishe_detector/src/trt_engine.cc:20:28: warning: comparison of integer expressions of different signedness: ‘size_t’ {aka ‘long unsigned int’} and ‘int’ [-Wsign-compare]
   20 |         for (size_t i=0; i < parser->getNbErrors(); ++i) {
      |                          ~~^~~~~~~~~~~~~~~~~~~~~~~
/home/jetson/projects/bishe/edge/src/bishe_detector/src/trt_engine.cc:42:38: warning: ‘void nvinfer1::IBuilderConfig::setInt8Calibrator(nvinfer1::IInt8Calibrator*)’ is deprecated [-Wdeprecated-declarations]
   42 |             config->setInt8Calibrator(calibrator_.get());
      |             ~~~~~~~~~~~~~~~~~~~~~~~~~^~~~~~~~~~~~~~~~~~~
In file included from /home/jetson/projects/bishe/edge/src/bishe_detector/include/bishe_detector/trt_engine.h:6,
                 from /home/jetson/projects/bishe/edge/src/bishe_detector/src/trt_engine.cc:1:
/usr/include/aarch64-linux-gnu/NvInfer.h:8825:25: note: declared here
 8825 |     TRT_DEPRECATED void setInt8Calibrator(IInt8Calibrator* calibrator) noexcept
      |                         ^~~~~~~~~~~~~~~~~
/home/jetson/projects/bishe/edge/src/bishe_detector/src/trt_engine.cc: In member function ‘void TrtEngine::LoadEngine(const string&)’:
/home/jetson/projects/bishe/edge/src/bishe_detector/src/trt_engine.cc:67:14: warning: unused variable ‘msg’ [-Wunused-variable]
   67 |         auto msg = "Error, unable to read engine file";
      |              ^~~
/home/jetson/projects/bishe/edge/src/bishe_detector/src/trt_engine.cc: In member function ‘std::vector<long unsigned int> TrtEngine::GetInputDim()’:
/home/jetson/projects/bishe/edge/src/bishe_detector/src/trt_engine.cc:112:26: warning: comparison of integer expressions of different signedness: ‘size_t’ {aka ‘long unsigned int’} and ‘const int32_t’ {aka ‘const int’} [-Wsign-compare]
  112 |         for(size_t i=0; i<dim.nbDims; ++i) {
      |                         ~^~~~~~~~~~~
/home/jetson/projects/bishe/edge/src/bishe_detector/src/trt_engine.cc: In member function ‘std::vector<long unsigned int> TrtEngine::GetOutputDim()’:
/home/jetson/projects/bishe/edge/src/bishe_detector/src/trt_engine.cc:125:26: warning: comparison of integer expressions of different signedness: ‘size_t’ {aka ‘long unsigned int’} and ‘const int32_t’ {aka ‘const int’} [-Wsign-compare]
  125 |         for(size_t i=0; i<dim.nbDims; ++i) {
      |                         ~^~~~~~~~~~~
/home/jetson/projects/bishe/edge/src/bishe_detector/src/int8_calibrator.cc: In member function ‘virtual bool Int8EntropyCalibrator2::getBatch(void**, const char**, int)’:
/home/jetson/projects/bishe/edge/src/bishe_detector/src/int8_calibrator.cc:33:69: warning: unused parameter ‘names’ [-Wunused-parameter]
   33 | bool Int8EntropyCalibrator2::getBatch(void* bindings[], const char* names[], int nbBindings) noexcept {
      |                                                         ~~~~~~~~~~~~^~~~~~~
/home/jetson/projects/bishe/edge/src/bishe_detector/src/int8_calibrator.cc:33:82: warning: unused parameter ‘nbBindings’ [-Wunused-parameter]
   33 | bool Int8EntropyCalibrator2::getBatch(void* bindings[], const char* names[], int nbBindings) noexcept {
      |                                                                              ~~~~^~~~~~~~~~
[100%] Linking CXX executable detector_node
/usr/bin/ld: warning: libopencv_imgcodecs.so.4.5d, needed by /opt/ros/humble/lib/libcv_bridge.so, may conflict with libopencv_imgcodecs.so.410
/usr/bin/ld: warning: libopencv_imgproc.so.4.5d, needed by /opt/ros/humble/lib/libcv_bridge.so, may conflict with libopencv_imgproc.so.410
/usr/bin/ld: warning: libopencv_core.so.4.5d, needed by /opt/ros/humble/lib/libcv_bridge.so, may conflict with libopencv_core.so.410
[100%] Built target detector_node
-- Install configuration: ""
-- Execute custom install script
-- Symlinking: /home/jetson/projects/bishe/edge/install/bishe_detector/lib/bishe_detector/detector_node
-- Symlinking: /home/jetson/projects/bishe/edge/install/bishe_detector/include/bishe_detector/int8_calibrator.h
-- Symlinking: /home/jetson/projects/bishe/edge/install/bishe_detector/include/bishe_detector/trt_engine.h
-- Symlinking: /home/jetson/projects/bishe/edge/install/bishe_detector/include/bishe_detector/utils.h
-- Symlinking: /home/jetson/projects/bishe/edge/install/bishe_detector/include/bishe_detector/yolo.h
-- Symlinking: /home/jetson/projects/bishe/edge/install/bishe_detector/include/bishe_detector/yolov10.h
-- Symlinking: /home/jetson/projects/bishe/edge/install/bishe_detector/include/bishe_detector/yolov5a.h
-- Symlinking: /home/jetson/projects/bishe/edge/install/bishe_detector/include/bishe_detector/yolov8.h
-- Symlinking: /home/jetson/projects/bishe/edge/install/bishe_detector/share/ament_index/resource_index/package_run_dependencies/bishe_detector
-- Symlinking: /home/jetson/projects/bishe/edge/install/bishe_detector/share/ament_index/resource_index/parent_prefix_path/bishe_detector
-- Symlinking: /home/jetson/projects/bishe/edge/install/bishe_detector/share/bishe_detector/environment/ament_prefix_path.sh
-- Symlinking: /home/jetson/projects/bishe/edge/install/bishe_detector/share/bishe_detector/environment/ament_prefix_path.dsv
-- Symlinking: /home/jetson/projects/bishe/edge/install/bishe_detector/share/bishe_detector/environment/path.sh
-- Symlinking: /home/jetson/projects/bishe/edge/install/bishe_detector/share/bishe_detector/environment/path.dsv
-- Symlinking: /home/jetson/projects/bishe/edge/install/bishe_detector/share/bishe_detector/local_setup.bash
-- Symlinking: /home/jetson/projects/bishe/edge/install/bishe_detector/share/bishe_detector/local_setup.sh
-- Symlinking: /home/jetson/projects/bishe/edge/install/bishe_detector/share/bishe_detector/local_setup.zsh
-- Symlinking: /home/jetson/projects/bishe/edge/install/bishe_detector/share/bishe_detector/local_setup.dsv
-- Symlinking: /home/jetson/projects/bishe/edge/install/bishe_detector/share/bishe_detector/package.dsv
-- Symlinking: /home/jetson/projects/bishe/edge/install/bishe_detector/share/ament_index/resource_index/packages/bishe_detector
-- Symlinking: /home/jetson/projects/bishe/edge/install/bishe_detector/share/bishe_detector/cmake/bishe_detectorConfig.cmake
-- Symlinking: /home/jetson/projects/bishe/edge/install/bishe_detector/share/bishe_detector/cmake/bishe_detectorConfig-version.cmake
-- Symlinking: /home/jetson/projects/bishe/edge/install/bishe_detector/share/bishe_detector/package.xml
