[0.028s] Invoking command in '/home/jetson/projects/bishe/edge/build/bishe_detector': AMENT_PREFIX_PATH=/home/jetson/projects/bishe/edge/install/bishe_msgs:${AMENT_PREFIX_PATH} CMAKE_PREFIX_PATH=/home/jetson/projects/bishe/edge/install/bishe_msgs:/opt/ros/humble LD_LIBRARY_PATH=/home/jetson/projects/bishe/edge/install/bishe_msgs/lib:/opt/ros/humble/opt/rviz_ogre_vendor/lib:/opt/ros/humble/lib/aarch64-linux-gnu:/opt/ros/humble/lib:/usr/local/cuda-12.6/lib64 PYTHONPATH=/home/jetson/projects/bishe/edge/install/bishe_msgs/local/lib/python3.10/dist-packages:${PYTHONPATH} /usr/bin/cmake /home/jetson/projects/bishe/edge/src/bishe_detector -DAMENT_CMAKE_SYMLINK_INSTALL=1 -DCMAKE_INSTALL_PREFIX=/home/jetson/projects/bishe/edge/install/bishe_detector
[0.136s] -- The C compiler identification is GNU 11.4.0
[0.230s] -- The CXX compiler identification is GNU 11.4.0
[0.249s] -- Detecting C compiler ABI info
[0.375s] -- Detecting C compiler ABI info - done
[0.386s] -- Check for working C compiler: /usr/bin/cc - skipped
[0.387s] -- Detecting C compile features
[0.387s] -- Detecting C compile features - done
[0.392s] -- Detecting CXX compiler ABI info
[0.554s] -- Detecting CXX compiler ABI info - done
[0.573s] -- Check for working CXX compiler: /usr/bin/c++ - skipped
[0.574s] -- Detecting CXX compile features
[0.576s] -- Detecting CXX compile features - done
[0.626s] -- Looking for pthread.h
[0.818s] -- Looking for pthread.h - found
[0.818s] -- Performing Test CMAKE_HAVE_LIBC_PTHREAD
[0.990s] -- Performing Test CMAKE_HAVE_LIBC_PTHREAD - Success
[0.990s] -- Found Threads: TRUE  
[1.029s] -- Found CUDA: /usr/local/cuda-12.6 (found version "12.6") 
[1.066s] -- Found TensorRT: /usr/lib/aarch64-linux-gnu/libnvinfer.so (found version "..") 
[1.070s] -- Found ament_cmake: 1.3.12 (/opt/ros/humble/share/ament_cmake/cmake)
[1.408s] -- Found Python3: /usr/bin/python3 (found version "3.10.12") found components: Interpreter 
[1.579s] -- Override CMake install command with custom implementation using symlinks instead of copying resources
[1.622s] -- Found rclcpp: 16.0.16 (/opt/ros/humble/share/rclcpp/cmake)
[1.685s] -- Found rosidl_generator_c: 3.1.7 (/opt/ros/humble/share/rosidl_generator_c/cmake)
[1.694s] -- Found rosidl_adapter: 3.1.7 (/opt/ros/humble/share/rosidl_adapter/cmake)
[1.709s] -- Found rosidl_generator_cpp: 3.1.7 (/opt/ros/humble/share/rosidl_generator_cpp/cmake)
[1.730s] -- Using all available rosidl_typesupport_c: rosidl_typesupport_fastrtps_c;rosidl_typesupport_introspection_c
[1.768s] -- Using all available rosidl_typesupport_cpp: rosidl_typesupport_fastrtps_cpp;rosidl_typesupport_introspection_cpp
[1.846s] -- Found rmw_implementation_cmake: 6.1.2 (/opt/ros/humble/share/rmw_implementation_cmake/cmake)
[1.850s] -- Found rmw_fastrtps_cpp: 6.2.9 (/opt/ros/humble/share/rmw_fastrtps_cpp/cmake)
[2.036s] -- Found OpenSSL: /usr/lib/aarch64-linux-gnu/libcrypto.so (found version "3.0.2")  
[2.078s] -- Found FastRTPS: /opt/ros/humble/include  
[2.154s] -- Using RMW implementation 'rmw_fastrtps_cpp' as default
[2.262s] -- Found sensor_msgs: 4.9.0 (/opt/ros/humble/share/sensor_msgs/cmake)
[2.314s] -- Found image_transport: 3.1.12 (/opt/ros/humble/share/image_transport/cmake)
[2.368s] -- Found cv_bridge: 3.2.1 (/opt/ros/humble/share/cv_bridge/cmake)
[2.406s] -- Found OpenCV: /usr/local (found version "4.10.0") 
[2.406s] -- Found bishe_msgs: 0.1.0 (/home/jetson/projects/bishe/edge/install/bishe_msgs/share/bishe_msgs/cmake)
[2.577s] -- Configuring done
[2.613s] -- Generating done
[2.621s] -- Build files have been written to: /home/jetson/projects/bishe/edge/build/bishe_detector
[2.649s] Invoked command in '/home/jetson/projects/bishe/edge/build/bishe_detector' returned '0': AMENT_PREFIX_PATH=/home/jetson/projects/bishe/edge/install/bishe_msgs:${AMENT_PREFIX_PATH} CMAKE_PREFIX_PATH=/home/jetson/projects/bishe/edge/install/bishe_msgs:/opt/ros/humble LD_LIBRARY_PATH=/home/jetson/projects/bishe/edge/install/bishe_msgs/lib:/opt/ros/humble/opt/rviz_ogre_vendor/lib:/opt/ros/humble/lib/aarch64-linux-gnu:/opt/ros/humble/lib:/usr/local/cuda-12.6/lib64 PYTHONPATH=/home/jetson/projects/bishe/edge/install/bishe_msgs/local/lib/python3.10/dist-packages:${PYTHONPATH} /usr/bin/cmake /home/jetson/projects/bishe/edge/src/bishe_detector -DAMENT_CMAKE_SYMLINK_INSTALL=1 -DCMAKE_INSTALL_PREFIX=/home/jetson/projects/bishe/edge/install/bishe_detector
[2.651s] Invoking command in '/home/jetson/projects/bishe/edge/build/bishe_detector': AMENT_PREFIX_PATH=/home/jetson/projects/bishe/edge/install/bishe_msgs:${AMENT_PREFIX_PATH} CMAKE_PREFIX_PATH=/home/jetson/projects/bishe/edge/install/bishe_msgs:/opt/ros/humble LD_LIBRARY_PATH=/home/jetson/projects/bishe/edge/install/bishe_msgs/lib:/opt/ros/humble/opt/rviz_ogre_vendor/lib:/opt/ros/humble/lib/aarch64-linux-gnu:/opt/ros/humble/lib:/usr/local/cuda-12.6/lib64 PYTHONPATH=/home/jetson/projects/bishe/edge/install/bishe_msgs/local/lib/python3.10/dist-packages:${PYTHONPATH} /usr/bin/cmake --build /home/jetson/projects/bishe/edge/build/bishe_detector -- -j6 -l6
[2.734s] [ 16%] Building CXX object CMakeFiles/detector_node.dir/src/detector_node.cpp.o
[2.738s] [ 33%] Building CXX object CMakeFiles/detector_node.dir/src/yolo.cc.o
[2.738s] [ 50%] Building CXX object CMakeFiles/detector_node.dir/src/yolov8.cc.o
[2.752s] [ 66%] Building CXX object CMakeFiles/detector_node.dir/src/trt_engine.cc.o
[2.756s] [ 83%] Building CXX object CMakeFiles/detector_node.dir/src/int8_calibrator.cc.o
[7.901s] /home/jetson/projects/bishe/edge/src/bishe_detector/src/trt_engine.cc: In member function ‘void TrtEngine::BuildEngine(const string&, const string&, TrtPrecision)’:
[7.901s] /home/jetson/projects/bishe/edge/src/bishe_detector/src/trt_engine.cc:20:28: warning: comparison of integer expressions of different signedness: ‘size_t’ {aka ‘long unsigned int’} and ‘int’ [-Wsign-compare]
[7.901s]    20 |         for (size_t i=0; i < parser->getNbErrors(); ++i) {
[7.901s]       |                          ~~^~~~~~~~~~~~~~~~~~~~~~~
[7.936s] /home/jetson/projects/bishe/edge/src/bishe_detector/src/trt_engine.cc:42:38: warning: ‘void nvinfer1::IBuilderConfig::setInt8Calibrator(nvinfer1::IInt8Calibrator*)’ is deprecated [-Wdeprecated-declarations]
[7.936s]    42 |             config->setInt8Calibrator(calibrator_.get());
[7.936s]       |             ~~~~~~~~~~~~~~~~~~~~~~~~~^~~~~~~~~~~~~~~~~~~
[7.936s] In file included from /home/jetson/projects/bishe/edge/src/bishe_detector/include/bishe_detector/trt_engine.h:6,
[7.936s]                  from /home/jetson/projects/bishe/edge/src/bishe_detector/src/trt_engine.cc:1:
[7.936s] /usr/include/aarch64-linux-gnu/NvInfer.h:8825:25: note: declared here
[7.937s]  8825 |     TRT_DEPRECATED void setInt8Calibrator(IInt8Calibrator* calibrator) noexcept
[7.937s]       |                         ^~~~~~~~~~~~~~~~~
[7.962s] /home/jetson/projects/bishe/edge/src/bishe_detector/src/trt_engine.cc: In member function ‘void TrtEngine::LoadEngine(const string&)’:
[7.963s] /home/jetson/projects/bishe/edge/src/bishe_detector/src/trt_engine.cc:67:14: warning: unused variable ‘msg’ [-Wunused-variable]
[7.963s]    67 |         auto msg = "Error, unable to read engine file";
[7.963s]       |              ^~~
[7.965s] /home/jetson/projects/bishe/edge/src/bishe_detector/src/trt_engine.cc: In member function ‘std::vector<long unsigned int> TrtEngine::GetInputDim()’:
[7.965s] /home/jetson/projects/bishe/edge/src/bishe_detector/src/trt_engine.cc:112:26: warning: comparison of integer expressions of different signedness: ‘size_t’ {aka ‘long unsigned int’} and ‘const int32_t’ {aka ‘const int’} [-Wsign-compare]
[7.965s]   112 |         for(size_t i=0; i<dim.nbDims; ++i) {
[7.966s]       |                         ~^~~~~~~~~~~
[7.966s] /home/jetson/projects/bishe/edge/src/bishe_detector/src/trt_engine.cc: In member function ‘std::vector<long unsigned int> TrtEngine::GetOutputDim()’:
[7.966s] /home/jetson/projects/bishe/edge/src/bishe_detector/src/trt_engine.cc:125:26: warning: comparison of integer expressions of different signedness: ‘size_t’ {aka ‘long unsigned int’} and ‘const int32_t’ {aka ‘const int’} [-Wsign-compare]
[7.966s]   125 |         for(size_t i=0; i<dim.nbDims; ++i) {
[7.966s]       |                         ~^~~~~~~~~~~
[8.873s] /home/jetson/projects/bishe/edge/src/bishe_detector/src/int8_calibrator.cc: In member function ‘virtual bool Int8EntropyCalibrator2::getBatch(void**, const char**, int)’:
[8.873s] /home/jetson/projects/bishe/edge/src/bishe_detector/src/int8_calibrator.cc:33:69: warning: unused parameter ‘names’ [-Wunused-parameter]
[8.873s]    33 | bool Int8EntropyCalibrator2::getBatch(void* bindings[], const char* names[], int nbBindings) noexcept {
[8.873s]       |                                                         ~~~~~~~~~~~~^~~~~~~
[8.873s] /home/jetson/projects/bishe/edge/src/bishe_detector/src/int8_calibrator.cc:33:82: warning: unused parameter ‘nbBindings’ [-Wunused-parameter]
[8.874s]    33 | bool Int8EntropyCalibrator2::getBatch(void* bindings[], const char* names[], int nbBindings) noexcept {
[8.874s]       |                                                                              ~~~~^~~~~~~~~~
[17.992s] [100%] Linking CXX executable detector_node
[18.381s] /usr/bin/ld: warning: libopencv_imgcodecs.so.4.5d, needed by /opt/ros/humble/lib/libcv_bridge.so, may conflict with libopencv_imgcodecs.so.410
[18.382s] /usr/bin/ld: warning: libopencv_imgproc.so.4.5d, needed by /opt/ros/humble/lib/libcv_bridge.so, may conflict with libopencv_imgproc.so.410
[18.383s] /usr/bin/ld: warning: libopencv_core.so.4.5d, needed by /opt/ros/humble/lib/libcv_bridge.so, may conflict with libopencv_core.so.410
[19.144s] [100%] Built target detector_node
[19.164s] Invoked command in '/home/jetson/projects/bishe/edge/build/bishe_detector' returned '0': AMENT_PREFIX_PATH=/home/jetson/projects/bishe/edge/install/bishe_msgs:${AMENT_PREFIX_PATH} CMAKE_PREFIX_PATH=/home/jetson/projects/bishe/edge/install/bishe_msgs:/opt/ros/humble LD_LIBRARY_PATH=/home/jetson/projects/bishe/edge/install/bishe_msgs/lib:/opt/ros/humble/opt/rviz_ogre_vendor/lib:/opt/ros/humble/lib/aarch64-linux-gnu:/opt/ros/humble/lib:/usr/local/cuda-12.6/lib64 PYTHONPATH=/home/jetson/projects/bishe/edge/install/bishe_msgs/local/lib/python3.10/dist-packages:${PYTHONPATH} /usr/bin/cmake --build /home/jetson/projects/bishe/edge/build/bishe_detector -- -j6 -l6
[19.166s] Invoking command in '/home/jetson/projects/bishe/edge/build/bishe_detector': AMENT_PREFIX_PATH=/home/jetson/projects/bishe/edge/install/bishe_msgs:${AMENT_PREFIX_PATH} CMAKE_PREFIX_PATH=/home/jetson/projects/bishe/edge/install/bishe_msgs:/opt/ros/humble LD_LIBRARY_PATH=/home/jetson/projects/bishe/edge/install/bishe_msgs/lib:/opt/ros/humble/opt/rviz_ogre_vendor/lib:/opt/ros/humble/lib/aarch64-linux-gnu:/opt/ros/humble/lib:/usr/local/cuda-12.6/lib64 PYTHONPATH=/home/jetson/projects/bishe/edge/install/bishe_msgs/local/lib/python3.10/dist-packages:${PYTHONPATH} /usr/bin/cmake --install /home/jetson/projects/bishe/edge/build/bishe_detector
[19.179s] -- Install configuration: ""
[19.182s] -- Execute custom install script
[19.183s] -- Symlinking: /home/jetson/projects/bishe/edge/install/bishe_detector/lib/bishe_detector/detector_node
[19.199s] -- Symlinking: /home/jetson/projects/bishe/edge/install/bishe_detector/include/bishe_detector/int8_calibrator.h
[19.215s] -- Symlinking: /home/jetson/projects/bishe/edge/install/bishe_detector/include/bishe_detector/trt_engine.h
[19.231s] -- Symlinking: /home/jetson/projects/bishe/edge/install/bishe_detector/include/bishe_detector/utils.h
[19.247s] -- Symlinking: /home/jetson/projects/bishe/edge/install/bishe_detector/include/bishe_detector/yolo.h
[19.262s] -- Symlinking: /home/jetson/projects/bishe/edge/install/bishe_detector/include/bishe_detector/yolov10.h
[19.277s] -- Symlinking: /home/jetson/projects/bishe/edge/install/bishe_detector/include/bishe_detector/yolov5a.h
[19.291s] -- Symlinking: /home/jetson/projects/bishe/edge/install/bishe_detector/include/bishe_detector/yolov8.h
[19.307s] -- Symlinking: /home/jetson/projects/bishe/edge/install/bishe_detector/share/ament_index/resource_index/package_run_dependencies/bishe_detector
[19.323s] -- Symlinking: /home/jetson/projects/bishe/edge/install/bishe_detector/share/ament_index/resource_index/parent_prefix_path/bishe_detector
[19.339s] -- Symlinking: /home/jetson/projects/bishe/edge/install/bishe_detector/share/bishe_detector/environment/ament_prefix_path.sh
[19.355s] -- Symlinking: /home/jetson/projects/bishe/edge/install/bishe_detector/share/bishe_detector/environment/ament_prefix_path.dsv
[19.368s] -- Symlinking: /home/jetson/projects/bishe/edge/install/bishe_detector/share/bishe_detector/environment/path.sh
[19.383s] -- Symlinking: /home/jetson/projects/bishe/edge/install/bishe_detector/share/bishe_detector/environment/path.dsv
[19.398s] -- Symlinking: /home/jetson/projects/bishe/edge/install/bishe_detector/share/bishe_detector/local_setup.bash
[19.412s] -- Symlinking: /home/jetson/projects/bishe/edge/install/bishe_detector/share/bishe_detector/local_setup.sh
[19.426s] -- Symlinking: /home/jetson/projects/bishe/edge/install/bishe_detector/share/bishe_detector/local_setup.zsh
[19.440s] -- Symlinking: /home/jetson/projects/bishe/edge/install/bishe_detector/share/bishe_detector/local_setup.dsv
[19.456s] -- Symlinking: /home/jetson/projects/bishe/edge/install/bishe_detector/share/bishe_detector/package.dsv
[19.469s] -- Symlinking: /home/jetson/projects/bishe/edge/install/bishe_detector/share/ament_index/resource_index/packages/bishe_detector
[19.483s] -- Symlinking: /home/jetson/projects/bishe/edge/install/bishe_detector/share/bishe_detector/cmake/bishe_detectorConfig.cmake
[19.499s] -- Symlinking: /home/jetson/projects/bishe/edge/install/bishe_detector/share/bishe_detector/cmake/bishe_detectorConfig-version.cmake
[19.515s] -- Symlinking: /home/jetson/projects/bishe/edge/install/bishe_detector/share/bishe_detector/package.xml
[19.534s] Invoked command in '/home/jetson/projects/bishe/edge/build/bishe_detector' returned '0': AMENT_PREFIX_PATH=/home/jetson/projects/bishe/edge/install/bishe_msgs:${AMENT_PREFIX_PATH} CMAKE_PREFIX_PATH=/home/jetson/projects/bishe/edge/install/bishe_msgs:/opt/ros/humble LD_LIBRARY_PATH=/home/jetson/projects/bishe/edge/install/bishe_msgs/lib:/opt/ros/humble/opt/rviz_ogre_vendor/lib:/opt/ros/humble/lib/aarch64-linux-gnu:/opt/ros/humble/lib:/usr/local/cuda-12.6/lib64 PYTHONPATH=/home/jetson/projects/bishe/edge/install/bishe_msgs/local/lib/python3.10/dist-packages:${PYTHONPATH} /usr/bin/cmake --install /home/jetson/projects/bishe/edge/build/bishe_detector
