[1.156s] Invoking command in '/home/jetson/projects/bishe/src/bishe_launch': PYTHONPATH=/home/jetson/projects/bishe/build/bishe_launch/prefix_override:/usr/lib/python3/dist-packages/colcon_core/task/python/colcon_distutils_commands:/home/jetson/projects/bishe/install/bishe_launch/lib/python3.10/site-packages:${PYTHONPATH} /usr/bin/python3 -W ignore:setup.py install is deprecated -W ignore:easy_install command is deprecated setup.py egg_info --egg-base ../../build/bishe_launch build --build-base /home/jetson/projects/bishe/build/bishe_launch/build install --record /home/jetson/projects/bishe/build/bishe_launch/install.log --single-version-externally-managed install_data
[1.568s] running egg_info
[1.569s] writing ../../build/bishe_launch/bishe_launch.egg-info/PKG-INFO
[1.569s] writing dependency_links to ../../build/bishe_launch/bishe_launch.egg-info/dependency_links.txt
[1.570s] writing entry points to ../../build/bishe_launch/bishe_launch.egg-info/entry_points.txt
[1.570s] writing requirements to ../../build/bishe_launch/bishe_launch.egg-info/requires.txt
[1.570s] writing top-level names to ../../build/bishe_launch/bishe_launch.egg-info/top_level.txt
[1.574s] reading manifest file '../../build/bishe_launch/bishe_launch.egg-info/SOURCES.txt'
[1.576s] writing manifest file '../../build/bishe_launch/bishe_launch.egg-info/SOURCES.txt'
[1.576s] running build
[1.576s] running build_py
[1.577s] running install
[1.577s] running install_lib
[1.580s] running install_data
[1.580s] copying launch/vision_only.launch.py -> /home/jetson/projects/bishe/install/bishe_launch/share/bishe_launch/launch
[1.581s] running install_egg_info
[1.584s] removing '/home/jetson/projects/bishe/install/bishe_launch/lib/python3.10/site-packages/bishe_launch-0.1.0-py3.10.egg-info' (and everything under it)
[1.585s] Copying ../../build/bishe_launch/bishe_launch.egg-info to /home/jetson/projects/bishe/install/bishe_launch/lib/python3.10/site-packages/bishe_launch-0.1.0-py3.10.egg-info
[1.586s] running install_scripts
[1.624s] writing list of installed files to '/home/jetson/projects/bishe/build/bishe_launch/install.log'
[1.682s] Invoked command in '/home/jetson/projects/bishe/src/bishe_launch' returned '0': PYTHONPATH=/home/jetson/projects/bishe/build/bishe_launch/prefix_override:/usr/lib/python3/dist-packages/colcon_core/task/python/colcon_distutils_commands:/home/jetson/projects/bishe/install/bishe_launch/lib/python3.10/site-packages:${PYTHONPATH} /usr/bin/python3 -W ignore:setup.py install is deprecated -W ignore:easy_install command is deprecated setup.py egg_info --egg-base ../../build/bishe_launch build --build-base /home/jetson/projects/bishe/build/bishe_launch/build install --record /home/jetson/projects/bishe/build/bishe_launch/install.log --single-version-externally-managed install_data
