[0.038s] Invoking command in '/home/jetson/projects/bishe/build/bishe_msgs': CMAKE_PREFIX_PATH=/opt/ros/humble /usr/bin/cmake --build /home/jetson/projects/bishe/build/bishe_msgs -- -j6 -l6
[0.505s] [  3%] Built target bishe_msgs__cpp
[0.505s] [ 12%] Built target bishe_msgs__rosidl_generator_c
[0.505s] [ 12%] Built target ament_cmake_python_symlink_bishe_msgs
[0.505s] [ 22%] Built target bishe_msgs__rosidl_typesupport_fastrtps_cpp
[0.506s] [ 32%] Built target bishe_msgs__rosidl_typesupport_introspection_cpp
[0.506s] [ 41%] Built target bishe_msgs__rosidl_typesupport_fastrtps_c
[0.506s] [ 61%] Built target bishe_msgs__rosidl_typesupport_introspection_c
[0.506s] [ 61%] Built target bishe_msgs__rosidl_typesupport_cpp
[0.506s] [ 70%] Built target bishe_msgs__rosidl_typesupport_c
[0.506s] [ 70%] Built target bishe_msgs
[0.506s] [ 74%] Built target bishe_msgs__py
[0.506s] [ 80%] Built target bishe_msgs__rosidl_generator_py
[0.506s] [ 90%] Built target bishe_msgs__rosidl_typesupport_introspection_c__pyext
[0.507s] [ 93%] Built target bishe_msgs__rosidl_typesupport_c__pyext
[0.507s] [100%] Built target bishe_msgs__rosidl_typesupport_fastrtps_c__pyext
[0.647s] running egg_info
[0.650s] writing bishe_msgs.egg-info/PKG-INFO
[0.651s] writing dependency_links to bishe_msgs.egg-info/dependency_links.txt
[0.651s] writing top-level names to bishe_msgs.egg-info/top_level.txt
[0.656s] reading manifest file 'bishe_msgs.egg-info/SOURCES.txt'
[0.659s] writing manifest file 'bishe_msgs.egg-info/SOURCES.txt'
[0.717s] [100%] Built target ament_cmake_python_build_bishe_msgs_egg
[0.737s] Invoked command in '/home/jetson/projects/bishe/build/bishe_msgs' returned '0': CMAKE_PREFIX_PATH=/opt/ros/humble /usr/bin/cmake --build /home/jetson/projects/bishe/build/bishe_msgs -- -j6 -l6
[0.740s] Invoking command in '/home/jetson/projects/bishe/build/bishe_msgs': CMAKE_PREFIX_PATH=/opt/ros/humble /usr/bin/cmake --install /home/jetson/projects/bishe/build/bishe_msgs
[0.754s] -- Install configuration: ""
[0.755s] -- Execute custom install script
[0.756s] -- Up-to-date symlink: /home/jetson/projects/bishe/install/bishe_msgs/share/ament_index/resource_index/rosidl_interfaces/bishe_msgs
[0.758s] -- Up-to-date symlink: /home/jetson/projects/bishe/install/bishe_msgs/include/bishe_msgs/bishe_msgs/msg/detail/detector_result__functions.h
[0.758s] -- Up-to-date symlink: /home/jetson/projects/bishe/install/bishe_msgs/include/bishe_msgs/bishe_msgs/msg/detail/detector_result__struct.h
[0.758s] -- Up-to-date symlink: /home/jetson/projects/bishe/install/bishe_msgs/include/bishe_msgs/bishe_msgs/msg/detail/detector_result__type_support.h
[0.758s] -- Up-to-date symlink: /home/jetson/projects/bishe/install/bishe_msgs/include/bishe_msgs/bishe_msgs/msg/detector_result.h
[0.758s] -- Up-to-date symlink: /home/jetson/projects/bishe/install/bishe_msgs/include/bishe_msgs/bishe_msgs/msg/rosidl_generator_c__visibility_control.h
[0.759s] -- Up-to-date symlink: /home/jetson/projects/bishe/install/bishe_msgs/share/bishe_msgs/environment/library_path.sh
[0.759s] -- Up-to-date symlink: /home/jetson/projects/bishe/install/bishe_msgs/share/bishe_msgs/environment/library_path.dsv
[0.760s] -- Up-to-date symlink: /home/jetson/projects/bishe/install/bishe_msgs/include/bishe_msgs/bishe_msgs/msg/detail/detector_result__rosidl_typesupport_fastrtps_c.h
[0.761s] -- Up-to-date symlink: /home/jetson/projects/bishe/install/bishe_msgs/include/bishe_msgs/bishe_msgs/msg/rosidl_typesupport_fastrtps_c__visibility_control.h
[0.762s] -- Up-to-date symlink: /home/jetson/projects/bishe/install/bishe_msgs/include/bishe_msgs/bishe_msgs/msg/detail/detector_result__rosidl_typesupport_introspection_c.h
[0.762s] -- Up-to-date symlink: /home/jetson/projects/bishe/install/bishe_msgs/include/bishe_msgs/bishe_msgs/msg/rosidl_typesupport_introspection_c__visibility_control.h
[0.762s] -- Up-to-date symlink: /home/jetson/projects/bishe/install/bishe_msgs/include/bishe_msgs/bishe_msgs/msg/detail/detector_result__builder.hpp
[0.762s] -- Up-to-date symlink: /home/jetson/projects/bishe/install/bishe_msgs/include/bishe_msgs/bishe_msgs/msg/detail/detector_result__struct.hpp
[0.763s] -- Up-to-date symlink: /home/jetson/projects/bishe/install/bishe_msgs/include/bishe_msgs/bishe_msgs/msg/detail/detector_result__traits.hpp
[0.763s] -- Up-to-date symlink: /home/jetson/projects/bishe/install/bishe_msgs/include/bishe_msgs/bishe_msgs/msg/detail/detector_result__type_support.hpp
[0.763s] -- Up-to-date symlink: /home/jetson/projects/bishe/install/bishe_msgs/include/bishe_msgs/bishe_msgs/msg/detector_result.hpp
[0.763s] -- Up-to-date symlink: /home/jetson/projects/bishe/install/bishe_msgs/include/bishe_msgs/bishe_msgs/msg/rosidl_generator_cpp__visibility_control.hpp
[0.764s] -- Up-to-date symlink: /home/jetson/projects/bishe/install/bishe_msgs/include/bishe_msgs/bishe_msgs/msg/detail/detector_result__rosidl_typesupport_fastrtps_cpp.hpp
[0.764s] -- Up-to-date symlink: /home/jetson/projects/bishe/install/bishe_msgs/include/bishe_msgs/bishe_msgs/msg/rosidl_typesupport_fastrtps_cpp__visibility_control.h
[0.764s] -- Up-to-date symlink: /home/jetson/projects/bishe/install/bishe_msgs/include/bishe_msgs/bishe_msgs/msg/detail/detector_result__rosidl_typesupport_introspection_cpp.hpp
[0.765s] -- Up-to-date symlink: /home/jetson/projects/bishe/install/bishe_msgs/share/bishe_msgs/environment/pythonpath.sh
[0.765s] -- Up-to-date symlink: /home/jetson/projects/bishe/install/bishe_msgs/share/bishe_msgs/environment/pythonpath.dsv
[0.766s] -- Up-to-date symlink: /home/jetson/projects/bishe/install/bishe_msgs/local/lib/python3.10/dist-packages/bishe_msgs-0.1.0-py3.10.egg-info/PKG-INFO
[0.766s] -- Up-to-date symlink: /home/jetson/projects/bishe/install/bishe_msgs/local/lib/python3.10/dist-packages/bishe_msgs-0.1.0-py3.10.egg-info/SOURCES.txt
[0.766s] -- Up-to-date symlink: /home/jetson/projects/bishe/install/bishe_msgs/local/lib/python3.10/dist-packages/bishe_msgs-0.1.0-py3.10.egg-info/dependency_links.txt
[0.766s] -- Up-to-date symlink: /home/jetson/projects/bishe/install/bishe_msgs/local/lib/python3.10/dist-packages/bishe_msgs-0.1.0-py3.10.egg-info/top_level.txt
[0.767s] -- Up-to-date symlink: /home/jetson/projects/bishe/install/bishe_msgs/local/lib/python3.10/dist-packages/bishe_msgs/__init__.py
[0.768s] -- Up-to-date symlink: /home/jetson/projects/bishe/install/bishe_msgs/local/lib/python3.10/dist-packages/bishe_msgs/_bishe_msgs_s.ep.rosidl_typesupport_c.c
[0.768s] -- Up-to-date symlink: /home/jetson/projects/bishe/install/bishe_msgs/local/lib/python3.10/dist-packages/bishe_msgs/_bishe_msgs_s.ep.rosidl_typesupport_fastrtps_c.c
[0.768s] -- Up-to-date symlink: /home/jetson/projects/bishe/install/bishe_msgs/local/lib/python3.10/dist-packages/bishe_msgs/_bishe_msgs_s.ep.rosidl_typesupport_introspection_c.c
[0.768s] -- Up-to-date symlink: /home/jetson/projects/bishe/install/bishe_msgs/local/lib/python3.10/dist-packages/bishe_msgs/bishe_msgs_s__rosidl_typesupport_c.cpython-310-aarch64-linux-gnu.so
[0.769s] -- Up-to-date symlink: /home/jetson/projects/bishe/install/bishe_msgs/local/lib/python3.10/dist-packages/bishe_msgs/bishe_msgs_s__rosidl_typesupport_fastrtps_c.cpython-310-aarch64-linux-gnu.so
[0.769s] -- Up-to-date symlink: /home/jetson/projects/bishe/install/bishe_msgs/local/lib/python3.10/dist-packages/bishe_msgs/bishe_msgs_s__rosidl_typesupport_introspection_c.cpython-310-aarch64-linux-gnu.so
[0.769s] -- Up-to-date symlink: /home/jetson/projects/bishe/install/bishe_msgs/local/lib/python3.10/dist-packages/bishe_msgs/libbishe_msgs__rosidl_generator_py.so
[0.769s] -- Up-to-date symlink: /home/jetson/projects/bishe/install/bishe_msgs/local/lib/python3.10/dist-packages/bishe_msgs/msg/__init__.py
[0.770s] -- Up-to-date symlink: /home/jetson/projects/bishe/install/bishe_msgs/local/lib/python3.10/dist-packages/bishe_msgs/msg/_detector_result.py
[0.770s] -- Up-to-date symlink: /home/jetson/projects/bishe/install/bishe_msgs/local/lib/python3.10/dist-packages/bishe_msgs/msg/_detector_result_s.c
[0.770s] -- Up-to-date symlink: /home/jetson/projects/bishe/install/bishe_msgs/local/lib/python3.10/dist-packages/bishe_msgs/bishe_msgs_s__rosidl_typesupport_fastrtps_c.cpython-310-aarch64-linux-gnu.so
[0.771s] -- Up-to-date symlink: /home/jetson/projects/bishe/install/bishe_msgs/local/lib/python3.10/dist-packages/bishe_msgs/bishe_msgs_s__rosidl_typesupport_introspection_c.cpython-310-aarch64-linux-gnu.so
[0.771s] -- Up-to-date symlink: /home/jetson/projects/bishe/install/bishe_msgs/local/lib/python3.10/dist-packages/bishe_msgs/bishe_msgs_s__rosidl_typesupport_c.cpython-310-aarch64-linux-gnu.so
[0.772s] -- Up-to-date symlink: /home/jetson/projects/bishe/install/bishe_msgs/share/bishe_msgs/msg/DetectorResult.idl
[0.773s] -- Up-to-date symlink: /home/jetson/projects/bishe/install/bishe_msgs/share/bishe_msgs/msg/DetectorResult.msg
[0.773s] -- Up-to-date symlink: /home/jetson/projects/bishe/install/bishe_msgs/share/ament_index/resource_index/package_run_dependencies/bishe_msgs
[0.773s] -- Up-to-date symlink: /home/jetson/projects/bishe/install/bishe_msgs/share/ament_index/resource_index/parent_prefix_path/bishe_msgs
[0.774s] -- Up-to-date symlink: /home/jetson/projects/bishe/install/bishe_msgs/share/bishe_msgs/environment/ament_prefix_path.sh
[0.774s] -- Up-to-date symlink: /home/jetson/projects/bishe/install/bishe_msgs/share/bishe_msgs/environment/ament_prefix_path.dsv
[0.774s] -- Up-to-date symlink: /home/jetson/projects/bishe/install/bishe_msgs/share/bishe_msgs/environment/path.sh
[0.775s] -- Up-to-date symlink: /home/jetson/projects/bishe/install/bishe_msgs/share/bishe_msgs/environment/path.dsv
[0.775s] -- Up-to-date symlink: /home/jetson/projects/bishe/install/bishe_msgs/share/bishe_msgs/local_setup.bash
[0.775s] -- Up-to-date symlink: /home/jetson/projects/bishe/install/bishe_msgs/share/bishe_msgs/local_setup.sh
[0.776s] -- Up-to-date symlink: /home/jetson/projects/bishe/install/bishe_msgs/share/bishe_msgs/local_setup.zsh
[0.776s] -- Up-to-date symlink: /home/jetson/projects/bishe/install/bishe_msgs/share/bishe_msgs/local_setup.dsv
[0.776s] -- Symlinking: /home/jetson/projects/bishe/install/bishe_msgs/share/bishe_msgs/package.dsv
[0.791s] -- Up-to-date symlink: /home/jetson/projects/bishe/install/bishe_msgs/share/ament_index/resource_index/packages/bishe_msgs
[0.791s] -- Up-to-date symlink: /home/jetson/projects/bishe/install/bishe_msgs/share/bishe_msgs/cmake/rosidl_cmake-extras.cmake
[0.791s] -- Up-to-date symlink: /home/jetson/projects/bishe/install/bishe_msgs/share/bishe_msgs/cmake/ament_cmake_export_dependencies-extras.cmake
[0.791s] -- Up-to-date symlink: /home/jetson/projects/bishe/install/bishe_msgs/share/bishe_msgs/cmake/ament_cmake_export_include_directories-extras.cmake
[0.792s] -- Up-to-date symlink: /home/jetson/projects/bishe/install/bishe_msgs/share/bishe_msgs/cmake/ament_cmake_export_libraries-extras.cmake
[0.792s] -- Up-to-date symlink: /home/jetson/projects/bishe/install/bishe_msgs/share/bishe_msgs/cmake/ament_cmake_export_targets-extras.cmake
[0.792s] -- Up-to-date symlink: /home/jetson/projects/bishe/install/bishe_msgs/share/bishe_msgs/cmake/rosidl_cmake_export_typesupport_targets-extras.cmake
[0.793s] -- Up-to-date symlink: /home/jetson/projects/bishe/install/bishe_msgs/share/bishe_msgs/cmake/rosidl_cmake_export_typesupport_libraries-extras.cmake
[0.793s] -- Up-to-date symlink: /home/jetson/projects/bishe/install/bishe_msgs/share/bishe_msgs/cmake/bishe_msgsConfig.cmake
[0.794s] -- Up-to-date symlink: /home/jetson/projects/bishe/install/bishe_msgs/share/bishe_msgs/cmake/bishe_msgsConfig-version.cmake
[0.794s] -- Up-to-date symlink: /home/jetson/projects/bishe/install/bishe_msgs/share/bishe_msgs/package.xml
[0.794s] -- Up-to-date: /home/jetson/projects/bishe/install/bishe_msgs/lib/libbishe_msgs__rosidl_generator_c.so
[0.795s] -- Up-to-date: /home/jetson/projects/bishe/install/bishe_msgs/lib/libbishe_msgs__rosidl_typesupport_fastrtps_c.so
[0.795s] -- Up-to-date: /home/jetson/projects/bishe/install/bishe_msgs/lib/libbishe_msgs__rosidl_typesupport_introspection_c.so
[0.796s] -- Up-to-date: /home/jetson/projects/bishe/install/bishe_msgs/lib/libbishe_msgs__rosidl_typesupport_c.so
[0.796s] -- Up-to-date: /home/jetson/projects/bishe/install/bishe_msgs/lib/libbishe_msgs__rosidl_typesupport_fastrtps_cpp.so
[0.797s] -- Up-to-date: /home/jetson/projects/bishe/install/bishe_msgs/lib/libbishe_msgs__rosidl_typesupport_introspection_cpp.so
[0.797s] -- Up-to-date: /home/jetson/projects/bishe/install/bishe_msgs/lib/libbishe_msgs__rosidl_typesupport_cpp.so
[0.852s] Listing '/home/jetson/projects/bishe/install/bishe_msgs/local/lib/python3.10/dist-packages/bishe_msgs'...
[0.853s] Listing '/home/jetson/projects/bishe/install/bishe_msgs/local/lib/python3.10/dist-packages/bishe_msgs/msg'...
[0.862s] -- Up-to-date: /home/jetson/projects/bishe/install/bishe_msgs/lib/libbishe_msgs__rosidl_generator_py.so
[0.862s] -- Up-to-date: /home/jetson/projects/bishe/install/bishe_msgs/share/bishe_msgs/cmake/export_bishe_msgs__rosidl_generator_cExport.cmake
[0.862s] -- Up-to-date: /home/jetson/projects/bishe/install/bishe_msgs/share/bishe_msgs/cmake/export_bishe_msgs__rosidl_generator_cExport-noconfig.cmake
[0.863s] -- Up-to-date: /home/jetson/projects/bishe/install/bishe_msgs/share/bishe_msgs/cmake/export_bishe_msgs__rosidl_typesupport_fastrtps_cExport.cmake
[0.863s] -- Up-to-date: /home/jetson/projects/bishe/install/bishe_msgs/share/bishe_msgs/cmake/export_bishe_msgs__rosidl_typesupport_fastrtps_cExport-noconfig.cmake
[0.863s] -- Up-to-date: /home/jetson/projects/bishe/install/bishe_msgs/share/bishe_msgs/cmake/bishe_msgs__rosidl_typesupport_introspection_cExport.cmake
[0.864s] -- Up-to-date: /home/jetson/projects/bishe/install/bishe_msgs/share/bishe_msgs/cmake/bishe_msgs__rosidl_typesupport_introspection_cExport-noconfig.cmake
[0.865s] -- Up-to-date: /home/jetson/projects/bishe/install/bishe_msgs/share/bishe_msgs/cmake/bishe_msgs__rosidl_typesupport_cExport.cmake
[0.865s] -- Up-to-date: /home/jetson/projects/bishe/install/bishe_msgs/share/bishe_msgs/cmake/bishe_msgs__rosidl_typesupport_cExport-noconfig.cmake
[0.865s] -- Up-to-date: /home/jetson/projects/bishe/install/bishe_msgs/share/bishe_msgs/cmake/export_bishe_msgs__rosidl_generator_cppExport.cmake
[0.867s] -- Up-to-date: /home/jetson/projects/bishe/install/bishe_msgs/share/bishe_msgs/cmake/export_bishe_msgs__rosidl_typesupport_fastrtps_cppExport.cmake
[0.867s] -- Up-to-date: /home/jetson/projects/bishe/install/bishe_msgs/share/bishe_msgs/cmake/export_bishe_msgs__rosidl_typesupport_fastrtps_cppExport-noconfig.cmake
[0.867s] -- Up-to-date: /home/jetson/projects/bishe/install/bishe_msgs/share/bishe_msgs/cmake/bishe_msgs__rosidl_typesupport_introspection_cppExport.cmake
[0.867s] -- Up-to-date: /home/jetson/projects/bishe/install/bishe_msgs/share/bishe_msgs/cmake/bishe_msgs__rosidl_typesupport_introspection_cppExport-noconfig.cmake
[0.868s] -- Up-to-date: /home/jetson/projects/bishe/install/bishe_msgs/share/bishe_msgs/cmake/bishe_msgs__rosidl_typesupport_cppExport.cmake
[0.868s] -- Up-to-date: /home/jetson/projects/bishe/install/bishe_msgs/share/bishe_msgs/cmake/bishe_msgs__rosidl_typesupport_cppExport-noconfig.cmake
[0.868s] -- Up-to-date: /home/jetson/projects/bishe/install/bishe_msgs/share/bishe_msgs/cmake/export_bishe_msgs__rosidl_generator_pyExport.cmake
[0.868s] -- Up-to-date: /home/jetson/projects/bishe/install/bishe_msgs/share/bishe_msgs/cmake/export_bishe_msgs__rosidl_generator_pyExport-noconfig.cmake
[0.871s] Invoked command in '/home/jetson/projects/bishe/build/bishe_msgs' returned '0': CMAKE_PREFIX_PATH=/opt/ros/humble /usr/bin/cmake --install /home/jetson/projects/bishe/build/bishe_msgs
