-- The C compiler identification is GNU 11.4.0
-- The CXX compiler identification is GNU 11.4.0
-- Detecting C compiler ABI info
-- Detecting C compiler ABI info - done
-- Check for working C compiler: /usr/bin/cc - skipped
-- Detecting C compile features
-- Detecting C compile features - done
-- Detecting CXX compiler ABI info
-- Detecting CXX compiler ABI info - done
-- Check for working CXX compiler: /usr/bin/c++ - skipped
-- Detecting CXX compile features
-- Detecting CXX compile features - done
-- Found ament_cmake: 1.3.12 (/opt/ros/humble/share/ament_cmake/cmake)
-- Found Python3: /usr/bin/python3 (found version "3.10.12") found components: Interpreter 
-- Found rclcpp: 16.0.16 (/opt/ros/humble/share/rclcpp/cmake)
-- Found rosidl_generator_c: 3.1.7 (/opt/ros/humble/share/rosidl_generator_c/cmake)
-- Found rosidl_adapter: 3.1.7 (/opt/ros/humble/share/rosidl_adapter/cmake)
-- Found rosidl_generator_cpp: 3.1.7 (/opt/ros/humble/share/rosidl_generator_cpp/cmake)
-- Using all available rosidl_typesupport_c: rosidl_typesupport_fastrtps_c;rosidl_typesupport_introspection_c
-- Using all available rosidl_typesupport_cpp: rosidl_typesupport_fastrtps_cpp;rosidl_typesupport_introspection_cpp
-- Found rmw_implementation_cmake: 6.1.2 (/opt/ros/humble/share/rmw_implementation_cmake/cmake)
-- Found rmw_fastrtps_cpp: 6.2.9 (/opt/ros/humble/share/rmw_fastrtps_cpp/cmake)
-- Found OpenSSL: /usr/lib/aarch64-linux-gnu/libcrypto.so (found version "3.0.2")  
-- Found FastRTPS: /opt/ros/humble/include  
-- Using RMW implementation 'rmw_fastrtps_cpp' as default
-- Looking for pthread.h
-- Looking for pthread.h - found
-- Performing Test CMAKE_HAVE_LIBC_PTHREAD
-- Performing Test CMAKE_HAVE_LIBC_PTHREAD - Success
-- Found Threads: TRUE  
-- Found bishe_msgs: 0.1.0 (/home/jetson/projects/bishe/install/bishe_msgs/share/bishe_msgs/cmake)
-- Found cv_bridge: 3.2.1 (/opt/ros/humble/share/cv_bridge/cmake)
-- Found CUDA: /usr/local/cuda-12.6 (found suitable exact version "12.6") 
-- Found OpenCV: /usr/local (found version "4.10.0") 
-- Found PkgConfig: /usr/bin/pkg-config (found version "0.29.2") 
-- Checking for module 'libcurl'
--   Found libcurl, version 7.81.0
-- Configuring done
-- Generating done
-- Build files have been written to: /home/jetson/projects/bishe/build/bishe_monitor
[ 50%] [32mBuilding CXX object CMakeFiles/monitor_node.dir/src/monitor_node.cpp.o[0m
[01m[K/home/jetson/projects/bishe/src/bishe_monitor/src/monitor_node.cpp:[m[K In member function ‘[01m[Kvoid MonitorNode::uploadCapture(const string&, const string&)[m[K’:
[01m[K/home/jetson/projects/bishe/src/bishe_monitor/src/monitor_node.cpp:143:71:[m[K [01;35m[Kwarning: [m[Kunused parameter ‘[01m[Ktime_str[m[K’ [[01;35m[K]8;;https://gcc.gnu.org/onlinedocs/gcc/Warning-Options.html#index-Wunused-parameter-Wunused-parameter]8;;[m[K]
  143 |   void uploadCapture(const std::string& file_path, [01;35m[Kconst std::string& time_str[m[K)
      |                                                    [01;35m[K~~~~~~~~~~~~~~~~~~~^~~~~~~~[m[K
[100%] [32m[1mLinking CXX executable monitor_node[0m
/usr/bin/ld: warning: libopencv_imgcodecs.so.4.5d, needed by /opt/ros/humble/lib/libcv_bridge.so, may conflict with libopencv_imgcodecs.so.410
/usr/bin/ld: warning: libopencv_core.so.4.5d, needed by /opt/ros/humble/lib/libcv_bridge.so, may conflict with libopencv_core.so.410
[100%] Built target monitor_node
-- Install configuration: ""
-- Installing: /home/jetson/projects/bishe/install/bishe_monitor/lib/bishe_monitor/monitor_node
-- Set runtime path of "/home/jetson/projects/bishe/install/bishe_monitor/lib/bishe_monitor/monitor_node" to ""
-- Installing: /home/jetson/projects/bishe/install/bishe_monitor/share/bishe_monitor/config/config.yaml
-- Installing: /home/jetson/projects/bishe/install/bishe_monitor/share/ament_index/resource_index/package_run_dependencies/bishe_monitor
-- Installing: /home/jetson/projects/bishe/install/bishe_monitor/share/ament_index/resource_index/parent_prefix_path/bishe_monitor
-- Installing: /home/jetson/projects/bishe/install/bishe_monitor/share/bishe_monitor/environment/ament_prefix_path.sh
-- Installing: /home/jetson/projects/bishe/install/bishe_monitor/share/bishe_monitor/environment/ament_prefix_path.dsv
-- Installing: /home/jetson/projects/bishe/install/bishe_monitor/share/bishe_monitor/environment/path.sh
-- Installing: /home/jetson/projects/bishe/install/bishe_monitor/share/bishe_monitor/environment/path.dsv
-- Installing: /home/jetson/projects/bishe/install/bishe_monitor/share/bishe_monitor/local_setup.bash
-- Installing: /home/jetson/projects/bishe/install/bishe_monitor/share/bishe_monitor/local_setup.sh
-- Installing: /home/jetson/projects/bishe/install/bishe_monitor/share/bishe_monitor/local_setup.zsh
-- Installing: /home/jetson/projects/bishe/install/bishe_monitor/share/bishe_monitor/local_setup.dsv
-- Installing: /home/jetson/projects/bishe/install/bishe_monitor/share/bishe_monitor/package.dsv
-- Installing: /home/jetson/projects/bishe/install/bishe_monitor/share/ament_index/resource_index/packages/bishe_monitor
-- Installing: /home/jetson/projects/bishe/install/bishe_monitor/share/bishe_monitor/cmake/bishe_monitorConfig.cmake
-- Installing: /home/jetson/projects/bishe/install/bishe_monitor/share/bishe_monitor/cmake/bishe_monitorConfig-version.cmake
-- Installing: /home/jetson/projects/bishe/install/bishe_monitor/share/bishe_monitor/package.xml
