[0.025s] Invoking command in '/home/jetson/projects/bishe/build/bishe_monitor': CMAKE_PREFIX_PATH=/home/jetson/projects/bishe/install/bishe_msgs:/home/jetson/projects/bishe/install/bishe_streamer:/home/jetson/projects/bishe/install/bishe_monitor:/home/jetson/projects/bishe/install/bishe_detector:/home/jetson/projects/bishe/install/bishe_mqtt:/home/jetson/projects/bishe/install/bishe_camera:/home/jetson/projects/bishe/install/bishe_launch:/opt/ros/humble LD_LIBRARY_PATH=/home/jetson/projects/bishe/install/bishe_msgs/lib:/opt/ros/humble/opt/rviz_ogre_vendor/lib:/opt/ros/humble/lib/aarch64-linux-gnu:/opt/ros/humble/lib:/usr/local/cuda-12.6/lib64 /usr/bin/cmake /home/jetson/projects/bishe/src/bishe_monitor -DCMAKE_INSTALL_PREFIX=/home/jetson/projects/bishe/install/bishe_monitor
[0.118s] -- The C compiler identification is GNU 11.4.0
[0.213s] -- The CXX compiler identification is GNU 11.4.0
[0.227s] -- Detecting C compiler ABI info
[0.444s] -- Detecting C compiler ABI info - done
[0.457s] -- Check for working C compiler: /usr/bin/cc - skipped
[0.458s] -- Detecting C compile features
[0.458s] -- Detecting C compile features - done
[0.464s] -- Detecting CXX compiler ABI info
[0.621s] -- Detecting CXX compiler ABI info - done
[0.627s] -- Check for working CXX compiler: /usr/bin/c++ - skipped
[0.628s] -- Detecting CXX compile features
[0.629s] -- Detecting CXX compile features - done
[0.633s] -- Found ament_cmake: 1.3.12 (/opt/ros/humble/share/ament_cmake/cmake)
[0.928s] -- Found Python3: /usr/bin/python3 (found version "3.10.12") found components: Interpreter 
[1.163s] -- Found rclcpp: 16.0.16 (/opt/ros/humble/share/rclcpp/cmake)
[1.244s] -- Found rosidl_generator_c: 3.1.7 (/opt/ros/humble/share/rosidl_generator_c/cmake)
[1.253s] -- Found rosidl_adapter: 3.1.7 (/opt/ros/humble/share/rosidl_adapter/cmake)
[1.269s] -- Found rosidl_generator_cpp: 3.1.7 (/opt/ros/humble/share/rosidl_generator_cpp/cmake)
[1.291s] -- Using all available rosidl_typesupport_c: rosidl_typesupport_fastrtps_c;rosidl_typesupport_introspection_c
[1.320s] -- Using all available rosidl_typesupport_cpp: rosidl_typesupport_fastrtps_cpp;rosidl_typesupport_introspection_cpp
[1.403s] -- Found rmw_implementation_cmake: 6.1.2 (/opt/ros/humble/share/rmw_implementation_cmake/cmake)
[1.410s] -- Found rmw_fastrtps_cpp: 6.2.9 (/opt/ros/humble/share/rmw_fastrtps_cpp/cmake)
[1.566s] -- Found OpenSSL: /usr/lib/aarch64-linux-gnu/libcrypto.so (found version "3.0.2")  
[1.613s] -- Found FastRTPS: /opt/ros/humble/include  
[1.690s] -- Using RMW implementation 'rmw_fastrtps_cpp' as default
[1.707s] -- Looking for pthread.h
[1.830s] -- Looking for pthread.h - found
[1.831s] -- Performing Test CMAKE_HAVE_LIBC_PTHREAD
[1.961s] -- Performing Test CMAKE_HAVE_LIBC_PTHREAD - Success
[1.963s] -- Found Threads: TRUE  
[2.051s] -- Found bishe_msgs: 0.1.0 (/home/jetson/projects/bishe/install/bishe_msgs/share/bishe_msgs/cmake)
[2.135s] -- Found cv_bridge: 3.2.1 (/opt/ros/humble/share/cv_bridge/cmake)
[2.186s] -- Found CUDA: /usr/local/cuda-12.6 (found suitable exact version "12.6") 
[2.215s] -- Found OpenCV: /usr/local (found version "4.10.0") 
[2.221s] -- Found PkgConfig: /usr/bin/pkg-config (found version "0.29.2") 
[2.222s] -- Checking for module 'libcurl'
[2.244s] --   Found libcurl, version 7.81.0
[2.404s] -- Configuring done
[2.432s] -- Generating done
[2.441s] -- Build files have been written to: /home/jetson/projects/bishe/build/bishe_monitor
[2.465s] Invoked command in '/home/jetson/projects/bishe/build/bishe_monitor' returned '0': CMAKE_PREFIX_PATH=/home/jetson/projects/bishe/install/bishe_msgs:/home/jetson/projects/bishe/install/bishe_streamer:/home/jetson/projects/bishe/install/bishe_monitor:/home/jetson/projects/bishe/install/bishe_detector:/home/jetson/projects/bishe/install/bishe_mqtt:/home/jetson/projects/bishe/install/bishe_camera:/home/jetson/projects/bishe/install/bishe_launch:/opt/ros/humble LD_LIBRARY_PATH=/home/jetson/projects/bishe/install/bishe_msgs/lib:/opt/ros/humble/opt/rviz_ogre_vendor/lib:/opt/ros/humble/lib/aarch64-linux-gnu:/opt/ros/humble/lib:/usr/local/cuda-12.6/lib64 /usr/bin/cmake /home/jetson/projects/bishe/src/bishe_monitor -DCMAKE_INSTALL_PREFIX=/home/jetson/projects/bishe/install/bishe_monitor
[2.468s] Invoking command in '/home/jetson/projects/bishe/build/bishe_monitor': CMAKE_PREFIX_PATH=/home/jetson/projects/bishe/install/bishe_msgs:/home/jetson/projects/bishe/install/bishe_streamer:/home/jetson/projects/bishe/install/bishe_monitor:/home/jetson/projects/bishe/install/bishe_detector:/home/jetson/projects/bishe/install/bishe_mqtt:/home/jetson/projects/bishe/install/bishe_camera:/home/jetson/projects/bishe/install/bishe_launch:/opt/ros/humble LD_LIBRARY_PATH=/home/jetson/projects/bishe/install/bishe_msgs/lib:/opt/ros/humble/opt/rviz_ogre_vendor/lib:/opt/ros/humble/lib/aarch64-linux-gnu:/opt/ros/humble/lib:/usr/local/cuda-12.6/lib64 /usr/bin/cmake --build /home/jetson/projects/bishe/build/bishe_monitor -- -j6 -l6
[2.549s] [ 50%] [32mBuilding CXX object CMakeFiles/monitor_node.dir/src/monitor_node.cpp.o[0m
[9.628s] [01m[K/home/jetson/projects/bishe/src/bishe_monitor/src/monitor_node.cpp:[m[K In member function ‘[01m[Kvoid MonitorNode::uploadCapture(const string&, const string&)[m[K’:
[9.628s] [01m[K/home/jetson/projects/bishe/src/bishe_monitor/src/monitor_node.cpp:143:71:[m[K [01;35m[Kwarning: [m[Kunused parameter ‘[01m[Ktime_str[m[K’ [[01;35m[K]8;;https://gcc.gnu.org/onlinedocs/gcc/Warning-Options.html#index-Wunused-parameter-Wunused-parameter]8;;[m[K]
[9.628s]   143 |   void uploadCapture(const std::string& file_path, [01;35m[Kconst std::string& time_str[m[K)
[9.628s]       |                                                    [01;35m[K~~~~~~~~~~~~~~~~~~~^~~~~~~~[m[K
[22.131s] [100%] [32m[1mLinking CXX executable monitor_node[0m
[22.565s] /usr/bin/ld: warning: libopencv_imgcodecs.so.4.5d, needed by /opt/ros/humble/lib/libcv_bridge.so, may conflict with libopencv_imgcodecs.so.410
[22.567s] /usr/bin/ld: warning: libopencv_core.so.4.5d, needed by /opt/ros/humble/lib/libcv_bridge.so, may conflict with libopencv_core.so.410
[23.417s] [100%] Built target monitor_node
[23.433s] Invoked command in '/home/jetson/projects/bishe/build/bishe_monitor' returned '0': CMAKE_PREFIX_PATH=/home/jetson/projects/bishe/install/bishe_msgs:/home/jetson/projects/bishe/install/bishe_streamer:/home/jetson/projects/bishe/install/bishe_monitor:/home/jetson/projects/bishe/install/bishe_detector:/home/jetson/projects/bishe/install/bishe_mqtt:/home/jetson/projects/bishe/install/bishe_camera:/home/jetson/projects/bishe/install/bishe_launch:/opt/ros/humble LD_LIBRARY_PATH=/home/jetson/projects/bishe/install/bishe_msgs/lib:/opt/ros/humble/opt/rviz_ogre_vendor/lib:/opt/ros/humble/lib/aarch64-linux-gnu:/opt/ros/humble/lib:/usr/local/cuda-12.6/lib64 /usr/bin/cmake --build /home/jetson/projects/bishe/build/bishe_monitor -- -j6 -l6
[23.436s] Invoking command in '/home/jetson/projects/bishe/build/bishe_monitor': CMAKE_PREFIX_PATH=/home/jetson/projects/bishe/install/bishe_msgs:/home/jetson/projects/bishe/install/bishe_streamer:/home/jetson/projects/bishe/install/bishe_monitor:/home/jetson/projects/bishe/install/bishe_detector:/home/jetson/projects/bishe/install/bishe_mqtt:/home/jetson/projects/bishe/install/bishe_camera:/home/jetson/projects/bishe/install/bishe_launch:/opt/ros/humble LD_LIBRARY_PATH=/home/jetson/projects/bishe/install/bishe_msgs/lib:/opt/ros/humble/opt/rviz_ogre_vendor/lib:/opt/ros/humble/lib/aarch64-linux-gnu:/opt/ros/humble/lib:/usr/local/cuda-12.6/lib64 /usr/bin/cmake --install /home/jetson/projects/bishe/build/bishe_monitor
[23.448s] -- Install configuration: ""
[23.448s] -- Installing: /home/jetson/projects/bishe/install/bishe_monitor/lib/bishe_monitor/monitor_node
[23.455s] -- Set runtime path of "/home/jetson/projects/bishe/install/bishe_monitor/lib/bishe_monitor/monitor_node" to ""
[23.455s] -- Installing: /home/jetson/projects/bishe/install/bishe_monitor/share/bishe_monitor/config/config.yaml
[23.456s] -- Installing: /home/jetson/projects/bishe/install/bishe_monitor/share/ament_index/resource_index/package_run_dependencies/bishe_monitor
[23.456s] -- Installing: /home/jetson/projects/bishe/install/bishe_monitor/share/ament_index/resource_index/parent_prefix_path/bishe_monitor
[23.456s] -- Installing: /home/jetson/projects/bishe/install/bishe_monitor/share/bishe_monitor/environment/ament_prefix_path.sh
[23.456s] -- Installing: /home/jetson/projects/bishe/install/bishe_monitor/share/bishe_monitor/environment/ament_prefix_path.dsv
[23.457s] -- Installing: /home/jetson/projects/bishe/install/bishe_monitor/share/bishe_monitor/environment/path.sh
[23.457s] -- Installing: /home/jetson/projects/bishe/install/bishe_monitor/share/bishe_monitor/environment/path.dsv
[23.457s] -- Installing: /home/jetson/projects/bishe/install/bishe_monitor/share/bishe_monitor/local_setup.bash
[23.457s] -- Installing: /home/jetson/projects/bishe/install/bishe_monitor/share/bishe_monitor/local_setup.sh
[23.458s] -- Installing: /home/jetson/projects/bishe/install/bishe_monitor/share/bishe_monitor/local_setup.zsh
[23.458s] -- Installing: /home/jetson/projects/bishe/install/bishe_monitor/share/bishe_monitor/local_setup.dsv
[23.458s] -- Installing: /home/jetson/projects/bishe/install/bishe_monitor/share/bishe_monitor/package.dsv
[23.459s] -- Installing: /home/jetson/projects/bishe/install/bishe_monitor/share/ament_index/resource_index/packages/bishe_monitor
[23.459s] -- Installing: /home/jetson/projects/bishe/install/bishe_monitor/share/bishe_monitor/cmake/bishe_monitorConfig.cmake
[23.459s] -- Installing: /home/jetson/projects/bishe/install/bishe_monitor/share/bishe_monitor/cmake/bishe_monitorConfig-version.cmake
[23.459s] -- Installing: /home/jetson/projects/bishe/install/bishe_monitor/share/bishe_monitor/package.xml
[23.463s] Invoked command in '/home/jetson/projects/bishe/build/bishe_monitor' returned '0': CMAKE_PREFIX_PATH=/home/jetson/projects/bishe/install/bishe_msgs:/home/jetson/projects/bishe/install/bishe_streamer:/home/jetson/projects/bishe/install/bishe_monitor:/home/jetson/projects/bishe/install/bishe_detector:/home/jetson/projects/bishe/install/bishe_mqtt:/home/jetson/projects/bishe/install/bishe_camera:/home/jetson/projects/bishe/install/bishe_launch:/opt/ros/humble LD_LIBRARY_PATH=/home/jetson/projects/bishe/install/bishe_msgs/lib:/opt/ros/humble/opt/rviz_ogre_vendor/lib:/opt/ros/humble/lib/aarch64-linux-gnu:/opt/ros/humble/lib:/usr/local/cuda-12.6/lib64 /usr/bin/cmake --install /home/jetson/projects/bishe/build/bishe_monitor
