[0.040s] Invoking command in '/home/jetson/projects/bishe/build/bishe_msgs': CMAKE_PREFIX_PATH=${CMAKE_PREFIX_PATH}:/home/jetson/projects/bishe/install/bishe_launch:/opt/ros/humble /usr/bin/cmake /home/jetson/projects/bishe/src/bishe_msgs -DCMAKE_INSTALL_PREFIX=/home/jetson/projects/bishe/install/bishe_msgs
[0.507s] -- Found ament_cmake: 1.3.12 (/opt/ros/humble/share/ament_cmake/cmake)
[0.507s] -- Override CMake install command with custom implementation using symlinks instead of copying resources
[0.507s] -- Found rosidl_default_generators: 1.2.0 (/opt/ros/humble/share/rosidl_default_generators/cmake)
[0.507s] -- Using all available rosidl_typesupport_c: rosidl_typesupport_fastrtps_c;rosidl_typesupport_introspection_c
[0.507s] -- Found rosidl_adapter: 3.1.7 (/opt/ros/humble/share/rosidl_adapter/cmake)
[0.507s] -- Using all available rosidl_typesupport_cpp: rosidl_typesupport_fastrtps_cpp;rosidl_typesupport_introspection_cpp
[0.507s] -- Found sensor_msgs: 4.9.0 (/opt/ros/humble/share/sensor_msgs/cmake)
[1.081s] -- Found ament_cmake_ros: 0.10.0 (/opt/ros/humble/share/ament_cmake_ros/cmake)
[1.580s] -- Using all available rosidl_typesupport_c: rosidl_typesupport_fastrtps_c;rosidl_typesupport_introspection_c
[2.273s] -- Using all available rosidl_typesupport_cpp: rosidl_typesupport_fastrtps_cpp;rosidl_typesupport_introspection_cpp
[2.314s] -- Found python_cmake_module: 0.10.0 (/opt/ros/humble/share/python_cmake_module/cmake)
[2.353s] -- Using PYTHON_EXECUTABLE: /usr/bin/python3
[2.354s] -- Using PYTHON_INCLUDE_DIRS: /usr/include/python3.10
[2.354s] -- Using PYTHON_LIBRARIES: /usr/lib/aarch64-linux-gnu/libpython3.10.so
[2.455s] -- Configuring done
[2.530s] -- Generating done
[2.551s] -- Build files have been written to: /home/jetson/projects/bishe/build/bishe_msgs
[2.568s] Invoked command in '/home/jetson/projects/bishe/build/bishe_msgs' returned '0': CMAKE_PREFIX_PATH=${CMAKE_PREFIX_PATH}:/home/jetson/projects/bishe/install/bishe_launch:/opt/ros/humble /usr/bin/cmake /home/jetson/projects/bishe/src/bishe_msgs -DCMAKE_INSTALL_PREFIX=/home/jetson/projects/bishe/install/bishe_msgs
[2.570s] Invoking command in '/home/jetson/projects/bishe/build/bishe_msgs': CMAKE_PREFIX_PATH=${CMAKE_PREFIX_PATH}:/home/jetson/projects/bishe/install/bishe_launch:/opt/ros/humble /usr/bin/cmake --build /home/jetson/projects/bishe/build/bishe_msgs -- -j6 -l6
[2.635s] [35m[1mConsolidate compiler generated dependencies of target bishe_msgs__rosidl_generator_c[0m
[2.649s] [  3%] Built target bishe_msgs__cpp
[2.656s] [ 12%] Built target bishe_msgs__rosidl_generator_c
[2.670s] [35m[1mConsolidate compiler generated dependencies of target bishe_msgs__rosidl_typesupport_introspection_cpp[0m
[2.675s] [35m[1mConsolidate compiler generated dependencies of target bishe_msgs__rosidl_typesupport_fastrtps_cpp[0m
[2.683s] [35m[1mConsolidate compiler generated dependencies of target bishe_msgs__rosidl_typesupport_introspection_c[0m
[2.685s] [ 12%] Built target ament_cmake_python_symlink_bishe_msgs
[2.688s] [35m[1mConsolidate compiler generated dependencies of target bishe_msgs__rosidl_typesupport_fastrtps_c[0m
[2.689s] [35m[1mConsolidate compiler generated dependencies of target bishe_msgs__rosidl_typesupport_cpp[0m
[2.706s] [ 22%] Built target bishe_msgs__rosidl_typesupport_introspection_cpp
[2.715s] [35m[1mConsolidate compiler generated dependencies of target bishe_msgs__rosidl_typesupport_c[0m
[2.718s] [ 32%] Built target bishe_msgs__rosidl_typesupport_fastrtps_cpp
[2.733s] [ 41%] Built target bishe_msgs__rosidl_typesupport_introspection_c
[2.735s] [ 61%] Built target bishe_msgs__rosidl_typesupport_cpp
[2.735s] [ 61%] Built target bishe_msgs__rosidl_typesupport_fastrtps_c
[2.746s] [ 70%] Built target bishe_msgs__rosidl_typesupport_c
[2.782s] [ 70%] Built target bishe_msgs
[2.821s] [ 74%] Built target bishe_msgs__py
[2.844s] [35m[1mConsolidate compiler generated dependencies of target bishe_msgs__rosidl_generator_py[0m
[2.869s] [ 80%] Built target bishe_msgs__rosidl_generator_py
[2.891s] [35m[1mConsolidate compiler generated dependencies of target bishe_msgs__rosidl_typesupport_fastrtps_c__pyext[0m
[2.891s] [35m[1mConsolidate compiler generated dependencies of target bishe_msgs__rosidl_typesupport_c__pyext[0m
[2.903s] [35m[1mConsolidate compiler generated dependencies of target bishe_msgs__rosidl_typesupport_introspection_c__pyext[0m
[2.919s] [ 87%] Built target bishe_msgs__rosidl_typesupport_c__pyext
[2.932s] [ 93%] Built target bishe_msgs__rosidl_typesupport_fastrtps_c__pyext
[2.946s] [100%] Built target bishe_msgs__rosidl_typesupport_introspection_c__pyext
[3.189s] running egg_info
[3.190s] writing bishe_msgs.egg-info/PKG-INFO
[3.190s] writing dependency_links to bishe_msgs.egg-info/dependency_links.txt
[3.191s] writing top-level names to bishe_msgs.egg-info/top_level.txt
[3.195s] reading manifest file 'bishe_msgs.egg-info/SOURCES.txt'
[3.196s] writing manifest file 'bishe_msgs.egg-info/SOURCES.txt'
[3.252s] [100%] Built target ament_cmake_python_build_bishe_msgs_egg
[3.274s] Invoked command in '/home/jetson/projects/bishe/build/bishe_msgs' returned '0': CMAKE_PREFIX_PATH=${CMAKE_PREFIX_PATH}:/home/jetson/projects/bishe/install/bishe_launch:/opt/ros/humble /usr/bin/cmake --build /home/jetson/projects/bishe/build/bishe_msgs -- -j6 -l6
[3.275s] Invoking command in '/home/jetson/projects/bishe/build/bishe_msgs': CMAKE_PREFIX_PATH=${CMAKE_PREFIX_PATH}:/home/jetson/projects/bishe/install/bishe_launch:/opt/ros/humble /usr/bin/cmake --install /home/jetson/projects/bishe/build/bishe_msgs
[3.286s] -- Install configuration: ""
[3.287s] -- Execute custom install script
[3.288s] -- Up-to-date symlink: /home/jetson/projects/bishe/install/bishe_msgs/share/ament_index/resource_index/rosidl_interfaces/bishe_msgs
[3.289s] -- Up-to-date symlink: /home/jetson/projects/bishe/install/bishe_msgs/include/bishe_msgs/bishe_msgs/msg/detail/detector_result__functions.h
[3.289s] -- Up-to-date symlink: /home/jetson/projects/bishe/install/bishe_msgs/include/bishe_msgs/bishe_msgs/msg/detail/detector_result__struct.h
[3.291s] -- Up-to-date symlink: /home/jetson/projects/bishe/install/bishe_msgs/include/bishe_msgs/bishe_msgs/msg/detail/detector_result__type_support.h
[3.291s] -- Up-to-date symlink: /home/jetson/projects/bishe/install/bishe_msgs/include/bishe_msgs/bishe_msgs/msg/detector_result.h
[3.291s] -- Up-to-date symlink: /home/jetson/projects/bishe/install/bishe_msgs/include/bishe_msgs/bishe_msgs/msg/rosidl_generator_c__visibility_control.h
[3.291s] -- Up-to-date symlink: /home/jetson/projects/bishe/install/bishe_msgs/share/bishe_msgs/environment/library_path.sh
[3.292s] -- Up-to-date symlink: /home/jetson/projects/bishe/install/bishe_msgs/share/bishe_msgs/environment/library_path.dsv
[3.293s] -- Up-to-date symlink: /home/jetson/projects/bishe/install/bishe_msgs/include/bishe_msgs/bishe_msgs/msg/detail/detector_result__rosidl_typesupport_fastrtps_c.h
[3.293s] -- Up-to-date symlink: /home/jetson/projects/bishe/install/bishe_msgs/include/bishe_msgs/bishe_msgs/msg/rosidl_typesupport_fastrtps_c__visibility_control.h
[3.294s] -- Up-to-date symlink: /home/jetson/projects/bishe/install/bishe_msgs/include/bishe_msgs/bishe_msgs/msg/detail/detector_result__rosidl_typesupport_introspection_c.h
[3.294s] -- Up-to-date symlink: /home/jetson/projects/bishe/install/bishe_msgs/include/bishe_msgs/bishe_msgs/msg/rosidl_typesupport_introspection_c__visibility_control.h
[3.295s] -- Up-to-date symlink: /home/jetson/projects/bishe/install/bishe_msgs/include/bishe_msgs/bishe_msgs/msg/detail/detector_result__builder.hpp
[3.295s] -- Up-to-date symlink: /home/jetson/projects/bishe/install/bishe_msgs/include/bishe_msgs/bishe_msgs/msg/detail/detector_result__struct.hpp
[3.295s] -- Up-to-date symlink: /home/jetson/projects/bishe/install/bishe_msgs/include/bishe_msgs/bishe_msgs/msg/detail/detector_result__traits.hpp
[3.296s] -- Up-to-date symlink: /home/jetson/projects/bishe/install/bishe_msgs/include/bishe_msgs/bishe_msgs/msg/detail/detector_result__type_support.hpp
[3.296s] -- Up-to-date symlink: /home/jetson/projects/bishe/install/bishe_msgs/include/bishe_msgs/bishe_msgs/msg/detector_result.hpp
[3.296s] -- Up-to-date symlink: /home/jetson/projects/bishe/install/bishe_msgs/include/bishe_msgs/bishe_msgs/msg/rosidl_generator_cpp__visibility_control.hpp
[3.297s] -- Up-to-date symlink: /home/jetson/projects/bishe/install/bishe_msgs/include/bishe_msgs/bishe_msgs/msg/detail/detector_result__rosidl_typesupport_fastrtps_cpp.hpp
[3.297s] -- Up-to-date symlink: /home/jetson/projects/bishe/install/bishe_msgs/include/bishe_msgs/bishe_msgs/msg/rosidl_typesupport_fastrtps_cpp__visibility_control.h
[3.298s] -- Up-to-date symlink: /home/jetson/projects/bishe/install/bishe_msgs/include/bishe_msgs/bishe_msgs/msg/detail/detector_result__rosidl_typesupport_introspection_cpp.hpp
[3.298s] -- Up-to-date symlink: /home/jetson/projects/bishe/install/bishe_msgs/share/bishe_msgs/environment/pythonpath.sh
[3.299s] -- Up-to-date symlink: /home/jetson/projects/bishe/install/bishe_msgs/share/bishe_msgs/environment/pythonpath.dsv
[3.299s] -- Up-to-date symlink: /home/jetson/projects/bishe/install/bishe_msgs/local/lib/python3.10/dist-packages/bishe_msgs-0.1.0-py3.10.egg-info/PKG-INFO
[3.299s] -- Up-to-date symlink: /home/jetson/projects/bishe/install/bishe_msgs/local/lib/python3.10/dist-packages/bishe_msgs-0.1.0-py3.10.egg-info/SOURCES.txt
[3.300s] -- Up-to-date symlink: /home/jetson/projects/bishe/install/bishe_msgs/local/lib/python3.10/dist-packages/bishe_msgs-0.1.0-py3.10.egg-info/dependency_links.txt
[3.300s] -- Up-to-date symlink: /home/jetson/projects/bishe/install/bishe_msgs/local/lib/python3.10/dist-packages/bishe_msgs-0.1.0-py3.10.egg-info/top_level.txt
[3.301s] -- Up-to-date symlink: /home/jetson/projects/bishe/install/bishe_msgs/local/lib/python3.10/dist-packages/bishe_msgs/__init__.py
[3.301s] -- Up-to-date symlink: /home/jetson/projects/bishe/install/bishe_msgs/local/lib/python3.10/dist-packages/bishe_msgs/_bishe_msgs_s.ep.rosidl_typesupport_c.c
[3.301s] -- Up-to-date symlink: /home/jetson/projects/bishe/install/bishe_msgs/local/lib/python3.10/dist-packages/bishe_msgs/_bishe_msgs_s.ep.rosidl_typesupport_fastrtps_c.c
[3.302s] -- Up-to-date symlink: /home/jetson/projects/bishe/install/bishe_msgs/local/lib/python3.10/dist-packages/bishe_msgs/_bishe_msgs_s.ep.rosidl_typesupport_introspection_c.c
[3.302s] -- Up-to-date symlink: /home/jetson/projects/bishe/install/bishe_msgs/local/lib/python3.10/dist-packages/bishe_msgs/bishe_msgs_s__rosidl_typesupport_c.cpython-310-aarch64-linux-gnu.so
[3.302s] -- Up-to-date symlink: /home/jetson/projects/bishe/install/bishe_msgs/local/lib/python3.10/dist-packages/bishe_msgs/bishe_msgs_s__rosidl_typesupport_fastrtps_c.cpython-310-aarch64-linux-gnu.so
[3.302s] -- Up-to-date symlink: /home/jetson/projects/bishe/install/bishe_msgs/local/lib/python3.10/dist-packages/bishe_msgs/bishe_msgs_s__rosidl_typesupport_introspection_c.cpython-310-aarch64-linux-gnu.so
[3.303s] -- Up-to-date symlink: /home/jetson/projects/bishe/install/bishe_msgs/local/lib/python3.10/dist-packages/bishe_msgs/libbishe_msgs__rosidl_generator_py.so
[3.303s] -- Up-to-date symlink: /home/jetson/projects/bishe/install/bishe_msgs/local/lib/python3.10/dist-packages/bishe_msgs/msg/__init__.py
[3.304s] -- Up-to-date symlink: /home/jetson/projects/bishe/install/bishe_msgs/local/lib/python3.10/dist-packages/bishe_msgs/msg/_detector_result.py
[3.304s] -- Up-to-date symlink: /home/jetson/projects/bishe/install/bishe_msgs/local/lib/python3.10/dist-packages/bishe_msgs/msg/_detector_result_s.c
[3.305s] -- Up-to-date symlink: /home/jetson/projects/bishe/install/bishe_msgs/local/lib/python3.10/dist-packages/bishe_msgs/bishe_msgs_s__rosidl_typesupport_fastrtps_c.cpython-310-aarch64-linux-gnu.so
[3.305s] -- Up-to-date symlink: /home/jetson/projects/bishe/install/bishe_msgs/local/lib/python3.10/dist-packages/bishe_msgs/bishe_msgs_s__rosidl_typesupport_introspection_c.cpython-310-aarch64-linux-gnu.so
[3.306s] -- Up-to-date symlink: /home/jetson/projects/bishe/install/bishe_msgs/local/lib/python3.10/dist-packages/bishe_msgs/bishe_msgs_s__rosidl_typesupport_c.cpython-310-aarch64-linux-gnu.so
[3.306s] -- Up-to-date symlink: /home/jetson/projects/bishe/install/bishe_msgs/share/bishe_msgs/msg/DetectorResult.idl
[3.307s] -- Up-to-date symlink: /home/jetson/projects/bishe/install/bishe_msgs/share/bishe_msgs/msg/DetectorResult.msg
[3.307s] -- Up-to-date symlink: /home/jetson/projects/bishe/install/bishe_msgs/share/ament_index/resource_index/package_run_dependencies/bishe_msgs
[3.307s] -- Up-to-date symlink: /home/jetson/projects/bishe/install/bishe_msgs/share/ament_index/resource_index/parent_prefix_path/bishe_msgs
[3.308s] -- Up-to-date symlink: /home/jetson/projects/bishe/install/bishe_msgs/share/bishe_msgs/environment/ament_prefix_path.sh
[3.308s] -- Up-to-date symlink: /home/jetson/projects/bishe/install/bishe_msgs/share/bishe_msgs/environment/ament_prefix_path.dsv
[3.309s] -- Up-to-date symlink: /home/jetson/projects/bishe/install/bishe_msgs/share/bishe_msgs/environment/path.sh
[3.309s] -- Up-to-date symlink: /home/jetson/projects/bishe/install/bishe_msgs/share/bishe_msgs/environment/path.dsv
[3.309s] -- Up-to-date symlink: /home/jetson/projects/bishe/install/bishe_msgs/share/bishe_msgs/local_setup.bash
[3.310s] -- Up-to-date symlink: /home/jetson/projects/bishe/install/bishe_msgs/share/bishe_msgs/local_setup.sh
[3.310s] -- Up-to-date symlink: /home/jetson/projects/bishe/install/bishe_msgs/share/bishe_msgs/local_setup.zsh
[3.310s] -- Up-to-date symlink: /home/jetson/projects/bishe/install/bishe_msgs/share/bishe_msgs/local_setup.dsv
[3.310s] -- Symlinking: /home/jetson/projects/bishe/install/bishe_msgs/share/bishe_msgs/package.dsv
[3.327s] -- Up-to-date symlink: /home/jetson/projects/bishe/install/bishe_msgs/share/ament_index/resource_index/packages/bishe_msgs
[3.327s] -- Up-to-date symlink: /home/jetson/projects/bishe/install/bishe_msgs/share/bishe_msgs/cmake/rosidl_cmake-extras.cmake
[3.329s] -- Up-to-date symlink: /home/jetson/projects/bishe/install/bishe_msgs/share/bishe_msgs/cmake/ament_cmake_export_dependencies-extras.cmake
[3.330s] -- Up-to-date symlink: /home/jetson/projects/bishe/install/bishe_msgs/share/bishe_msgs/cmake/ament_cmake_export_include_directories-extras.cmake
[3.330s] -- Up-to-date symlink: /home/jetson/projects/bishe/install/bishe_msgs/share/bishe_msgs/cmake/ament_cmake_export_libraries-extras.cmake
[3.330s] -- Up-to-date symlink: /home/jetson/projects/bishe/install/bishe_msgs/share/bishe_msgs/cmake/ament_cmake_export_targets-extras.cmake
[3.331s] -- Up-to-date symlink: /home/jetson/projects/bishe/install/bishe_msgs/share/bishe_msgs/cmake/rosidl_cmake_export_typesupport_targets-extras.cmake
[3.331s] -- Up-to-date symlink: /home/jetson/projects/bishe/install/bishe_msgs/share/bishe_msgs/cmake/rosidl_cmake_export_typesupport_libraries-extras.cmake
[3.331s] -- Up-to-date symlink: /home/jetson/projects/bishe/install/bishe_msgs/share/bishe_msgs/cmake/bishe_msgsConfig.cmake
[3.331s] -- Up-to-date symlink: /home/jetson/projects/bishe/install/bishe_msgs/share/bishe_msgs/cmake/bishe_msgsConfig-version.cmake
[3.331s] -- Up-to-date symlink: /home/jetson/projects/bishe/install/bishe_msgs/share/bishe_msgs/package.xml
[3.332s] -- Up-to-date: /home/jetson/projects/bishe/install/bishe_msgs/lib/libbishe_msgs__rosidl_generator_c.so
[3.332s] -- Up-to-date: /home/jetson/projects/bishe/install/bishe_msgs/lib/libbishe_msgs__rosidl_typesupport_fastrtps_c.so
[3.332s] -- Up-to-date: /home/jetson/projects/bishe/install/bishe_msgs/lib/libbishe_msgs__rosidl_typesupport_introspection_c.so
[3.332s] -- Up-to-date: /home/jetson/projects/bishe/install/bishe_msgs/lib/libbishe_msgs__rosidl_typesupport_c.so
[3.332s] -- Up-to-date: /home/jetson/projects/bishe/install/bishe_msgs/lib/libbishe_msgs__rosidl_typesupport_fastrtps_cpp.so
[3.332s] -- Up-to-date: /home/jetson/projects/bishe/install/bishe_msgs/lib/libbishe_msgs__rosidl_typesupport_introspection_cpp.so
[3.332s] -- Up-to-date: /home/jetson/projects/bishe/install/bishe_msgs/lib/libbishe_msgs__rosidl_typesupport_cpp.so
[3.391s] Listing '/home/jetson/projects/bishe/install/bishe_msgs/local/lib/python3.10/dist-packages/bishe_msgs'...
[3.391s] Compiling '/home/jetson/projects/bishe/install/bishe_msgs/local/lib/python3.10/dist-packages/bishe_msgs/__init__.py'...
[3.391s] Listing '/home/jetson/projects/bishe/install/bishe_msgs/local/lib/python3.10/dist-packages/bishe_msgs/msg'...
[3.402s] -- Up-to-date: /home/jetson/projects/bishe/install/bishe_msgs/lib/libbishe_msgs__rosidl_generator_py.so
[3.404s] -- Up-to-date: /home/jetson/projects/bishe/install/bishe_msgs/share/bishe_msgs/cmake/export_bishe_msgs__rosidl_generator_cExport.cmake
[3.404s] -- Up-to-date: /home/jetson/projects/bishe/install/bishe_msgs/share/bishe_msgs/cmake/export_bishe_msgs__rosidl_generator_cExport-noconfig.cmake
[3.406s] -- Up-to-date: /home/jetson/projects/bishe/install/bishe_msgs/share/bishe_msgs/cmake/export_bishe_msgs__rosidl_typesupport_fastrtps_cExport.cmake
[3.406s] -- Up-to-date: /home/jetson/projects/bishe/install/bishe_msgs/share/bishe_msgs/cmake/export_bishe_msgs__rosidl_typesupport_fastrtps_cExport-noconfig.cmake
[3.406s] -- Up-to-date: /home/jetson/projects/bishe/install/bishe_msgs/share/bishe_msgs/cmake/bishe_msgs__rosidl_typesupport_introspection_cExport.cmake
[3.406s] -- Up-to-date: /home/jetson/projects/bishe/install/bishe_msgs/share/bishe_msgs/cmake/bishe_msgs__rosidl_typesupport_introspection_cExport-noconfig.cmake
[3.406s] -- Up-to-date: /home/jetson/projects/bishe/install/bishe_msgs/share/bishe_msgs/cmake/bishe_msgs__rosidl_typesupport_cExport.cmake
[3.406s] -- Up-to-date: /home/jetson/projects/bishe/install/bishe_msgs/share/bishe_msgs/cmake/bishe_msgs__rosidl_typesupport_cExport-noconfig.cmake
[3.406s] -- Up-to-date: /home/jetson/projects/bishe/install/bishe_msgs/share/bishe_msgs/cmake/export_bishe_msgs__rosidl_generator_cppExport.cmake
[3.407s] -- Up-to-date: /home/jetson/projects/bishe/install/bishe_msgs/share/bishe_msgs/cmake/export_bishe_msgs__rosidl_typesupport_fastrtps_cppExport.cmake
[3.407s] -- Up-to-date: /home/jetson/projects/bishe/install/bishe_msgs/share/bishe_msgs/cmake/export_bishe_msgs__rosidl_typesupport_fastrtps_cppExport-noconfig.cmake
[3.407s] -- Up-to-date: /home/jetson/projects/bishe/install/bishe_msgs/share/bishe_msgs/cmake/bishe_msgs__rosidl_typesupport_introspection_cppExport.cmake
[3.407s] -- Up-to-date: /home/jetson/projects/bishe/install/bishe_msgs/share/bishe_msgs/cmake/bishe_msgs__rosidl_typesupport_introspection_cppExport-noconfig.cmake
[3.407s] -- Up-to-date: /home/jetson/projects/bishe/install/bishe_msgs/share/bishe_msgs/cmake/bishe_msgs__rosidl_typesupport_cppExport.cmake
[3.407s] -- Up-to-date: /home/jetson/projects/bishe/install/bishe_msgs/share/bishe_msgs/cmake/bishe_msgs__rosidl_typesupport_cppExport-noconfig.cmake
[3.408s] -- Up-to-date: /home/jetson/projects/bishe/install/bishe_msgs/share/bishe_msgs/cmake/export_bishe_msgs__rosidl_generator_pyExport.cmake
[3.408s] -- Up-to-date: /home/jetson/projects/bishe/install/bishe_msgs/share/bishe_msgs/cmake/export_bishe_msgs__rosidl_generator_pyExport-noconfig.cmake
[3.410s] Invoked command in '/home/jetson/projects/bishe/build/bishe_msgs' returned '0': CMAKE_PREFIX_PATH=${CMAKE_PREFIX_PATH}:/home/jetson/projects/bishe/install/bishe_launch:/opt/ros/humble /usr/bin/cmake --install /home/jetson/projects/bishe/build/bishe_msgs
