[0.022s] Invoking command in '/home/jetson/projects/bishe/build/bishe_camera': CMAKE_PREFIX_PATH=/opt/ros/humble /usr/bin/cmake /home/jetson/projects/bishe/src/bishe_camera -DAMENT_CMAKE_SYMLINK_INSTALL=1 -DCMAKE_INSTALL_PREFIX=/home/jetson/projects/bishe/install/bishe_camera
[0.500s] -- The C compiler identification is GNU 11.4.0
[0.500s] -- The CXX compiler identification is GNU 11.4.0
[0.500s] -- Detecting C compiler ABI info
[0.501s] -- Detecting C compiler ABI info - done
[0.501s] -- Check for working C compiler: /usr/bin/cc - skipped
[0.501s] -- Detecting C compile features
[0.501s] -- Detecting C compile features - done
[0.501s] -- Detecting CXX compiler ABI info
[0.540s] -- Detecting CXX compiler ABI info - done
[0.548s] -- Check for working CXX compiler: /usr/bin/c++ - skipped
[0.549s] -- Detecting CXX compile features
[0.551s] -- Detecting CXX compile features - done
[0.558s] -- Found ament_cmake: 1.3.12 (/opt/ros/humble/share/ament_cmake/cmake)
[0.847s] -- Found Python3: /usr/bin/python3 (found version "3.10.12") found components: Interpreter 
[0.976s] -- Override CMake install command with custom implementation using symlinks instead of copying resources
[1.014s] -- Found rclcpp: 16.0.16 (/opt/ros/humble/share/rclcpp/cmake)
[1.077s] -- Found rosidl_generator_c: 3.1.7 (/opt/ros/humble/share/rosidl_generator_c/cmake)
[1.084s] -- Found rosidl_adapter: 3.1.7 (/opt/ros/humble/share/rosidl_adapter/cmake)
[1.097s] -- Found rosidl_generator_cpp: 3.1.7 (/opt/ros/humble/share/rosidl_generator_cpp/cmake)
[1.116s] -- Using all available rosidl_typesupport_c: rosidl_typesupport_fastrtps_c;rosidl_typesupport_introspection_c
[1.140s] -- Using all available rosidl_typesupport_cpp: rosidl_typesupport_fastrtps_cpp;rosidl_typesupport_introspection_cpp
[1.207s] -- Found rmw_implementation_cmake: 6.1.2 (/opt/ros/humble/share/rmw_implementation_cmake/cmake)
[1.210s] -- Found rmw_fastrtps_cpp: 6.2.9 (/opt/ros/humble/share/rmw_fastrtps_cpp/cmake)
[1.351s] -- Found OpenSSL: /usr/lib/aarch64-linux-gnu/libcrypto.so (found version "3.0.2")  
[1.397s] -- Found FastRTPS: /opt/ros/humble/include  
[1.466s] -- Using RMW implementation 'rmw_fastrtps_cpp' as default
[1.483s] -- Looking for pthread.h
[1.618s] -- Looking for pthread.h - found
[1.619s] -- Performing Test CMAKE_HAVE_LIBC_PTHREAD
[1.764s] -- Performing Test CMAKE_HAVE_LIBC_PTHREAD - Success
[1.765s] -- Found Threads: TRUE  
[1.851s] -- Found sensor_msgs: 4.9.0 (/opt/ros/humble/share/sensor_msgs/cmake)
[1.905s] -- Found image_transport: 3.1.12 (/opt/ros/humble/share/image_transport/cmake)
[1.961s] -- Found cv_bridge: 3.2.1 (/opt/ros/humble/share/cv_bridge/cmake)
[2.018s] -- Found CUDA: /usr/local/cuda-12.6 (found suitable exact version "12.6") 
[2.049s] -- Found OpenCV: /usr/local (found version "4.10.0") 
[2.171s] -- Configuring done
[2.199s] -- Generating done
[2.210s] -- Build files have been written to: /home/jetson/projects/bishe/build/bishe_camera
[2.234s] Invoked command in '/home/jetson/projects/bishe/build/bishe_camera' returned '0': CMAKE_PREFIX_PATH=/opt/ros/humble /usr/bin/cmake /home/jetson/projects/bishe/src/bishe_camera -DAMENT_CMAKE_SYMLINK_INSTALL=1 -DCMAKE_INSTALL_PREFIX=/home/jetson/projects/bishe/install/bishe_camera
[2.236s] Invoking command in '/home/jetson/projects/bishe/build/bishe_camera': CMAKE_PREFIX_PATH=/opt/ros/humble /usr/bin/cmake --build /home/jetson/projects/bishe/build/bishe_camera -- -j6 -l6
[2.317s] [ 50%] Building CXX object CMakeFiles/camera_node.dir/src/camera_node.cpp.o
[13.670s] [100%] Linking CXX executable camera_node
[14.015s] /usr/bin/ld: warning: libopencv_core.so.4.5d, needed by /opt/ros/humble/lib/libcv_bridge.so, may conflict with libopencv_core.so.410
[15.328s] [100%] Built target camera_node
[15.366s] Invoked command in '/home/jetson/projects/bishe/build/bishe_camera' returned '0': CMAKE_PREFIX_PATH=/opt/ros/humble /usr/bin/cmake --build /home/jetson/projects/bishe/build/bishe_camera -- -j6 -l6
[15.381s] Invoking command in '/home/jetson/projects/bishe/build/bishe_camera': CMAKE_PREFIX_PATH=/opt/ros/humble /usr/bin/cmake --install /home/jetson/projects/bishe/build/bishe_camera
[15.404s] -- Install configuration: ""
[15.413s] -- Execute custom install script
[15.418s] -- Symlinking: /home/jetson/projects/bishe/install/bishe_camera/lib/bishe_camera/camera_node
[15.456s] -- Symlinking: /home/jetson/projects/bishe/install/bishe_camera/share/ament_index/resource_index/package_run_dependencies/bishe_camera
[15.492s] -- Symlinking: /home/jetson/projects/bishe/install/bishe_camera/share/ament_index/resource_index/parent_prefix_path/bishe_camera
[15.536s] -- Symlinking: /home/jetson/projects/bishe/install/bishe_camera/share/bishe_camera/environment/ament_prefix_path.sh
[15.574s] -- Symlinking: /home/jetson/projects/bishe/install/bishe_camera/share/bishe_camera/environment/ament_prefix_path.dsv
[15.652s] -- Symlinking: /home/jetson/projects/bishe/install/bishe_camera/share/bishe_camera/environment/path.sh
[15.695s] -- Symlinking: /home/jetson/projects/bishe/install/bishe_camera/share/bishe_camera/environment/path.dsv
[15.746s] -- Symlinking: /home/jetson/projects/bishe/install/bishe_camera/share/bishe_camera/local_setup.bash
[15.792s] -- Symlinking: /home/jetson/projects/bishe/install/bishe_camera/share/bishe_camera/local_setup.sh
[15.836s] -- Symlinking: /home/jetson/projects/bishe/install/bishe_camera/share/bishe_camera/local_setup.zsh
[15.890s] -- Symlinking: /home/jetson/projects/bishe/install/bishe_camera/share/bishe_camera/local_setup.dsv
[15.947s] -- Symlinking: /home/jetson/projects/bishe/install/bishe_camera/share/bishe_camera/package.dsv
[16.004s] -- Symlinking: /home/jetson/projects/bishe/install/bishe_camera/share/ament_index/resource_index/packages/bishe_camera
[16.054s] -- Symlinking: /home/jetson/projects/bishe/install/bishe_camera/share/bishe_camera/cmake/bishe_cameraConfig.cmake
[16.099s] -- Symlinking: /home/jetson/projects/bishe/install/bishe_camera/share/bishe_camera/cmake/bishe_cameraConfig-version.cmake
[16.142s] -- Symlinking: /home/jetson/projects/bishe/install/bishe_camera/share/bishe_camera/package.xml
[16.240s] Invoked command in '/home/jetson/projects/bishe/build/bishe_camera' returned '0': CMAKE_PREFIX_PATH=/opt/ros/humble /usr/bin/cmake --install /home/jetson/projects/bishe/build/bishe_camera
