[0.032s] Invoking command in '/home/jetson/projects/bishe/edge/build/bishe_monitor': CMAKE_PREFIX_PATH=/home/jetson/projects/bishe/edge/install/bishe_msgs:/home/jetson/projects/bishe/edge/install/bishe_streamer:/home/jetson/projects/bishe/edge/install/bishe_monitor:/home/jetson/projects/bishe/edge/install/bishe_detector:/home/jetson/projects/bishe/edge/install/bishe_mqtt:/home/jetson/projects/bishe/edge/install/bishe_camera:/home/jetson/projects/bishe/edge/install/bishe_launch:/opt/ros/humble LD_LIBRARY_PATH=/home/jetson/projects/bishe/edge/install/bishe_msgs/lib:/usr/local/cuda-12.6/lib64:/opt/ros/humble/opt/rviz_ogre_vendor/lib:/opt/ros/humble/lib/aarch64-linux-gnu:/opt/ros/humble/lib:/usr/local/cuda-12.6/lib64 /usr/bin/cmake /home/jetson/projects/bishe/edge/src/bishe_monitor -DAMENT_CMAKE_SYMLINK_INSTALL=1 -DCMAKE_INSTALL_PREFIX=/home/jetson/projects/bishe/edge/install/bishe_monitor
[0.106s] -- Found ament_cmake: 1.3.12 (/opt/ros/humble/share/ament_cmake/cmake)
[0.464s] -- Override CMake install command with custom implementation using symlinks instead of copying resources
[0.493s] -- Found rclcpp: 16.0.16 (/opt/ros/humble/share/rclcpp/cmake)
[0.578s] -- Found rosidl_generator_c: 3.1.7 (/opt/ros/humble/share/rosidl_generator_c/cmake)
[0.583s] -- Found rosidl_adapter: 3.1.7 (/opt/ros/humble/share/rosidl_adapter/cmake)
[0.595s] -- Found rosidl_generator_cpp: 3.1.7 (/opt/ros/humble/share/rosidl_generator_cpp/cmake)
[0.622s] -- Using all available rosidl_typesupport_c: rosidl_typesupport_fastrtps_c;rosidl_typesupport_introspection_c
[0.657s] -- Using all available rosidl_typesupport_cpp: rosidl_typesupport_fastrtps_cpp;rosidl_typesupport_introspection_cpp
[0.754s] -- Found rmw_implementation_cmake: 6.1.2 (/opt/ros/humble/share/rmw_implementation_cmake/cmake)
[0.759s] -- Found rmw_fastrtps_cpp: 6.2.9 (/opt/ros/humble/share/rmw_fastrtps_cpp/cmake)
[1.077s] -- Using RMW implementation 'rmw_fastrtps_cpp' as default
[1.235s] -- Found bishe_msgs: 0.1.0 (/home/jetson/projects/bishe/edge/install/bishe_msgs/share/bishe_msgs/cmake)
[1.367s] -- Found cv_bridge: 3.2.1 (/opt/ros/humble/share/cv_bridge/cmake)
[1.620s] -- Configuring done
[1.680s] -- Generating done
[1.709s] -- Build files have been written to: /home/jetson/projects/bishe/edge/build/bishe_monitor
[1.757s] Invoked command in '/home/jetson/projects/bishe/edge/build/bishe_monitor' returned '0': CMAKE_PREFIX_PATH=/home/jetson/projects/bishe/edge/install/bishe_msgs:/home/jetson/projects/bishe/edge/install/bishe_streamer:/home/jetson/projects/bishe/edge/install/bishe_monitor:/home/jetson/projects/bishe/edge/install/bishe_detector:/home/jetson/projects/bishe/edge/install/bishe_mqtt:/home/jetson/projects/bishe/edge/install/bishe_camera:/home/jetson/projects/bishe/edge/install/bishe_launch:/opt/ros/humble LD_LIBRARY_PATH=/home/jetson/projects/bishe/edge/install/bishe_msgs/lib:/usr/local/cuda-12.6/lib64:/opt/ros/humble/opt/rviz_ogre_vendor/lib:/opt/ros/humble/lib/aarch64-linux-gnu:/opt/ros/humble/lib:/usr/local/cuda-12.6/lib64 /usr/bin/cmake /home/jetson/projects/bishe/edge/src/bishe_monitor -DAMENT_CMAKE_SYMLINK_INSTALL=1 -DCMAKE_INSTALL_PREFIX=/home/jetson/projects/bishe/edge/install/bishe_monitor
[1.758s] Invoking command in '/home/jetson/projects/bishe/edge/build/bishe_monitor': CMAKE_PREFIX_PATH=/home/jetson/projects/bishe/edge/install/bishe_msgs:/home/jetson/projects/bishe/edge/install/bishe_streamer:/home/jetson/projects/bishe/edge/install/bishe_monitor:/home/jetson/projects/bishe/edge/install/bishe_detector:/home/jetson/projects/bishe/edge/install/bishe_mqtt:/home/jetson/projects/bishe/edge/install/bishe_camera:/home/jetson/projects/bishe/edge/install/bishe_launch:/opt/ros/humble LD_LIBRARY_PATH=/home/jetson/projects/bishe/edge/install/bishe_msgs/lib:/usr/local/cuda-12.6/lib64:/opt/ros/humble/opt/rviz_ogre_vendor/lib:/opt/ros/humble/lib/aarch64-linux-gnu:/opt/ros/humble/lib:/usr/local/cuda-12.6/lib64 /usr/bin/cmake --build /home/jetson/projects/bishe/edge/build/bishe_monitor -- -j6 -l6
[1.854s] Consolidate compiler generated dependencies of target monitor_node
[1.888s] [ 50%] Building CXX object CMakeFiles/monitor_node.dir/src/monitor_node.cpp.o
[11.843s] /home/jetson/projects/bishe/edge/src/bishe_monitor/src/monitor_node.cpp: In member function ‘void MonitorNode::resultCallback(bishe_msgs::msg::DetectorResult_<std::allocator<void> >::SharedPtr)’:
[11.844s] /home/jetson/projects/bishe/edge/src/bishe_monitor/src/monitor_node.cpp:202:16: error: conflicting declaration ‘const auto state_it’
[11.844s]   202 |     const auto state_it = event_states_.find(normalized_type);
[11.844s]       |                ^~~~~~~~
[11.845s] /home/jetson/projects/bishe/edge/src/bishe_monitor/src/monitor_node.cpp:173:16: note: previous declaration as ‘const std::__detail::_Node_iterator<std::pair<const std::__cxx11::basic_string<char>, MonitorNode::EventState>, false, true> state_it’
[11.845s]   173 |     const auto state_it = event_states_.find(normalized_type);
[11.845s]       |                ^~~~~~~~
[11.845s] /home/jetson/projects/bishe/edge/src/bishe_monitor/src/monitor_node.cpp:207:27: error: redeclaration of ‘cv_bridge::CvImagePtr cv_ptr’
[11.845s]   207 |     cv_bridge::CvImagePtr cv_ptr;
[11.845s]       |                           ^~~~~~
[11.845s] /home/jetson/projects/bishe/edge/src/bishe_monitor/src/monitor_node.cpp:178:27: note: ‘cv_bridge::CvImagePtr cv_ptr’ previously declared here
[11.845s]   178 |     cv_bridge::CvImagePtr cv_ptr;
[11.846s]       |                           ^~~~~~
[11.846s] /home/jetson/projects/bishe/edge/src/bishe_monitor/src/monitor_node.cpp:215:11: error: conflicting declaration ‘auto& state’
[11.846s]   215 |     auto &state = state_it->second;
[11.846s]       |           ^~~~~
[11.846s] /home/jetson/projects/bishe/edge/src/bishe_monitor/src/monitor_node.cpp:186:11: note: previous declaration as ‘MonitorNode::EventState& state’
[11.846s]   186 |     auto &state = state_it->second;
[11.846s]       |           ^~~~~
[11.846s] /home/jetson/projects/bishe/edge/src/bishe_monitor/src/monitor_node.cpp:218:16: error: conflicting declaration ‘const auto now’
[11.846s]   218 |     const auto now = std::chrono::steady_clock::now();
[11.847s]       |                ^~~
[11.847s] /home/jetson/projects/bishe/edge/src/bishe_monitor/src/monitor_node.cpp:189:16: note: previous declaration as ‘const std::chrono::time_point<std::chrono::_V2::steady_clock, std::chrono::duration<long int, std::ratio<1, 1000000000> > > now’
[11.847s]   189 |     const auto now = std::chrono::steady_clock::now();
[11.847s]       |                ^~~
[19.005s] gmake[2]: *** [CMakeFiles/monitor_node.dir/build.make:76：CMakeFiles/monitor_node.dir/src/monitor_node.cpp.o] 错误 1
[19.005s] gmake[1]: *** [CMakeFiles/Makefile2:137：CMakeFiles/monitor_node.dir/all] 错误 2
[19.005s] gmake: *** [Makefile:146：all] 错误 2
[19.011s] Invoked command in '/home/jetson/projects/bishe/edge/build/bishe_monitor' returned '2': CMAKE_PREFIX_PATH=/home/jetson/projects/bishe/edge/install/bishe_msgs:/home/jetson/projects/bishe/edge/install/bishe_streamer:/home/jetson/projects/bishe/edge/install/bishe_monitor:/home/jetson/projects/bishe/edge/install/bishe_detector:/home/jetson/projects/bishe/edge/install/bishe_mqtt:/home/jetson/projects/bishe/edge/install/bishe_camera:/home/jetson/projects/bishe/edge/install/bishe_launch:/opt/ros/humble LD_LIBRARY_PATH=/home/jetson/projects/bishe/edge/install/bishe_msgs/lib:/usr/local/cuda-12.6/lib64:/opt/ros/humble/opt/rviz_ogre_vendor/lib:/opt/ros/humble/lib/aarch64-linux-gnu:/opt/ros/humble/lib:/usr/local/cuda-12.6/lib64 /usr/bin/cmake --build /home/jetson/projects/bishe/edge/build/bishe_monitor -- -j6 -l6
