[0.461s] Invoking command in '/home/jetson/projects/bishe/build/bishe_streamer': AMENT_PREFIX_PATH=/home/jetson/projects/bishe/install/bishe_msgs:${AMENT_PREFIX_PATH} CMAKE_PREFIX_PATH=/home/jetson/projects/bishe/install/bishe_msgs:/opt/ros/humble LD_LIBRARY_PATH=/home/jetson/projects/bishe/install/bishe_msgs/lib:/opt/ros/humble/opt/rviz_ogre_vendor/lib:/opt/ros/humble/lib/aarch64-linux-gnu:/opt/ros/humble/lib:/usr/local/cuda-12.6/lib64 PYTHONPATH=/home/jetson/projects/bishe/install/bishe_msgs/local/lib/python3.10/dist-packages:${PYTHONPATH} /usr/bin/cmake /home/jetson/projects/bishe/src/bishe_streamer -DAMENT_CMAKE_SYMLINK_INSTALL=1 -DCMAKE_INSTALL_PREFIX=/home/jetson/projects/bishe/install/bishe_streamer
[0.479s] -- Found ament_cmake: 1.3.12 (/opt/ros/humble/share/ament_cmake/cmake)
[0.690s] -- Override CMake install command with custom implementation using symlinks instead of copying resources
[0.703s] -- Found rclcpp: 16.0.16 (/opt/ros/humble/share/rclcpp/cmake)
[0.748s] -- Found rosidl_generator_c: 3.1.7 (/opt/ros/humble/share/rosidl_generator_c/cmake)
[0.752s] -- Found rosidl_adapter: 3.1.7 (/opt/ros/humble/share/rosidl_adapter/cmake)
[0.761s] -- Found rosidl_generator_cpp: 3.1.7 (/opt/ros/humble/share/rosidl_generator_cpp/cmake)
[0.776s] -- Using all available rosidl_typesupport_c: rosidl_typesupport_fastrtps_c;rosidl_typesupport_introspection_c
[0.796s] -- Using all available rosidl_typesupport_cpp: rosidl_typesupport_fastrtps_cpp;rosidl_typesupport_introspection_cpp
[0.846s] -- Found rmw_implementation_cmake: 6.1.2 (/opt/ros/humble/share/rmw_implementation_cmake/cmake)
[0.848s] -- Found rmw_fastrtps_cpp: 6.2.9 (/opt/ros/humble/share/rmw_fastrtps_cpp/cmake)
[1.008s] -- Using RMW implementation 'rmw_fastrtps_cpp' as default
[1.088s] -- Found sensor_msgs: 4.9.0 (/opt/ros/humble/share/sensor_msgs/cmake)
[1.135s] -- Found image_transport: 3.1.12 (/opt/ros/humble/share/image_transport/cmake)
[1.167s] -- Found cv_bridge: 3.2.1 (/opt/ros/humble/share/cv_bridge/cmake)
[1.217s] -- Found bishe_msgs: 0.1.0 (/home/jetson/projects/bishe/install/bishe_msgs/share/bishe_msgs/cmake)
[1.364s] -- Configuring done
[1.393s] -- Generating done
[1.402s] -- Build files have been written to: /home/jetson/projects/bishe/build/bishe_streamer
[1.421s] Invoked command in '/home/jetson/projects/bishe/build/bishe_streamer' returned '0': AMENT_PREFIX_PATH=/home/jetson/projects/bishe/install/bishe_msgs:${AMENT_PREFIX_PATH} CMAKE_PREFIX_PATH=/home/jetson/projects/bishe/install/bishe_msgs:/opt/ros/humble LD_LIBRARY_PATH=/home/jetson/projects/bishe/install/bishe_msgs/lib:/opt/ros/humble/opt/rviz_ogre_vendor/lib:/opt/ros/humble/lib/aarch64-linux-gnu:/opt/ros/humble/lib:/usr/local/cuda-12.6/lib64 PYTHONPATH=/home/jetson/projects/bishe/install/bishe_msgs/local/lib/python3.10/dist-packages:${PYTHONPATH} /usr/bin/cmake /home/jetson/projects/bishe/src/bishe_streamer -DAMENT_CMAKE_SYMLINK_INSTALL=1 -DCMAKE_INSTALL_PREFIX=/home/jetson/projects/bishe/install/bishe_streamer
[1.423s] Invoking command in '/home/jetson/projects/bishe/build/bishe_streamer': AMENT_PREFIX_PATH=/home/jetson/projects/bishe/install/bishe_msgs:${AMENT_PREFIX_PATH} CMAKE_PREFIX_PATH=/home/jetson/projects/bishe/install/bishe_msgs:/opt/ros/humble LD_LIBRARY_PATH=/home/jetson/projects/bishe/install/bishe_msgs/lib:/opt/ros/humble/opt/rviz_ogre_vendor/lib:/opt/ros/humble/lib/aarch64-linux-gnu:/opt/ros/humble/lib:/usr/local/cuda-12.6/lib64 PYTHONPATH=/home/jetson/projects/bishe/install/bishe_msgs/local/lib/python3.10/dist-packages:${PYTHONPATH} /usr/bin/cmake --build /home/jetson/projects/bishe/build/bishe_streamer -- -j6 -l6
[1.495s] Consolidate compiler generated dependencies of target streamer_node
[1.519s] [ 50%] Building CXX object CMakeFiles/streamer_node.dir/src/streamer_node.cpp.o
[20.481s] [100%] Linking CXX executable streamer_node
[20.897s] /usr/bin/ld: warning: libopencv_imgproc.so.4.5d, needed by /opt/ros/humble/lib/libcv_bridge.so, may conflict with libopencv_imgproc.so.410
[20.898s] /usr/bin/ld: warning: libopencv_core.so.4.5d, needed by /opt/ros/humble/lib/libcv_bridge.so, may conflict with libopencv_core.so.410
[21.811s] [100%] Built target streamer_node
[21.828s] Invoked command in '/home/jetson/projects/bishe/build/bishe_streamer' returned '0': AMENT_PREFIX_PATH=/home/jetson/projects/bishe/install/bishe_msgs:${AMENT_PREFIX_PATH} CMAKE_PREFIX_PATH=/home/jetson/projects/bishe/install/bishe_msgs:/opt/ros/humble LD_LIBRARY_PATH=/home/jetson/projects/bishe/install/bishe_msgs/lib:/opt/ros/humble/opt/rviz_ogre_vendor/lib:/opt/ros/humble/lib/aarch64-linux-gnu:/opt/ros/humble/lib:/usr/local/cuda-12.6/lib64 PYTHONPATH=/home/jetson/projects/bishe/install/bishe_msgs/local/lib/python3.10/dist-packages:${PYTHONPATH} /usr/bin/cmake --build /home/jetson/projects/bishe/build/bishe_streamer -- -j6 -l6
[21.844s] Invoking command in '/home/jetson/projects/bishe/build/bishe_streamer': AMENT_PREFIX_PATH=/home/jetson/projects/bishe/install/bishe_msgs:${AMENT_PREFIX_PATH} CMAKE_PREFIX_PATH=/home/jetson/projects/bishe/install/bishe_msgs:/opt/ros/humble LD_LIBRARY_PATH=/home/jetson/projects/bishe/install/bishe_msgs/lib:/opt/ros/humble/opt/rviz_ogre_vendor/lib:/opt/ros/humble/lib/aarch64-linux-gnu:/opt/ros/humble/lib:/usr/local/cuda-12.6/lib64 PYTHONPATH=/home/jetson/projects/bishe/install/bishe_msgs/local/lib/python3.10/dist-packages:${PYTHONPATH} /usr/bin/cmake --install /home/jetson/projects/bishe/build/bishe_streamer
[21.857s] -- Install configuration: ""
[21.857s] -- Execute custom install script
[21.858s] -- Up-to-date symlink: /home/jetson/projects/bishe/install/bishe_streamer/lib/bishe_streamer/streamer_node
[21.858s] -- Up-to-date symlink: /home/jetson/projects/bishe/install/bishe_streamer/share/ament_index/resource_index/package_run_dependencies/bishe_streamer
[21.859s] -- Up-to-date symlink: /home/jetson/projects/bishe/install/bishe_streamer/share/ament_index/resource_index/parent_prefix_path/bishe_streamer
[21.859s] -- Up-to-date symlink: /home/jetson/projects/bishe/install/bishe_streamer/share/bishe_streamer/environment/ament_prefix_path.sh
[21.859s] -- Up-to-date symlink: /home/jetson/projects/bishe/install/bishe_streamer/share/bishe_streamer/environment/ament_prefix_path.dsv
[21.859s] -- Up-to-date symlink: /home/jetson/projects/bishe/install/bishe_streamer/share/bishe_streamer/environment/path.sh
[21.860s] -- Up-to-date symlink: /home/jetson/projects/bishe/install/bishe_streamer/share/bishe_streamer/environment/path.dsv
[21.860s] -- Up-to-date symlink: /home/jetson/projects/bishe/install/bishe_streamer/share/bishe_streamer/local_setup.bash
[21.860s] -- Up-to-date symlink: /home/jetson/projects/bishe/install/bishe_streamer/share/bishe_streamer/local_setup.sh
[21.860s] -- Up-to-date symlink: /home/jetson/projects/bishe/install/bishe_streamer/share/bishe_streamer/local_setup.zsh
[21.861s] -- Up-to-date symlink: /home/jetson/projects/bishe/install/bishe_streamer/share/bishe_streamer/local_setup.dsv
[21.861s] -- Symlinking: /home/jetson/projects/bishe/install/bishe_streamer/share/bishe_streamer/package.dsv
[21.875s] -- Up-to-date symlink: /home/jetson/projects/bishe/install/bishe_streamer/share/ament_index/resource_index/packages/bishe_streamer
[21.875s] -- Up-to-date symlink: /home/jetson/projects/bishe/install/bishe_streamer/share/bishe_streamer/cmake/bishe_streamerConfig.cmake
[21.875s] -- Up-to-date symlink: /home/jetson/projects/bishe/install/bishe_streamer/share/bishe_streamer/cmake/bishe_streamerConfig-version.cmake
[21.875s] -- Up-to-date symlink: /home/jetson/projects/bishe/install/bishe_streamer/share/bishe_streamer/package.xml
[21.878s] Invoked command in '/home/jetson/projects/bishe/build/bishe_streamer' returned '0': AMENT_PREFIX_PATH=/home/jetson/projects/bishe/install/bishe_msgs:${AMENT_PREFIX_PATH} CMAKE_PREFIX_PATH=/home/jetson/projects/bishe/install/bishe_msgs:/opt/ros/humble LD_LIBRARY_PATH=/home/jetson/projects/bishe/install/bishe_msgs/lib:/opt/ros/humble/opt/rviz_ogre_vendor/lib:/opt/ros/humble/lib/aarch64-linux-gnu:/opt/ros/humble/lib:/usr/local/cuda-12.6/lib64 PYTHONPATH=/home/jetson/projects/bishe/install/bishe_msgs/local/lib/python3.10/dist-packages:${PYTHONPATH} /usr/bin/cmake --install /home/jetson/projects/bishe/build/bishe_streamer
