[0.032s] Invoking command in '/home/jetson/projects/bishe/edge/build/bishe_monitor': CMAKE_PREFIX_PATH=/home/jetson/projects/bishe/edge/install/bishe_msgs:/home/jetson/projects/bishe/edge/install/bishe_streamer:/home/jetson/projects/bishe/edge/install/bishe_monitor:/home/jetson/projects/bishe/edge/install/bishe_detector:/home/jetson/projects/bishe/edge/install/bishe_mqtt:/home/jetson/projects/bishe/edge/install/bishe_camera:/home/jetson/projects/bishe/edge/install/bishe_launch:/opt/ros/humble LD_LIBRARY_PATH=/home/jetson/projects/bishe/edge/install/bishe_msgs/lib:/home/jetson/projects/bishe/edge/install/bishe_detector/lib:/home/jetson/projects/bishe/edge/install/bishe_camera/lib:/opt/ros/humble/opt/rviz_ogre_vendor/lib:/opt/ros/humble/lib/aarch64-linux-gnu:/opt/ros/humble/lib:/usr/local/cuda-12.6/lib64 /usr/bin/cmake --build /home/jetson/projects/bishe/edge/build/bishe_monitor -- -j6 -l6
[0.125s] [ 14%] Built target gtest_main
[0.141s] [ 28%] Built target monitor_node
[0.160s] [ 42%] Built target gtest
[0.233s] [ 57%] Built target test_alarm_event_payload
[0.234s] [ 71%] Built target test_alarm_upload_gate
[0.238s] [ 85%] Built target test_async_task_worker
[0.247s] [100%] Built target test_alarm_playback_command
[0.268s] Invoked command in '/home/jetson/projects/bishe/edge/build/bishe_monitor' returned '0': CMAKE_PREFIX_PATH=/home/jetson/projects/bishe/edge/install/bishe_msgs:/home/jetson/projects/bishe/edge/install/bishe_streamer:/home/jetson/projects/bishe/edge/install/bishe_monitor:/home/jetson/projects/bishe/edge/install/bishe_detector:/home/jetson/projects/bishe/edge/install/bishe_mqtt:/home/jetson/projects/bishe/edge/install/bishe_camera:/home/jetson/projects/bishe/edge/install/bishe_launch:/opt/ros/humble LD_LIBRARY_PATH=/home/jetson/projects/bishe/edge/install/bishe_msgs/lib:/home/jetson/projects/bishe/edge/install/bishe_detector/lib:/home/jetson/projects/bishe/edge/install/bishe_camera/lib:/opt/ros/humble/opt/rviz_ogre_vendor/lib:/opt/ros/humble/lib/aarch64-linux-gnu:/opt/ros/humble/lib:/usr/local/cuda-12.6/lib64 /usr/bin/cmake --build /home/jetson/projects/bishe/edge/build/bishe_monitor -- -j6 -l6
[0.269s] Invoking command in '/home/jetson/projects/bishe/edge/build/bishe_monitor': CMAKE_PREFIX_PATH=/home/jetson/projects/bishe/edge/install/bishe_msgs:/home/jetson/projects/bishe/edge/install/bishe_streamer:/home/jetson/projects/bishe/edge/install/bishe_monitor:/home/jetson/projects/bishe/edge/install/bishe_detector:/home/jetson/projects/bishe/edge/install/bishe_mqtt:/home/jetson/projects/bishe/edge/install/bishe_camera:/home/jetson/projects/bishe/edge/install/bishe_launch:/opt/ros/humble LD_LIBRARY_PATH=/home/jetson/projects/bishe/edge/install/bishe_msgs/lib:/home/jetson/projects/bishe/edge/install/bishe_detector/lib:/home/jetson/projects/bishe/edge/install/bishe_camera/lib:/opt/ros/humble/opt/rviz_ogre_vendor/lib:/opt/ros/humble/lib/aarch64-linux-gnu:/opt/ros/humble/lib:/usr/local/cuda-12.6/lib64 /usr/bin/cmake --install /home/jetson/projects/bishe/edge/build/bishe_monitor
[0.281s] -- Install configuration: ""
[0.282s] -- Execute custom install script
[0.283s] -- Up-to-date symlink: /home/jetson/projects/bishe/edge/install/bishe_monitor/lib/bishe_monitor/monitor_node
[0.283s] -- Up-to-date symlink: /home/jetson/projects/bishe/edge/install/bishe_monitor/include/bishe_monitor/alarm_event_payload.hpp
[0.283s] -- Up-to-date symlink: /home/jetson/projects/bishe/edge/install/bishe_monitor/include/bishe_monitor/alarm_playback_command.hpp
[0.284s] -- Up-to-date symlink: /home/jetson/projects/bishe/edge/install/bishe_monitor/include/bishe_monitor/alarm_upload_gate.hpp
[0.285s] -- Up-to-date symlink: /home/jetson/projects/bishe/edge/install/bishe_monitor/include/bishe_monitor/async_task_worker.hpp
[0.285s] -- Up-to-date symlink: /home/jetson/projects/bishe/edge/install/bishe_monitor/share/bishe_monitor/config/config.yaml
[0.285s] -- Up-to-date symlink: /home/jetson/projects/bishe/edge/install/bishe_monitor/share/ament_index/resource_index/package_run_dependencies/bishe_monitor
[0.285s] -- Up-to-date symlink: /home/jetson/projects/bishe/edge/install/bishe_monitor/share/ament_index/resource_index/parent_prefix_path/bishe_monitor
[0.285s] -- Up-to-date symlink: /home/jetson/projects/bishe/edge/install/bishe_monitor/share/bishe_monitor/environment/ament_prefix_path.sh
[0.287s] -- Up-to-date symlink: /home/jetson/projects/bishe/edge/install/bishe_monitor/share/bishe_monitor/environment/ament_prefix_path.dsv
[0.287s] -- Up-to-date symlink: /home/jetson/projects/bishe/edge/install/bishe_monitor/share/bishe_monitor/environment/path.sh
[0.287s] -- Up-to-date symlink: /home/jetson/projects/bishe/edge/install/bishe_monitor/share/bishe_monitor/environment/path.dsv
[0.287s] -- Up-to-date symlink: /home/jetson/projects/bishe/edge/install/bishe_monitor/share/bishe_monitor/local_setup.bash
[0.287s] -- Up-to-date symlink: /home/jetson/projects/bishe/edge/install/bishe_monitor/share/bishe_monitor/local_setup.sh
[0.287s] -- Up-to-date symlink: /home/jetson/projects/bishe/edge/install/bishe_monitor/share/bishe_monitor/local_setup.zsh
[0.287s] -- Up-to-date symlink: /home/jetson/projects/bishe/edge/install/bishe_monitor/share/bishe_monitor/local_setup.dsv
[0.290s] -- Symlinking: /home/jetson/projects/bishe/edge/install/bishe_monitor/share/bishe_monitor/package.dsv
[0.307s] -- Up-to-date symlink: /home/jetson/projects/bishe/edge/install/bishe_monitor/share/ament_index/resource_index/packages/bishe_monitor
[0.308s] -- Up-to-date symlink: /home/jetson/projects/bishe/edge/install/bishe_monitor/share/bishe_monitor/cmake/bishe_monitorConfig.cmake
[0.309s] -- Up-to-date symlink: /home/jetson/projects/bishe/edge/install/bishe_monitor/share/bishe_monitor/cmake/bishe_monitorConfig-version.cmake
[0.310s] -- Up-to-date symlink: /home/jetson/projects/bishe/edge/install/bishe_monitor/share/bishe_monitor/package.xml
[0.317s] Invoked command in '/home/jetson/projects/bishe/edge/build/bishe_monitor' returned '0': CMAKE_PREFIX_PATH=/home/jetson/projects/bishe/edge/install/bishe_msgs:/home/jetson/projects/bishe/edge/install/bishe_streamer:/home/jetson/projects/bishe/edge/install/bishe_monitor:/home/jetson/projects/bishe/edge/install/bishe_detector:/home/jetson/projects/bishe/edge/install/bishe_mqtt:/home/jetson/projects/bishe/edge/install/bishe_camera:/home/jetson/projects/bishe/edge/install/bishe_launch:/opt/ros/humble LD_LIBRARY_PATH=/home/jetson/projects/bishe/edge/install/bishe_msgs/lib:/home/jetson/projects/bishe/edge/install/bishe_detector/lib:/home/jetson/projects/bishe/edge/install/bishe_camera/lib:/opt/ros/humble/opt/rviz_ogre_vendor/lib:/opt/ros/humble/lib/aarch64-linux-gnu:/opt/ros/humble/lib:/usr/local/cuda-12.6/lib64 /usr/bin/cmake --install /home/jetson/projects/bishe/edge/build/bishe_monitor
