running develop
running egg_info
creating bishe_launch.egg-info
writing bishe_launch.egg-info/PKG-INFO
writing dependency_links to bishe_launch.egg-info/dependency_links.txt
writing entry points to bishe_launch.egg-info/entry_points.txt
writing requirements to bishe_launch.egg-info/requires.txt
writing top-level names to bishe_launch.egg-info/top_level.txt
writing manifest file 'bishe_launch.egg-info/SOURCES.txt'
reading manifest file 'bishe_launch.egg-info/SOURCES.txt'
writing manifest file 'bishe_launch.egg-info/SOURCES.txt'
running build_ext
Creating /home/jetson/projects/bishe/edge/install/bishe_launch/lib/python3.10/site-packages/bishe-launch.egg-link (link to .)

Installed /home/jetson/projects/bishe/edge/build/bishe_launch
running symlink_data
creating /home/jetson/projects/bishe/edge/install/bishe_launch/share/ament_index
creating /home/jetson/projects/bishe/edge/install/bishe_launch/share/ament_index/resource_index
creating /home/jetson/projects/bishe/edge/install/bishe_launch/share/ament_index/resource_index/packages
symbolically linking /home/jetson/projects/bishe/edge/build/bishe_launch/resource/bishe_launch -> /home/jetson/projects/bishe/edge/install/bishe_launch/share/ament_index/resource_index/packages
creating /home/jetson/projects/bishe/edge/install/bishe_launch/share/bishe_launch/launch
symbolically linking /home/jetson/projects/bishe/edge/build/bishe_launch/launch/multicamera.launch.py -> /home/jetson/projects/bishe/edge/install/bishe_launch/share/bishe_launch/launch
creating /home/jetson/projects/bishe/edge/install/bishe_launch/share/bishe_launch/config
symbolically linking /home/jetson/projects/bishe/edge/build/bishe_launch/config/cameras.yaml -> /home/jetson/projects/bishe/edge/install/bishe_launch/share/bishe_launch/config
symbolically linking /home/jetson/projects/bishe/edge/build/bishe_launch/package.xml -> /home/jetson/projects/bishe/edge/install/bishe_launch/share/bishe_launch
