[0.026s] Invoking command in '/home/jetson/projects/bishe/build/bishe_detector': AMENT_PREFIX_PATH=/home/jetson/projects/bishe/install/bishe_msgs:${AMENT_PREFIX_PATH} CMAKE_PREFIX_PATH=/home/jetson/projects/bishe/install/bishe_msgs:/opt/ros/humble LD_LIBRARY_PATH=/home/jetson/projects/bishe/install/bishe_msgs/lib:/opt/ros/humble/opt/rviz_ogre_vendor/lib:/opt/ros/humble/lib/aarch64-linux-gnu:/opt/ros/humble/lib:/usr/local/cuda-12.6/lib64 PYTHONPATH=/home/jetson/projects/bishe/install/bishe_msgs/local/lib/python3.10/dist-packages:${PYTHONPATH} /usr/bin/cmake --build /home/jetson/projects/bishe/build/bishe_detector -- -j6 -l6
[0.154s] [ 33%] Building CXX object CMakeFiles/detector_node.dir/src/yolov8.cc.o
[0.154s] [ 16%] Building CXX object CMakeFiles/detector_node.dir/src/detector_node.cpp.o
[13.402s] [ 50%] Linking CXX executable detector_node
[13.949s] /usr/bin/ld: warning: libopencv_imgcodecs.so.4.5d, needed by /opt/ros/humble/lib/libcv_bridge.so, may conflict with libopencv_imgcodecs.so.410
[13.953s] /usr/bin/ld: warning: libopencv_imgproc.so.4.5d, needed by /opt/ros/humble/lib/libcv_bridge.so, may conflict with libopencv_imgproc.so.410
[13.955s] /usr/bin/ld: warning: libopencv_core.so.4.5d, needed by /opt/ros/humble/lib/libcv_bridge.so, may conflict with libopencv_core.so.410
[14.777s] [100%] Built target detector_node
[14.795s] Invoked command in '/home/jetson/projects/bishe/build/bishe_detector' returned '0': AMENT_PREFIX_PATH=/home/jetson/projects/bishe/install/bishe_msgs:${AMENT_PREFIX_PATH} CMAKE_PREFIX_PATH=/home/jetson/projects/bishe/install/bishe_msgs:/opt/ros/humble LD_LIBRARY_PATH=/home/jetson/projects/bishe/install/bishe_msgs/lib:/opt/ros/humble/opt/rviz_ogre_vendor/lib:/opt/ros/humble/lib/aarch64-linux-gnu:/opt/ros/humble/lib:/usr/local/cuda-12.6/lib64 PYTHONPATH=/home/jetson/projects/bishe/install/bishe_msgs/local/lib/python3.10/dist-packages:${PYTHONPATH} /usr/bin/cmake --build /home/jetson/projects/bishe/build/bishe_detector -- -j6 -l6
[14.813s] Invoking command in '/home/jetson/projects/bishe/build/bishe_detector': AMENT_PREFIX_PATH=/home/jetson/projects/bishe/install/bishe_msgs:${AMENT_PREFIX_PATH} CMAKE_PREFIX_PATH=/home/jetson/projects/bishe/install/bishe_msgs:/opt/ros/humble LD_LIBRARY_PATH=/home/jetson/projects/bishe/install/bishe_msgs/lib:/opt/ros/humble/opt/rviz_ogre_vendor/lib:/opt/ros/humble/lib/aarch64-linux-gnu:/opt/ros/humble/lib:/usr/local/cuda-12.6/lib64 PYTHONPATH=/home/jetson/projects/bishe/install/bishe_msgs/local/lib/python3.10/dist-packages:${PYTHONPATH} /usr/bin/cmake --install /home/jetson/projects/bishe/build/bishe_detector
[14.828s] -- Install configuration: ""
[14.830s] -- Execute custom install script
[14.830s] -- Up-to-date symlink: /home/jetson/projects/bishe/install/bishe_detector/lib/bishe_detector/detector_node
[14.833s] -- Up-to-date symlink: /home/jetson/projects/bishe/install/bishe_detector/include/bishe_detector/int8_calibrator.h
[14.833s] -- Up-to-date symlink: /home/jetson/projects/bishe/install/bishe_detector/include/bishe_detector/trt_engine.h
[14.833s] -- Up-to-date symlink: /home/jetson/projects/bishe/install/bishe_detector/include/bishe_detector/utils.h
[14.833s] -- Up-to-date symlink: /home/jetson/projects/bishe/install/bishe_detector/include/bishe_detector/yolo.h
[14.834s] -- Up-to-date symlink: /home/jetson/projects/bishe/install/bishe_detector/include/bishe_detector/yolov10.h
[14.834s] -- Up-to-date symlink: /home/jetson/projects/bishe/install/bishe_detector/include/bishe_detector/yolov5a.h
[14.834s] -- Up-to-date symlink: /home/jetson/projects/bishe/install/bishe_detector/include/bishe_detector/yolov8.h
[14.835s] -- Up-to-date symlink: /home/jetson/projects/bishe/install/bishe_detector/share/ament_index/resource_index/package_run_dependencies/bishe_detector
[14.835s] -- Up-to-date symlink: /home/jetson/projects/bishe/install/bishe_detector/share/ament_index/resource_index/parent_prefix_path/bishe_detector
[14.835s] -- Up-to-date symlink: /home/jetson/projects/bishe/install/bishe_detector/share/bishe_detector/environment/ament_prefix_path.sh
[14.836s] -- Up-to-date symlink: /home/jetson/projects/bishe/install/bishe_detector/share/bishe_detector/environment/ament_prefix_path.dsv
[14.836s] -- Up-to-date symlink: /home/jetson/projects/bishe/install/bishe_detector/share/bishe_detector/environment/path.sh
[14.836s] -- Up-to-date symlink: /home/jetson/projects/bishe/install/bishe_detector/share/bishe_detector/environment/path.dsv
[14.837s] -- Up-to-date symlink: /home/jetson/projects/bishe/install/bishe_detector/share/bishe_detector/local_setup.bash
[14.837s] -- Up-to-date symlink: /home/jetson/projects/bishe/install/bishe_detector/share/bishe_detector/local_setup.sh
[14.837s] -- Up-to-date symlink: /home/jetson/projects/bishe/install/bishe_detector/share/bishe_detector/local_setup.zsh
[14.838s] -- Up-to-date symlink: /home/jetson/projects/bishe/install/bishe_detector/share/bishe_detector/local_setup.dsv
[14.838s] -- Symlinking: /home/jetson/projects/bishe/install/bishe_detector/share/bishe_detector/package.dsv
[14.853s] -- Up-to-date symlink: /home/jetson/projects/bishe/install/bishe_detector/share/ament_index/resource_index/packages/bishe_detector
[14.854s] -- Up-to-date symlink: /home/jetson/projects/bishe/install/bishe_detector/share/bishe_detector/cmake/bishe_detectorConfig.cmake
[14.854s] -- Up-to-date symlink: /home/jetson/projects/bishe/install/bishe_detector/share/bishe_detector/cmake/bishe_detectorConfig-version.cmake
[14.854s] -- Up-to-date symlink: /home/jetson/projects/bishe/install/bishe_detector/share/bishe_detector/package.xml
[14.857s] Invoked command in '/home/jetson/projects/bishe/build/bishe_detector' returned '0': AMENT_PREFIX_PATH=/home/jetson/projects/bishe/install/bishe_msgs:${AMENT_PREFIX_PATH} CMAKE_PREFIX_PATH=/home/jetson/projects/bishe/install/bishe_msgs:/opt/ros/humble LD_LIBRARY_PATH=/home/jetson/projects/bishe/install/bishe_msgs/lib:/opt/ros/humble/opt/rviz_ogre_vendor/lib:/opt/ros/humble/lib/aarch64-linux-gnu:/opt/ros/humble/lib:/usr/local/cuda-12.6/lib64 PYTHONPATH=/home/jetson/projects/bishe/install/bishe_msgs/local/lib/python3.10/dist-packages:${PYTHONPATH} /usr/bin/cmake --install /home/jetson/projects/bishe/build/bishe_detector
