[0.018s] Invoking command in '/home/jetson/projects/bishe/build/bishe_streamer': AMENT_PREFIX_PATH=/home/jetson/projects/bishe/install/bishe_msgs:${AMENT_PREFIX_PATH} CMAKE_PREFIX_PATH=/home/jetson/projects/bishe/install/bishe_msgs:/opt/ros/humble LD_LIBRARY_PATH=/home/jetson/projects/bishe/install/bishe_msgs/lib:/opt/ros/humble/opt/rviz_ogre_vendor/lib:/opt/ros/humble/lib/aarch64-linux-gnu:/opt/ros/humble/lib:/usr/local/cuda-12.6/lib64 PYTHONPATH=/home/jetson/projects/bishe/install/bishe_msgs/local/lib/python3.10/dist-packages:${PYTHONPATH} /usr/bin/cmake /home/jetson/projects/bishe/src/bishe_streamer -DAMENT_CMAKE_SYMLINK_INSTALL=1 -DCMAKE_INSTALL_PREFIX=/home/jetson/projects/bishe/install/bishe_streamer
[0.131s] -- The C compiler identification is GNU 11.4.0
[0.238s] -- The CXX compiler identification is GNU 11.4.0
[0.252s] -- Detecting C compiler ABI info
[0.395s] -- Detecting C compiler ABI info - done
[0.413s] -- Check for working C compiler: /usr/bin/cc - skipped
[0.414s] -- Detecting C compile features
[0.414s] -- Detecting C compile features - done
[0.421s] -- Detecting CXX compiler ABI info
[0.613s] -- Detecting CXX compiler ABI info - done
[0.625s] -- Check for working CXX compiler: /usr/bin/c++ - skipped
[0.626s] -- Detecting CXX compile features
[0.626s] -- Detecting CXX compile features - done
[0.627s] -- Found ament_cmake: 1.3.12 (/opt/ros/humble/share/ament_cmake/cmake)
[0.953s] -- Found Python3: /usr/bin/python3 (found version "3.10.12") found components: Interpreter 
[1.105s] -- Override CMake install command with custom implementation using symlinks instead of copying resources
[1.145s] -- Found rclcpp: 16.0.16 (/opt/ros/humble/share/rclcpp/cmake)
[1.218s] -- Found rosidl_generator_c: 3.1.7 (/opt/ros/humble/share/rosidl_generator_c/cmake)
[1.227s] -- Found rosidl_adapter: 3.1.7 (/opt/ros/humble/share/rosidl_adapter/cmake)
[1.242s] -- Found rosidl_generator_cpp: 3.1.7 (/opt/ros/humble/share/rosidl_generator_cpp/cmake)
[1.266s] -- Using all available rosidl_typesupport_c: rosidl_typesupport_fastrtps_c;rosidl_typesupport_introspection_c
[1.334s] -- Using all available rosidl_typesupport_cpp: rosidl_typesupport_fastrtps_cpp;rosidl_typesupport_introspection_cpp
[1.406s] -- Found rmw_implementation_cmake: 6.1.2 (/opt/ros/humble/share/rmw_implementation_cmake/cmake)
[1.411s] -- Found rmw_fastrtps_cpp: 6.2.9 (/opt/ros/humble/share/rmw_fastrtps_cpp/cmake)
[1.551s] -- Found OpenSSL: /usr/lib/aarch64-linux-gnu/libcrypto.so (found version "3.0.2")  
[1.607s] -- Found FastRTPS: /opt/ros/humble/include  
[1.687s] -- Using RMW implementation 'rmw_fastrtps_cpp' as default
[1.703s] -- Looking for pthread.h
[1.840s] -- Looking for pthread.h - found
[1.844s] -- Performing Test CMAKE_HAVE_LIBC_PTHREAD
[1.986s] -- Performing Test CMAKE_HAVE_LIBC_PTHREAD - Success
[1.986s] -- Found Threads: TRUE  
[2.076s] -- Found sensor_msgs: 4.9.0 (/opt/ros/humble/share/sensor_msgs/cmake)
[2.129s] -- Found image_transport: 3.1.12 (/opt/ros/humble/share/image_transport/cmake)
[2.183s] -- Found cv_bridge: 3.2.1 (/opt/ros/humble/share/cv_bridge/cmake)
[2.243s] -- Found CUDA: /usr/local/cuda-12.6 (found suitable exact version "12.6") 
[2.278s] -- Found OpenCV: /usr/local (found version "4.10.0") 
[2.280s] -- Found bishe_msgs: 0.1.0 (/home/jetson/projects/bishe/install/bishe_msgs/share/bishe_msgs/cmake)
[2.447s] -- Configuring done
[2.489s] -- Generating done
[2.499s] -- Build files have been written to: /home/jetson/projects/bishe/build/bishe_streamer
[2.525s] Invoked command in '/home/jetson/projects/bishe/build/bishe_streamer' returned '0': AMENT_PREFIX_PATH=/home/jetson/projects/bishe/install/bishe_msgs:${AMENT_PREFIX_PATH} CMAKE_PREFIX_PATH=/home/jetson/projects/bishe/install/bishe_msgs:/opt/ros/humble LD_LIBRARY_PATH=/home/jetson/projects/bishe/install/bishe_msgs/lib:/opt/ros/humble/opt/rviz_ogre_vendor/lib:/opt/ros/humble/lib/aarch64-linux-gnu:/opt/ros/humble/lib:/usr/local/cuda-12.6/lib64 PYTHONPATH=/home/jetson/projects/bishe/install/bishe_msgs/local/lib/python3.10/dist-packages:${PYTHONPATH} /usr/bin/cmake /home/jetson/projects/bishe/src/bishe_streamer -DAMENT_CMAKE_SYMLINK_INSTALL=1 -DCMAKE_INSTALL_PREFIX=/home/jetson/projects/bishe/install/bishe_streamer
[2.532s] Invoking command in '/home/jetson/projects/bishe/build/bishe_streamer': AMENT_PREFIX_PATH=/home/jetson/projects/bishe/install/bishe_msgs:${AMENT_PREFIX_PATH} CMAKE_PREFIX_PATH=/home/jetson/projects/bishe/install/bishe_msgs:/opt/ros/humble LD_LIBRARY_PATH=/home/jetson/projects/bishe/install/bishe_msgs/lib:/opt/ros/humble/opt/rviz_ogre_vendor/lib:/opt/ros/humble/lib/aarch64-linux-gnu:/opt/ros/humble/lib:/usr/local/cuda-12.6/lib64 PYTHONPATH=/home/jetson/projects/bishe/install/bishe_msgs/local/lib/python3.10/dist-packages:${PYTHONPATH} /usr/bin/cmake --build /home/jetson/projects/bishe/build/bishe_streamer -- -j6 -l6
[2.617s] [ 50%] Building CXX object CMakeFiles/streamer_node.dir/src/streamer_node.cpp.o
[26.088s] [100%] Linking CXX executable streamer_node
[26.541s] /usr/bin/ld: warning: libopencv_core.so.4.5d, needed by /opt/ros/humble/lib/libcv_bridge.so, may conflict with libopencv_core.so.410
[27.477s] [100%] Built target streamer_node
[27.494s] Invoked command in '/home/jetson/projects/bishe/build/bishe_streamer' returned '0': AMENT_PREFIX_PATH=/home/jetson/projects/bishe/install/bishe_msgs:${AMENT_PREFIX_PATH} CMAKE_PREFIX_PATH=/home/jetson/projects/bishe/install/bishe_msgs:/opt/ros/humble LD_LIBRARY_PATH=/home/jetson/projects/bishe/install/bishe_msgs/lib:/opt/ros/humble/opt/rviz_ogre_vendor/lib:/opt/ros/humble/lib/aarch64-linux-gnu:/opt/ros/humble/lib:/usr/local/cuda-12.6/lib64 PYTHONPATH=/home/jetson/projects/bishe/install/bishe_msgs/local/lib/python3.10/dist-packages:${PYTHONPATH} /usr/bin/cmake --build /home/jetson/projects/bishe/build/bishe_streamer -- -j6 -l6
[27.497s] Invoking command in '/home/jetson/projects/bishe/build/bishe_streamer': AMENT_PREFIX_PATH=/home/jetson/projects/bishe/install/bishe_msgs:${AMENT_PREFIX_PATH} CMAKE_PREFIX_PATH=/home/jetson/projects/bishe/install/bishe_msgs:/opt/ros/humble LD_LIBRARY_PATH=/home/jetson/projects/bishe/install/bishe_msgs/lib:/opt/ros/humble/opt/rviz_ogre_vendor/lib:/opt/ros/humble/lib/aarch64-linux-gnu:/opt/ros/humble/lib:/usr/local/cuda-12.6/lib64 PYTHONPATH=/home/jetson/projects/bishe/install/bishe_msgs/local/lib/python3.10/dist-packages:${PYTHONPATH} /usr/bin/cmake --install /home/jetson/projects/bishe/build/bishe_streamer
[27.509s] -- Install configuration: ""
[27.510s] -- Execute custom install script
[27.511s] -- Symlinking: /home/jetson/projects/bishe/install/bishe_streamer/lib/bishe_streamer/streamer_node
[27.525s] -- Symlinking: /home/jetson/projects/bishe/install/bishe_streamer/share/ament_index/resource_index/package_run_dependencies/bishe_streamer
[27.539s] -- Symlinking: /home/jetson/projects/bishe/install/bishe_streamer/share/ament_index/resource_index/parent_prefix_path/bishe_streamer
[27.553s] -- Symlinking: /home/jetson/projects/bishe/install/bishe_streamer/share/bishe_streamer/environment/ament_prefix_path.sh
[27.568s] -- Symlinking: /home/jetson/projects/bishe/install/bishe_streamer/share/bishe_streamer/environment/ament_prefix_path.dsv
[27.582s] -- Symlinking: /home/jetson/projects/bishe/install/bishe_streamer/share/bishe_streamer/environment/path.sh
[27.596s] -- Symlinking: /home/jetson/projects/bishe/install/bishe_streamer/share/bishe_streamer/environment/path.dsv
[27.611s] -- Symlinking: /home/jetson/projects/bishe/install/bishe_streamer/share/bishe_streamer/local_setup.bash
[27.627s] -- Symlinking: /home/jetson/projects/bishe/install/bishe_streamer/share/bishe_streamer/local_setup.sh
[27.642s] -- Symlinking: /home/jetson/projects/bishe/install/bishe_streamer/share/bishe_streamer/local_setup.zsh
[27.656s] -- Symlinking: /home/jetson/projects/bishe/install/bishe_streamer/share/bishe_streamer/local_setup.dsv
[27.671s] -- Symlinking: /home/jetson/projects/bishe/install/bishe_streamer/share/bishe_streamer/package.dsv
[27.686s] -- Symlinking: /home/jetson/projects/bishe/install/bishe_streamer/share/ament_index/resource_index/packages/bishe_streamer
[27.701s] -- Symlinking: /home/jetson/projects/bishe/install/bishe_streamer/share/bishe_streamer/cmake/bishe_streamerConfig.cmake
[27.715s] -- Symlinking: /home/jetson/projects/bishe/install/bishe_streamer/share/bishe_streamer/cmake/bishe_streamerConfig-version.cmake
[27.730s] -- Symlinking: /home/jetson/projects/bishe/install/bishe_streamer/share/bishe_streamer/package.xml
[27.748s] Invoked command in '/home/jetson/projects/bishe/build/bishe_streamer' returned '0': AMENT_PREFIX_PATH=/home/jetson/projects/bishe/install/bishe_msgs:${AMENT_PREFIX_PATH} CMAKE_PREFIX_PATH=/home/jetson/projects/bishe/install/bishe_msgs:/opt/ros/humble LD_LIBRARY_PATH=/home/jetson/projects/bishe/install/bishe_msgs/lib:/opt/ros/humble/opt/rviz_ogre_vendor/lib:/opt/ros/humble/lib/aarch64-linux-gnu:/opt/ros/humble/lib:/usr/local/cuda-12.6/lib64 PYTHONPATH=/home/jetson/projects/bishe/install/bishe_msgs/local/lib/python3.10/dist-packages:${PYTHONPATH} /usr/bin/cmake --install /home/jetson/projects/bishe/build/bishe_streamer
