[0.032s] Invoking command in '/home/jetson/projects/bishe/build/bishe_streamer': CMAKE_PREFIX_PATH=/home/jetson/projects/bishe/install/bishe_msgs:/home/jetson/projects/bishe/install/bishe_streamer:/home/jetson/projects/bishe/install/bishe_monitor:/home/jetson/projects/bishe/install/bishe_detector:/home/jetson/projects/bishe/install/bishe_mqtt:/home/jetson/projects/bishe/install/bishe_camera:/home/jetson/projects/bishe/install/bishe_launch:/opt/ros/humble LD_LIBRARY_PATH=/home/jetson/projects/bishe/install/bishe_msgs/lib:/opt/ros/humble/opt/rviz_ogre_vendor/lib:/opt/ros/humble/lib/aarch64-linux-gnu:/opt/ros/humble/lib:/usr/local/cuda-12.6/lib64 /usr/bin/cmake --build /home/jetson/projects/bishe/build/bishe_streamer -- -j6 -l6
[0.136s] [ 50%] [32mBuilding CXX object CMakeFiles/streamer_node.dir/src/streamer_node.cpp.o[0m
[19.267s] [100%] [32m[1mLinking CXX executable streamer_node[0m
[19.672s] /usr/bin/ld: warning: libopencv_core.so.4.5d, needed by /opt/ros/humble/lib/libcv_bridge.so, may conflict with libopencv_core.so.410
[20.620s] [100%] Built target streamer_node
[20.638s] Invoked command in '/home/jetson/projects/bishe/build/bishe_streamer' returned '0': CMAKE_PREFIX_PATH=/home/jetson/projects/bishe/install/bishe_msgs:/home/jetson/projects/bishe/install/bishe_streamer:/home/jetson/projects/bishe/install/bishe_monitor:/home/jetson/projects/bishe/install/bishe_detector:/home/jetson/projects/bishe/install/bishe_mqtt:/home/jetson/projects/bishe/install/bishe_camera:/home/jetson/projects/bishe/install/bishe_launch:/opt/ros/humble LD_LIBRARY_PATH=/home/jetson/projects/bishe/install/bishe_msgs/lib:/opt/ros/humble/opt/rviz_ogre_vendor/lib:/opt/ros/humble/lib/aarch64-linux-gnu:/opt/ros/humble/lib:/usr/local/cuda-12.6/lib64 /usr/bin/cmake --build /home/jetson/projects/bishe/build/bishe_streamer -- -j6 -l6
[20.641s] Invoking command in '/home/jetson/projects/bishe/build/bishe_streamer': CMAKE_PREFIX_PATH=/home/jetson/projects/bishe/install/bishe_msgs:/home/jetson/projects/bishe/install/bishe_streamer:/home/jetson/projects/bishe/install/bishe_monitor:/home/jetson/projects/bishe/install/bishe_detector:/home/jetson/projects/bishe/install/bishe_mqtt:/home/jetson/projects/bishe/install/bishe_camera:/home/jetson/projects/bishe/install/bishe_launch:/opt/ros/humble LD_LIBRARY_PATH=/home/jetson/projects/bishe/install/bishe_msgs/lib:/opt/ros/humble/opt/rviz_ogre_vendor/lib:/opt/ros/humble/lib/aarch64-linux-gnu:/opt/ros/humble/lib:/usr/local/cuda-12.6/lib64 /usr/bin/cmake --install /home/jetson/projects/bishe/build/bishe_streamer
[20.654s] -- Install configuration: ""
[20.655s] -- Execute custom install script
[20.655s] -- Up-to-date symlink: /home/jetson/projects/bishe/install/bishe_streamer/lib/bishe_streamer/streamer_node
[20.656s] -- Up-to-date symlink: /home/jetson/projects/bishe/install/bishe_streamer/share/ament_index/resource_index/package_run_dependencies/bishe_streamer
[20.656s] -- Up-to-date symlink: /home/jetson/projects/bishe/install/bishe_streamer/share/ament_index/resource_index/parent_prefix_path/bishe_streamer
[20.657s] -- Up-to-date symlink: /home/jetson/projects/bishe/install/bishe_streamer/share/bishe_streamer/environment/ament_prefix_path.sh
[20.657s] -- Up-to-date symlink: /home/jetson/projects/bishe/install/bishe_streamer/share/bishe_streamer/environment/ament_prefix_path.dsv
[20.657s] -- Up-to-date symlink: /home/jetson/projects/bishe/install/bishe_streamer/share/bishe_streamer/environment/path.sh
[20.657s] -- Up-to-date symlink: /home/jetson/projects/bishe/install/bishe_streamer/share/bishe_streamer/environment/path.dsv
[20.658s] -- Up-to-date symlink: /home/jetson/projects/bishe/install/bishe_streamer/share/bishe_streamer/local_setup.bash
[20.658s] -- Up-to-date symlink: /home/jetson/projects/bishe/install/bishe_streamer/share/bishe_streamer/local_setup.sh
[20.658s] -- Up-to-date symlink: /home/jetson/projects/bishe/install/bishe_streamer/share/bishe_streamer/local_setup.zsh
[20.658s] -- Up-to-date symlink: /home/jetson/projects/bishe/install/bishe_streamer/share/bishe_streamer/local_setup.dsv
[20.659s] -- Symlinking: /home/jetson/projects/bishe/install/bishe_streamer/share/bishe_streamer/package.dsv
[20.673s] -- Up-to-date symlink: /home/jetson/projects/bishe/install/bishe_streamer/share/ament_index/resource_index/packages/bishe_streamer
[20.673s] -- Up-to-date symlink: /home/jetson/projects/bishe/install/bishe_streamer/share/bishe_streamer/cmake/bishe_streamerConfig.cmake
[20.673s] -- Up-to-date symlink: /home/jetson/projects/bishe/install/bishe_streamer/share/bishe_streamer/cmake/bishe_streamerConfig-version.cmake
[20.673s] -- Up-to-date symlink: /home/jetson/projects/bishe/install/bishe_streamer/share/bishe_streamer/package.xml
[20.677s] Invoked command in '/home/jetson/projects/bishe/build/bishe_streamer' returned '0': CMAKE_PREFIX_PATH=/home/jetson/projects/bishe/install/bishe_msgs:/home/jetson/projects/bishe/install/bishe_streamer:/home/jetson/projects/bishe/install/bishe_monitor:/home/jetson/projects/bishe/install/bishe_detector:/home/jetson/projects/bishe/install/bishe_mqtt:/home/jetson/projects/bishe/install/bishe_camera:/home/jetson/projects/bishe/install/bishe_launch:/opt/ros/humble LD_LIBRARY_PATH=/home/jetson/projects/bishe/install/bishe_msgs/lib:/opt/ros/humble/opt/rviz_ogre_vendor/lib:/opt/ros/humble/lib/aarch64-linux-gnu:/opt/ros/humble/lib:/usr/local/cuda-12.6/lib64 /usr/bin/cmake --install /home/jetson/projects/bishe/build/bishe_streamer
