[0.034s] Invoking command in '/home/jetson/projects/bishe/build/bishe_camera': CMAKE_PREFIX_PATH=${CMAKE_PREFIX_PATH}:/home/jetson/projects/bishe/install/bishe_launch:/opt/ros/humble /usr/bin/cmake /home/jetson/projects/bishe/src/bishe_camera -DCMAKE_INSTALL_PREFIX=/home/jetson/projects/bishe/install/bishe_camera
[0.498s] -- Found ament_cmake: 1.3.12 (/opt/ros/humble/share/ament_cmake/cmake)
[0.498s] -- Override CMake install command with custom implementation using symlinks instead of copying resources
[0.498s] -- Found rclcpp: 16.0.16 (/opt/ros/humble/share/rclcpp/cmake)
[0.499s] -- Found rosidl_generator_c: 3.1.7 (/opt/ros/humble/share/rosidl_generator_c/cmake)
[0.499s] -- Found rosidl_adapter: 3.1.7 (/opt/ros/humble/share/rosidl_adapter/cmake)
[0.499s] -- Found rosidl_generator_cpp: 3.1.7 (/opt/ros/humble/share/rosidl_generator_cpp/cmake)
[0.499s] -- Using all available rosidl_typesupport_c: rosidl_typesupport_fastrtps_c;rosidl_typesupport_introspection_c
[0.499s] -- Using all available rosidl_typesupport_cpp: rosidl_typesupport_fastrtps_cpp;rosidl_typesupport_introspection_cpp
[0.499s] -- Found rmw_implementation_cmake: 6.1.2 (/opt/ros/humble/share/rmw_implementation_cmake/cmake)
[0.499s] -- Found rmw_fastrtps_cpp: 6.2.9 (/opt/ros/humble/share/rmw_fastrtps_cpp/cmake)
[0.674s] -- Using RMW implementation 'rmw_fastrtps_cpp' as default
[0.770s] -- Found sensor_msgs: 4.9.0 (/opt/ros/humble/share/sensor_msgs/cmake)
[0.818s] -- Found image_transport: 3.1.12 (/opt/ros/humble/share/image_transport/cmake)
[0.856s] -- Found cv_bridge: 3.2.1 (/opt/ros/humble/share/cv_bridge/cmake)
[1.058s] -- Configuring done
[1.091s] -- Generating done
[1.098s] -- Build files have been written to: /home/jetson/projects/bishe/build/bishe_camera
[1.120s] Invoked command in '/home/jetson/projects/bishe/build/bishe_camera' returned '0': CMAKE_PREFIX_PATH=${CMAKE_PREFIX_PATH}:/home/jetson/projects/bishe/install/bishe_launch:/opt/ros/humble /usr/bin/cmake /home/jetson/projects/bishe/src/bishe_camera -DCMAKE_INSTALL_PREFIX=/home/jetson/projects/bishe/install/bishe_camera
[1.124s] Invoking command in '/home/jetson/projects/bishe/build/bishe_camera': CMAKE_PREFIX_PATH=${CMAKE_PREFIX_PATH}:/home/jetson/projects/bishe/install/bishe_launch:/opt/ros/humble /usr/bin/cmake --build /home/jetson/projects/bishe/build/bishe_camera -- -j6 -l6
[1.195s] [35m[1mConsolidate compiler generated dependencies of target camera_node[0m
[1.231s] [100%] Built target camera_node
[1.252s] Invoked command in '/home/jetson/projects/bishe/build/bishe_camera' returned '0': CMAKE_PREFIX_PATH=${CMAKE_PREFIX_PATH}:/home/jetson/projects/bishe/install/bishe_launch:/opt/ros/humble /usr/bin/cmake --build /home/jetson/projects/bishe/build/bishe_camera -- -j6 -l6
[1.270s] Invoking command in '/home/jetson/projects/bishe/build/bishe_camera': CMAKE_PREFIX_PATH=${CMAKE_PREFIX_PATH}:/home/jetson/projects/bishe/install/bishe_launch:/opt/ros/humble /usr/bin/cmake --install /home/jetson/projects/bishe/build/bishe_camera
[1.283s] -- Install configuration: ""
[1.284s] -- Execute custom install script
[1.292s] -- Up-to-date symlink: /home/jetson/projects/bishe/install/bishe_camera/lib/bishe_camera/camera_node
[1.293s] -- Up-to-date symlink: /home/jetson/projects/bishe/install/bishe_camera/share/ament_index/resource_index/package_run_dependencies/bishe_camera
[1.293s] -- Up-to-date symlink: /home/jetson/projects/bishe/install/bishe_camera/share/ament_index/resource_index/parent_prefix_path/bishe_camera
[1.294s] -- Up-to-date symlink: /home/jetson/projects/bishe/install/bishe_camera/share/bishe_camera/environment/ament_prefix_path.sh
[1.302s] -- Up-to-date symlink: /home/jetson/projects/bishe/install/bishe_camera/share/bishe_camera/environment/ament_prefix_path.dsv
[1.303s] -- Up-to-date symlink: /home/jetson/projects/bishe/install/bishe_camera/share/bishe_camera/environment/path.sh
[1.305s] -- Up-to-date symlink: /home/jetson/projects/bishe/install/bishe_camera/share/bishe_camera/environment/path.dsv
[1.306s] -- Up-to-date symlink: /home/jetson/projects/bishe/install/bishe_camera/share/bishe_camera/local_setup.bash
[1.306s] -- Up-to-date symlink: /home/jetson/projects/bishe/install/bishe_camera/share/bishe_camera/local_setup.sh
[1.306s] -- Up-to-date symlink: /home/jetson/projects/bishe/install/bishe_camera/share/bishe_camera/local_setup.zsh
[1.306s] -- Up-to-date symlink: /home/jetson/projects/bishe/install/bishe_camera/share/bishe_camera/local_setup.dsv
[1.307s] -- Symlinking: /home/jetson/projects/bishe/install/bishe_camera/share/bishe_camera/package.dsv
[1.307s] -- Up-to-date symlink: /home/jetson/projects/bishe/install/bishe_camera/share/ament_index/resource_index/packages/bishe_camera
[1.307s] -- Up-to-date symlink: /home/jetson/projects/bishe/install/bishe_camera/share/bishe_camera/cmake/bishe_cameraConfig.cmake
[1.307s] -- Up-to-date symlink: /home/jetson/projects/bishe/install/bishe_camera/share/bishe_camera/cmake/bishe_cameraConfig-version.cmake
[1.307s] -- Up-to-date symlink: /home/jetson/projects/bishe/install/bishe_camera/share/bishe_camera/package.xml
[1.310s] Invoked command in '/home/jetson/projects/bishe/build/bishe_camera' returned '0': CMAKE_PREFIX_PATH=${CMAKE_PREFIX_PATH}:/home/jetson/projects/bishe/install/bishe_launch:/opt/ros/humble /usr/bin/cmake --install /home/jetson/projects/bishe/build/bishe_camera
