[0.040s] Invoking command in '/home/jetson/projects/bishe/edge/build/bishe_msgs': CMAKE_PREFIX_PATH=${CMAKE_PREFIX_PATH}:/home/jetson/projects/bishe/edge/install/bishe_launch:/opt/ros/humble /usr/bin/cmake --build /home/jetson/projects/bishe/edge/build/bishe_msgs -- -j6 -l6
[0.514s] [  3%] Built target bishe_msgs__cpp
[0.514s] [ 12%] Built target bishe_msgs__rosidl_generator_c
[0.514s] [ 12%] Built target ament_cmake_python_symlink_bishe_msgs
[0.514s] [ 22%] Built target bishe_msgs__rosidl_typesupport_fastrtps_cpp
[0.514s] [ 38%] Built target bishe_msgs__rosidl_typesupport_cpp
[0.514s] [ 41%] Built target bishe_msgs__rosidl_typesupport_fastrtps_c
[0.515s] [ 51%] Built target bishe_msgs__rosidl_typesupport_introspection_cpp
[0.517s] [ 70%] Built target bishe_msgs__rosidl_typesupport_c
[0.518s] [ 70%] Built target bishe_msgs__rosidl_typesupport_introspection_c
[0.518s] [ 70%] Built target bishe_msgs
[0.521s] [ 74%] Built target bishe_msgs__py
[0.521s] [ 80%] Built target bishe_msgs__rosidl_generator_py
[0.521s] [ 90%] Built target bishe_msgs__rosidl_typesupport_fastrtps_c__pyext
[0.521s] [ 96%] Built target bishe_msgs__rosidl_typesupport_c__pyext
[0.522s] [100%] Built target bishe_msgs__rosidl_typesupport_introspection_c__pyext
[0.621s] running egg_info
[0.623s] writing bishe_msgs.egg-info/PKG-INFO
[0.623s] writing dependency_links to bishe_msgs.egg-info/dependency_links.txt
[0.624s] writing top-level names to bishe_msgs.egg-info/top_level.txt
[0.630s] reading manifest file 'bishe_msgs.egg-info/SOURCES.txt'
[0.631s] writing manifest file 'bishe_msgs.egg-info/SOURCES.txt'
[0.695s] [100%] Built target ament_cmake_python_build_bishe_msgs_egg
[0.714s] Invoked command in '/home/jetson/projects/bishe/edge/build/bishe_msgs' returned '0': CMAKE_PREFIX_PATH=${CMAKE_PREFIX_PATH}:/home/jetson/projects/bishe/edge/install/bishe_launch:/opt/ros/humble /usr/bin/cmake --build /home/jetson/projects/bishe/edge/build/bishe_msgs -- -j6 -l6
[0.717s] Invoking command in '/home/jetson/projects/bishe/edge/build/bishe_msgs': CMAKE_PREFIX_PATH=${CMAKE_PREFIX_PATH}:/home/jetson/projects/bishe/edge/install/bishe_launch:/opt/ros/humble /usr/bin/cmake --install /home/jetson/projects/bishe/edge/build/bishe_msgs
[0.731s] -- Install configuration: ""
[0.731s] -- Execute custom install script
[0.732s] -- Up-to-date symlink: /home/jetson/projects/bishe/edge/install/bishe_msgs/share/ament_index/resource_index/rosidl_interfaces/bishe_msgs
[0.732s] -- Up-to-date symlink: /home/jetson/projects/bishe/edge/install/bishe_msgs/include/bishe_msgs/bishe_msgs/msg/detail/detection_box__functions.h
[0.733s] -- Up-to-date symlink: /home/jetson/projects/bishe/edge/install/bishe_msgs/include/bishe_msgs/bishe_msgs/msg/detail/detection_box__struct.h
[0.733s] -- Up-to-date symlink: /home/jetson/projects/bishe/edge/install/bishe_msgs/include/bishe_msgs/bishe_msgs/msg/detail/detection_box__type_support.h
[0.733s] -- Up-to-date symlink: /home/jetson/projects/bishe/edge/install/bishe_msgs/include/bishe_msgs/bishe_msgs/msg/detail/detector_result__functions.h
[0.733s] -- Up-to-date symlink: /home/jetson/projects/bishe/edge/install/bishe_msgs/include/bishe_msgs/bishe_msgs/msg/detail/detector_result__struct.h
[0.733s] -- Up-to-date symlink: /home/jetson/projects/bishe/edge/install/bishe_msgs/include/bishe_msgs/bishe_msgs/msg/detail/detector_result__type_support.h
[0.734s] -- Up-to-date symlink: /home/jetson/projects/bishe/edge/install/bishe_msgs/include/bishe_msgs/bishe_msgs/msg/detection_box.h
[0.734s] -- Up-to-date symlink: /home/jetson/projects/bishe/edge/install/bishe_msgs/include/bishe_msgs/bishe_msgs/msg/detector_result.h
[0.734s] -- Up-to-date symlink: /home/jetson/projects/bishe/edge/install/bishe_msgs/include/bishe_msgs/bishe_msgs/msg/rosidl_generator_c__visibility_control.h
[0.734s] -- Up-to-date symlink: /home/jetson/projects/bishe/edge/install/bishe_msgs/share/bishe_msgs/environment/library_path.sh
[0.735s] -- Up-to-date symlink: /home/jetson/projects/bishe/edge/install/bishe_msgs/share/bishe_msgs/environment/library_path.dsv
[0.736s] -- Up-to-date symlink: /home/jetson/projects/bishe/edge/install/bishe_msgs/include/bishe_msgs/bishe_msgs/msg/detail/detection_box__rosidl_typesupport_fastrtps_c.h
[0.736s] -- Up-to-date symlink: /home/jetson/projects/bishe/edge/install/bishe_msgs/include/bishe_msgs/bishe_msgs/msg/detail/detector_result__rosidl_typesupport_fastrtps_c.h
[0.736s] -- Up-to-date symlink: /home/jetson/projects/bishe/edge/install/bishe_msgs/include/bishe_msgs/bishe_msgs/msg/rosidl_typesupport_fastrtps_c__visibility_control.h
[0.736s] -- Up-to-date symlink: /home/jetson/projects/bishe/edge/install/bishe_msgs/include/bishe_msgs/bishe_msgs/msg/detail/detection_box__rosidl_typesupport_introspection_c.h
[0.737s] -- Up-to-date symlink: /home/jetson/projects/bishe/edge/install/bishe_msgs/include/bishe_msgs/bishe_msgs/msg/detail/detector_result__rosidl_typesupport_introspection_c.h
[0.737s] -- Up-to-date symlink: /home/jetson/projects/bishe/edge/install/bishe_msgs/include/bishe_msgs/bishe_msgs/msg/rosidl_typesupport_introspection_c__visibility_control.h
[0.737s] -- Up-to-date symlink: /home/jetson/projects/bishe/edge/install/bishe_msgs/include/bishe_msgs/bishe_msgs/msg/detail/detection_box__builder.hpp
[0.738s] -- Up-to-date symlink: /home/jetson/projects/bishe/edge/install/bishe_msgs/include/bishe_msgs/bishe_msgs/msg/detail/detection_box__struct.hpp
[0.738s] -- Up-to-date symlink: /home/jetson/projects/bishe/edge/install/bishe_msgs/include/bishe_msgs/bishe_msgs/msg/detail/detection_box__traits.hpp
[0.738s] -- Up-to-date symlink: /home/jetson/projects/bishe/edge/install/bishe_msgs/include/bishe_msgs/bishe_msgs/msg/detail/detection_box__type_support.hpp
[0.738s] -- Up-to-date symlink: /home/jetson/projects/bishe/edge/install/bishe_msgs/include/bishe_msgs/bishe_msgs/msg/detail/detector_result__builder.hpp
[0.739s] -- Up-to-date symlink: /home/jetson/projects/bishe/edge/install/bishe_msgs/include/bishe_msgs/bishe_msgs/msg/detail/detector_result__struct.hpp
[0.739s] -- Up-to-date symlink: /home/jetson/projects/bishe/edge/install/bishe_msgs/include/bishe_msgs/bishe_msgs/msg/detail/detector_result__traits.hpp
[0.739s] -- Up-to-date symlink: /home/jetson/projects/bishe/edge/install/bishe_msgs/include/bishe_msgs/bishe_msgs/msg/detail/detector_result__type_support.hpp
[0.739s] -- Up-to-date symlink: /home/jetson/projects/bishe/edge/install/bishe_msgs/include/bishe_msgs/bishe_msgs/msg/detection_box.hpp
[0.740s] -- Up-to-date symlink: /home/jetson/projects/bishe/edge/install/bishe_msgs/include/bishe_msgs/bishe_msgs/msg/detector_result.hpp
[0.740s] -- Up-to-date symlink: /home/jetson/projects/bishe/edge/install/bishe_msgs/include/bishe_msgs/bishe_msgs/msg/rosidl_generator_cpp__visibility_control.hpp
[0.741s] -- Up-to-date symlink: /home/jetson/projects/bishe/edge/install/bishe_msgs/include/bishe_msgs/bishe_msgs/msg/detail/detection_box__rosidl_typesupport_fastrtps_cpp.hpp
[0.741s] -- Up-to-date symlink: /home/jetson/projects/bishe/edge/install/bishe_msgs/include/bishe_msgs/bishe_msgs/msg/detail/detector_result__rosidl_typesupport_fastrtps_cpp.hpp
[0.741s] -- Up-to-date symlink: /home/jetson/projects/bishe/edge/install/bishe_msgs/include/bishe_msgs/bishe_msgs/msg/rosidl_typesupport_fastrtps_cpp__visibility_control.h
[0.742s] -- Up-to-date symlink: /home/jetson/projects/bishe/edge/install/bishe_msgs/include/bishe_msgs/bishe_msgs/msg/detail/detection_box__rosidl_typesupport_introspection_cpp.hpp
[0.742s] -- Up-to-date symlink: /home/jetson/projects/bishe/edge/install/bishe_msgs/include/bishe_msgs/bishe_msgs/msg/detail/detector_result__rosidl_typesupport_introspection_cpp.hpp
[0.742s] -- Up-to-date symlink: /home/jetson/projects/bishe/edge/install/bishe_msgs/share/bishe_msgs/environment/pythonpath.sh
[0.742s] -- Up-to-date symlink: /home/jetson/projects/bishe/edge/install/bishe_msgs/share/bishe_msgs/environment/pythonpath.dsv
[0.743s] -- Up-to-date symlink: /home/jetson/projects/bishe/edge/install/bishe_msgs/local/lib/python3.10/dist-packages/bishe_msgs-0.1.0-py3.10.egg-info/PKG-INFO
[0.743s] -- Up-to-date symlink: /home/jetson/projects/bishe/edge/install/bishe_msgs/local/lib/python3.10/dist-packages/bishe_msgs-0.1.0-py3.10.egg-info/SOURCES.txt
[0.743s] -- Up-to-date symlink: /home/jetson/projects/bishe/edge/install/bishe_msgs/local/lib/python3.10/dist-packages/bishe_msgs-0.1.0-py3.10.egg-info/dependency_links.txt
[0.743s] -- Up-to-date symlink: /home/jetson/projects/bishe/edge/install/bishe_msgs/local/lib/python3.10/dist-packages/bishe_msgs-0.1.0-py3.10.egg-info/top_level.txt
[0.744s] -- Up-to-date symlink: /home/jetson/projects/bishe/edge/install/bishe_msgs/local/lib/python3.10/dist-packages/bishe_msgs/__init__.py
[0.745s] -- Up-to-date symlink: /home/jetson/projects/bishe/edge/install/bishe_msgs/local/lib/python3.10/dist-packages/bishe_msgs/_bishe_msgs_s.ep.rosidl_typesupport_c.c
[0.746s] -- Up-to-date symlink: /home/jetson/projects/bishe/edge/install/bishe_msgs/local/lib/python3.10/dist-packages/bishe_msgs/_bishe_msgs_s.ep.rosidl_typesupport_fastrtps_c.c
[0.746s] -- Up-to-date symlink: /home/jetson/projects/bishe/edge/install/bishe_msgs/local/lib/python3.10/dist-packages/bishe_msgs/_bishe_msgs_s.ep.rosidl_typesupport_introspection_c.c
[0.746s] -- Up-to-date symlink: /home/jetson/projects/bishe/edge/install/bishe_msgs/local/lib/python3.10/dist-packages/bishe_msgs/bishe_msgs_s__rosidl_typesupport_c.cpython-310-aarch64-linux-gnu.so
[0.747s] -- Up-to-date symlink: /home/jetson/projects/bishe/edge/install/bishe_msgs/local/lib/python3.10/dist-packages/bishe_msgs/bishe_msgs_s__rosidl_typesupport_fastrtps_c.cpython-310-aarch64-linux-gnu.so
[0.747s] -- Up-to-date symlink: /home/jetson/projects/bishe/edge/install/bishe_msgs/local/lib/python3.10/dist-packages/bishe_msgs/bishe_msgs_s__rosidl_typesupport_introspection_c.cpython-310-aarch64-linux-gnu.so
[0.747s] -- Up-to-date symlink: /home/jetson/projects/bishe/edge/install/bishe_msgs/local/lib/python3.10/dist-packages/bishe_msgs/libbishe_msgs__rosidl_generator_py.so
[0.747s] -- Up-to-date symlink: /home/jetson/projects/bishe/edge/install/bishe_msgs/local/lib/python3.10/dist-packages/bishe_msgs/msg/__init__.py
[0.748s] -- Up-to-date symlink: /home/jetson/projects/bishe/edge/install/bishe_msgs/local/lib/python3.10/dist-packages/bishe_msgs/msg/_detection_box.py
[0.748s] -- Up-to-date symlink: /home/jetson/projects/bishe/edge/install/bishe_msgs/local/lib/python3.10/dist-packages/bishe_msgs/msg/_detection_box_s.c
[0.748s] -- Up-to-date symlink: /home/jetson/projects/bishe/edge/install/bishe_msgs/local/lib/python3.10/dist-packages/bishe_msgs/msg/_detector_result.py
[0.748s] -- Up-to-date symlink: /home/jetson/projects/bishe/edge/install/bishe_msgs/local/lib/python3.10/dist-packages/bishe_msgs/msg/_detector_result_s.c
[0.748s] -- Up-to-date symlink: /home/jetson/projects/bishe/edge/install/bishe_msgs/local/lib/python3.10/dist-packages/bishe_msgs/bishe_msgs_s__rosidl_typesupport_fastrtps_c.cpython-310-aarch64-linux-gnu.so
[0.748s] -- Up-to-date symlink: /home/jetson/projects/bishe/edge/install/bishe_msgs/local/lib/python3.10/dist-packages/bishe_msgs/bishe_msgs_s__rosidl_typesupport_introspection_c.cpython-310-aarch64-linux-gnu.so
[0.748s] -- Up-to-date symlink: /home/jetson/projects/bishe/edge/install/bishe_msgs/local/lib/python3.10/dist-packages/bishe_msgs/bishe_msgs_s__rosidl_typesupport_c.cpython-310-aarch64-linux-gnu.so
[0.748s] -- Up-to-date symlink: /home/jetson/projects/bishe/edge/install/bishe_msgs/share/bishe_msgs/msg/DetectorResult.idl
[0.749s] -- Up-to-date symlink: /home/jetson/projects/bishe/edge/install/bishe_msgs/share/bishe_msgs/msg/DetectorResult.msg
[0.749s] -- Up-to-date symlink: /home/jetson/projects/bishe/edge/install/bishe_msgs/share/ament_index/resource_index/package_run_dependencies/bishe_msgs
[0.749s] -- Up-to-date symlink: /home/jetson/projects/bishe/edge/install/bishe_msgs/share/ament_index/resource_index/parent_prefix_path/bishe_msgs
[0.749s] -- Up-to-date symlink: /home/jetson/projects/bishe/edge/install/bishe_msgs/share/bishe_msgs/environment/ament_prefix_path.sh
[0.749s] -- Up-to-date symlink: /home/jetson/projects/bishe/edge/install/bishe_msgs/share/bishe_msgs/environment/ament_prefix_path.dsv
[0.750s] -- Up-to-date symlink: /home/jetson/projects/bishe/edge/install/bishe_msgs/share/bishe_msgs/environment/path.sh
[0.750s] -- Up-to-date symlink: /home/jetson/projects/bishe/edge/install/bishe_msgs/share/bishe_msgs/environment/path.dsv
[0.750s] -- Up-to-date symlink: /home/jetson/projects/bishe/edge/install/bishe_msgs/share/bishe_msgs/local_setup.bash
[0.750s] -- Up-to-date symlink: /home/jetson/projects/bishe/edge/install/bishe_msgs/share/bishe_msgs/local_setup.sh
[0.751s] -- Up-to-date symlink: /home/jetson/projects/bishe/edge/install/bishe_msgs/share/bishe_msgs/local_setup.zsh
[0.751s] -- Up-to-date symlink: /home/jetson/projects/bishe/edge/install/bishe_msgs/share/bishe_msgs/local_setup.dsv
[0.751s] -- Symlinking: /home/jetson/projects/bishe/edge/install/bishe_msgs/share/bishe_msgs/package.dsv
[0.767s] -- Up-to-date symlink: /home/jetson/projects/bishe/edge/install/bishe_msgs/share/ament_index/resource_index/packages/bishe_msgs
[0.767s] -- Up-to-date symlink: /home/jetson/projects/bishe/edge/install/bishe_msgs/share/bishe_msgs/cmake/rosidl_cmake-extras.cmake
[0.767s] -- Up-to-date symlink: /home/jetson/projects/bishe/edge/install/bishe_msgs/share/bishe_msgs/cmake/ament_cmake_export_dependencies-extras.cmake
[0.768s] -- Up-to-date symlink: /home/jetson/projects/bishe/edge/install/bishe_msgs/share/bishe_msgs/cmake/ament_cmake_export_include_directories-extras.cmake
[0.769s] -- Up-to-date symlink: /home/jetson/projects/bishe/edge/install/bishe_msgs/share/bishe_msgs/cmake/ament_cmake_export_libraries-extras.cmake
[0.769s] -- Up-to-date symlink: /home/jetson/projects/bishe/edge/install/bishe_msgs/share/bishe_msgs/cmake/ament_cmake_export_targets-extras.cmake
[0.769s] -- Up-to-date symlink: /home/jetson/projects/bishe/edge/install/bishe_msgs/share/bishe_msgs/cmake/rosidl_cmake_export_typesupport_targets-extras.cmake
[0.769s] -- Up-to-date symlink: /home/jetson/projects/bishe/edge/install/bishe_msgs/share/bishe_msgs/cmake/rosidl_cmake_export_typesupport_libraries-extras.cmake
[0.769s] -- Up-to-date symlink: /home/jetson/projects/bishe/edge/install/bishe_msgs/share/bishe_msgs/cmake/bishe_msgsConfig.cmake
[0.769s] -- Up-to-date symlink: /home/jetson/projects/bishe/edge/install/bishe_msgs/share/bishe_msgs/cmake/bishe_msgsConfig-version.cmake
[0.769s] -- Up-to-date symlink: /home/jetson/projects/bishe/edge/install/bishe_msgs/share/bishe_msgs/package.xml
[0.770s] -- Up-to-date: /home/jetson/projects/bishe/edge/install/bishe_msgs/lib/libbishe_msgs__rosidl_generator_c.so
[0.770s] -- Up-to-date: /home/jetson/projects/bishe/edge/install/bishe_msgs/lib/libbishe_msgs__rosidl_typesupport_fastrtps_c.so
[0.770s] -- Up-to-date: /home/jetson/projects/bishe/edge/install/bishe_msgs/lib/libbishe_msgs__rosidl_typesupport_introspection_c.so
[0.771s] -- Up-to-date: /home/jetson/projects/bishe/edge/install/bishe_msgs/lib/libbishe_msgs__rosidl_typesupport_c.so
[0.771s] -- Up-to-date: /home/jetson/projects/bishe/edge/install/bishe_msgs/lib/libbishe_msgs__rosidl_typesupport_fastrtps_cpp.so
[0.772s] -- Up-to-date: /home/jetson/projects/bishe/edge/install/bishe_msgs/lib/libbishe_msgs__rosidl_typesupport_introspection_cpp.so
[0.772s] -- Up-to-date: /home/jetson/projects/bishe/edge/install/bishe_msgs/lib/libbishe_msgs__rosidl_typesupport_cpp.so
[0.831s] Listing '/home/jetson/projects/bishe/edge/install/bishe_msgs/local/lib/python3.10/dist-packages/bishe_msgs'...
[0.832s] Listing '/home/jetson/projects/bishe/edge/install/bishe_msgs/local/lib/python3.10/dist-packages/bishe_msgs/msg'...
[0.842s] -- Up-to-date: /home/jetson/projects/bishe/edge/install/bishe_msgs/lib/libbishe_msgs__rosidl_generator_py.so
[0.842s] -- Up-to-date: /home/jetson/projects/bishe/edge/install/bishe_msgs/share/bishe_msgs/cmake/export_bishe_msgs__rosidl_generator_cExport.cmake
[0.842s] -- Up-to-date: /home/jetson/projects/bishe/edge/install/bishe_msgs/share/bishe_msgs/cmake/export_bishe_msgs__rosidl_generator_cExport-noconfig.cmake
[0.842s] -- Up-to-date: /home/jetson/projects/bishe/edge/install/bishe_msgs/share/bishe_msgs/cmake/export_bishe_msgs__rosidl_typesupport_fastrtps_cExport.cmake
[0.842s] -- Up-to-date: /home/jetson/projects/bishe/edge/install/bishe_msgs/share/bishe_msgs/cmake/export_bishe_msgs__rosidl_typesupport_fastrtps_cExport-noconfig.cmake
[0.843s] -- Up-to-date: /home/jetson/projects/bishe/edge/install/bishe_msgs/share/bishe_msgs/cmake/bishe_msgs__rosidl_typesupport_introspection_cExport.cmake
[0.843s] -- Up-to-date: /home/jetson/projects/bishe/edge/install/bishe_msgs/share/bishe_msgs/cmake/bishe_msgs__rosidl_typesupport_introspection_cExport-noconfig.cmake
[0.843s] -- Up-to-date: /home/jetson/projects/bishe/edge/install/bishe_msgs/share/bishe_msgs/cmake/bishe_msgs__rosidl_typesupport_cExport.cmake
[0.843s] -- Up-to-date: /home/jetson/projects/bishe/edge/install/bishe_msgs/share/bishe_msgs/cmake/bishe_msgs__rosidl_typesupport_cExport-noconfig.cmake
[0.843s] -- Up-to-date: /home/jetson/projects/bishe/edge/install/bishe_msgs/share/bishe_msgs/cmake/export_bishe_msgs__rosidl_generator_cppExport.cmake
[0.843s] -- Up-to-date: /home/jetson/projects/bishe/edge/install/bishe_msgs/share/bishe_msgs/cmake/export_bishe_msgs__rosidl_typesupport_fastrtps_cppExport.cmake
[0.843s] -- Up-to-date: /home/jetson/projects/bishe/edge/install/bishe_msgs/share/bishe_msgs/cmake/export_bishe_msgs__rosidl_typesupport_fastrtps_cppExport-noconfig.cmake
[0.844s] -- Up-to-date: /home/jetson/projects/bishe/edge/install/bishe_msgs/share/bishe_msgs/cmake/bishe_msgs__rosidl_typesupport_introspection_cppExport.cmake
[0.844s] -- Up-to-date: /home/jetson/projects/bishe/edge/install/bishe_msgs/share/bishe_msgs/cmake/bishe_msgs__rosidl_typesupport_introspection_cppExport-noconfig.cmake
[0.844s] -- Up-to-date: /home/jetson/projects/bishe/edge/install/bishe_msgs/share/bishe_msgs/cmake/bishe_msgs__rosidl_typesupport_cppExport.cmake
[0.844s] -- Up-to-date: /home/jetson/projects/bishe/edge/install/bishe_msgs/share/bishe_msgs/cmake/bishe_msgs__rosidl_typesupport_cppExport-noconfig.cmake
[0.844s] -- Up-to-date: /home/jetson/projects/bishe/edge/install/bishe_msgs/share/bishe_msgs/cmake/export_bishe_msgs__rosidl_generator_pyExport.cmake
[0.844s] -- Up-to-date: /home/jetson/projects/bishe/edge/install/bishe_msgs/share/bishe_msgs/cmake/export_bishe_msgs__rosidl_generator_pyExport-noconfig.cmake
[0.849s] Invoked command in '/home/jetson/projects/bishe/edge/build/bishe_msgs' returned '0': CMAKE_PREFIX_PATH=${CMAKE_PREFIX_PATH}:/home/jetson/projects/bishe/edge/install/bishe_launch:/opt/ros/humble /usr/bin/cmake --install /home/jetson/projects/bishe/edge/build/bishe_msgs
