[0.033s] Invoking command in '/home/jetson/projects/bishe/edge/build/bishe_detector': AMENT_PREFIX_PATH=/home/jetson/projects/bishe/edge/install/bishe_msgs:${AMENT_PREFIX_PATH} CMAKE_PREFIX_PATH=/home/jetson/projects/bishe/edge/install/bishe_msgs:/opt/ros/humble LD_LIBRARY_PATH=/home/jetson/projects/bishe/edge/install/bishe_msgs/lib:/opt/ros/humble/opt/rviz_ogre_vendor/lib:/opt/ros/humble/lib/aarch64-linux-gnu:/opt/ros/humble/lib:/usr/local/cuda-12.6/lib64 PYTHONPATH=/home/jetson/projects/bishe/edge/install/bishe_msgs/local/lib/python3.10/dist-packages:${PYTHONPATH} /usr/bin/cmake --build /home/jetson/projects/bishe/edge/build/bishe_detector -- -j6 -l6
[0.160s] [ 12%] Built target gtest
[0.163s] [ 25%] Built target gtest_main
[0.173s] [ 62%] Built target bishe_detector_component
[0.205s] Consolidate compiler generated dependencies of target test_shared_frame_ring
[0.246s] [ 68%] Building CXX object CMakeFiles/test_shared_frame_ring.dir/test/test_shared_frame_ring.cpp.o
[0.266s] [ 81%] Built target detector_node
[0.286s] [ 93%] Built target test_detection_gate
[2.399s] [100%] Linking CXX executable test_shared_frame_ring
[2.667s] [100%] Built target test_shared_frame_ring
[2.685s] Invoked command in '/home/jetson/projects/bishe/edge/build/bishe_detector' returned '0': AMENT_PREFIX_PATH=/home/jetson/projects/bishe/edge/install/bishe_msgs:${AMENT_PREFIX_PATH} CMAKE_PREFIX_PATH=/home/jetson/projects/bishe/edge/install/bishe_msgs:/opt/ros/humble LD_LIBRARY_PATH=/home/jetson/projects/bishe/edge/install/bishe_msgs/lib:/opt/ros/humble/opt/rviz_ogre_vendor/lib:/opt/ros/humble/lib/aarch64-linux-gnu:/opt/ros/humble/lib:/usr/local/cuda-12.6/lib64 PYTHONPATH=/home/jetson/projects/bishe/edge/install/bishe_msgs/local/lib/python3.10/dist-packages:${PYTHONPATH} /usr/bin/cmake --build /home/jetson/projects/bishe/edge/build/bishe_detector -- -j6 -l6
[2.701s] Invoking command in '/home/jetson/projects/bishe/edge/build/bishe_detector': AMENT_PREFIX_PATH=/home/jetson/projects/bishe/edge/install/bishe_msgs:${AMENT_PREFIX_PATH} CMAKE_PREFIX_PATH=/home/jetson/projects/bishe/edge/install/bishe_msgs:/opt/ros/humble LD_LIBRARY_PATH=/home/jetson/projects/bishe/edge/install/bishe_msgs/lib:/opt/ros/humble/opt/rviz_ogre_vendor/lib:/opt/ros/humble/lib/aarch64-linux-gnu:/opt/ros/humble/lib:/usr/local/cuda-12.6/lib64 PYTHONPATH=/home/jetson/projects/bishe/edge/install/bishe_msgs/local/lib/python3.10/dist-packages:${PYTHONPATH} /usr/bin/cmake --install /home/jetson/projects/bishe/edge/build/bishe_detector
[2.714s] -- Install configuration: ""
[2.714s] -- Execute custom install script
[2.715s] -- Up-to-date symlink: /home/jetson/projects/bishe/edge/install/bishe_detector/lib/libbishe_detector_component.so
[2.715s] -- Up-to-date symlink: /home/jetson/projects/bishe/edge/install/bishe_detector/lib/bishe_detector/detector_node
[2.716s] -- Up-to-date symlink: /home/jetson/projects/bishe/edge/install/bishe_detector/include/bishe_detector/detection_gate.hpp
[2.717s] -- Up-to-date symlink: /home/jetson/projects/bishe/edge/install/bishe_detector/include/bishe_detector/detector_node_factory.hpp
[2.717s] -- Up-to-date symlink: /home/jetson/projects/bishe/edge/install/bishe_detector/include/bishe_detector/detector_result_utils.hpp
[2.717s] -- Up-to-date symlink: /home/jetson/projects/bishe/edge/install/bishe_detector/include/bishe_detector/int8_calibrator.h
[2.717s] -- Up-to-date symlink: /home/jetson/projects/bishe/edge/install/bishe_detector/include/bishe_detector/trt_engine.h
[2.718s] -- Up-to-date symlink: /home/jetson/projects/bishe/edge/install/bishe_detector/include/bishe_detector/utils.h
[2.718s] -- Up-to-date symlink: /home/jetson/projects/bishe/edge/install/bishe_detector/include/bishe_detector/yolo.h
[2.718s] -- Up-to-date symlink: /home/jetson/projects/bishe/edge/install/bishe_detector/include/bishe_detector/yolov10.h
[2.718s] -- Up-to-date symlink: /home/jetson/projects/bishe/edge/install/bishe_detector/include/bishe_detector/yolov5a.h
[2.718s] -- Up-to-date symlink: /home/jetson/projects/bishe/edge/install/bishe_detector/include/bishe_detector/yolov8.h
[2.718s] -- Up-to-date symlink: /home/jetson/projects/bishe/edge/install/bishe_detector/share/ament_index/resource_index/package_run_dependencies/bishe_detector
[2.719s] -- Up-to-date symlink: /home/jetson/projects/bishe/edge/install/bishe_detector/share/ament_index/resource_index/parent_prefix_path/bishe_detector
[2.719s] -- Up-to-date symlink: /home/jetson/projects/bishe/edge/install/bishe_detector/share/bishe_detector/environment/ament_prefix_path.sh
[2.719s] -- Up-to-date symlink: /home/jetson/projects/bishe/edge/install/bishe_detector/share/bishe_detector/environment/ament_prefix_path.dsv
[2.719s] -- Up-to-date symlink: /home/jetson/projects/bishe/edge/install/bishe_detector/share/bishe_detector/environment/path.sh
[2.719s] -- Up-to-date symlink: /home/jetson/projects/bishe/edge/install/bishe_detector/share/bishe_detector/environment/path.dsv
[2.719s] -- Up-to-date symlink: /home/jetson/projects/bishe/edge/install/bishe_detector/share/bishe_detector/local_setup.bash
[2.719s] -- Up-to-date symlink: /home/jetson/projects/bishe/edge/install/bishe_detector/share/bishe_detector/local_setup.sh
[2.720s] -- Up-to-date symlink: /home/jetson/projects/bishe/edge/install/bishe_detector/share/bishe_detector/local_setup.zsh
[2.720s] -- Up-to-date symlink: /home/jetson/projects/bishe/edge/install/bishe_detector/share/bishe_detector/local_setup.dsv
[2.720s] -- Symlinking: /home/jetson/projects/bishe/edge/install/bishe_detector/share/bishe_detector/package.dsv
[2.735s] -- Up-to-date symlink: /home/jetson/projects/bishe/edge/install/bishe_detector/share/ament_index/resource_index/packages/bishe_detector
[2.736s] -- Up-to-date symlink: /home/jetson/projects/bishe/edge/install/bishe_detector/share/ament_index/resource_index/rclcpp_components/bishe_detector
[2.736s] -- Up-to-date symlink: /home/jetson/projects/bishe/edge/install/bishe_detector/share/bishe_detector/cmake/bishe_detectorConfig.cmake
[2.736s] -- Up-to-date symlink: /home/jetson/projects/bishe/edge/install/bishe_detector/share/bishe_detector/cmake/bishe_detectorConfig-version.cmake
[2.736s] -- Up-to-date symlink: /home/jetson/projects/bishe/edge/install/bishe_detector/share/bishe_detector/package.xml
[2.741s] Invoked command in '/home/jetson/projects/bishe/edge/build/bishe_detector' returned '0': AMENT_PREFIX_PATH=/home/jetson/projects/bishe/edge/install/bishe_msgs:${AMENT_PREFIX_PATH} CMAKE_PREFIX_PATH=/home/jetson/projects/bishe/edge/install/bishe_msgs:/opt/ros/humble LD_LIBRARY_PATH=/home/jetson/projects/bishe/edge/install/bishe_msgs/lib:/opt/ros/humble/opt/rviz_ogre_vendor/lib:/opt/ros/humble/lib/aarch64-linux-gnu:/opt/ros/humble/lib:/usr/local/cuda-12.6/lib64 PYTHONPATH=/home/jetson/projects/bishe/edge/install/bishe_msgs/local/lib/python3.10/dist-packages:${PYTHONPATH} /usr/bin/cmake --install /home/jetson/projects/bishe/edge/build/bishe_detector
