[0.057s] Invoking command in '/home/jetson/projects/bishe/edge/build/bishe_monitor': AMENT_PREFIX_PATH=/home/jetson/projects/bishe/edge/install/bishe_msgs:${AMENT_PREFIX_PATH} CMAKE_PREFIX_PATH=/home/jetson/projects/bishe/edge/install/bishe_msgs:/opt/ros/humble LD_LIBRARY_PATH=/home/jetson/projects/bishe/edge/install/bishe_msgs/lib:/opt/ros/humble/opt/rviz_ogre_vendor/lib:/opt/ros/humble/lib/aarch64-linux-gnu:/opt/ros/humble/lib:/usr/local/cuda-12.6/lib64 PYTHONPATH=/home/jetson/projects/bishe/edge/install/bishe_msgs/local/lib/python3.10/dist-packages:${PYTHONPATH} /usr/bin/cmake --build /home/jetson/projects/bishe/edge/build/bishe_monitor -- -j6 -l6
[0.187s] [ 14%] Built target gtest
[0.206s] [ 28%] Built target monitor_node
[0.236s] [ 42%] Built target gtest_main
[0.325s] [ 57%] Built target test_alarm_event_payload
[0.337s] [ 71%] Built target test_async_task_worker
[0.412s] [ 85%] Built target test_alarm_upload_gate
[0.412s] [100%] Built target test_alarm_playback_command
[0.415s] Invoked command in '/home/jetson/projects/bishe/edge/build/bishe_monitor' returned '0': AMENT_PREFIX_PATH=/home/jetson/projects/bishe/edge/install/bishe_msgs:${AMENT_PREFIX_PATH} CMAKE_PREFIX_PATH=/home/jetson/projects/bishe/edge/install/bishe_msgs:/opt/ros/humble LD_LIBRARY_PATH=/home/jetson/projects/bishe/edge/install/bishe_msgs/lib:/opt/ros/humble/opt/rviz_ogre_vendor/lib:/opt/ros/humble/lib/aarch64-linux-gnu:/opt/ros/humble/lib:/usr/local/cuda-12.6/lib64 PYTHONPATH=/home/jetson/projects/bishe/edge/install/bishe_msgs/local/lib/python3.10/dist-packages:${PYTHONPATH} /usr/bin/cmake --build /home/jetson/projects/bishe/edge/build/bishe_monitor -- -j6 -l6
[0.417s] Invoking command in '/home/jetson/projects/bishe/edge/build/bishe_monitor': AMENT_PREFIX_PATH=/home/jetson/projects/bishe/edge/install/bishe_msgs:${AMENT_PREFIX_PATH} CMAKE_PREFIX_PATH=/home/jetson/projects/bishe/edge/install/bishe_msgs:/opt/ros/humble LD_LIBRARY_PATH=/home/jetson/projects/bishe/edge/install/bishe_msgs/lib:/opt/ros/humble/opt/rviz_ogre_vendor/lib:/opt/ros/humble/lib/aarch64-linux-gnu:/opt/ros/humble/lib:/usr/local/cuda-12.6/lib64 PYTHONPATH=/home/jetson/projects/bishe/edge/install/bishe_msgs/local/lib/python3.10/dist-packages:${PYTHONPATH} /usr/bin/cmake --install /home/jetson/projects/bishe/edge/build/bishe_monitor
[0.513s] -- Install configuration: ""
[0.513s] -- Execute custom install script
[0.513s] -- Up-to-date symlink: /home/jetson/projects/bishe/edge/install/bishe_monitor/lib/bishe_monitor/monitor_node
[0.513s] -- Up-to-date symlink: /home/jetson/projects/bishe/edge/install/bishe_monitor/include/bishe_monitor/alarm_event_payload.hpp
[0.514s] -- Up-to-date symlink: /home/jetson/projects/bishe/edge/install/bishe_monitor/include/bishe_monitor/alarm_playback_command.hpp
[0.514s] -- Up-to-date symlink: /home/jetson/projects/bishe/edge/install/bishe_monitor/include/bishe_monitor/alarm_upload_gate.hpp
[0.514s] -- Up-to-date symlink: /home/jetson/projects/bishe/edge/install/bishe_monitor/include/bishe_monitor/async_task_worker.hpp
[0.514s] -- Up-to-date symlink: /home/jetson/projects/bishe/edge/install/bishe_monitor/share/bishe_monitor/config/config.yaml
[0.514s] -- Up-to-date symlink: /home/jetson/projects/bishe/edge/install/bishe_monitor/share/ament_index/resource_index/package_run_dependencies/bishe_monitor
[0.514s] -- Up-to-date symlink: /home/jetson/projects/bishe/edge/install/bishe_monitor/share/ament_index/resource_index/parent_prefix_path/bishe_monitor
[0.514s] -- Up-to-date symlink: /home/jetson/projects/bishe/edge/install/bishe_monitor/share/bishe_monitor/environment/ament_prefix_path.sh
[0.514s] -- Up-to-date symlink: /home/jetson/projects/bishe/edge/install/bishe_monitor/share/bishe_monitor/environment/ament_prefix_path.dsv
[0.515s] -- Up-to-date symlink: /home/jetson/projects/bishe/edge/install/bishe_monitor/share/bishe_monitor/environment/path.sh
[0.515s] -- Up-to-date symlink: /home/jetson/projects/bishe/edge/install/bishe_monitor/share/bishe_monitor/environment/path.dsv
[0.515s] -- Up-to-date symlink: /home/jetson/projects/bishe/edge/install/bishe_monitor/share/bishe_monitor/local_setup.bash
[0.515s] -- Up-to-date symlink: /home/jetson/projects/bishe/edge/install/bishe_monitor/share/bishe_monitor/local_setup.sh
[0.515s] -- Up-to-date symlink: /home/jetson/projects/bishe/edge/install/bishe_monitor/share/bishe_monitor/local_setup.zsh
[0.515s] -- Up-to-date symlink: /home/jetson/projects/bishe/edge/install/bishe_monitor/share/bishe_monitor/local_setup.dsv
[0.515s] -- Symlinking: /home/jetson/projects/bishe/edge/install/bishe_monitor/share/bishe_monitor/package.dsv
[0.515s] -- Up-to-date symlink: /home/jetson/projects/bishe/edge/install/bishe_monitor/share/ament_index/resource_index/packages/bishe_monitor
[0.515s] -- Up-to-date symlink: /home/jetson/projects/bishe/edge/install/bishe_monitor/share/bishe_monitor/cmake/bishe_monitorConfig.cmake
[0.516s] -- Up-to-date symlink: /home/jetson/projects/bishe/edge/install/bishe_monitor/share/bishe_monitor/cmake/bishe_monitorConfig-version.cmake
[0.516s] -- Up-to-date symlink: /home/jetson/projects/bishe/edge/install/bishe_monitor/share/bishe_monitor/package.xml
[0.546s] Invoked command in '/home/jetson/projects/bishe/edge/build/bishe_monitor' returned '0': AMENT_PREFIX_PATH=/home/jetson/projects/bishe/edge/install/bishe_msgs:${AMENT_PREFIX_PATH} CMAKE_PREFIX_PATH=/home/jetson/projects/bishe/edge/install/bishe_msgs:/opt/ros/humble LD_LIBRARY_PATH=/home/jetson/projects/bishe/edge/install/bishe_msgs/lib:/opt/ros/humble/opt/rviz_ogre_vendor/lib:/opt/ros/humble/lib/aarch64-linux-gnu:/opt/ros/humble/lib:/usr/local/cuda-12.6/lib64 PYTHONPATH=/home/jetson/projects/bishe/edge/install/bishe_msgs/local/lib/python3.10/dist-packages:${PYTHONPATH} /usr/bin/cmake --install /home/jetson/projects/bishe/edge/build/bishe_monitor
