[0.029s] Invoking command in '/home/jetson/projects/bishe/edge/build/bishe_streamer': CMAKE_PREFIX_PATH=/home/jetson/projects/bishe/edge/install/bishe_msgs:/home/jetson/projects/bishe/edge/install/bishe_streamer:/home/jetson/projects/bishe/edge/install/bishe_monitor:/home/jetson/projects/bishe/edge/install/bishe_detector:/home/jetson/projects/bishe/edge/install/bishe_mqtt:/home/jetson/projects/bishe/edge/install/bishe_camera:/home/jetson/projects/bishe/edge/install/bishe_launch:/opt/ros/humble LD_LIBRARY_PATH=/home/jetson/projects/bishe/edge/install/bishe_msgs/lib:/opt/ros/humble/opt/rviz_ogre_vendor/lib:/opt/ros/humble/lib/aarch64-linux-gnu:/opt/ros/humble/lib:/usr/local/cuda-12.6/lib64 /usr/bin/cmake /home/jetson/projects/bishe/edge/src/bishe_streamer -DCMAKE_INSTALL_PREFIX=/home/jetson/projects/bishe/edge/install/bishe_streamer
[0.055s] -- Found ament_cmake: 1.3.12 (/opt/ros/humble/share/ament_cmake/cmake)
[0.338s] -- Override CMake install command with custom implementation using symlinks instead of copying resources
[0.353s] -- Found rclcpp: 16.0.16 (/opt/ros/humble/share/rclcpp/cmake)
[0.403s] -- Found rosidl_generator_c: 3.1.7 (/opt/ros/humble/share/rosidl_generator_c/cmake)
[0.407s] -- Found rosidl_adapter: 3.1.7 (/opt/ros/humble/share/rosidl_adapter/cmake)
[0.417s] -- Found rosidl_generator_cpp: 3.1.7 (/opt/ros/humble/share/rosidl_generator_cpp/cmake)
[0.434s] -- Using all available rosidl_typesupport_c: rosidl_typesupport_fastrtps_c;rosidl_typesupport_introspection_c
[0.454s] -- Using all available rosidl_typesupport_cpp: rosidl_typesupport_fastrtps_cpp;rosidl_typesupport_introspection_cpp
[0.512s] -- Found rmw_implementation_cmake: 6.1.2 (/opt/ros/humble/share/rmw_implementation_cmake/cmake)
[0.515s] -- Found rmw_fastrtps_cpp: 6.2.9 (/opt/ros/humble/share/rmw_fastrtps_cpp/cmake)
[0.710s] -- Using RMW implementation 'rmw_fastrtps_cpp' as default
[0.798s] -- Found sensor_msgs: 4.9.0 (/opt/ros/humble/share/sensor_msgs/cmake)
[0.849s] -- Found image_transport: 3.1.12 (/opt/ros/humble/share/image_transport/cmake)
[0.887s] -- Found cv_bridge: 3.2.1 (/opt/ros/humble/share/cv_bridge/cmake)
[0.938s] -- Found bishe_msgs: 0.1.0 (/home/jetson/projects/bishe/edge/install/bishe_msgs/share/bishe_msgs/cmake)
[1.099s] -- Configuring done
[1.129s] -- Generating done
[1.138s] -- Build files have been written to: /home/jetson/projects/bishe/edge/build/bishe_streamer
[1.164s] Invoked command in '/home/jetson/projects/bishe/edge/build/bishe_streamer' returned '0': CMAKE_PREFIX_PATH=/home/jetson/projects/bishe/edge/install/bishe_msgs:/home/jetson/projects/bishe/edge/install/bishe_streamer:/home/jetson/projects/bishe/edge/install/bishe_monitor:/home/jetson/projects/bishe/edge/install/bishe_detector:/home/jetson/projects/bishe/edge/install/bishe_mqtt:/home/jetson/projects/bishe/edge/install/bishe_camera:/home/jetson/projects/bishe/edge/install/bishe_launch:/opt/ros/humble LD_LIBRARY_PATH=/home/jetson/projects/bishe/edge/install/bishe_msgs/lib:/opt/ros/humble/opt/rviz_ogre_vendor/lib:/opt/ros/humble/lib/aarch64-linux-gnu:/opt/ros/humble/lib:/usr/local/cuda-12.6/lib64 /usr/bin/cmake /home/jetson/projects/bishe/edge/src/bishe_streamer -DCMAKE_INSTALL_PREFIX=/home/jetson/projects/bishe/edge/install/bishe_streamer
[1.164s] Invoking command in '/home/jetson/projects/bishe/edge/build/bishe_streamer': CMAKE_PREFIX_PATH=/home/jetson/projects/bishe/edge/install/bishe_msgs:/home/jetson/projects/bishe/edge/install/bishe_streamer:/home/jetson/projects/bishe/edge/install/bishe_monitor:/home/jetson/projects/bishe/edge/install/bishe_detector:/home/jetson/projects/bishe/edge/install/bishe_mqtt:/home/jetson/projects/bishe/edge/install/bishe_camera:/home/jetson/projects/bishe/edge/install/bishe_launch:/opt/ros/humble LD_LIBRARY_PATH=/home/jetson/projects/bishe/edge/install/bishe_msgs/lib:/opt/ros/humble/opt/rviz_ogre_vendor/lib:/opt/ros/humble/lib/aarch64-linux-gnu:/opt/ros/humble/lib:/usr/local/cuda-12.6/lib64 /usr/bin/cmake --build /home/jetson/projects/bishe/edge/build/bishe_streamer -- -j6 -l6
[1.231s] [35m[1mConsolidate compiler generated dependencies of target streamer_node[0m
[1.264s] [100%] Built target streamer_node
[1.282s] Invoked command in '/home/jetson/projects/bishe/edge/build/bishe_streamer' returned '0': CMAKE_PREFIX_PATH=/home/jetson/projects/bishe/edge/install/bishe_msgs:/home/jetson/projects/bishe/edge/install/bishe_streamer:/home/jetson/projects/bishe/edge/install/bishe_monitor:/home/jetson/projects/bishe/edge/install/bishe_detector:/home/jetson/projects/bishe/edge/install/bishe_mqtt:/home/jetson/projects/bishe/edge/install/bishe_camera:/home/jetson/projects/bishe/edge/install/bishe_launch:/opt/ros/humble LD_LIBRARY_PATH=/home/jetson/projects/bishe/edge/install/bishe_msgs/lib:/opt/ros/humble/opt/rviz_ogre_vendor/lib:/opt/ros/humble/lib/aarch64-linux-gnu:/opt/ros/humble/lib:/usr/local/cuda-12.6/lib64 /usr/bin/cmake --build /home/jetson/projects/bishe/edge/build/bishe_streamer -- -j6 -l6
[1.284s] Invoking command in '/home/jetson/projects/bishe/edge/build/bishe_streamer': CMAKE_PREFIX_PATH=/home/jetson/projects/bishe/edge/install/bishe_msgs:/home/jetson/projects/bishe/edge/install/bishe_streamer:/home/jetson/projects/bishe/edge/install/bishe_monitor:/home/jetson/projects/bishe/edge/install/bishe_detector:/home/jetson/projects/bishe/edge/install/bishe_mqtt:/home/jetson/projects/bishe/edge/install/bishe_camera:/home/jetson/projects/bishe/edge/install/bishe_launch:/opt/ros/humble LD_LIBRARY_PATH=/home/jetson/projects/bishe/edge/install/bishe_msgs/lib:/opt/ros/humble/opt/rviz_ogre_vendor/lib:/opt/ros/humble/lib/aarch64-linux-gnu:/opt/ros/humble/lib:/usr/local/cuda-12.6/lib64 /usr/bin/cmake --install /home/jetson/projects/bishe/edge/build/bishe_streamer
[1.295s] -- Install configuration: ""
[1.296s] -- Execute custom install script
[1.299s] -- Up-to-date symlink: /home/jetson/projects/bishe/edge/install/bishe_streamer/lib/bishe_streamer/streamer_node
[1.299s] -- Up-to-date symlink: /home/jetson/projects/bishe/edge/install/bishe_streamer/share/ament_index/resource_index/package_run_dependencies/bishe_streamer
[1.300s] -- Up-to-date symlink: /home/jetson/projects/bishe/edge/install/bishe_streamer/share/ament_index/resource_index/parent_prefix_path/bishe_streamer
[1.300s] -- Up-to-date symlink: /home/jetson/projects/bishe/edge/install/bishe_streamer/share/bishe_streamer/environment/ament_prefix_path.sh
[1.300s] -- Up-to-date symlink: /home/jetson/projects/bishe/edge/install/bishe_streamer/share/bishe_streamer/environment/ament_prefix_path.dsv
[1.300s] -- Up-to-date symlink: /home/jetson/projects/bishe/edge/install/bishe_streamer/share/bishe_streamer/environment/path.sh
[1.300s] -- Up-to-date symlink: /home/jetson/projects/bishe/edge/install/bishe_streamer/share/bishe_streamer/environment/path.dsv
[1.300s] -- Up-to-date symlink: /home/jetson/projects/bishe/edge/install/bishe_streamer/share/bishe_streamer/local_setup.bash
[1.300s] -- Up-to-date symlink: /home/jetson/projects/bishe/edge/install/bishe_streamer/share/bishe_streamer/local_setup.sh
[1.301s] -- Up-to-date symlink: /home/jetson/projects/bishe/edge/install/bishe_streamer/share/bishe_streamer/local_setup.zsh
[1.301s] -- Up-to-date symlink: /home/jetson/projects/bishe/edge/install/bishe_streamer/share/bishe_streamer/local_setup.dsv
[1.301s] -- Symlinking: /home/jetson/projects/bishe/edge/install/bishe_streamer/share/bishe_streamer/package.dsv
[1.313s] -- Up-to-date symlink: /home/jetson/projects/bishe/edge/install/bishe_streamer/share/ament_index/resource_index/packages/bishe_streamer
[1.313s] -- Up-to-date symlink: /home/jetson/projects/bishe/edge/install/bishe_streamer/share/bishe_streamer/cmake/bishe_streamerConfig.cmake
[1.314s] -- Up-to-date symlink: /home/jetson/projects/bishe/edge/install/bishe_streamer/share/bishe_streamer/cmake/bishe_streamerConfig-version.cmake
[1.314s] -- Up-to-date symlink: /home/jetson/projects/bishe/edge/install/bishe_streamer/share/bishe_streamer/package.xml
[1.318s] Invoked command in '/home/jetson/projects/bishe/edge/build/bishe_streamer' returned '0': CMAKE_PREFIX_PATH=/home/jetson/projects/bishe/edge/install/bishe_msgs:/home/jetson/projects/bishe/edge/install/bishe_streamer:/home/jetson/projects/bishe/edge/install/bishe_monitor:/home/jetson/projects/bishe/edge/install/bishe_detector:/home/jetson/projects/bishe/edge/install/bishe_mqtt:/home/jetson/projects/bishe/edge/install/bishe_camera:/home/jetson/projects/bishe/edge/install/bishe_launch:/opt/ros/humble LD_LIBRARY_PATH=/home/jetson/projects/bishe/edge/install/bishe_msgs/lib:/opt/ros/humble/opt/rviz_ogre_vendor/lib:/opt/ros/humble/lib/aarch64-linux-gnu:/opt/ros/humble/lib:/usr/local/cuda-12.6/lib64 /usr/bin/cmake --install /home/jetson/projects/bishe/edge/build/bishe_streamer
