[0.016s] Invoking command in '/home/jetson/projects/bishe/edge/build/bishe_detector': AMENT_PREFIX_PATH=/home/jetson/projects/bishe/edge/install/bishe_msgs:${AMENT_PREFIX_PATH} CMAKE_PREFIX_PATH=/home/jetson/projects/bishe/edge/install/bishe_msgs:/opt/ros/humble LD_LIBRARY_PATH=/home/jetson/projects/bishe/edge/install/bishe_msgs/lib:/opt/ros/humble/opt/rviz_ogre_vendor/lib:/opt/ros/humble/lib/aarch64-linux-gnu:/opt/ros/humble/lib:/usr/local/cuda-12.6/lib64 PYTHONPATH=/home/jetson/projects/bishe/edge/install/bishe_msgs/local/lib/python3.10/dist-packages:${PYTHONPATH} /usr/bin/cmake --build /home/jetson/projects/bishe/edge/build/bishe_detector -- -j6 -l6
[0.139s] Consolidate compiler generated dependencies of target bishe_detector_component
[0.165s] [ 14%] Built target gtest_main
[0.180s] [ 28%] Built target gtest
[0.186s] [ 71%] Built target bishe_detector_component
[0.233s] Consolidate compiler generated dependencies of target detector_node
[0.269s] [ 85%] Built target detector_node
[0.282s] [100%] Built target test_detection_gate
[0.324s] Invoked command in '/home/jetson/projects/bishe/edge/build/bishe_detector' returned '0': AMENT_PREFIX_PATH=/home/jetson/projects/bishe/edge/install/bishe_msgs:${AMENT_PREFIX_PATH} CMAKE_PREFIX_PATH=/home/jetson/projects/bishe/edge/install/bishe_msgs:/opt/ros/humble LD_LIBRARY_PATH=/home/jetson/projects/bishe/edge/install/bishe_msgs/lib:/opt/ros/humble/opt/rviz_ogre_vendor/lib:/opt/ros/humble/lib/aarch64-linux-gnu:/opt/ros/humble/lib:/usr/local/cuda-12.6/lib64 PYTHONPATH=/home/jetson/projects/bishe/edge/install/bishe_msgs/local/lib/python3.10/dist-packages:${PYTHONPATH} /usr/bin/cmake --build /home/jetson/projects/bishe/edge/build/bishe_detector -- -j6 -l6
[0.352s] Invoking command in '/home/jetson/projects/bishe/edge/build/bishe_detector': AMENT_PREFIX_PATH=/home/jetson/projects/bishe/edge/install/bishe_msgs:${AMENT_PREFIX_PATH} CMAKE_PREFIX_PATH=/home/jetson/projects/bishe/edge/install/bishe_msgs:/opt/ros/humble LD_LIBRARY_PATH=/home/jetson/projects/bishe/edge/install/bishe_msgs/lib:/opt/ros/humble/opt/rviz_ogre_vendor/lib:/opt/ros/humble/lib/aarch64-linux-gnu:/opt/ros/humble/lib:/usr/local/cuda-12.6/lib64 PYTHONPATH=/home/jetson/projects/bishe/edge/install/bishe_msgs/local/lib/python3.10/dist-packages:${PYTHONPATH} /usr/bin/cmake --install /home/jetson/projects/bishe/edge/build/bishe_detector
[0.354s] -- Install configuration: ""
[0.355s] -- Execute custom install script
[0.359s] -- Up-to-date symlink: /home/jetson/projects/bishe/edge/install/bishe_detector/lib/libbishe_detector_component.so
[0.359s] -- Up-to-date symlink: /home/jetson/projects/bishe/edge/install/bishe_detector/lib/bishe_detector/detector_node
[0.359s] -- Up-to-date symlink: /home/jetson/projects/bishe/edge/install/bishe_detector/include/bishe_detector/detection_gate.hpp
[0.360s] -- Up-to-date symlink: /home/jetson/projects/bishe/edge/install/bishe_detector/include/bishe_detector/detector_node_factory.hpp
[0.360s] -- Up-to-date symlink: /home/jetson/projects/bishe/edge/install/bishe_detector/include/bishe_detector/detector_result_utils.hpp
[0.360s] -- Up-to-date symlink: /home/jetson/projects/bishe/edge/install/bishe_detector/include/bishe_detector/int8_calibrator.h
[0.360s] -- Up-to-date symlink: /home/jetson/projects/bishe/edge/install/bishe_detector/include/bishe_detector/trt_engine.h
[0.360s] -- Up-to-date symlink: /home/jetson/projects/bishe/edge/install/bishe_detector/include/bishe_detector/utils.h
[0.360s] -- Up-to-date symlink: /home/jetson/projects/bishe/edge/install/bishe_detector/include/bishe_detector/yolo.h
[0.360s] -- Up-to-date symlink: /home/jetson/projects/bishe/edge/install/bishe_detector/include/bishe_detector/yolov10.h
[0.361s] -- Up-to-date symlink: /home/jetson/projects/bishe/edge/install/bishe_detector/include/bishe_detector/yolov5a.h
[0.361s] -- Up-to-date symlink: /home/jetson/projects/bishe/edge/install/bishe_detector/include/bishe_detector/yolov8.h
[0.361s] -- Up-to-date symlink: /home/jetson/projects/bishe/edge/install/bishe_detector/share/ament_index/resource_index/package_run_dependencies/bishe_detector
[0.361s] -- Up-to-date symlink: /home/jetson/projects/bishe/edge/install/bishe_detector/share/ament_index/resource_index/parent_prefix_path/bishe_detector
[0.361s] -- Up-to-date symlink: /home/jetson/projects/bishe/edge/install/bishe_detector/share/bishe_detector/environment/ament_prefix_path.sh
[0.361s] -- Up-to-date symlink: /home/jetson/projects/bishe/edge/install/bishe_detector/share/bishe_detector/environment/ament_prefix_path.dsv
[0.361s] -- Up-to-date symlink: /home/jetson/projects/bishe/edge/install/bishe_detector/share/bishe_detector/environment/path.sh
[0.362s] -- Up-to-date symlink: /home/jetson/projects/bishe/edge/install/bishe_detector/share/bishe_detector/environment/path.dsv
[0.362s] -- Up-to-date symlink: /home/jetson/projects/bishe/edge/install/bishe_detector/share/bishe_detector/local_setup.bash
[0.362s] -- Up-to-date symlink: /home/jetson/projects/bishe/edge/install/bishe_detector/share/bishe_detector/local_setup.sh
[0.362s] -- Up-to-date symlink: /home/jetson/projects/bishe/edge/install/bishe_detector/share/bishe_detector/local_setup.zsh
[0.362s] -- Up-to-date symlink: /home/jetson/projects/bishe/edge/install/bishe_detector/share/bishe_detector/local_setup.dsv
[0.363s] -- Symlinking: /home/jetson/projects/bishe/edge/install/bishe_detector/share/bishe_detector/package.dsv
[0.378s] -- Up-to-date symlink: /home/jetson/projects/bishe/edge/install/bishe_detector/share/ament_index/resource_index/packages/bishe_detector
[0.378s] -- Up-to-date symlink: /home/jetson/projects/bishe/edge/install/bishe_detector/share/ament_index/resource_index/rclcpp_components/bishe_detector
[0.379s] -- Up-to-date symlink: /home/jetson/projects/bishe/edge/install/bishe_detector/share/bishe_detector/cmake/bishe_detectorConfig.cmake
[0.379s] -- Up-to-date symlink: /home/jetson/projects/bishe/edge/install/bishe_detector/share/bishe_detector/cmake/bishe_detectorConfig-version.cmake
[0.379s] -- Up-to-date symlink: /home/jetson/projects/bishe/edge/install/bishe_detector/share/bishe_detector/package.xml
[0.388s] Invoked command in '/home/jetson/projects/bishe/edge/build/bishe_detector' returned '0': AMENT_PREFIX_PATH=/home/jetson/projects/bishe/edge/install/bishe_msgs:${AMENT_PREFIX_PATH} CMAKE_PREFIX_PATH=/home/jetson/projects/bishe/edge/install/bishe_msgs:/opt/ros/humble LD_LIBRARY_PATH=/home/jetson/projects/bishe/edge/install/bishe_msgs/lib:/opt/ros/humble/opt/rviz_ogre_vendor/lib:/opt/ros/humble/lib/aarch64-linux-gnu:/opt/ros/humble/lib:/usr/local/cuda-12.6/lib64 PYTHONPATH=/home/jetson/projects/bishe/edge/install/bishe_msgs/local/lib/python3.10/dist-packages:${PYTHONPATH} /usr/bin/cmake --install /home/jetson/projects/bishe/edge/build/bishe_detector
