[0.030s] Invoking command in '/home/jetson/projects/bishe/edge/build/bishe_monitor': CMAKE_PREFIX_PATH=/home/jetson/projects/bishe/edge/install/bishe_msgs:/home/jetson/projects/bishe/edge/install/bishe_streamer:/home/jetson/projects/bishe/edge/install/bishe_monitor:/home/jetson/projects/bishe/edge/install/bishe_detector:/home/jetson/projects/bishe/edge/install/bishe_mqtt:/home/jetson/projects/bishe/edge/install/bishe_camera:/home/jetson/projects/bishe/edge/install/bishe_launch:/opt/ros/humble LD_LIBRARY_PATH=/home/jetson/projects/bishe/edge/install/bishe_msgs/lib:/opt/ros/humble/opt/rviz_ogre_vendor/lib:/opt/ros/humble/lib/aarch64-linux-gnu:/opt/ros/humble/lib:/usr/local/cuda-12.6/lib64 /usr/bin/cmake /home/jetson/projects/bishe/edge/src/bishe_monitor -DCMAKE_INSTALL_PREFIX=/home/jetson/projects/bishe/edge/install/bishe_monitor
[0.052s] -- Found ament_cmake: 1.3.12 (/opt/ros/humble/share/ament_cmake/cmake)
[0.310s] -- Override CMake install command with custom implementation using symlinks instead of copying resources
[0.335s] -- Found rclcpp: 16.0.16 (/opt/ros/humble/share/rclcpp/cmake)
[0.391s] -- Found rosidl_generator_c: 3.1.7 (/opt/ros/humble/share/rosidl_generator_c/cmake)
[0.398s] -- Found rosidl_adapter: 3.1.7 (/opt/ros/humble/share/rosidl_adapter/cmake)
[0.411s] -- Found rosidl_generator_cpp: 3.1.7 (/opt/ros/humble/share/rosidl_generator_cpp/cmake)
[0.434s] -- Using all available rosidl_typesupport_c: rosidl_typesupport_fastrtps_c;rosidl_typesupport_introspection_c
[0.456s] -- Using all available rosidl_typesupport_cpp: rosidl_typesupport_fastrtps_cpp;rosidl_typesupport_introspection_cpp
[0.514s] -- Found rmw_implementation_cmake: 6.1.2 (/opt/ros/humble/share/rmw_implementation_cmake/cmake)
[0.518s] -- Found rmw_fastrtps_cpp: 6.2.9 (/opt/ros/humble/share/rmw_fastrtps_cpp/cmake)
[0.693s] -- Using RMW implementation 'rmw_fastrtps_cpp' as default
[0.780s] -- Found bishe_msgs: 0.1.0 (/home/jetson/projects/bishe/edge/install/bishe_msgs/share/bishe_msgs/cmake)
[0.859s] -- Found cv_bridge: 3.2.1 (/opt/ros/humble/share/cv_bridge/cmake)
[0.920s] -- Found gtest sources under '/opt/ros/humble/src/gtest_vendor': C++ tests using 'Google Test' will be built
[1.049s] -- Configuring done
[1.093s] -- Generating done
[1.105s] -- Build files have been written to: /home/jetson/projects/bishe/edge/build/bishe_monitor
[1.125s] Invoked command in '/home/jetson/projects/bishe/edge/build/bishe_monitor' returned '0': CMAKE_PREFIX_PATH=/home/jetson/projects/bishe/edge/install/bishe_msgs:/home/jetson/projects/bishe/edge/install/bishe_streamer:/home/jetson/projects/bishe/edge/install/bishe_monitor:/home/jetson/projects/bishe/edge/install/bishe_detector:/home/jetson/projects/bishe/edge/install/bishe_mqtt:/home/jetson/projects/bishe/edge/install/bishe_camera:/home/jetson/projects/bishe/edge/install/bishe_launch:/opt/ros/humble LD_LIBRARY_PATH=/home/jetson/projects/bishe/edge/install/bishe_msgs/lib:/opt/ros/humble/opt/rviz_ogre_vendor/lib:/opt/ros/humble/lib/aarch64-linux-gnu:/opt/ros/humble/lib:/usr/local/cuda-12.6/lib64 /usr/bin/cmake /home/jetson/projects/bishe/edge/src/bishe_monitor -DCMAKE_INSTALL_PREFIX=/home/jetson/projects/bishe/edge/install/bishe_monitor
[1.128s] Invoking command in '/home/jetson/projects/bishe/edge/build/bishe_monitor': CMAKE_PREFIX_PATH=/home/jetson/projects/bishe/edge/install/bishe_msgs:/home/jetson/projects/bishe/edge/install/bishe_streamer:/home/jetson/projects/bishe/edge/install/bishe_monitor:/home/jetson/projects/bishe/edge/install/bishe_detector:/home/jetson/projects/bishe/edge/install/bishe_mqtt:/home/jetson/projects/bishe/edge/install/bishe_camera:/home/jetson/projects/bishe/edge/install/bishe_launch:/opt/ros/humble LD_LIBRARY_PATH=/home/jetson/projects/bishe/edge/install/bishe_msgs/lib:/opt/ros/humble/opt/rviz_ogre_vendor/lib:/opt/ros/humble/lib/aarch64-linux-gnu:/opt/ros/humble/lib:/usr/local/cuda-12.6/lib64 /usr/bin/cmake --build /home/jetson/projects/bishe/edge/build/bishe_monitor -- -j6 -l6
[1.189s] [35m[1mConsolidate compiler generated dependencies of target gtest_main[0m
[1.189s] [35m[1mConsolidate compiler generated dependencies of target gtest[0m
[1.196s] [35m[1mConsolidate compiler generated dependencies of target monitor_node[0m
[1.213s] [ 25%] Built target gtest
[1.213s] [ 33%] Built target gtest_main
[1.228s] [ 50%] Built target monitor_node
[1.229s] [35m[1mConsolidate compiler generated dependencies of target test_alarm_playback_command[0m
[1.229s] [35m[1mConsolidate compiler generated dependencies of target test_async_task_worker[0m
[1.229s] [35m[1mConsolidate compiler generated dependencies of target test_alarm_upload_gate[0m
[1.253s] [ 91%] Built target test_alarm_playback_command
[1.253s] [100%] Built target test_async_task_worker
[1.253s] [100%] Built target test_alarm_upload_gate
[1.272s] Invoked command in '/home/jetson/projects/bishe/edge/build/bishe_monitor' returned '0': CMAKE_PREFIX_PATH=/home/jetson/projects/bishe/edge/install/bishe_msgs:/home/jetson/projects/bishe/edge/install/bishe_streamer:/home/jetson/projects/bishe/edge/install/bishe_monitor:/home/jetson/projects/bishe/edge/install/bishe_detector:/home/jetson/projects/bishe/edge/install/bishe_mqtt:/home/jetson/projects/bishe/edge/install/bishe_camera:/home/jetson/projects/bishe/edge/install/bishe_launch:/opt/ros/humble LD_LIBRARY_PATH=/home/jetson/projects/bishe/edge/install/bishe_msgs/lib:/opt/ros/humble/opt/rviz_ogre_vendor/lib:/opt/ros/humble/lib/aarch64-linux-gnu:/opt/ros/humble/lib:/usr/local/cuda-12.6/lib64 /usr/bin/cmake --build /home/jetson/projects/bishe/edge/build/bishe_monitor -- -j6 -l6
[1.275s] Invoking command in '/home/jetson/projects/bishe/edge/build/bishe_monitor': CMAKE_PREFIX_PATH=/home/jetson/projects/bishe/edge/install/bishe_msgs:/home/jetson/projects/bishe/edge/install/bishe_streamer:/home/jetson/projects/bishe/edge/install/bishe_monitor:/home/jetson/projects/bishe/edge/install/bishe_detector:/home/jetson/projects/bishe/edge/install/bishe_mqtt:/home/jetson/projects/bishe/edge/install/bishe_camera:/home/jetson/projects/bishe/edge/install/bishe_launch:/opt/ros/humble LD_LIBRARY_PATH=/home/jetson/projects/bishe/edge/install/bishe_msgs/lib:/opt/ros/humble/opt/rviz_ogre_vendor/lib:/opt/ros/humble/lib/aarch64-linux-gnu:/opt/ros/humble/lib:/usr/local/cuda-12.6/lib64 /usr/bin/cmake --install /home/jetson/projects/bishe/edge/build/bishe_monitor
[1.287s] -- Install configuration: ""
[1.287s] -- Execute custom install script
[1.288s] -- Up-to-date symlink: /home/jetson/projects/bishe/edge/install/bishe_monitor/lib/bishe_monitor/monitor_node
[1.288s] -- Up-to-date symlink: /home/jetson/projects/bishe/edge/install/bishe_monitor/include/bishe_monitor/alarm_playback_command.hpp
[1.289s] -- Up-to-date symlink: /home/jetson/projects/bishe/edge/install/bishe_monitor/include/bishe_monitor/alarm_upload_gate.hpp
[1.289s] -- Up-to-date symlink: /home/jetson/projects/bishe/edge/install/bishe_monitor/include/bishe_monitor/async_task_worker.hpp
[1.289s] -- Up-to-date symlink: /home/jetson/projects/bishe/edge/install/bishe_monitor/share/bishe_monitor/config/config.yaml
[1.289s] -- Up-to-date symlink: /home/jetson/projects/bishe/edge/install/bishe_monitor/share/ament_index/resource_index/package_run_dependencies/bishe_monitor
[1.290s] -- Up-to-date symlink: /home/jetson/projects/bishe/edge/install/bishe_monitor/share/ament_index/resource_index/parent_prefix_path/bishe_monitor
[1.290s] -- Up-to-date symlink: /home/jetson/projects/bishe/edge/install/bishe_monitor/share/bishe_monitor/environment/ament_prefix_path.sh
[1.290s] -- Up-to-date symlink: /home/jetson/projects/bishe/edge/install/bishe_monitor/share/bishe_monitor/environment/ament_prefix_path.dsv
[1.291s] -- Up-to-date symlink: /home/jetson/projects/bishe/edge/install/bishe_monitor/share/bishe_monitor/environment/path.sh
[1.291s] -- Up-to-date symlink: /home/jetson/projects/bishe/edge/install/bishe_monitor/share/bishe_monitor/environment/path.dsv
[1.291s] -- Up-to-date symlink: /home/jetson/projects/bishe/edge/install/bishe_monitor/share/bishe_monitor/local_setup.bash
[1.291s] -- Up-to-date symlink: /home/jetson/projects/bishe/edge/install/bishe_monitor/share/bishe_monitor/local_setup.sh
[1.292s] -- Up-to-date symlink: /home/jetson/projects/bishe/edge/install/bishe_monitor/share/bishe_monitor/local_setup.zsh
[1.292s] -- Up-to-date symlink: /home/jetson/projects/bishe/edge/install/bishe_monitor/share/bishe_monitor/local_setup.dsv
[1.292s] -- Symlinking: /home/jetson/projects/bishe/edge/install/bishe_monitor/share/bishe_monitor/package.dsv
[1.306s] -- Up-to-date symlink: /home/jetson/projects/bishe/edge/install/bishe_monitor/share/ament_index/resource_index/packages/bishe_monitor
[1.307s] -- Up-to-date symlink: /home/jetson/projects/bishe/edge/install/bishe_monitor/share/bishe_monitor/cmake/bishe_monitorConfig.cmake
[1.307s] -- Up-to-date symlink: /home/jetson/projects/bishe/edge/install/bishe_monitor/share/bishe_monitor/cmake/bishe_monitorConfig-version.cmake
[1.307s] -- Up-to-date symlink: /home/jetson/projects/bishe/edge/install/bishe_monitor/share/bishe_monitor/package.xml
[1.311s] Invoked command in '/home/jetson/projects/bishe/edge/build/bishe_monitor' returned '0': CMAKE_PREFIX_PATH=/home/jetson/projects/bishe/edge/install/bishe_msgs:/home/jetson/projects/bishe/edge/install/bishe_streamer:/home/jetson/projects/bishe/edge/install/bishe_monitor:/home/jetson/projects/bishe/edge/install/bishe_detector:/home/jetson/projects/bishe/edge/install/bishe_mqtt:/home/jetson/projects/bishe/edge/install/bishe_camera:/home/jetson/projects/bishe/edge/install/bishe_launch:/opt/ros/humble LD_LIBRARY_PATH=/home/jetson/projects/bishe/edge/install/bishe_msgs/lib:/opt/ros/humble/opt/rviz_ogre_vendor/lib:/opt/ros/humble/lib/aarch64-linux-gnu:/opt/ros/humble/lib:/usr/local/cuda-12.6/lib64 /usr/bin/cmake --install /home/jetson/projects/bishe/edge/build/bishe_monitor
