[1.097s] Invoking command in '/home/jetson/projects/bishe/edge/build/bishe_launch': PYTHONPATH=/home/jetson/projects/bishe/edge/build/bishe_launch/prefix_override:/usr/lib/python3/dist-packages/colcon_core/task/python/colcon_distutils_commands:/home/jetson/projects/bishe/edge/install/bishe_launch/lib/python3.10/site-packages:${PYTHONPATH} /usr/bin/python3 -W ignore:setup.py install is deprecated -W ignore:easy_install command is deprecated setup.py develop --editable --build-directory /home/jetson/projects/bishe/edge/build/bishe_launch/build --no-deps symlink_data --force
[1.547s] running develop
[1.824s] running egg_info
[1.824s] writing bishe_launch.egg-info/PKG-INFO
[1.824s] writing dependency_links to bishe_launch.egg-info/dependency_links.txt
[1.825s] writing entry points to bishe_launch.egg-info/entry_points.txt
[1.825s] writing requirements to bishe_launch.egg-info/requires.txt
[1.825s] writing top-level names to bishe_launch.egg-info/top_level.txt
[1.828s] reading manifest file 'bishe_launch.egg-info/SOURCES.txt'
[1.830s] writing manifest file 'bishe_launch.egg-info/SOURCES.txt'
[1.832s] running build_ext
[1.832s] Creating /home/jetson/projects/bishe/edge/install/bishe_launch/lib/python3.10/site-packages/bishe-launch.egg-link (link to .)
[1.834s] 
[1.834s] Installed /home/jetson/projects/bishe/edge/build/bishe_launch
[1.834s] running symlink_data
[1.834s] symbolically linking /home/jetson/projects/bishe/edge/build/bishe_launch/resource/bishe_launch/ros2 -> /home/jetson/projects/bishe/edge/install/bishe_launch/share/ament_index/resource_index/packages
[1.834s] symbolically linking /home/jetson/projects/bishe/edge/build/bishe_launch/launch/multicamera.launch.py -> /home/jetson/projects/bishe/edge/install/bishe_launch/share/bishe_launch/launch
[1.835s] symbolically linking /home/jetson/projects/bishe/edge/build/bishe_launch/config/cameras.yaml -> /home/jetson/projects/bishe/edge/install/bishe_launch/share/bishe_launch/config
[1.835s] symbolically linking /home/jetson/projects/bishe/edge/build/bishe_launch/package.xml -> /home/jetson/projects/bishe/edge/install/bishe_launch/share/bishe_launch
[1.897s] Invoked command in '/home/jetson/projects/bishe/edge/build/bishe_launch' returned '0': PYTHONPATH=/home/jetson/projects/bishe/edge/build/bishe_launch/prefix_override:/usr/lib/python3/dist-packages/colcon_core/task/python/colcon_distutils_commands:/home/jetson/projects/bishe/edge/install/bishe_launch/lib/python3.10/site-packages:${PYTHONPATH} /usr/bin/python3 -W ignore:setup.py install is deprecated -W ignore:easy_install command is deprecated setup.py develop --editable --build-directory /home/jetson/projects/bishe/edge/build/bishe_launch/build --no-deps symlink_data --force
