[0.035s] Invoking command in '/home/jetson/projects/bishe/edge/build/bishe_streamer': CMAKE_PREFIX_PATH=/home/jetson/projects/bishe/edge/install/bishe_msgs:/home/jetson/projects/bishe/edge/install/bishe_streamer:/home/jetson/projects/bishe/edge/install/bishe_monitor:/home/jetson/projects/bishe/edge/install/bishe_detector:/home/jetson/projects/bishe/edge/install/bishe_mqtt:/home/jetson/projects/bishe/edge/install/bishe_camera:/home/jetson/projects/bishe/edge/install/bishe_launch:/opt/ros/humble LD_LIBRARY_PATH=/home/jetson/projects/bishe/edge/install/bishe_msgs/lib:/opt/ros/humble/opt/rviz_ogre_vendor/lib:/opt/ros/humble/lib/aarch64-linux-gnu:/opt/ros/humble/lib:/usr/local/cuda-12.6/lib64 /usr/bin/cmake /home/jetson/projects/bishe/edge/src/bishe_streamer -DCMAKE_INSTALL_PREFIX=/home/jetson/projects/bishe/edge/install/bishe_streamer
[0.060s] -- Found ament_cmake: 1.3.12 (/opt/ros/humble/share/ament_cmake/cmake)
[0.300s] -- Override CMake install command with custom implementation using symlinks instead of copying resources
[0.311s] -- Found rclcpp: 16.0.16 (/opt/ros/humble/share/rclcpp/cmake)
[0.361s] -- Found rosidl_generator_c: 3.1.7 (/opt/ros/humble/share/rosidl_generator_c/cmake)
[0.366s] -- Found rosidl_adapter: 3.1.7 (/opt/ros/humble/share/rosidl_adapter/cmake)
[0.376s] -- Found rosidl_generator_cpp: 3.1.7 (/opt/ros/humble/share/rosidl_generator_cpp/cmake)
[0.392s] -- Using all available rosidl_typesupport_c: rosidl_typesupport_fastrtps_c;rosidl_typesupport_introspection_c
[0.413s] -- Using all available rosidl_typesupport_cpp: rosidl_typesupport_fastrtps_cpp;rosidl_typesupport_introspection_cpp
[0.467s] -- Found rmw_implementation_cmake: 6.1.2 (/opt/ros/humble/share/rmw_implementation_cmake/cmake)
[0.469s] -- Found rmw_fastrtps_cpp: 6.2.9 (/opt/ros/humble/share/rmw_fastrtps_cpp/cmake)
[0.669s] -- Using RMW implementation 'rmw_fastrtps_cpp' as default
[0.774s] -- Found sensor_msgs: 4.9.0 (/opt/ros/humble/share/sensor_msgs/cmake)
[0.830s] -- Found image_transport: 3.1.12 (/opt/ros/humble/share/image_transport/cmake)
[0.868s] -- Found cv_bridge: 3.2.1 (/opt/ros/humble/share/cv_bridge/cmake)
[0.925s] -- Found bishe_msgs: 0.1.0 (/home/jetson/projects/bishe/edge/install/bishe_msgs/share/bishe_msgs/cmake)
[1.130s] -- Configuring done
[1.161s] -- Generating done
[1.172s] -- Build files have been written to: /home/jetson/projects/bishe/edge/build/bishe_streamer
[1.196s] Invoked command in '/home/jetson/projects/bishe/edge/build/bishe_streamer' returned '0': CMAKE_PREFIX_PATH=/home/jetson/projects/bishe/edge/install/bishe_msgs:/home/jetson/projects/bishe/edge/install/bishe_streamer:/home/jetson/projects/bishe/edge/install/bishe_monitor:/home/jetson/projects/bishe/edge/install/bishe_detector:/home/jetson/projects/bishe/edge/install/bishe_mqtt:/home/jetson/projects/bishe/edge/install/bishe_camera:/home/jetson/projects/bishe/edge/install/bishe_launch:/opt/ros/humble LD_LIBRARY_PATH=/home/jetson/projects/bishe/edge/install/bishe_msgs/lib:/opt/ros/humble/opt/rviz_ogre_vendor/lib:/opt/ros/humble/lib/aarch64-linux-gnu:/opt/ros/humble/lib:/usr/local/cuda-12.6/lib64 /usr/bin/cmake /home/jetson/projects/bishe/edge/src/bishe_streamer -DCMAKE_INSTALL_PREFIX=/home/jetson/projects/bishe/edge/install/bishe_streamer
[1.197s] Invoking command in '/home/jetson/projects/bishe/edge/build/bishe_streamer': CMAKE_PREFIX_PATH=/home/jetson/projects/bishe/edge/install/bishe_msgs:/home/jetson/projects/bishe/edge/install/bishe_streamer:/home/jetson/projects/bishe/edge/install/bishe_monitor:/home/jetson/projects/bishe/edge/install/bishe_detector:/home/jetson/projects/bishe/edge/install/bishe_mqtt:/home/jetson/projects/bishe/edge/install/bishe_camera:/home/jetson/projects/bishe/edge/install/bishe_launch:/opt/ros/humble LD_LIBRARY_PATH=/home/jetson/projects/bishe/edge/install/bishe_msgs/lib:/opt/ros/humble/opt/rviz_ogre_vendor/lib:/opt/ros/humble/lib/aarch64-linux-gnu:/opt/ros/humble/lib:/usr/local/cuda-12.6/lib64 /usr/bin/cmake --build /home/jetson/projects/bishe/edge/build/bishe_streamer -- -j6 -l6
[1.272s] [35m[1mConsolidate compiler generated dependencies of target streamer_node[0m
[1.313s] [100%] Built target streamer_node
[1.376s] Invoked command in '/home/jetson/projects/bishe/edge/build/bishe_streamer' returned '0': CMAKE_PREFIX_PATH=/home/jetson/projects/bishe/edge/install/bishe_msgs:/home/jetson/projects/bishe/edge/install/bishe_streamer:/home/jetson/projects/bishe/edge/install/bishe_monitor:/home/jetson/projects/bishe/edge/install/bishe_detector:/home/jetson/projects/bishe/edge/install/bishe_mqtt:/home/jetson/projects/bishe/edge/install/bishe_camera:/home/jetson/projects/bishe/edge/install/bishe_launch:/opt/ros/humble LD_LIBRARY_PATH=/home/jetson/projects/bishe/edge/install/bishe_msgs/lib:/opt/ros/humble/opt/rviz_ogre_vendor/lib:/opt/ros/humble/lib/aarch64-linux-gnu:/opt/ros/humble/lib:/usr/local/cuda-12.6/lib64 /usr/bin/cmake --build /home/jetson/projects/bishe/edge/build/bishe_streamer -- -j6 -l6
[1.378s] Invoking command in '/home/jetson/projects/bishe/edge/build/bishe_streamer': CMAKE_PREFIX_PATH=/home/jetson/projects/bishe/edge/install/bishe_msgs:/home/jetson/projects/bishe/edge/install/bishe_streamer:/home/jetson/projects/bishe/edge/install/bishe_monitor:/home/jetson/projects/bishe/edge/install/bishe_detector:/home/jetson/projects/bishe/edge/install/bishe_mqtt:/home/jetson/projects/bishe/edge/install/bishe_camera:/home/jetson/projects/bishe/edge/install/bishe_launch:/opt/ros/humble LD_LIBRARY_PATH=/home/jetson/projects/bishe/edge/install/bishe_msgs/lib:/opt/ros/humble/opt/rviz_ogre_vendor/lib:/opt/ros/humble/lib/aarch64-linux-gnu:/opt/ros/humble/lib:/usr/local/cuda-12.6/lib64 /usr/bin/cmake --install /home/jetson/projects/bishe/edge/build/bishe_streamer
[1.398s] -- Install configuration: ""
[1.399s] -- Execute custom install script
[1.400s] -- Up-to-date symlink: /home/jetson/projects/bishe/edge/install/bishe_streamer/lib/bishe_streamer/streamer_node
[1.400s] -- Up-to-date symlink: /home/jetson/projects/bishe/edge/install/bishe_streamer/share/ament_index/resource_index/package_run_dependencies/bishe_streamer
[1.400s] -- Up-to-date symlink: /home/jetson/projects/bishe/edge/install/bishe_streamer/share/ament_index/resource_index/parent_prefix_path/bishe_streamer
[1.401s] -- Up-to-date symlink: /home/jetson/projects/bishe/edge/install/bishe_streamer/share/bishe_streamer/environment/ament_prefix_path.sh
[1.402s] -- Up-to-date symlink: /home/jetson/projects/bishe/edge/install/bishe_streamer/share/bishe_streamer/environment/ament_prefix_path.dsv
[1.402s] -- Up-to-date symlink: /home/jetson/projects/bishe/edge/install/bishe_streamer/share/bishe_streamer/environment/path.sh
[1.403s] -- Up-to-date symlink: /home/jetson/projects/bishe/edge/install/bishe_streamer/share/bishe_streamer/environment/path.dsv
[1.404s] -- Up-to-date symlink: /home/jetson/projects/bishe/edge/install/bishe_streamer/share/bishe_streamer/local_setup.bash
[1.405s] -- Up-to-date symlink: /home/jetson/projects/bishe/edge/install/bishe_streamer/share/bishe_streamer/local_setup.sh
[1.405s] -- Up-to-date symlink: /home/jetson/projects/bishe/edge/install/bishe_streamer/share/bishe_streamer/local_setup.zsh
[1.406s] -- Up-to-date symlink: /home/jetson/projects/bishe/edge/install/bishe_streamer/share/bishe_streamer/local_setup.dsv
[1.406s] -- Symlinking: /home/jetson/projects/bishe/edge/install/bishe_streamer/share/bishe_streamer/package.dsv
[1.424s] -- Up-to-date symlink: /home/jetson/projects/bishe/edge/install/bishe_streamer/share/ament_index/resource_index/packages/bishe_streamer
[1.425s] -- Up-to-date symlink: /home/jetson/projects/bishe/edge/install/bishe_streamer/share/bishe_streamer/cmake/bishe_streamerConfig.cmake
[1.425s] -- Up-to-date symlink: /home/jetson/projects/bishe/edge/install/bishe_streamer/share/bishe_streamer/cmake/bishe_streamerConfig-version.cmake
[1.425s] -- Up-to-date symlink: /home/jetson/projects/bishe/edge/install/bishe_streamer/share/bishe_streamer/package.xml
[1.429s] Invoked command in '/home/jetson/projects/bishe/edge/build/bishe_streamer' returned '0': CMAKE_PREFIX_PATH=/home/jetson/projects/bishe/edge/install/bishe_msgs:/home/jetson/projects/bishe/edge/install/bishe_streamer:/home/jetson/projects/bishe/edge/install/bishe_monitor:/home/jetson/projects/bishe/edge/install/bishe_detector:/home/jetson/projects/bishe/edge/install/bishe_mqtt:/home/jetson/projects/bishe/edge/install/bishe_camera:/home/jetson/projects/bishe/edge/install/bishe_launch:/opt/ros/humble LD_LIBRARY_PATH=/home/jetson/projects/bishe/edge/install/bishe_msgs/lib:/opt/ros/humble/opt/rviz_ogre_vendor/lib:/opt/ros/humble/lib/aarch64-linux-gnu:/opt/ros/humble/lib:/usr/local/cuda-12.6/lib64 /usr/bin/cmake --install /home/jetson/projects/bishe/edge/build/bishe_streamer
