[0.067s] Invoking command in '/home/jetson/projects/bishe/edge/build/bishe_camera': AMENT_PREFIX_PATH=/home/jetson/projects/bishe/edge/install/bishe_msgs:${AMENT_PREFIX_PATH} CMAKE_PREFIX_PATH=/home/jetson/projects/bishe/edge/install/bishe_msgs:/opt/ros/humble LD_LIBRARY_PATH=/home/jetson/projects/bishe/edge/install/bishe_msgs/lib:/opt/ros/humble/opt/rviz_ogre_vendor/lib:/opt/ros/humble/lib/aarch64-linux-gnu:/opt/ros/humble/lib:/usr/local/cuda-12.6/lib64 PYTHONPATH=/home/jetson/projects/bishe/edge/install/bishe_msgs/local/lib/python3.10/dist-packages:${PYTHONPATH} /usr/bin/cmake --build /home/jetson/projects/bishe/edge/build/bishe_camera -- -j6 -l6
[0.154s] -- Found ament_cmake: 1.3.12 (/opt/ros/humble/share/ament_cmake/cmake)
[0.728s] -- Override CMake install command with custom implementation using symlinks instead of copying resources
[0.745s] -- Found rclcpp: 16.0.16 (/opt/ros/humble/share/rclcpp/cmake)
[0.864s] -- Found rosidl_generator_c: 3.1.7 (/opt/ros/humble/share/rosidl_generator_c/cmake)
[0.880s] -- Found rosidl_adapter: 3.1.7 (/opt/ros/humble/share/rosidl_adapter/cmake)
[0.914s] -- Found rosidl_generator_cpp: 3.1.7 (/opt/ros/humble/share/rosidl_generator_cpp/cmake)
[0.956s] -- Using all available rosidl_typesupport_c: rosidl_typesupport_fastrtps_c;rosidl_typesupport_introspection_c
[0.996s] -- Using all available rosidl_typesupport_cpp: rosidl_typesupport_fastrtps_cpp;rosidl_typesupport_introspection_cpp
[1.139s] -- Found rmw_implementation_cmake: 6.1.2 (/opt/ros/humble/share/rmw_implementation_cmake/cmake)
[1.151s] -- Found rmw_fastrtps_cpp: 6.2.9 (/opt/ros/humble/share/rmw_fastrtps_cpp/cmake)
[1.502s] -- Using RMW implementation 'rmw_fastrtps_cpp' as default
[1.659s] -- Found rclcpp_components: 16.0.16 (/opt/ros/humble/share/rclcpp_components/cmake)
[1.713s] -- Found sensor_msgs: 4.9.0 (/opt/ros/humble/share/sensor_msgs/cmake)
[1.790s] -- Found image_transport: 3.1.12 (/opt/ros/humble/share/image_transport/cmake)
[1.831s] -- Found cv_bridge: 3.2.1 (/opt/ros/humble/share/cv_bridge/cmake)
[1.939s] -- Found bishe_msgs: 0.1.0 (/home/jetson/projects/bishe/edge/install/bishe_msgs/share/bishe_msgs/cmake)
[2.225s] -- Configuring done
[2.387s] -- Generating done
[2.408s] -- Build files have been written to: /home/jetson/projects/bishe/edge/build/bishe_camera
[2.512s] Consolidate compiler generated dependencies of target bishe_camera_component
[2.558s] [ 25%] Building CXX object CMakeFiles/bishe_camera_component.dir/src/camera_node.cpp.o
[3.703s] /home/jetson/projects/bishe/edge/src/bishe_camera/src/camera_node.cpp:13:10: fatal error: bishe_msgs/shared_frame_ring.hpp: 没有那个文件或目录
[3.703s]    13 | #include "bishe_msgs/shared_frame_ring.hpp"
[3.703s]       |          ^~~~~~~~~~~~~~~~~~~~~~~~~~~~~~~~~~
[3.703s] compilation terminated.
[3.703s] gmake[2]: *** [CMakeFiles/bishe_camera_component.dir/build.make:76：CMakeFiles/bishe_camera_component.dir/src/camera_node.cpp.o] 错误 1
[3.703s] gmake[1]: *** [CMakeFiles/Makefile2:139：CMakeFiles/bishe_camera_component.dir/all] 错误 2
[3.703s] gmake: *** [Makefile:146：all] 错误 2
