[0.035s] Invoking command in '/home/jetson/projects/bishe/build/bishe_camera': CMAKE_PREFIX_PATH=${CMAKE_PREFIX_PATH}:/home/jetson/projects/bishe/install/bishe_launch:/opt/ros/humble /usr/bin/cmake --build /home/jetson/projects/bishe/build/bishe_camera -- -j6 -l6
[0.521s] [100%] Built target camera_node
[0.524s] Invoked command in '/home/jetson/projects/bishe/build/bishe_camera' returned '0': CMAKE_PREFIX_PATH=${CMAKE_PREFIX_PATH}:/home/jetson/projects/bishe/install/bishe_launch:/opt/ros/humble /usr/bin/cmake --build /home/jetson/projects/bishe/build/bishe_camera -- -j6 -l6
[0.537s] Invoking command in '/home/jetson/projects/bishe/build/bishe_camera': CMAKE_PREFIX_PATH=${CMAKE_PREFIX_PATH}:/home/jetson/projects/bishe/install/bishe_launch:/opt/ros/humble /usr/bin/cmake --install /home/jetson/projects/bishe/build/bishe_camera
[0.547s] -- Install configuration: ""
[0.548s] -- Execute custom install script
[0.548s] -- Up-to-date symlink: /home/jetson/projects/bishe/install/bishe_camera/lib/bishe_camera/camera_node
[0.549s] -- Up-to-date symlink: /home/jetson/projects/bishe/install/bishe_camera/share/ament_index/resource_index/package_run_dependencies/bishe_camera
[0.549s] -- Up-to-date symlink: /home/jetson/projects/bishe/install/bishe_camera/share/ament_index/resource_index/parent_prefix_path/bishe_camera
[0.549s] -- Up-to-date symlink: /home/jetson/projects/bishe/install/bishe_camera/share/bishe_camera/environment/ament_prefix_path.sh
[0.550s] -- Up-to-date symlink: /home/jetson/projects/bishe/install/bishe_camera/share/bishe_camera/environment/ament_prefix_path.dsv
[0.550s] -- Up-to-date symlink: /home/jetson/projects/bishe/install/bishe_camera/share/bishe_camera/environment/path.sh
[0.550s] -- Up-to-date symlink: /home/jetson/projects/bishe/install/bishe_camera/share/bishe_camera/environment/path.dsv
[0.551s] -- Up-to-date symlink: /home/jetson/projects/bishe/install/bishe_camera/share/bishe_camera/local_setup.bash
[0.551s] -- Up-to-date symlink: /home/jetson/projects/bishe/install/bishe_camera/share/bishe_camera/local_setup.sh
[0.552s] -- Up-to-date symlink: /home/jetson/projects/bishe/install/bishe_camera/share/bishe_camera/local_setup.zsh
[0.552s] -- Up-to-date symlink: /home/jetson/projects/bishe/install/bishe_camera/share/bishe_camera/local_setup.dsv
[0.553s] -- Symlinking: /home/jetson/projects/bishe/install/bishe_camera/share/bishe_camera/package.dsv
[0.571s] -- Up-to-date symlink: /home/jetson/projects/bishe/install/bishe_camera/share/ament_index/resource_index/packages/bishe_camera
[0.571s] -- Up-to-date symlink: /home/jetson/projects/bishe/install/bishe_camera/share/bishe_camera/cmake/bishe_cameraConfig.cmake
[0.572s] -- Up-to-date symlink: /home/jetson/projects/bishe/install/bishe_camera/share/bishe_camera/cmake/bishe_cameraConfig-version.cmake
[0.572s] -- Up-to-date symlink: /home/jetson/projects/bishe/install/bishe_camera/share/bishe_camera/package.xml
[0.575s] Invoked command in '/home/jetson/projects/bishe/build/bishe_camera' returned '0': CMAKE_PREFIX_PATH=${CMAKE_PREFIX_PATH}:/home/jetson/projects/bishe/install/bishe_launch:/opt/ros/humble /usr/bin/cmake --install /home/jetson/projects/bishe/build/bishe_camera
