[0.024s] Invoking command in '/home/jetson/projects/bishe/build/bishe_monitor': AMENT_PREFIX_PATH=/home/jetson/projects/bishe/install/bishe_msgs:${AMENT_PREFIX_PATH} CMAKE_PREFIX_PATH=/home/jetson/projects/bishe/install/bishe_msgs:/opt/ros/humble LD_LIBRARY_PATH=/home/jetson/projects/bishe/install/bishe_msgs/lib:/opt/ros/humble/opt/rviz_ogre_vendor/lib:/opt/ros/humble/lib/aarch64-linux-gnu:/opt/ros/humble/lib:/usr/local/cuda-12.6/lib64 PYTHONPATH=/home/jetson/projects/bishe/install/bishe_msgs/local/lib/python3.10/dist-packages:${PYTHONPATH} /usr/bin/cmake --build /home/jetson/projects/bishe/build/bishe_monitor -- -j6 -l6
[0.138s] [100%] Built target monitor_node
[0.165s] Invoked command in '/home/jetson/projects/bishe/build/bishe_monitor' returned '0': AMENT_PREFIX_PATH=/home/jetson/projects/bishe/install/bishe_msgs:${AMENT_PREFIX_PATH} CMAKE_PREFIX_PATH=/home/jetson/projects/bishe/install/bishe_msgs:/opt/ros/humble LD_LIBRARY_PATH=/home/jetson/projects/bishe/install/bishe_msgs/lib:/opt/ros/humble/opt/rviz_ogre_vendor/lib:/opt/ros/humble/lib/aarch64-linux-gnu:/opt/ros/humble/lib:/usr/local/cuda-12.6/lib64 PYTHONPATH=/home/jetson/projects/bishe/install/bishe_msgs/local/lib/python3.10/dist-packages:${PYTHONPATH} /usr/bin/cmake --build /home/jetson/projects/bishe/build/bishe_monitor -- -j6 -l6
[0.169s] Invoking command in '/home/jetson/projects/bishe/build/bishe_monitor': AMENT_PREFIX_PATH=/home/jetson/projects/bishe/install/bishe_msgs:${AMENT_PREFIX_PATH} CMAKE_PREFIX_PATH=/home/jetson/projects/bishe/install/bishe_msgs:/opt/ros/humble LD_LIBRARY_PATH=/home/jetson/projects/bishe/install/bishe_msgs/lib:/opt/ros/humble/opt/rviz_ogre_vendor/lib:/opt/ros/humble/lib/aarch64-linux-gnu:/opt/ros/humble/lib:/usr/local/cuda-12.6/lib64 PYTHONPATH=/home/jetson/projects/bishe/install/bishe_msgs/local/lib/python3.10/dist-packages:${PYTHONPATH} /usr/bin/cmake --install /home/jetson/projects/bishe/build/bishe_monitor
[0.181s] -- Install configuration: ""
[0.183s] -- Up-to-date: /home/jetson/projects/bishe/install/bishe_monitor/lib/bishe_monitor/monitor_node
[0.185s] -- Up-to-date: /home/jetson/projects/bishe/install/bishe_monitor/share/bishe_monitor/config/config.yaml
[0.185s] -- Up-to-date: /home/jetson/projects/bishe/install/bishe_monitor/share/ament_index/resource_index/package_run_dependencies/bishe_monitor
[0.197s] -- Up-to-date: /home/jetson/projects/bishe/install/bishe_monitor/share/ament_index/resource_index/parent_prefix_path/bishe_monitor
[0.198s] -- Up-to-date: /home/jetson/projects/bishe/install/bishe_monitor/share/bishe_monitor/environment/ament_prefix_path.sh
[0.199s] -- Up-to-date: /home/jetson/projects/bishe/install/bishe_monitor/share/bishe_monitor/environment/ament_prefix_path.dsv
[0.200s] -- Up-to-date: /home/jetson/projects/bishe/install/bishe_monitor/share/bishe_monitor/environment/path.sh
[0.200s] -- Up-to-date: /home/jetson/projects/bishe/install/bishe_monitor/share/bishe_monitor/environment/path.dsv
[0.201s] -- Up-to-date: /home/jetson/projects/bishe/install/bishe_monitor/share/bishe_monitor/local_setup.bash
[0.202s] -- Up-to-date: /home/jetson/projects/bishe/install/bishe_monitor/share/bishe_monitor/local_setup.sh
[0.202s] -- Up-to-date: /home/jetson/projects/bishe/install/bishe_monitor/share/bishe_monitor/local_setup.zsh
[0.203s] -- Up-to-date: /home/jetson/projects/bishe/install/bishe_monitor/share/bishe_monitor/local_setup.dsv
[0.203s] -- Installing: /home/jetson/projects/bishe/install/bishe_monitor/share/bishe_monitor/package.dsv
[0.204s] -- Up-to-date: /home/jetson/projects/bishe/install/bishe_monitor/share/ament_index/resource_index/packages/bishe_monitor
[0.205s] -- Up-to-date: /home/jetson/projects/bishe/install/bishe_monitor/share/bishe_monitor/cmake/bishe_monitorConfig.cmake
[0.205s] -- Up-to-date: /home/jetson/projects/bishe/install/bishe_monitor/share/bishe_monitor/cmake/bishe_monitorConfig-version.cmake
[0.205s] -- Up-to-date: /home/jetson/projects/bishe/install/bishe_monitor/share/bishe_monitor/package.xml
[0.231s] Invoked command in '/home/jetson/projects/bishe/build/bishe_monitor' returned '0': AMENT_PREFIX_PATH=/home/jetson/projects/bishe/install/bishe_msgs:${AMENT_PREFIX_PATH} CMAKE_PREFIX_PATH=/home/jetson/projects/bishe/install/bishe_msgs:/opt/ros/humble LD_LIBRARY_PATH=/home/jetson/projects/bishe/install/bishe_msgs/lib:/opt/ros/humble/opt/rviz_ogre_vendor/lib:/opt/ros/humble/lib/aarch64-linux-gnu:/opt/ros/humble/lib:/usr/local/cuda-12.6/lib64 PYTHONPATH=/home/jetson/projects/bishe/install/bishe_msgs/local/lib/python3.10/dist-packages:${PYTHONPATH} /usr/bin/cmake --install /home/jetson/projects/bishe/build/bishe_monitor
