[0.273s] colcon DEBUG Command line arguments: ['/usr/bin/colcon', 'build', '--packages-select', 'bishe_streamer', '--symlink-install']
[0.273s] colcon DEBUG Parsed command line arguments: Namespace(log_base=None, log_level=None, verb_name='build', build_base='build', install_base='install', merge_install=False, symlink_install=True, test_result_base=None, continue_on_error=False, executor='parallel', parallel_workers=6, event_handlers=None, ignore_user_meta=False, metas=['./colcon.meta'], base_paths=['.'], packages_ignore=None, packages_ignore_regex=None, paths=None, packages_up_to=None, packages_up_to_regex=None, packages_above=None, packages_above_and_dependencies=None, packages_above_depth=None, packages_select_by_dep=None, packages_skip_by_dep=None, packages_skip_up_to=None, packages_select_build_failed=False, packages_skip_build_finished=False, packages_select_test_failures=False, packages_skip_test_passed=False, packages_select=['bishe_streamer'], packages_skip=None, packages_select_regex=None, packages_skip_regex=None, packages_start=None, packages_end=None, allow_overriding=[], cmake_args=None, cmake_target=None, cmake_target_skip_unavailable=False, cmake_clean_cache=False, cmake_clean_first=False, cmake_force_configure=False, ament_cmake_args=None, catkin_cmake_args=None, catkin_skip_building_tests=False, verb_parser=<colcon_defaults.argument_parser.defaults.DefaultArgumentsDecorator object at 0xffff90ed5b40>, verb_extension=<colcon_core.verb.build.BuildVerb object at 0xffff90ed5600>, main=<bound method BuildVerb.main of <colcon_core.verb.build.BuildVerb object at 0xffff90ed5600>>)
[0.720s] colcon.colcon_core.package_discovery Level 1 discover_packages(colcon_meta) check parameters
[0.720s] colcon.colcon_core.package_discovery Level 1 discover_packages(recursive) check parameters
[0.720s] colcon.colcon_core.package_discovery Level 1 discover_packages(ignore) check parameters
[0.720s] colcon.colcon_core.package_discovery Level 1 discover_packages(path) check parameters
[0.720s] colcon.colcon_core.package_discovery Level 1 discover_packages(colcon_meta) discover
[0.721s] colcon.colcon_core.package_discovery Level 1 discover_packages(recursive) discover
[0.721s] colcon.colcon_core.package_discovery INFO Crawling recursively for packages in '/home/jetson/projects/bishe/edge'
[0.721s] colcon.colcon_core.package_identification Level 1 _identify(.) by extensions ['ignore', 'ignore_ament_install']
[0.721s] colcon.colcon_core.package_identification Level 1 _identify(.) by extension 'ignore'
[0.721s] colcon.colcon_core.package_identification Level 1 _identify(.) by extension 'ignore_ament_install'
[0.722s] colcon.colcon_core.package_identification Level 1 _identify(.) by extensions ['colcon_pkg']
[0.722s] colcon.colcon_core.package_identification Level 1 _identify(.) by extension 'colcon_pkg'
[0.722s] colcon.colcon_core.package_identification Level 1 _identify(.) by extensions ['colcon_meta']
[0.722s] colcon.colcon_core.package_identification Level 1 _identify(.) by extension 'colcon_meta'
[0.722s] colcon.colcon_core.package_identification Level 1 _identify(.) by extensions ['ros']
[0.722s] colcon.colcon_core.package_identification Level 1 _identify(.) by extension 'ros'
[0.750s] colcon.colcon_core.package_identification Level 1 _identify(.) by extensions ['cmake', 'python']
[0.750s] colcon.colcon_core.package_identification Level 1 _identify(.) by extension 'cmake'
[0.750s] colcon.colcon_core.package_identification Level 1 _identify(.) by extension 'python'
[0.750s] colcon.colcon_core.package_identification Level 1 _identify(.) by extensions ['python_setup_py']
[0.750s] colcon.colcon_core.package_identification Level 1 _identify(.) by extension 'python_setup_py'
[0.751s] colcon.colcon_core.package_identification Level 1 _identify(assets) by extensions ['ignore', 'ignore_ament_install']
[0.751s] colcon.colcon_core.package_identification Level 1 _identify(assets) by extension 'ignore'
[0.751s] colcon.colcon_core.package_identification Level 1 _identify(assets) by extension 'ignore_ament_install'
[0.751s] colcon.colcon_core.package_identification Level 1 _identify(assets) by extensions ['colcon_pkg']
[0.751s] colcon.colcon_core.package_identification Level 1 _identify(assets) by extension 'colcon_pkg'
[0.752s] colcon.colcon_core.package_identification Level 1 _identify(assets) by extensions ['colcon_meta']
[0.752s] colcon.colcon_core.package_identification Level 1 _identify(assets) by extension 'colcon_meta'
[0.752s] colcon.colcon_core.package_identification Level 1 _identify(assets) by extensions ['ros']
[0.752s] colcon.colcon_core.package_identification Level 1 _identify(assets) by extension 'ros'
[0.752s] colcon.colcon_core.package_identification Level 1 _identify(assets) by extensions ['cmake', 'python']
[0.752s] colcon.colcon_core.package_identification Level 1 _identify(assets) by extension 'cmake'
[0.752s] colcon.colcon_core.package_identification Level 1 _identify(assets) by extension 'python'
[0.752s] colcon.colcon_core.package_identification Level 1 _identify(assets) by extensions ['python_setup_py']
[0.752s] colcon.colcon_core.package_identification Level 1 _identify(assets) by extension 'python_setup_py'
[0.753s] colcon.colcon_core.package_identification Level 1 _identify(build) by extensions ['ignore', 'ignore_ament_install']
[0.753s] colcon.colcon_core.package_identification Level 1 _identify(build) by extension 'ignore'
[0.753s] colcon.colcon_core.package_identification Level 1 _identify(build) ignored
[0.753s] colcon.colcon_core.package_identification Level 1 _identify(docs) by extensions ['ignore', 'ignore_ament_install']
[0.753s] colcon.colcon_core.package_identification Level 1 _identify(docs) by extension 'ignore'
[0.754s] colcon.colcon_core.package_identification Level 1 _identify(docs) by extension 'ignore_ament_install'
[0.754s] colcon.colcon_core.package_identification Level 1 _identify(docs) by extensions ['colcon_pkg']
[0.754s] colcon.colcon_core.package_identification Level 1 _identify(docs) by extension 'colcon_pkg'
[0.754s] colcon.colcon_core.package_identification Level 1 _identify(docs) by extensions ['colcon_meta']
[0.754s] colcon.colcon_core.package_identification Level 1 _identify(docs) by extension 'colcon_meta'
[0.754s] colcon.colcon_core.package_identification Level 1 _identify(docs) by extensions ['ros']
[0.754s] colcon.colcon_core.package_identification Level 1 _identify(docs) by extension 'ros'
[0.754s] colcon.colcon_core.package_identification Level 1 _identify(docs) by extensions ['cmake', 'python']
[0.754s] colcon.colcon_core.package_identification Level 1 _identify(docs) by extension 'cmake'
[0.754s] colcon.colcon_core.package_identification Level 1 _identify(docs) by extension 'python'
[0.754s] colcon.colcon_core.package_identification Level 1 _identify(docs) by extensions ['python_setup_py']
[0.754s] colcon.colcon_core.package_identification Level 1 _identify(docs) by extension 'python_setup_py'
[0.755s] colcon.colcon_core.package_identification Level 1 _identify(docs/superpowers) by extensions ['ignore', 'ignore_ament_install']
[0.755s] colcon.colcon_core.package_identification Level 1 _identify(docs/superpowers) by extension 'ignore'
[0.755s] colcon.colcon_core.package_identification Level 1 _identify(docs/superpowers) by extension 'ignore_ament_install'
[0.755s] colcon.colcon_core.package_identification Level 1 _identify(docs/superpowers) by extensions ['colcon_pkg']
[0.755s] colcon.colcon_core.package_identification Level 1 _identify(docs/superpowers) by extension 'colcon_pkg'
[0.755s] colcon.colcon_core.package_identification Level 1 _identify(docs/superpowers) by extensions ['colcon_meta']
[0.755s] colcon.colcon_core.package_identification Level 1 _identify(docs/superpowers) by extension 'colcon_meta'
[0.755s] colcon.colcon_core.package_identification Level 1 _identify(docs/superpowers) by extensions ['ros']
[0.755s] colcon.colcon_core.package_identification Level 1 _identify(docs/superpowers) by extension 'ros'
[0.755s] colcon.colcon_core.package_identification Level 1 _identify(docs/superpowers) by extensions ['cmake', 'python']
[0.756s] colcon.colcon_core.package_identification Level 1 _identify(docs/superpowers) by extension 'cmake'
[0.756s] colcon.colcon_core.package_identification Level 1 _identify(docs/superpowers) by extension 'python'
[0.756s] colcon.colcon_core.package_identification Level 1 _identify(docs/superpowers) by extensions ['python_setup_py']
[0.756s] colcon.colcon_core.package_identification Level 1 _identify(docs/superpowers) by extension 'python_setup_py'
[0.756s] colcon.colcon_core.package_identification Level 1 _identify(docs/superpowers/plans) by extensions ['ignore', 'ignore_ament_install']
[0.756s] colcon.colcon_core.package_identification Level 1 _identify(docs/superpowers/plans) by extension 'ignore'
[0.756s] colcon.colcon_core.package_identification Level 1 _identify(docs/superpowers/plans) by extension 'ignore_ament_install'
[0.756s] colcon.colcon_core.package_identification Level 1 _identify(docs/superpowers/plans) by extensions ['colcon_pkg']
[0.757s] colcon.colcon_core.package_identification Level 1 _identify(docs/superpowers/plans) by extension 'colcon_pkg'
[0.757s] colcon.colcon_core.package_identification Level 1 _identify(docs/superpowers/plans) by extensions ['colcon_meta']
[0.757s] colcon.colcon_core.package_identification Level 1 _identify(docs/superpowers/plans) by extension 'colcon_meta'
[0.757s] colcon.colcon_core.package_identification Level 1 _identify(docs/superpowers/plans) by extensions ['ros']
[0.757s] colcon.colcon_core.package_identification Level 1 _identify(docs/superpowers/plans) by extension 'ros'
[0.757s] colcon.colcon_core.package_identification Level 1 _identify(docs/superpowers/plans) by extensions ['cmake', 'python']
[0.757s] colcon.colcon_core.package_identification Level 1 _identify(docs/superpowers/plans) by extension 'cmake'
[0.757s] colcon.colcon_core.package_identification Level 1 _identify(docs/superpowers/plans) by extension 'python'
[0.758s] colcon.colcon_core.package_identification Level 1 _identify(docs/superpowers/plans) by extensions ['python_setup_py']
[0.758s] colcon.colcon_core.package_identification Level 1 _identify(docs/superpowers/plans) by extension 'python_setup_py'
[0.758s] colcon.colcon_core.package_identification Level 1 _identify(docs/superpowers/specs) by extensions ['ignore', 'ignore_ament_install']
[0.758s] colcon.colcon_core.package_identification Level 1 _identify(docs/superpowers/specs) by extension 'ignore'
[0.758s] colcon.colcon_core.package_identification Level 1 _identify(docs/superpowers/specs) by extension 'ignore_ament_install'
[0.758s] colcon.colcon_core.package_identification Level 1 _identify(docs/superpowers/specs) by extensions ['colcon_pkg']
[0.758s] colcon.colcon_core.package_identification Level 1 _identify(docs/superpowers/specs) by extension 'colcon_pkg'
[0.758s] colcon.colcon_core.package_identification Level 1 _identify(docs/superpowers/specs) by extensions ['colcon_meta']
[0.758s] colcon.colcon_core.package_identification Level 1 _identify(docs/superpowers/specs) by extension 'colcon_meta'
[0.759s] colcon.colcon_core.package_identification Level 1 _identify(docs/superpowers/specs) by extensions ['ros']
[0.759s] colcon.colcon_core.package_identification Level 1 _identify(docs/superpowers/specs) by extension 'ros'
[0.759s] colcon.colcon_core.package_identification Level 1 _identify(docs/superpowers/specs) by extensions ['cmake', 'python']
[0.759s] colcon.colcon_core.package_identification Level 1 _identify(docs/superpowers/specs) by extension 'cmake'
[0.759s] colcon.colcon_core.package_identification Level 1 _identify(docs/superpowers/specs) by extension 'python'
[0.759s] colcon.colcon_core.package_identification Level 1 _identify(docs/superpowers/specs) by extensions ['python_setup_py']
[0.759s] colcon.colcon_core.package_identification Level 1 _identify(docs/superpowers/specs) by extension 'python_setup_py'
[0.759s] colcon.colcon_core.package_identification Level 1 _identify(install) by extensions ['ignore', 'ignore_ament_install']
[0.759s] colcon.colcon_core.package_identification Level 1 _identify(install) by extension 'ignore'
[0.760s] colcon.colcon_core.package_identification Level 1 _identify(install) ignored
[0.760s] colcon.colcon_core.package_identification Level 1 _identify(log) by extensions ['ignore', 'ignore_ament_install']
[0.761s] colcon.colcon_core.package_identification Level 1 _identify(log) by extension 'ignore'
[0.761s] colcon.colcon_core.package_identification Level 1 _identify(log) ignored
[0.761s] colcon.colcon_core.package_identification Level 1 _identify(models) by extensions ['ignore', 'ignore_ament_install']
[0.762s] colcon.colcon_core.package_identification Level 1 _identify(models) by extension 'ignore'
[0.762s] colcon.colcon_core.package_identification Level 1 _identify(models) by extension 'ignore_ament_install'
[0.762s] colcon.colcon_core.package_identification Level 1 _identify(models) by extensions ['colcon_pkg']
[0.762s] colcon.colcon_core.package_identification Level 1 _identify(models) by extension 'colcon_pkg'
[0.762s] colcon.colcon_core.package_identification Level 1 _identify(models) by extensions ['colcon_meta']
[0.762s] colcon.colcon_core.package_identification Level 1 _identify(models) by extension 'colcon_meta'
[0.762s] colcon.colcon_core.package_identification Level 1 _identify(models) by extensions ['ros']
[0.762s] colcon.colcon_core.package_identification Level 1 _identify(models) by extension 'ros'
[0.763s] colcon.colcon_core.package_identification Level 1 _identify(models) by extensions ['cmake', 'python']
[0.763s] colcon.colcon_core.package_identification Level 1 _identify(models) by extension 'cmake'
[0.763s] colcon.colcon_core.package_identification Level 1 _identify(models) by extension 'python'
[0.763s] colcon.colcon_core.package_identification Level 1 _identify(models) by extensions ['python_setup_py']
[0.763s] colcon.colcon_core.package_identification Level 1 _identify(models) by extension 'python_setup_py'
[0.763s] colcon.colcon_core.package_identification Level 1 _identify(src) by extensions ['ignore', 'ignore_ament_install']
[0.763s] colcon.colcon_core.package_identification Level 1 _identify(src) by extension 'ignore'
[0.764s] colcon.colcon_core.package_identification Level 1 _identify(src) by extension 'ignore_ament_install'
[0.764s] colcon.colcon_core.package_identification Level 1 _identify(src) by extensions ['colcon_pkg']
[0.764s] colcon.colcon_core.package_identification Level 1 _identify(src) by extension 'colcon_pkg'
[0.764s] colcon.colcon_core.package_identification Level 1 _identify(src) by extensions ['colcon_meta']
[0.764s] colcon.colcon_core.package_identification Level 1 _identify(src) by extension 'colcon_meta'
[0.764s] colcon.colcon_core.package_identification Level 1 _identify(src) by extensions ['ros']
[0.764s] colcon.colcon_core.package_identification Level 1 _identify(src) by extension 'ros'
[0.764s] colcon.colcon_core.package_identification Level 1 _identify(src) by extensions ['cmake', 'python']
[0.764s] colcon.colcon_core.package_identification Level 1 _identify(src) by extension 'cmake'
[0.764s] colcon.colcon_core.package_identification Level 1 _identify(src) by extension 'python'
[0.764s] colcon.colcon_core.package_identification Level 1 _identify(src) by extensions ['python_setup_py']
[0.765s] colcon.colcon_core.package_identification Level 1 _identify(src) by extension 'python_setup_py'
[0.765s] colcon.colcon_core.package_identification Level 1 _identify(src/bishe_camera) by extensions ['ignore', 'ignore_ament_install']
[0.765s] colcon.colcon_core.package_identification Level 1 _identify(src/bishe_camera) by extension 'ignore'
[0.766s] colcon.colcon_core.package_identification Level 1 _identify(src/bishe_camera) by extension 'ignore_ament_install'
[0.766s] colcon.colcon_core.package_identification Level 1 _identify(src/bishe_camera) by extensions ['colcon_pkg']
[0.766s] colcon.colcon_core.package_identification Level 1 _identify(src/bishe_camera) by extension 'colcon_pkg'
[0.766s] colcon.colcon_core.package_identification Level 1 _identify(src/bishe_camera) by extensions ['colcon_meta']
[0.766s] colcon.colcon_core.package_identification Level 1 _identify(src/bishe_camera) by extension 'colcon_meta'
[0.766s] colcon.colcon_core.package_identification Level 1 _identify(src/bishe_camera) by extensions ['ros']
[0.766s] colcon.colcon_core.package_identification Level 1 _identify(src/bishe_camera) by extension 'ros'
[0.775s] colcon.colcon_core.package_identification DEBUG Package 'src/bishe_camera' with type 'ros.ament_cmake' and name 'bishe_camera'
[0.775s] colcon.colcon_core.package_identification Level 1 _identify(src/bishe_detector) by extensions ['ignore', 'ignore_ament_install']
[0.775s] colcon.colcon_core.package_identification Level 1 _identify(src/bishe_detector) by extension 'ignore'
[0.775s] colcon.colcon_core.package_identification Level 1 _identify(src/bishe_detector) by extension 'ignore_ament_install'
[0.776s] colcon.colcon_core.package_identification Level 1 _identify(src/bishe_detector) by extensions ['colcon_pkg']
[0.776s] colcon.colcon_core.package_identification Level 1 _identify(src/bishe_detector) by extension 'colcon_pkg'
[0.776s] colcon.colcon_core.package_identification Level 1 _identify(src/bishe_detector) by extensions ['colcon_meta']
[0.776s] colcon.colcon_core.package_identification Level 1 _identify(src/bishe_detector) by extension 'colcon_meta'
[0.776s] colcon.colcon_core.package_identification Level 1 _identify(src/bishe_detector) by extensions ['ros']
[0.776s] colcon.colcon_core.package_identification Level 1 _identify(src/bishe_detector) by extension 'ros'
[0.779s] colcon.colcon_core.package_identification DEBUG Package 'src/bishe_detector' with type 'ros.ament_cmake' and name 'bishe_detector'
[0.780s] colcon.colcon_core.package_identification Level 1 _identify(src/bishe_launch) by extensions ['ignore', 'ignore_ament_install']
[0.780s] colcon.colcon_core.package_identification Level 1 _identify(src/bishe_launch) by extension 'ignore'
[0.780s] colcon.colcon_core.package_identification Level 1 _identify(src/bishe_launch) by extension 'ignore_ament_install'
[0.780s] colcon.colcon_core.package_identification Level 1 _identify(src/bishe_launch) by extensions ['colcon_pkg']
[0.780s] colcon.colcon_core.package_identification Level 1 _identify(src/bishe_launch) by extension 'colcon_pkg'
[0.780s] colcon.colcon_core.package_identification Level 1 _identify(src/bishe_launch) by extensions ['colcon_meta']
[0.780s] colcon.colcon_core.package_identification Level 1 _identify(src/bishe_launch) by extension 'colcon_meta'
[0.781s] colcon.colcon_core.package_identification Level 1 _identify(src/bishe_launch) by extensions ['ros']
[0.781s] colcon.colcon_core.package_identification Level 1 _identify(src/bishe_launch) by extension 'ros'
[0.783s] colcon.colcon_core.package_identification DEBUG Package 'src/bishe_launch' with type 'ros.ament_python' and name 'bishe_launch'
[0.785s] colcon.colcon_core.package_identification Level 1 _identify(src/bishe_monitor) by extensions ['ignore', 'ignore_ament_install']
[0.785s] colcon.colcon_core.package_identification Level 1 _identify(src/bishe_monitor) by extension 'ignore'
[0.785s] colcon.colcon_core.package_identification Level 1 _identify(src/bishe_monitor) by extension 'ignore_ament_install'
[0.786s] colcon.colcon_core.package_identification Level 1 _identify(src/bishe_monitor) by extensions ['colcon_pkg']
[0.786s] colcon.colcon_core.package_identification Level 1 _identify(src/bishe_monitor) by extension 'colcon_pkg'
[0.786s] colcon.colcon_core.package_identification Level 1 _identify(src/bishe_monitor) by extensions ['colcon_meta']
[0.786s] colcon.colcon_core.package_identification Level 1 _identify(src/bishe_monitor) by extension 'colcon_meta'
[0.786s] colcon.colcon_core.package_identification Level 1 _identify(src/bishe_monitor) by extensions ['ros']
[0.786s] colcon.colcon_core.package_identification Level 1 _identify(src/bishe_monitor) by extension 'ros'
[0.789s] colcon.colcon_core.package_identification DEBUG Package 'src/bishe_monitor' with type 'ros.ament_cmake' and name 'bishe_monitor'
[0.789s] colcon.colcon_core.package_identification Level 1 _identify(src/bishe_mqtt) by extensions ['ignore', 'ignore_ament_install']
[0.790s] colcon.colcon_core.package_identification Level 1 _identify(src/bishe_mqtt) by extension 'ignore'
[0.790s] colcon.colcon_core.package_identification Level 1 _identify(src/bishe_mqtt) by extension 'ignore_ament_install'
[0.790s] colcon.colcon_core.package_identification Level 1 _identify(src/bishe_mqtt) by extensions ['colcon_pkg']
[0.790s] colcon.colcon_core.package_identification Level 1 _identify(src/bishe_mqtt) by extension 'colcon_pkg'
[0.790s] colcon.colcon_core.package_identification Level 1 _identify(src/bishe_mqtt) by extensions ['colcon_meta']
[0.790s] colcon.colcon_core.package_identification Level 1 _identify(src/bishe_mqtt) by extension 'colcon_meta'
[0.790s] colcon.colcon_core.package_identification Level 1 _identify(src/bishe_mqtt) by extensions ['ros']
[0.790s] colcon.colcon_core.package_identification Level 1 _identify(src/bishe_mqtt) by extension 'ros'
[0.794s] colcon.colcon_core.package_identification DEBUG Package 'src/bishe_mqtt' with type 'ros.ament_cmake' and name 'bishe_mqtt'
[0.794s] colcon.colcon_core.package_identification Level 1 _identify(src/bishe_msgs) by extensions ['ignore', 'ignore_ament_install']
[0.795s] colcon.colcon_core.package_identification Level 1 _identify(src/bishe_msgs) by extension 'ignore'
[0.795s] colcon.colcon_core.package_identification Level 1 _identify(src/bishe_msgs) by extension 'ignore_ament_install'
[0.795s] colcon.colcon_core.package_identification Level 1 _identify(src/bishe_msgs) by extensions ['colcon_pkg']
[0.795s] colcon.colcon_core.package_identification Level 1 _identify(src/bishe_msgs) by extension 'colcon_pkg'
[0.795s] colcon.colcon_core.package_identification Level 1 _identify(src/bishe_msgs) by extensions ['colcon_meta']
[0.795s] colcon.colcon_core.package_identification Level 1 _identify(src/bishe_msgs) by extension 'colcon_meta'
[0.795s] colcon.colcon_core.package_identification Level 1 _identify(src/bishe_msgs) by extensions ['ros']
[0.795s] colcon.colcon_core.package_identification Level 1 _identify(src/bishe_msgs) by extension 'ros'
[0.797s] colcon.colcon_core.package_identification DEBUG Package 'src/bishe_msgs' with type 'ros.ament_cmake' and name 'bishe_msgs'
[0.797s] colcon.colcon_core.package_identification Level 1 _identify(src/bishe_streamer) by extensions ['ignore', 'ignore_ament_install']
[0.797s] colcon.colcon_core.package_identification Level 1 _identify(src/bishe_streamer) by extension 'ignore'
[0.797s] colcon.colcon_core.package_identification Level 1 _identify(src/bishe_streamer) by extension 'ignore_ament_install'
[0.798s] colcon.colcon_core.package_identification Level 1 _identify(src/bishe_streamer) by extensions ['colcon_pkg']
[0.798s] colcon.colcon_core.package_identification Level 1 _identify(src/bishe_streamer) by extension 'colcon_pkg'
[0.798s] colcon.colcon_core.package_identification Level 1 _identify(src/bishe_streamer) by extensions ['colcon_meta']
[0.798s] colcon.colcon_core.package_identification Level 1 _identify(src/bishe_streamer) by extension 'colcon_meta'
[0.798s] colcon.colcon_core.package_identification Level 1 _identify(src/bishe_streamer) by extensions ['ros']
[0.798s] colcon.colcon_core.package_identification Level 1 _identify(src/bishe_streamer) by extension 'ros'
[0.800s] colcon.colcon_core.package_identification DEBUG Package 'src/bishe_streamer' with type 'ros.ament_cmake' and name 'bishe_streamer'
[0.800s] colcon.colcon_core.package_discovery Level 1 discover_packages(recursive) using defaults
[0.801s] colcon.colcon_core.package_discovery Level 1 discover_packages(ignore) discover
[0.801s] colcon.colcon_core.package_discovery Level 1 discover_packages(ignore) using defaults
[0.801s] colcon.colcon_core.package_discovery Level 1 discover_packages(path) discover
[0.801s] colcon.colcon_core.package_discovery Level 1 discover_packages(path) using defaults
[0.871s] colcon.colcon_core.package_selection INFO Skipping not selected package 'bishe_mqtt' in 'src/bishe_mqtt'
[0.871s] colcon.colcon_core.package_selection INFO Skipping not selected package 'bishe_msgs' in 'src/bishe_msgs'
[0.871s] colcon.colcon_core.package_selection INFO Skipping not selected package 'bishe_camera' in 'src/bishe_camera'
[0.871s] colcon.colcon_core.package_selection INFO Skipping not selected package 'bishe_detector' in 'src/bishe_detector'
[0.871s] colcon.colcon_core.package_selection INFO Skipping not selected package 'bishe_monitor' in 'src/bishe_monitor'
[0.871s] colcon.colcon_core.package_selection INFO Skipping not selected package 'bishe_launch' in 'src/bishe_launch'
[0.873s] colcon.colcon_core.package_discovery Level 1 discover_packages(prefix_path) check parameters
[0.873s] colcon.colcon_core.package_discovery Level 1 discover_packages(prefix_path) discover
[0.878s] colcon.colcon_installed_package_information.package_discovery DEBUG Found 271 installed packages in /opt/ros/humble
[0.880s] colcon.colcon_core.package_discovery Level 1 discover_packages(prefix_path) using defaults
[0.954s] colcon.colcon_core.verb Level 5 set package 'bishe_streamer' build argument 'cmake_args' from command line to 'None'
[0.954s] colcon.colcon_core.verb Level 5 set package 'bishe_streamer' build argument 'cmake_target' from command line to 'None'
[0.954s] colcon.colcon_core.verb Level 5 set package 'bishe_streamer' build argument 'cmake_target_skip_unavailable' from command line to 'False'
[0.955s] colcon.colcon_core.verb Level 5 set package 'bishe_streamer' build argument 'cmake_clean_cache' from command line to 'False'
[0.955s] colcon.colcon_core.verb Level 5 set package 'bishe_streamer' build argument 'cmake_clean_first' from command line to 'False'
[0.955s] colcon.colcon_core.verb Level 5 set package 'bishe_streamer' build argument 'cmake_force_configure' from command line to 'False'
[0.955s] colcon.colcon_core.verb Level 5 set package 'bishe_streamer' build argument 'ament_cmake_args' from command line to 'None'
[0.955s] colcon.colcon_core.verb Level 5 set package 'bishe_streamer' build argument 'catkin_cmake_args' from command line to 'None'
[0.955s] colcon.colcon_core.verb Level 5 set package 'bishe_streamer' build argument 'catkin_skip_building_tests' from command line to 'False'
[0.955s] colcon.colcon_core.verb DEBUG Building package 'bishe_streamer' with the following arguments: {'ament_cmake_args': None, 'build_base': '/home/jetson/projects/bishe/edge/build/bishe_streamer', 'catkin_cmake_args': None, 'catkin_skip_building_tests': False, 'cmake_args': None, 'cmake_clean_cache': False, 'cmake_clean_first': False, 'cmake_force_configure': False, 'cmake_target': None, 'cmake_target_skip_unavailable': False, 'install_base': '/home/jetson/projects/bishe/edge/install/bishe_streamer', 'merge_install': False, 'path': '/home/jetson/projects/bishe/edge/src/bishe_streamer', 'symlink_install': True, 'test_result_base': None}
[0.955s] colcon.colcon_core.executor INFO Executing jobs using 'parallel' executor
[0.967s] colcon.colcon_parallel_executor.executor.parallel DEBUG run_until_complete
[0.972s] colcon.colcon_ros.task.ament_cmake.build INFO Building ROS package in '/home/jetson/projects/bishe/edge/src/bishe_streamer' with build type 'ament_cmake'
[0.972s] colcon.colcon_cmake.task.cmake.build INFO Building CMake package in '/home/jetson/projects/bishe/edge/src/bishe_streamer'
[0.978s] colcon.colcon_core.plugin_system INFO Skipping extension 'colcon_core.shell.bat': Not used on non-Windows systems
[0.980s] colcon.colcon_core.shell INFO Skip shell extension 'powershell' for command environment: Not usable outside of PowerShell
[0.980s] colcon.colcon_core.shell DEBUG Skip shell extension 'dsv' for command environment
[1.015s] colcon.colcon_core.event_handler.log_command DEBUG Invoking command in '/home/jetson/projects/bishe/edge/build/bishe_streamer': AMENT_PREFIX_PATH=/home/jetson/projects/bishe/edge/install/bishe_msgs:${AMENT_PREFIX_PATH} CMAKE_PREFIX_PATH=/home/jetson/projects/bishe/edge/install/bishe_msgs:/opt/ros/humble LD_LIBRARY_PATH=/home/jetson/projects/bishe/edge/install/bishe_msgs/lib:/opt/ros/humble/opt/rviz_ogre_vendor/lib:/opt/ros/humble/lib/aarch64-linux-gnu:/opt/ros/humble/lib:/usr/local/cuda-12.6/lib64 PYTHONPATH=/home/jetson/projects/bishe/edge/install/bishe_msgs/local/lib/python3.10/dist-packages:${PYTHONPATH} /usr/bin/cmake /home/jetson/projects/bishe/edge/src/bishe_streamer -DAMENT_CMAKE_SYMLINK_INSTALL=1 -DCMAKE_INSTALL_PREFIX=/home/jetson/projects/bishe/edge/install/bishe_streamer
[2.270s] colcon.colcon_core.event_handler.log_command DEBUG Invoked command in '/home/jetson/projects/bishe/edge/build/bishe_streamer' returned '0': AMENT_PREFIX_PATH=/home/jetson/projects/bishe/edge/install/bishe_msgs:${AMENT_PREFIX_PATH} CMAKE_PREFIX_PATH=/home/jetson/projects/bishe/edge/install/bishe_msgs:/opt/ros/humble LD_LIBRARY_PATH=/home/jetson/projects/bishe/edge/install/bishe_msgs/lib:/opt/ros/humble/opt/rviz_ogre_vendor/lib:/opt/ros/humble/lib/aarch64-linux-gnu:/opt/ros/humble/lib:/usr/local/cuda-12.6/lib64 PYTHONPATH=/home/jetson/projects/bishe/edge/install/bishe_msgs/local/lib/python3.10/dist-packages:${PYTHONPATH} /usr/bin/cmake /home/jetson/projects/bishe/edge/src/bishe_streamer -DAMENT_CMAKE_SYMLINK_INSTALL=1 -DCMAKE_INSTALL_PREFIX=/home/jetson/projects/bishe/edge/install/bishe_streamer
[2.277s] colcon.colcon_core.event_handler.log_command DEBUG Invoking command in '/home/jetson/projects/bishe/edge/build/bishe_streamer': AMENT_PREFIX_PATH=/home/jetson/projects/bishe/edge/install/bishe_msgs:${AMENT_PREFIX_PATH} CMAKE_PREFIX_PATH=/home/jetson/projects/bishe/edge/install/bishe_msgs:/opt/ros/humble LD_LIBRARY_PATH=/home/jetson/projects/bishe/edge/install/bishe_msgs/lib:/opt/ros/humble/opt/rviz_ogre_vendor/lib:/opt/ros/humble/lib/aarch64-linux-gnu:/opt/ros/humble/lib:/usr/local/cuda-12.6/lib64 PYTHONPATH=/home/jetson/projects/bishe/edge/install/bishe_msgs/local/lib/python3.10/dist-packages:${PYTHONPATH} /usr/bin/cmake --build /home/jetson/projects/bishe/edge/build/bishe_streamer -- -j6 -l6
[23.759s] colcon.colcon_core.event_handler.log_command DEBUG Invoked command in '/home/jetson/projects/bishe/edge/build/bishe_streamer' returned '0': AMENT_PREFIX_PATH=/home/jetson/projects/bishe/edge/install/bishe_msgs:${AMENT_PREFIX_PATH} CMAKE_PREFIX_PATH=/home/jetson/projects/bishe/edge/install/bishe_msgs:/opt/ros/humble LD_LIBRARY_PATH=/home/jetson/projects/bishe/edge/install/bishe_msgs/lib:/opt/ros/humble/opt/rviz_ogre_vendor/lib:/opt/ros/humble/lib/aarch64-linux-gnu:/opt/ros/humble/lib:/usr/local/cuda-12.6/lib64 PYTHONPATH=/home/jetson/projects/bishe/edge/install/bishe_msgs/local/lib/python3.10/dist-packages:${PYTHONPATH} /usr/bin/cmake --build /home/jetson/projects/bishe/edge/build/bishe_streamer -- -j6 -l6
[23.779s] colcon.colcon_core.event_handler.log_command DEBUG Invoking command in '/home/jetson/projects/bishe/edge/build/bishe_streamer': AMENT_PREFIX_PATH=/home/jetson/projects/bishe/edge/install/bishe_msgs:${AMENT_PREFIX_PATH} CMAKE_PREFIX_PATH=/home/jetson/projects/bishe/edge/install/bishe_msgs:/opt/ros/humble LD_LIBRARY_PATH=/home/jetson/projects/bishe/edge/install/bishe_msgs/lib:/opt/ros/humble/opt/rviz_ogre_vendor/lib:/opt/ros/humble/lib/aarch64-linux-gnu:/opt/ros/humble/lib:/usr/local/cuda-12.6/lib64 PYTHONPATH=/home/jetson/projects/bishe/edge/install/bishe_msgs/local/lib/python3.10/dist-packages:${PYTHONPATH} /usr/bin/cmake --install /home/jetson/projects/bishe/edge/build/bishe_streamer
[23.840s] colcon.colcon_core.environment Level 1 create_environment_scripts_only(bishe_streamer)
[23.841s] colcon.colcon_core.event_handler.log_command DEBUG Invoked command in '/home/jetson/projects/bishe/edge/build/bishe_streamer' returned '0': AMENT_PREFIX_PATH=/home/jetson/projects/bishe/edge/install/bishe_msgs:${AMENT_PREFIX_PATH} CMAKE_PREFIX_PATH=/home/jetson/projects/bishe/edge/install/bishe_msgs:/opt/ros/humble LD_LIBRARY_PATH=/home/jetson/projects/bishe/edge/install/bishe_msgs/lib:/opt/ros/humble/opt/rviz_ogre_vendor/lib:/opt/ros/humble/lib/aarch64-linux-gnu:/opt/ros/humble/lib:/usr/local/cuda-12.6/lib64 PYTHONPATH=/home/jetson/projects/bishe/edge/install/bishe_msgs/local/lib/python3.10/dist-packages:${PYTHONPATH} /usr/bin/cmake --install /home/jetson/projects/bishe/edge/build/bishe_streamer
[23.845s] colcon.colcon_core.environment Level 1 checking '/home/jetson/projects/bishe/edge/install/bishe_streamer' for CMake module files
[23.847s] colcon.colcon_core.environment Level 1 checking '/home/jetson/projects/bishe/edge/install/bishe_streamer' for CMake config files
[23.848s] colcon.colcon_core.shell Level 1 create_environment_hook('bishe_streamer', 'cmake_prefix_path')
[23.849s] colcon.colcon_core.shell INFO Creating environment hook '/home/jetson/projects/bishe/edge/install/bishe_streamer/share/bishe_streamer/hook/cmake_prefix_path.ps1'
[23.850s] colcon.colcon_core.shell INFO Creating environment descriptor '/home/jetson/projects/bishe/edge/install/bishe_streamer/share/bishe_streamer/hook/cmake_prefix_path.dsv'
[23.852s] colcon.colcon_core.shell INFO Creating environment hook '/home/jetson/projects/bishe/edge/install/bishe_streamer/share/bishe_streamer/hook/cmake_prefix_path.sh'
[23.853s] colcon.colcon_core.environment Level 1 checking '/home/jetson/projects/bishe/edge/install/bishe_streamer/lib'
[23.854s] colcon.colcon_core.environment Level 1 checking '/home/jetson/projects/bishe/edge/install/bishe_streamer/bin'
[23.854s] colcon.colcon_core.environment Level 1 checking '/home/jetson/projects/bishe/edge/install/bishe_streamer/lib/pkgconfig/bishe_streamer.pc'
[23.854s] colcon.colcon_core.environment Level 1 checking '/home/jetson/projects/bishe/edge/install/bishe_streamer/lib/python3.10/site-packages'
[23.855s] colcon.colcon_core.environment Level 1 checking '/home/jetson/projects/bishe/edge/install/bishe_streamer/bin'
[23.856s] colcon.colcon_core.shell INFO Creating package script '/home/jetson/projects/bishe/edge/install/bishe_streamer/share/bishe_streamer/package.ps1'
[23.861s] colcon.colcon_core.shell INFO Creating package descriptor '/home/jetson/projects/bishe/edge/install/bishe_streamer/share/bishe_streamer/package.dsv'
[23.865s] colcon.colcon_core.shell INFO Creating package script '/home/jetson/projects/bishe/edge/install/bishe_streamer/share/bishe_streamer/package.sh'
[23.866s] colcon.colcon_core.shell INFO Creating package script '/home/jetson/projects/bishe/edge/install/bishe_streamer/share/bishe_streamer/package.bash'
[23.868s] colcon.colcon_core.shell INFO Creating package script '/home/jetson/projects/bishe/edge/install/bishe_streamer/share/bishe_streamer/package.zsh'
[23.870s] colcon.colcon_core.environment Level 1 create_file_with_runtime_dependencies(/home/jetson/projects/bishe/edge/install/bishe_streamer/share/colcon-core/packages/bishe_streamer)
[23.871s] colcon.colcon_core.environment Level 1 create_environment_scripts_only(bishe_streamer)
[23.872s] colcon.colcon_core.environment Level 1 checking '/home/jetson/projects/bishe/edge/install/bishe_streamer' for CMake module files
[23.874s] colcon.colcon_core.environment Level 1 checking '/home/jetson/projects/bishe/edge/install/bishe_streamer' for CMake config files
[23.875s] colcon.colcon_core.shell Level 1 create_environment_hook('bishe_streamer', 'cmake_prefix_path')
[23.875s] colcon.colcon_core.shell INFO Creating environment hook '/home/jetson/projects/bishe/edge/install/bishe_streamer/share/bishe_streamer/hook/cmake_prefix_path.ps1'
[23.876s] colcon.colcon_core.shell INFO Creating environment descriptor '/home/jetson/projects/bishe/edge/install/bishe_streamer/share/bishe_streamer/hook/cmake_prefix_path.dsv'
[23.877s] colcon.colcon_core.shell INFO Creating environment hook '/home/jetson/projects/bishe/edge/install/bishe_streamer/share/bishe_streamer/hook/cmake_prefix_path.sh'
[23.881s] colcon.colcon_core.environment Level 1 checking '/home/jetson/projects/bishe/edge/install/bishe_streamer/lib'
[23.881s] colcon.colcon_core.environment Level 1 checking '/home/jetson/projects/bishe/edge/install/bishe_streamer/bin'
[23.881s] colcon.colcon_core.environment Level 1 checking '/home/jetson/projects/bishe/edge/install/bishe_streamer/lib/pkgconfig/bishe_streamer.pc'
[23.882s] colcon.colcon_core.environment Level 1 checking '/home/jetson/projects/bishe/edge/install/bishe_streamer/lib/python3.10/site-packages'
[23.883s] colcon.colcon_core.environment Level 1 checking '/home/jetson/projects/bishe/edge/install/bishe_streamer/bin'
[23.883s] colcon.colcon_core.shell INFO Creating package script '/home/jetson/projects/bishe/edge/install/bishe_streamer/share/bishe_streamer/package.ps1'
[23.885s] colcon.colcon_core.shell INFO Creating package descriptor '/home/jetson/projects/bishe/edge/install/bishe_streamer/share/bishe_streamer/package.dsv'
[23.886s] colcon.colcon_core.shell INFO Creating package script '/home/jetson/projects/bishe/edge/install/bishe_streamer/share/bishe_streamer/package.sh'
[23.887s] colcon.colcon_core.shell INFO Creating package script '/home/jetson/projects/bishe/edge/install/bishe_streamer/share/bishe_streamer/package.bash'
[23.888s] colcon.colcon_core.shell INFO Creating package script '/home/jetson/projects/bishe/edge/install/bishe_streamer/share/bishe_streamer/package.zsh'
[23.889s] colcon.colcon_core.environment Level 1 create_file_with_runtime_dependencies(/home/jetson/projects/bishe/edge/install/bishe_streamer/share/colcon-core/packages/bishe_streamer)
[23.890s] colcon.colcon_parallel_executor.executor.parallel DEBUG closing loop
[23.891s] colcon.colcon_parallel_executor.executor.parallel DEBUG loop closed
[23.891s] colcon.colcon_parallel_executor.executor.parallel DEBUG run_until_complete finished with '0'
[23.891s] colcon.colcon_core.event_reactor DEBUG joining thread
[23.905s] colcon.colcon_core.plugin_system INFO Skipping extension 'colcon_notification.desktop_notification.terminal_notifier': Not used on non-Darwin systems
[23.905s] colcon.colcon_core.plugin_system INFO Skipping extension 'colcon_notification.desktop_notification.win32': Not used on non-Windows systems
[23.906s] colcon.colcon_notification.desktop_notification INFO Sending desktop notification using 'notify2'
[23.939s] colcon.colcon_core.event_reactor DEBUG joined thread
[23.940s] colcon.colcon_core.shell INFO Creating prefix script '/home/jetson/projects/bishe/edge/install/local_setup.ps1'
[23.942s] colcon.colcon_core.shell INFO Creating prefix util module '/home/jetson/projects/bishe/edge/install/_local_setup_util_ps1.py'
[23.947s] colcon.colcon_core.shell INFO Creating prefix chain script '/home/jetson/projects/bishe/edge/install/setup.ps1'
[23.949s] colcon.colcon_core.shell INFO Creating prefix script '/home/jetson/projects/bishe/edge/install/local_setup.sh'
[23.951s] colcon.colcon_core.shell INFO Creating prefix util module '/home/jetson/projects/bishe/edge/install/_local_setup_util_sh.py'
[23.955s] colcon.colcon_core.shell INFO Creating prefix chain script '/home/jetson/projects/bishe/edge/install/setup.sh'
[23.957s] colcon.colcon_core.shell INFO Creating prefix script '/home/jetson/projects/bishe/edge/install/local_setup.bash'
[23.959s] colcon.colcon_core.shell INFO Creating prefix chain script '/home/jetson/projects/bishe/edge/install/setup.bash'
[23.964s] colcon.colcon_core.shell INFO Creating prefix script '/home/jetson/projects/bishe/edge/install/local_setup.zsh'
[23.965s] colcon.colcon_core.shell INFO Creating prefix chain script '/home/jetson/projects/bishe/edge/install/setup.zsh'
