[  3%] Built target bishe_msgs__cpp
[ 12%] Built target bishe_msgs__rosidl_generator_c
[ 12%] Built target ament_cmake_python_symlink_bishe_msgs
[ 22%] Built target bishe_msgs__rosidl_typesupport_cpp
[ 32%] Built target bishe_msgs__rosidl_typesupport_fastrtps_cpp
[ 41%] Built target bishe_msgs__rosidl_typesupport_c
[ 51%] Built target bishe_msgs__rosidl_typesupport_introspection_cpp
[ 61%] Built target bishe_msgs__rosidl_typesupport_fastrtps_c
[ 70%] Built target bishe_msgs__rosidl_typesupport_introspection_c
[ 70%] Built target bishe_msgs
[ 74%] Built target bishe_msgs__py
[ 80%] Built target bishe_msgs__rosidl_generator_py
[ 96%] Built target bishe_msgs__rosidl_typesupport_c__pyext
[ 96%] Built target bishe_msgs__rosidl_typesupport_introspection_c__pyext
[100%] Built target bishe_msgs__rosidl_typesupport_fastrtps_c__pyext
running egg_info
writing bishe_msgs.egg-info/PKG-INFO
writing dependency_links to bishe_msgs.egg-info/dependency_links.txt
writing top-level names to bishe_msgs.egg-info/top_level.txt
reading manifest file 'bishe_msgs.egg-info/SOURCES.txt'
writing manifest file 'bishe_msgs.egg-info/SOURCES.txt'
[100%] Built target ament_cmake_python_build_bishe_msgs_egg
-- Install configuration: ""
-- Execute custom install script
-- Up-to-date symlink: /home/jetson/projects/bishe/install/bishe_msgs/share/ament_index/resource_index/rosidl_interfaces/bishe_msgs
-- Up-to-date symlink: /home/jetson/projects/bishe/install/bishe_msgs/include/bishe_msgs/bishe_msgs/msg/detail/detector_result__functions.h
-- Up-to-date symlink: /home/jetson/projects/bishe/install/bishe_msgs/include/bishe_msgs/bishe_msgs/msg/detail/detector_result__struct.h
-- Up-to-date symlink: /home/jetson/projects/bishe/install/bishe_msgs/include/bishe_msgs/bishe_msgs/msg/detail/detector_result__type_support.h
-- Up-to-date symlink: /home/jetson/projects/bishe/install/bishe_msgs/include/bishe_msgs/bishe_msgs/msg/detector_result.h
-- Up-to-date symlink: /home/jetson/projects/bishe/install/bishe_msgs/include/bishe_msgs/bishe_msgs/msg/rosidl_generator_c__visibility_control.h
-- Up-to-date symlink: /home/jetson/projects/bishe/install/bishe_msgs/share/bishe_msgs/environment/library_path.sh
-- Up-to-date symlink: /home/jetson/projects/bishe/install/bishe_msgs/share/bishe_msgs/environment/library_path.dsv
-- Up-to-date symlink: /home/jetson/projects/bishe/install/bishe_msgs/include/bishe_msgs/bishe_msgs/msg/detail/detector_result__rosidl_typesupport_fastrtps_c.h
-- Up-to-date symlink: /home/jetson/projects/bishe/install/bishe_msgs/include/bishe_msgs/bishe_msgs/msg/rosidl_typesupport_fastrtps_c__visibility_control.h
-- Up-to-date symlink: /home/jetson/projects/bishe/install/bishe_msgs/include/bishe_msgs/bishe_msgs/msg/detail/detector_result__rosidl_typesupport_introspection_c.h
-- Up-to-date symlink: /home/jetson/projects/bishe/install/bishe_msgs/include/bishe_msgs/bishe_msgs/msg/rosidl_typesupport_introspection_c__visibility_control.h
-- Up-to-date symlink: /home/jetson/projects/bishe/install/bishe_msgs/include/bishe_msgs/bishe_msgs/msg/detail/detector_result__builder.hpp
-- Up-to-date symlink: /home/jetson/projects/bishe/install/bishe_msgs/include/bishe_msgs/bishe_msgs/msg/detail/detector_result__struct.hpp
-- Up-to-date symlink: /home/jetson/projects/bishe/install/bishe_msgs/include/bishe_msgs/bishe_msgs/msg/detail/detector_result__traits.hpp
-- Up-to-date symlink: /home/jetson/projects/bishe/install/bishe_msgs/include/bishe_msgs/bishe_msgs/msg/detail/detector_result__type_support.hpp
-- Up-to-date symlink: /home/jetson/projects/bishe/install/bishe_msgs/include/bishe_msgs/bishe_msgs/msg/detector_result.hpp
-- Up-to-date symlink: /home/jetson/projects/bishe/install/bishe_msgs/include/bishe_msgs/bishe_msgs/msg/rosidl_generator_cpp__visibility_control.hpp
-- Up-to-date symlink: /home/jetson/projects/bishe/install/bishe_msgs/include/bishe_msgs/bishe_msgs/msg/detail/detector_result__rosidl_typesupport_fastrtps_cpp.hpp
-- Up-to-date symlink: /home/jetson/projects/bishe/install/bishe_msgs/include/bishe_msgs/bishe_msgs/msg/rosidl_typesupport_fastrtps_cpp__visibility_control.h
-- Up-to-date symlink: /home/jetson/projects/bishe/install/bishe_msgs/include/bishe_msgs/bishe_msgs/msg/detail/detector_result__rosidl_typesupport_introspection_cpp.hpp
-- Up-to-date symlink: /home/jetson/projects/bishe/install/bishe_msgs/share/bishe_msgs/environment/pythonpath.sh
-- Up-to-date symlink: /home/jetson/projects/bishe/install/bishe_msgs/share/bishe_msgs/environment/pythonpath.dsv
-- Up-to-date symlink: /home/jetson/projects/bishe/install/bishe_msgs/local/lib/python3.10/dist-packages/bishe_msgs-0.1.0-py3.10.egg-info/PKG-INFO
-- Up-to-date symlink: /home/jetson/projects/bishe/install/bishe_msgs/local/lib/python3.10/dist-packages/bishe_msgs-0.1.0-py3.10.egg-info/SOURCES.txt
-- Up-to-date symlink: /home/jetson/projects/bishe/install/bishe_msgs/local/lib/python3.10/dist-packages/bishe_msgs-0.1.0-py3.10.egg-info/dependency_links.txt
-- Up-to-date symlink: /home/jetson/projects/bishe/install/bishe_msgs/local/lib/python3.10/dist-packages/bishe_msgs-0.1.0-py3.10.egg-info/top_level.txt
-- Up-to-date symlink: /home/jetson/projects/bishe/install/bishe_msgs/local/lib/python3.10/dist-packages/bishe_msgs/__init__.py
-- Up-to-date symlink: /home/jetson/projects/bishe/install/bishe_msgs/local/lib/python3.10/dist-packages/bishe_msgs/_bishe_msgs_s.ep.rosidl_typesupport_c.c
-- Up-to-date symlink: /home/jetson/projects/bishe/install/bishe_msgs/local/lib/python3.10/dist-packages/bishe_msgs/_bishe_msgs_s.ep.rosidl_typesupport_fastrtps_c.c
-- Up-to-date symlink: /home/jetson/projects/bishe/install/bishe_msgs/local/lib/python3.10/dist-packages/bishe_msgs/_bishe_msgs_s.ep.rosidl_typesupport_introspection_c.c
-- Up-to-date symlink: /home/jetson/projects/bishe/install/bishe_msgs/local/lib/python3.10/dist-packages/bishe_msgs/bishe_msgs_s__rosidl_typesupport_c.cpython-310-aarch64-linux-gnu.so
-- Up-to-date symlink: /home/jetson/projects/bishe/install/bishe_msgs/local/lib/python3.10/dist-packages/bishe_msgs/bishe_msgs_s__rosidl_typesupport_fastrtps_c.cpython-310-aarch64-linux-gnu.so
-- Up-to-date symlink: /home/jetson/projects/bishe/install/bishe_msgs/local/lib/python3.10/dist-packages/bishe_msgs/bishe_msgs_s__rosidl_typesupport_introspection_c.cpython-310-aarch64-linux-gnu.so
-- Up-to-date symlink: /home/jetson/projects/bishe/install/bishe_msgs/local/lib/python3.10/dist-packages/bishe_msgs/libbishe_msgs__rosidl_generator_py.so
-- Up-to-date symlink: /home/jetson/projects/bishe/install/bishe_msgs/local/lib/python3.10/dist-packages/bishe_msgs/msg/__init__.py
-- Up-to-date symlink: /home/jetson/projects/bishe/install/bishe_msgs/local/lib/python3.10/dist-packages/bishe_msgs/msg/_detector_result.py
-- Up-to-date symlink: /home/jetson/projects/bishe/install/bishe_msgs/local/lib/python3.10/dist-packages/bishe_msgs/msg/_detector_result_s.c
-- Up-to-date symlink: /home/jetson/projects/bishe/install/bishe_msgs/local/lib/python3.10/dist-packages/bishe_msgs/bishe_msgs_s__rosidl_typesupport_fastrtps_c.cpython-310-aarch64-linux-gnu.so
-- Up-to-date symlink: /home/jetson/projects/bishe/install/bishe_msgs/local/lib/python3.10/dist-packages/bishe_msgs/bishe_msgs_s__rosidl_typesupport_introspection_c.cpython-310-aarch64-linux-gnu.so
-- Up-to-date symlink: /home/jetson/projects/bishe/install/bishe_msgs/local/lib/python3.10/dist-packages/bishe_msgs/bishe_msgs_s__rosidl_typesupport_c.cpython-310-aarch64-linux-gnu.so
-- Up-to-date symlink: /home/jetson/projects/bishe/install/bishe_msgs/share/bishe_msgs/msg/DetectorResult.idl
-- Up-to-date symlink: /home/jetson/projects/bishe/install/bishe_msgs/share/bishe_msgs/msg/DetectorResult.msg
-- Up-to-date symlink: /home/jetson/projects/bishe/install/bishe_msgs/share/ament_index/resource_index/package_run_dependencies/bishe_msgs
-- Up-to-date symlink: /home/jetson/projects/bishe/install/bishe_msgs/share/ament_index/resource_index/parent_prefix_path/bishe_msgs
-- Up-to-date symlink: /home/jetson/projects/bishe/install/bishe_msgs/share/bishe_msgs/environment/ament_prefix_path.sh
-- Up-to-date symlink: /home/jetson/projects/bishe/install/bishe_msgs/share/bishe_msgs/environment/ament_prefix_path.dsv
-- Up-to-date symlink: /home/jetson/projects/bishe/install/bishe_msgs/share/bishe_msgs/environment/path.sh
-- Up-to-date symlink: /home/jetson/projects/bishe/install/bishe_msgs/share/bishe_msgs/environment/path.dsv
-- Up-to-date symlink: /home/jetson/projects/bishe/install/bishe_msgs/share/bishe_msgs/local_setup.bash
-- Up-to-date symlink: /home/jetson/projects/bishe/install/bishe_msgs/share/bishe_msgs/local_setup.sh
-- Up-to-date symlink: /home/jetson/projects/bishe/install/bishe_msgs/share/bishe_msgs/local_setup.zsh
-- Up-to-date symlink: /home/jetson/projects/bishe/install/bishe_msgs/share/bishe_msgs/local_setup.dsv
-- Symlinking: /home/jetson/projects/bishe/install/bishe_msgs/share/bishe_msgs/package.dsv
-- Up-to-date symlink: /home/jetson/projects/bishe/install/bishe_msgs/share/ament_index/resource_index/packages/bishe_msgs
-- Up-to-date symlink: /home/jetson/projects/bishe/install/bishe_msgs/share/bishe_msgs/cmake/rosidl_cmake-extras.cmake
-- Up-to-date symlink: /home/jetson/projects/bishe/install/bishe_msgs/share/bishe_msgs/cmake/ament_cmake_export_dependencies-extras.cmake
-- Up-to-date symlink: /home/jetson/projects/bishe/install/bishe_msgs/share/bishe_msgs/cmake/ament_cmake_export_include_directories-extras.cmake
-- Up-to-date symlink: /home/jetson/projects/bishe/install/bishe_msgs/share/bishe_msgs/cmake/ament_cmake_export_libraries-extras.cmake
-- Up-to-date symlink: /home/jetson/projects/bishe/install/bishe_msgs/share/bishe_msgs/cmake/ament_cmake_export_targets-extras.cmake
-- Up-to-date symlink: /home/jetson/projects/bishe/install/bishe_msgs/share/bishe_msgs/cmake/rosidl_cmake_export_typesupport_targets-extras.cmake
-- Up-to-date symlink: /home/jetson/projects/bishe/install/bishe_msgs/share/bishe_msgs/cmake/rosidl_cmake_export_typesupport_libraries-extras.cmake
-- Up-to-date symlink: /home/jetson/projects/bishe/install/bishe_msgs/share/bishe_msgs/cmake/bishe_msgsConfig.cmake
-- Up-to-date symlink: /home/jetson/projects/bishe/install/bishe_msgs/share/bishe_msgs/cmake/bishe_msgsConfig-version.cmake
-- Up-to-date symlink: /home/jetson/projects/bishe/install/bishe_msgs/share/bishe_msgs/package.xml
-- Up-to-date: /home/jetson/projects/bishe/install/bishe_msgs/lib/libbishe_msgs__rosidl_generator_c.so
-- Up-to-date: /home/jetson/projects/bishe/install/bishe_msgs/lib/libbishe_msgs__rosidl_typesupport_fastrtps_c.so
-- Up-to-date: /home/jetson/projects/bishe/install/bishe_msgs/lib/libbishe_msgs__rosidl_typesupport_introspection_c.so
-- Up-to-date: /home/jetson/projects/bishe/install/bishe_msgs/lib/libbishe_msgs__rosidl_typesupport_c.so
-- Up-to-date: /home/jetson/projects/bishe/install/bishe_msgs/lib/libbishe_msgs__rosidl_typesupport_fastrtps_cpp.so
-- Up-to-date: /home/jetson/projects/bishe/install/bishe_msgs/lib/libbishe_msgs__rosidl_typesupport_introspection_cpp.so
-- Up-to-date: /home/jetson/projects/bishe/install/bishe_msgs/lib/libbishe_msgs__rosidl_typesupport_cpp.so
Listing '/home/jetson/projects/bishe/install/bishe_msgs/local/lib/python3.10/dist-packages/bishe_msgs'...
Listing '/home/jetson/projects/bishe/install/bishe_msgs/local/lib/python3.10/dist-packages/bishe_msgs/msg'...
-- Up-to-date: /home/jetson/projects/bishe/install/bishe_msgs/lib/libbishe_msgs__rosidl_generator_py.so
-- Up-to-date: /home/jetson/projects/bishe/install/bishe_msgs/share/bishe_msgs/cmake/export_bishe_msgs__rosidl_generator_cExport.cmake
-- Up-to-date: /home/jetson/projects/bishe/install/bishe_msgs/share/bishe_msgs/cmake/export_bishe_msgs__rosidl_generator_cExport-noconfig.cmake
-- Up-to-date: /home/jetson/projects/bishe/install/bishe_msgs/share/bishe_msgs/cmake/export_bishe_msgs__rosidl_typesupport_fastrtps_cExport.cmake
-- Up-to-date: /home/jetson/projects/bishe/install/bishe_msgs/share/bishe_msgs/cmake/export_bishe_msgs__rosidl_typesupport_fastrtps_cExport-noconfig.cmake
-- Up-to-date: /home/jetson/projects/bishe/install/bishe_msgs/share/bishe_msgs/cmake/bishe_msgs__rosidl_typesupport_introspection_cExport.cmake
-- Up-to-date: /home/jetson/projects/bishe/install/bishe_msgs/share/bishe_msgs/cmake/bishe_msgs__rosidl_typesupport_introspection_cExport-noconfig.cmake
-- Up-to-date: /home/jetson/projects/bishe/install/bishe_msgs/share/bishe_msgs/cmake/bishe_msgs__rosidl_typesupport_cExport.cmake
-- Up-to-date: /home/jetson/projects/bishe/install/bishe_msgs/share/bishe_msgs/cmake/bishe_msgs__rosidl_typesupport_cExport-noconfig.cmake
-- Up-to-date: /home/jetson/projects/bishe/install/bishe_msgs/share/bishe_msgs/cmake/export_bishe_msgs__rosidl_generator_cppExport.cmake
-- Up-to-date: /home/jetson/projects/bishe/install/bishe_msgs/share/bishe_msgs/cmake/export_bishe_msgs__rosidl_typesupport_fastrtps_cppExport.cmake
-- Up-to-date: /home/jetson/projects/bishe/install/bishe_msgs/share/bishe_msgs/cmake/export_bishe_msgs__rosidl_typesupport_fastrtps_cppExport-noconfig.cmake
-- Up-to-date: /home/jetson/projects/bishe/install/bishe_msgs/share/bishe_msgs/cmake/bishe_msgs__rosidl_typesupport_introspection_cppExport.cmake
-- Up-to-date: /home/jetson/projects/bishe/install/bishe_msgs/share/bishe_msgs/cmake/bishe_msgs__rosidl_typesupport_introspection_cppExport-noconfig.cmake
-- Up-to-date: /home/jetson/projects/bishe/install/bishe_msgs/share/bishe_msgs/cmake/bishe_msgs__rosidl_typesupport_cppExport.cmake
-- Up-to-date: /home/jetson/projects/bishe/install/bishe_msgs/share/bishe_msgs/cmake/bishe_msgs__rosidl_typesupport_cppExport-noconfig.cmake
-- Up-to-date: /home/jetson/projects/bishe/install/bishe_msgs/share/bishe_msgs/cmake/export_bishe_msgs__rosidl_generator_pyExport.cmake
-- Up-to-date: /home/jetson/projects/bishe/install/bishe_msgs/share/bishe_msgs/cmake/export_bishe_msgs__rosidl_generator_pyExport-noconfig.cmake
