[1.235s] Invoking command in '/home/jetson/projects/bishe/edge/build/bishe_launch': PYTHONPATH=/home/jetson/projects/bishe/edge/build/bishe_launch/prefix_override:/usr/lib/python3/dist-packages/colcon_core/task/python/colcon_distutils_commands:/home/jetson/projects/bishe/edge/install/bishe_launch/lib/python3.10/site-packages:${PYTHONPATH} /usr/bin/python3 -W ignore:setup.py install is deprecated -W ignore:easy_install command is deprecated setup.py develop --editable --build-directory /home/jetson/projects/bishe/edge/build/bishe_launch/build --no-deps symlink_data
[1.690s] running develop
[1.963s] running egg_info
[1.963s] creating bishe_launch.egg-info
[1.965s] writing bishe_launch.egg-info/PKG-INFO
[1.965s] writing dependency_links to bishe_launch.egg-info/dependency_links.txt
[1.965s] writing entry points to bishe_launch.egg-info/entry_points.txt
[1.965s] writing requirements to bishe_launch.egg-info/requires.txt
[1.965s] writing top-level names to bishe_launch.egg-info/top_level.txt
[1.966s] writing manifest file 'bishe_launch.egg-info/SOURCES.txt'
[1.968s] reading manifest file 'bishe_launch.egg-info/SOURCES.txt'
[1.968s] writing manifest file 'bishe_launch.egg-info/SOURCES.txt'
[1.971s] running build_ext
[1.971s] Creating /home/jetson/projects/bishe/edge/install/bishe_launch/lib/python3.10/site-packages/bishe-launch.egg-link (link to .)
[1.973s] 
[1.973s] Installed /home/jetson/projects/bishe/edge/build/bishe_launch
[1.973s] running symlink_data
[1.974s] symbolically linking /home/jetson/projects/bishe/edge/build/bishe_launch/resource/bishe_launch/ros2 -> /home/jetson/projects/bishe/edge/install/bishe_launch/share/ament_index/resource_index/packages
[1.974s] creating /home/jetson/projects/bishe/edge/install/bishe_launch/share/bishe_launch/launch
[1.974s] symbolically linking /home/jetson/projects/bishe/edge/build/bishe_launch/launch/multicamera.launch.py -> /home/jetson/projects/bishe/edge/install/bishe_launch/share/bishe_launch/launch
[1.974s] creating /home/jetson/projects/bishe/edge/install/bishe_launch/share/bishe_launch/config
[1.974s] symbolically linking /home/jetson/projects/bishe/edge/build/bishe_launch/config/cameras.yaml -> /home/jetson/projects/bishe/edge/install/bishe_launch/share/bishe_launch/config
[1.974s] symbolically linking /home/jetson/projects/bishe/edge/build/bishe_launch/package.xml -> /home/jetson/projects/bishe/edge/install/bishe_launch/share/bishe_launch
[2.041s] Invoked command in '/home/jetson/projects/bishe/edge/build/bishe_launch' returned '0': PYTHONPATH=/home/jetson/projects/bishe/edge/build/bishe_launch/prefix_override:/usr/lib/python3/dist-packages/colcon_core/task/python/colcon_distutils_commands:/home/jetson/projects/bishe/edge/install/bishe_launch/lib/python3.10/site-packages:${PYTHONPATH} /usr/bin/python3 -W ignore:setup.py install is deprecated -W ignore:easy_install command is deprecated setup.py develop --editable --build-directory /home/jetson/projects/bishe/edge/build/bishe_launch/build --no-deps symlink_data
