running egg_info
writing ../../build/bishe_launch/bishe_launch.egg-info/PKG-INFO
writing dependency_links to ../../build/bishe_launch/bishe_launch.egg-info/dependency_links.txt
writing entry points to ../../build/bishe_launch/bishe_launch.egg-info/entry_points.txt
writing requirements to ../../build/bishe_launch/bishe_launch.egg-info/requires.txt
writing top-level names to ../../build/bishe_launch/bishe_launch.egg-info/top_level.txt
reading manifest file '../../build/bishe_launch/bishe_launch.egg-info/SOURCES.txt'
writing manifest file '../../build/bishe_launch/bishe_launch.egg-info/SOURCES.txt'
running build
running build_py
copying bishe_launch/__init__.py -> /home/jetson/projects/bishe/edge/build/bishe_launch/build/lib/bishe_launch
running install
running install_lib
copying /home/jetson/projects/bishe/edge/build/bishe_launch/build/lib/bishe_launch/__init__.py -> /home/jetson/projects/bishe/edge/install/bishe_launch/lib/python3.10/site-packages/bishe_launch
byte-compiling /home/jetson/projects/bishe/edge/install/bishe_launch/lib/python3.10/site-packages/bishe_launch/__init__.py to __init__.cpython-310.pyc
running install_data
running install_egg_info
removing '/home/jetson/projects/bishe/edge/install/bishe_launch/lib/python3.10/site-packages/bishe_launch-0.1.0-py3.10.egg-info' (and everything under it)
Copying ../../build/bishe_launch/bishe_launch.egg-info to /home/jetson/projects/bishe/edge/install/bishe_launch/lib/python3.10/site-packages/bishe_launch-0.1.0-py3.10.egg-info
running install_scripts
writing list of installed files to '/home/jetson/projects/bishe/edge/build/bishe_launch/install.log'
