[0.230s] colcon DEBUG Command line arguments: ['/usr/bin/colcon', 'build', '--packages-select', 'bishe_launch']
[0.230s] colcon DEBUG Parsed command line arguments: Namespace(log_base=None, log_level=None, verb_name='build', build_base='build', install_base='install', merge_install=False, symlink_install=False, test_result_base=None, continue_on_error=False, executor='parallel', parallel_workers=6, event_handlers=None, ignore_user_meta=False, metas=['./colcon.meta'], base_paths=['.'], packages_ignore=None, packages_ignore_regex=None, paths=None, packages_up_to=None, packages_up_to_regex=None, packages_above=None, packages_above_and_dependencies=None, packages_above_depth=None, packages_select_by_dep=None, packages_skip_by_dep=None, packages_skip_up_to=None, packages_select_build_failed=False, packages_skip_build_finished=False, packages_select_test_failures=False, packages_skip_test_passed=False, packages_select=['bishe_launch'], packages_skip=None, packages_select_regex=None, packages_skip_regex=None, packages_start=None, packages_end=None, allow_overriding=[], cmake_args=None, cmake_target=None, cmake_target_skip_unavailable=False, cmake_clean_cache=False, cmake_clean_first=False, cmake_force_configure=False, ament_cmake_args=None, catkin_cmake_args=None, catkin_skip_building_tests=False, verb_parser=<colcon_defaults.argument_parser.defaults.DefaultArgumentsDecorator object at 0xffffaff85a80>, verb_extension=<colcon_core.verb.build.BuildVerb object at 0xffffaff85540>, main=<bound method BuildVerb.main of <colcon_core.verb.build.BuildVerb object at 0xffffaff85540>>)
[0.531s] colcon.colcon_core.package_discovery Level 1 discover_packages(colcon_meta) check parameters
[0.531s] colcon.colcon_core.package_discovery Level 1 discover_packages(recursive) check parameters
[0.531s] colcon.colcon_core.package_discovery Level 1 discover_packages(ignore) check parameters
[0.531s] colcon.colcon_core.package_discovery Level 1 discover_packages(path) check parameters
[0.531s] colcon.colcon_core.package_discovery Level 1 discover_packages(colcon_meta) discover
[0.532s] colcon.colcon_core.package_discovery Level 1 discover_packages(recursive) discover
[0.532s] colcon.colcon_core.package_discovery INFO Crawling recursively for packages in '/home/jetson/projects/bishe/edge'
[0.532s] colcon.colcon_core.package_identification Level 1 _identify(.) by extensions ['ignore', 'ignore_ament_install']
[0.532s] colcon.colcon_core.package_identification Level 1 _identify(.) by extension 'ignore'
[0.532s] colcon.colcon_core.package_identification Level 1 _identify(.) by extension 'ignore_ament_install'
[0.532s] colcon.colcon_core.package_identification Level 1 _identify(.) by extensions ['colcon_pkg']
[0.533s] colcon.colcon_core.package_identification Level 1 _identify(.) by extension 'colcon_pkg'
[0.533s] colcon.colcon_core.package_identification Level 1 _identify(.) by extensions ['colcon_meta']
[0.533s] colcon.colcon_core.package_identification Level 1 _identify(.) by extension 'colcon_meta'
[0.533s] colcon.colcon_core.package_identification Level 1 _identify(.) by extensions ['ros']
[0.533s] colcon.colcon_core.package_identification Level 1 _identify(.) by extension 'ros'
[0.556s] colcon.colcon_core.package_identification Level 1 _identify(.) by extensions ['cmake', 'python']
[0.556s] colcon.colcon_core.package_identification Level 1 _identify(.) by extension 'cmake'
[0.556s] colcon.colcon_core.package_identification Level 1 _identify(.) by extension 'python'
[0.556s] colcon.colcon_core.package_identification Level 1 _identify(.) by extensions ['python_setup_py']
[0.556s] colcon.colcon_core.package_identification Level 1 _identify(.) by extension 'python_setup_py'
[0.556s] colcon.colcon_core.package_identification Level 1 _identify(assets) by extensions ['ignore', 'ignore_ament_install']
[0.557s] colcon.colcon_core.package_identification Level 1 _identify(assets) by extension 'ignore'
[0.557s] colcon.colcon_core.package_identification Level 1 _identify(assets) by extension 'ignore_ament_install'
[0.557s] colcon.colcon_core.package_identification Level 1 _identify(assets) by extensions ['colcon_pkg']
[0.557s] colcon.colcon_core.package_identification Level 1 _identify(assets) by extension 'colcon_pkg'
[0.557s] colcon.colcon_core.package_identification Level 1 _identify(assets) by extensions ['colcon_meta']
[0.557s] colcon.colcon_core.package_identification Level 1 _identify(assets) by extension 'colcon_meta'
[0.557s] colcon.colcon_core.package_identification Level 1 _identify(assets) by extensions ['ros']
[0.557s] colcon.colcon_core.package_identification Level 1 _identify(assets) by extension 'ros'
[0.558s] colcon.colcon_core.package_identification Level 1 _identify(assets) by extensions ['cmake', 'python']
[0.558s] colcon.colcon_core.package_identification Level 1 _identify(assets) by extension 'cmake'
[0.558s] colcon.colcon_core.package_identification Level 1 _identify(assets) by extension 'python'
[0.558s] colcon.colcon_core.package_identification Level 1 _identify(assets) by extensions ['python_setup_py']
[0.558s] colcon.colcon_core.package_identification Level 1 _identify(assets) by extension 'python_setup_py'
[0.558s] colcon.colcon_core.package_identification Level 1 _identify(build) by extensions ['ignore', 'ignore_ament_install']
[0.558s] colcon.colcon_core.package_identification Level 1 _identify(build) by extension 'ignore'
[0.558s] colcon.colcon_core.package_identification Level 1 _identify(build) ignored
[0.559s] colcon.colcon_core.package_identification Level 1 _identify(docs) by extensions ['ignore', 'ignore_ament_install']
[0.559s] colcon.colcon_core.package_identification Level 1 _identify(docs) by extension 'ignore'
[0.559s] colcon.colcon_core.package_identification Level 1 _identify(docs) by extension 'ignore_ament_install'
[0.559s] colcon.colcon_core.package_identification Level 1 _identify(docs) by extensions ['colcon_pkg']
[0.559s] colcon.colcon_core.package_identification Level 1 _identify(docs) by extension 'colcon_pkg'
[0.559s] colcon.colcon_core.package_identification Level 1 _identify(docs) by extensions ['colcon_meta']
[0.559s] colcon.colcon_core.package_identification Level 1 _identify(docs) by extension 'colcon_meta'
[0.559s] colcon.colcon_core.package_identification Level 1 _identify(docs) by extensions ['ros']
[0.559s] colcon.colcon_core.package_identification Level 1 _identify(docs) by extension 'ros'
[0.560s] colcon.colcon_core.package_identification Level 1 _identify(docs) by extensions ['cmake', 'python']
[0.560s] colcon.colcon_core.package_identification Level 1 _identify(docs) by extension 'cmake'
[0.560s] colcon.colcon_core.package_identification Level 1 _identify(docs) by extension 'python'
[0.560s] colcon.colcon_core.package_identification Level 1 _identify(docs) by extensions ['python_setup_py']
[0.560s] colcon.colcon_core.package_identification Level 1 _identify(docs) by extension 'python_setup_py'
[0.560s] colcon.colcon_core.package_identification Level 1 _identify(docs/superpowers) by extensions ['ignore', 'ignore_ament_install']
[0.560s] colcon.colcon_core.package_identification Level 1 _identify(docs/superpowers) by extension 'ignore'
[0.560s] colcon.colcon_core.package_identification Level 1 _identify(docs/superpowers) by extension 'ignore_ament_install'
[0.560s] colcon.colcon_core.package_identification Level 1 _identify(docs/superpowers) by extensions ['colcon_pkg']
[0.560s] colcon.colcon_core.package_identification Level 1 _identify(docs/superpowers) by extension 'colcon_pkg'
[0.561s] colcon.colcon_core.package_identification Level 1 _identify(docs/superpowers) by extensions ['colcon_meta']
[0.561s] colcon.colcon_core.package_identification Level 1 _identify(docs/superpowers) by extension 'colcon_meta'
[0.561s] colcon.colcon_core.package_identification Level 1 _identify(docs/superpowers) by extensions ['ros']
[0.561s] colcon.colcon_core.package_identification Level 1 _identify(docs/superpowers) by extension 'ros'
[0.561s] colcon.colcon_core.package_identification Level 1 _identify(docs/superpowers) by extensions ['cmake', 'python']
[0.561s] colcon.colcon_core.package_identification Level 1 _identify(docs/superpowers) by extension 'cmake'
[0.561s] colcon.colcon_core.package_identification Level 1 _identify(docs/superpowers) by extension 'python'
[0.561s] colcon.colcon_core.package_identification Level 1 _identify(docs/superpowers) by extensions ['python_setup_py']
[0.561s] colcon.colcon_core.package_identification Level 1 _identify(docs/superpowers) by extension 'python_setup_py'
[0.561s] colcon.colcon_core.package_identification Level 1 _identify(docs/superpowers/plans) by extensions ['ignore', 'ignore_ament_install']
[0.562s] colcon.colcon_core.package_identification Level 1 _identify(docs/superpowers/plans) by extension 'ignore'
[0.562s] colcon.colcon_core.package_identification Level 1 _identify(docs/superpowers/plans) by extension 'ignore_ament_install'
[0.562s] colcon.colcon_core.package_identification Level 1 _identify(docs/superpowers/plans) by extensions ['colcon_pkg']
[0.562s] colcon.colcon_core.package_identification Level 1 _identify(docs/superpowers/plans) by extension 'colcon_pkg'
[0.562s] colcon.colcon_core.package_identification Level 1 _identify(docs/superpowers/plans) by extensions ['colcon_meta']
[0.562s] colcon.colcon_core.package_identification Level 1 _identify(docs/superpowers/plans) by extension 'colcon_meta'
[0.562s] colcon.colcon_core.package_identification Level 1 _identify(docs/superpowers/plans) by extensions ['ros']
[0.562s] colcon.colcon_core.package_identification Level 1 _identify(docs/superpowers/plans) by extension 'ros'
[0.562s] colcon.colcon_core.package_identification Level 1 _identify(docs/superpowers/plans) by extensions ['cmake', 'python']
[0.562s] colcon.colcon_core.package_identification Level 1 _identify(docs/superpowers/plans) by extension 'cmake'
[0.562s] colcon.colcon_core.package_identification Level 1 _identify(docs/superpowers/plans) by extension 'python'
[0.563s] colcon.colcon_core.package_identification Level 1 _identify(docs/superpowers/plans) by extensions ['python_setup_py']
[0.563s] colcon.colcon_core.package_identification Level 1 _identify(docs/superpowers/plans) by extension 'python_setup_py'
[0.563s] colcon.colcon_core.package_identification Level 1 _identify(docs/superpowers/specs) by extensions ['ignore', 'ignore_ament_install']
[0.563s] colcon.colcon_core.package_identification Level 1 _identify(docs/superpowers/specs) by extension 'ignore'
[0.563s] colcon.colcon_core.package_identification Level 1 _identify(docs/superpowers/specs) by extension 'ignore_ament_install'
[0.563s] colcon.colcon_core.package_identification Level 1 _identify(docs/superpowers/specs) by extensions ['colcon_pkg']
[0.563s] colcon.colcon_core.package_identification Level 1 _identify(docs/superpowers/specs) by extension 'colcon_pkg'
[0.563s] colcon.colcon_core.package_identification Level 1 _identify(docs/superpowers/specs) by extensions ['colcon_meta']
[0.563s] colcon.colcon_core.package_identification Level 1 _identify(docs/superpowers/specs) by extension 'colcon_meta'
[0.564s] colcon.colcon_core.package_identification Level 1 _identify(docs/superpowers/specs) by extensions ['ros']
[0.564s] colcon.colcon_core.package_identification Level 1 _identify(docs/superpowers/specs) by extension 'ros'
[0.564s] colcon.colcon_core.package_identification Level 1 _identify(docs/superpowers/specs) by extensions ['cmake', 'python']
[0.564s] colcon.colcon_core.package_identification Level 1 _identify(docs/superpowers/specs) by extension 'cmake'
[0.564s] colcon.colcon_core.package_identification Level 1 _identify(docs/superpowers/specs) by extension 'python'
[0.564s] colcon.colcon_core.package_identification Level 1 _identify(docs/superpowers/specs) by extensions ['python_setup_py']
[0.564s] colcon.colcon_core.package_identification Level 1 _identify(docs/superpowers/specs) by extension 'python_setup_py'
[0.564s] colcon.colcon_core.package_identification Level 1 _identify(install) by extensions ['ignore', 'ignore_ament_install']
[0.564s] colcon.colcon_core.package_identification Level 1 _identify(install) by extension 'ignore'
[0.565s] colcon.colcon_core.package_identification Level 1 _identify(install) ignored
[0.565s] colcon.colcon_core.package_identification Level 1 _identify(log) by extensions ['ignore', 'ignore_ament_install']
[0.565s] colcon.colcon_core.package_identification Level 1 _identify(log) by extension 'ignore'
[0.565s] colcon.colcon_core.package_identification Level 1 _identify(log) ignored
[0.566s] colcon.colcon_core.package_identification Level 1 _identify(models) by extensions ['ignore', 'ignore_ament_install']
[0.566s] colcon.colcon_core.package_identification Level 1 _identify(models) by extension 'ignore'
[0.566s] colcon.colcon_core.package_identification Level 1 _identify(models) by extension 'ignore_ament_install'
[0.566s] colcon.colcon_core.package_identification Level 1 _identify(models) by extensions ['colcon_pkg']
[0.566s] colcon.colcon_core.package_identification Level 1 _identify(models) by extension 'colcon_pkg'
[0.566s] colcon.colcon_core.package_identification Level 1 _identify(models) by extensions ['colcon_meta']
[0.566s] colcon.colcon_core.package_identification Level 1 _identify(models) by extension 'colcon_meta'
[0.566s] colcon.colcon_core.package_identification Level 1 _identify(models) by extensions ['ros']
[0.566s] colcon.colcon_core.package_identification Level 1 _identify(models) by extension 'ros'
[0.566s] colcon.colcon_core.package_identification Level 1 _identify(models) by extensions ['cmake', 'python']
[0.566s] colcon.colcon_core.package_identification Level 1 _identify(models) by extension 'cmake'
[0.567s] colcon.colcon_core.package_identification Level 1 _identify(models) by extension 'python'
[0.567s] colcon.colcon_core.package_identification Level 1 _identify(models) by extensions ['python_setup_py']
[0.567s] colcon.colcon_core.package_identification Level 1 _identify(models) by extension 'python_setup_py'
[0.567s] colcon.colcon_core.package_identification Level 1 _identify(src) by extensions ['ignore', 'ignore_ament_install']
[0.567s] colcon.colcon_core.package_identification Level 1 _identify(src) by extension 'ignore'
[0.567s] colcon.colcon_core.package_identification Level 1 _identify(src) by extension 'ignore_ament_install'
[0.567s] colcon.colcon_core.package_identification Level 1 _identify(src) by extensions ['colcon_pkg']
[0.567s] colcon.colcon_core.package_identification Level 1 _identify(src) by extension 'colcon_pkg'
[0.567s] colcon.colcon_core.package_identification Level 1 _identify(src) by extensions ['colcon_meta']
[0.567s] colcon.colcon_core.package_identification Level 1 _identify(src) by extension 'colcon_meta'
[0.568s] colcon.colcon_core.package_identification Level 1 _identify(src) by extensions ['ros']
[0.568s] colcon.colcon_core.package_identification Level 1 _identify(src) by extension 'ros'
[0.568s] colcon.colcon_core.package_identification Level 1 _identify(src) by extensions ['cmake', 'python']
[0.568s] colcon.colcon_core.package_identification Level 1 _identify(src) by extension 'cmake'
[0.568s] colcon.colcon_core.package_identification Level 1 _identify(src) by extension 'python'
[0.568s] colcon.colcon_core.package_identification Level 1 _identify(src) by extensions ['python_setup_py']
[0.568s] colcon.colcon_core.package_identification Level 1 _identify(src) by extension 'python_setup_py'
[0.568s] colcon.colcon_core.package_identification Level 1 _identify(src/bishe_camera) by extensions ['ignore', 'ignore_ament_install']
[0.568s] colcon.colcon_core.package_identification Level 1 _identify(src/bishe_camera) by extension 'ignore'
[0.568s] colcon.colcon_core.package_identification Level 1 _identify(src/bishe_camera) by extension 'ignore_ament_install'
[0.569s] colcon.colcon_core.package_identification Level 1 _identify(src/bishe_camera) by extensions ['colcon_pkg']
[0.569s] colcon.colcon_core.package_identification Level 1 _identify(src/bishe_camera) by extension 'colcon_pkg'
[0.569s] colcon.colcon_core.package_identification Level 1 _identify(src/bishe_camera) by extensions ['colcon_meta']
[0.569s] colcon.colcon_core.package_identification Level 1 _identify(src/bishe_camera) by extension 'colcon_meta'
[0.569s] colcon.colcon_core.package_identification Level 1 _identify(src/bishe_camera) by extensions ['ros']
[0.569s] colcon.colcon_core.package_identification Level 1 _identify(src/bishe_camera) by extension 'ros'
[0.574s] colcon.colcon_core.package_identification DEBUG Package 'src/bishe_camera' with type 'ros.ament_cmake' and name 'bishe_camera'
[0.574s] colcon.colcon_core.package_identification Level 1 _identify(src/bishe_detector) by extensions ['ignore', 'ignore_ament_install']
[0.575s] colcon.colcon_core.package_identification Level 1 _identify(src/bishe_detector) by extension 'ignore'
[0.575s] colcon.colcon_core.package_identification Level 1 _identify(src/bishe_detector) by extension 'ignore_ament_install'
[0.575s] colcon.colcon_core.package_identification Level 1 _identify(src/bishe_detector) by extensions ['colcon_pkg']
[0.575s] colcon.colcon_core.package_identification Level 1 _identify(src/bishe_detector) by extension 'colcon_pkg'
[0.575s] colcon.colcon_core.package_identification Level 1 _identify(src/bishe_detector) by extensions ['colcon_meta']
[0.575s] colcon.colcon_core.package_identification Level 1 _identify(src/bishe_detector) by extension 'colcon_meta'
[0.575s] colcon.colcon_core.package_identification Level 1 _identify(src/bishe_detector) by extensions ['ros']
[0.575s] colcon.colcon_core.package_identification Level 1 _identify(src/bishe_detector) by extension 'ros'
[0.577s] colcon.colcon_core.package_identification DEBUG Package 'src/bishe_detector' with type 'ros.ament_cmake' and name 'bishe_detector'
[0.577s] colcon.colcon_core.package_identification Level 1 _identify(src/bishe_launch) by extensions ['ignore', 'ignore_ament_install']
[0.577s] colcon.colcon_core.package_identification Level 1 _identify(src/bishe_launch) by extension 'ignore'
[0.578s] colcon.colcon_core.package_identification Level 1 _identify(src/bishe_launch) by extension 'ignore_ament_install'
[0.578s] colcon.colcon_core.package_identification Level 1 _identify(src/bishe_launch) by extensions ['colcon_pkg']
[0.578s] colcon.colcon_core.package_identification Level 1 _identify(src/bishe_launch) by extension 'colcon_pkg'
[0.578s] colcon.colcon_core.package_identification Level 1 _identify(src/bishe_launch) by extensions ['colcon_meta']
[0.578s] colcon.colcon_core.package_identification Level 1 _identify(src/bishe_launch) by extension 'colcon_meta'
[0.578s] colcon.colcon_core.package_identification Level 1 _identify(src/bishe_launch) by extensions ['ros']
[0.578s] colcon.colcon_core.package_identification Level 1 _identify(src/bishe_launch) by extension 'ros'
[0.579s] colcon.colcon_core.package_identification DEBUG Package 'src/bishe_launch' with type 'ros.ament_python' and name 'bishe_launch'
[0.579s] colcon.colcon_core.package_identification Level 1 _identify(src/bishe_monitor) by extensions ['ignore', 'ignore_ament_install']
[0.580s] colcon.colcon_core.package_identification Level 1 _identify(src/bishe_monitor) by extension 'ignore'
[0.580s] colcon.colcon_core.package_identification Level 1 _identify(src/bishe_monitor) by extension 'ignore_ament_install'
[0.580s] colcon.colcon_core.package_identification Level 1 _identify(src/bishe_monitor) by extensions ['colcon_pkg']
[0.580s] colcon.colcon_core.package_identification Level 1 _identify(src/bishe_monitor) by extension 'colcon_pkg'
[0.580s] colcon.colcon_core.package_identification Level 1 _identify(src/bishe_monitor) by extensions ['colcon_meta']
[0.580s] colcon.colcon_core.package_identification Level 1 _identify(src/bishe_monitor) by extension 'colcon_meta'
[0.580s] colcon.colcon_core.package_identification Level 1 _identify(src/bishe_monitor) by extensions ['ros']
[0.580s] colcon.colcon_core.package_identification Level 1 _identify(src/bishe_monitor) by extension 'ros'
[0.582s] colcon.colcon_core.package_identification DEBUG Package 'src/bishe_monitor' with type 'ros.ament_cmake' and name 'bishe_monitor'
[0.582s] colcon.colcon_core.package_identification Level 1 _identify(src/bishe_mqtt) by extensions ['ignore', 'ignore_ament_install']
[0.582s] colcon.colcon_core.package_identification Level 1 _identify(src/bishe_mqtt) by extension 'ignore'
[0.582s] colcon.colcon_core.package_identification Level 1 _identify(src/bishe_mqtt) by extension 'ignore_ament_install'
[0.582s] colcon.colcon_core.package_identification Level 1 _identify(src/bishe_mqtt) by extensions ['colcon_pkg']
[0.583s] colcon.colcon_core.package_identification Level 1 _identify(src/bishe_mqtt) by extension 'colcon_pkg'
[0.583s] colcon.colcon_core.package_identification Level 1 _identify(src/bishe_mqtt) by extensions ['colcon_meta']
[0.583s] colcon.colcon_core.package_identification Level 1 _identify(src/bishe_mqtt) by extension 'colcon_meta'
[0.583s] colcon.colcon_core.package_identification Level 1 _identify(src/bishe_mqtt) by extensions ['ros']
[0.583s] colcon.colcon_core.package_identification Level 1 _identify(src/bishe_mqtt) by extension 'ros'
[0.584s] colcon.colcon_core.package_identification DEBUG Package 'src/bishe_mqtt' with type 'ros.ament_cmake' and name 'bishe_mqtt'
[0.584s] colcon.colcon_core.package_identification Level 1 _identify(src/bishe_msgs) by extensions ['ignore', 'ignore_ament_install']
[0.585s] colcon.colcon_core.package_identification Level 1 _identify(src/bishe_msgs) by extension 'ignore'
[0.585s] colcon.colcon_core.package_identification Level 1 _identify(src/bishe_msgs) by extension 'ignore_ament_install'
[0.585s] colcon.colcon_core.package_identification Level 1 _identify(src/bishe_msgs) by extensions ['colcon_pkg']
[0.585s] colcon.colcon_core.package_identification Level 1 _identify(src/bishe_msgs) by extension 'colcon_pkg'
[0.585s] colcon.colcon_core.package_identification Level 1 _identify(src/bishe_msgs) by extensions ['colcon_meta']
[0.585s] colcon.colcon_core.package_identification Level 1 _identify(src/bishe_msgs) by extension 'colcon_meta'
[0.585s] colcon.colcon_core.package_identification Level 1 _identify(src/bishe_msgs) by extensions ['ros']
[0.585s] colcon.colcon_core.package_identification Level 1 _identify(src/bishe_msgs) by extension 'ros'
[0.586s] colcon.colcon_core.package_identification DEBUG Package 'src/bishe_msgs' with type 'ros.ament_cmake' and name 'bishe_msgs'
[0.587s] colcon.colcon_core.package_identification Level 1 _identify(src/bishe_streamer) by extensions ['ignore', 'ignore_ament_install']
[0.587s] colcon.colcon_core.package_identification Level 1 _identify(src/bishe_streamer) by extension 'ignore'
[0.587s] colcon.colcon_core.package_identification Level 1 _identify(src/bishe_streamer) by extension 'ignore_ament_install'
[0.587s] colcon.colcon_core.package_identification Level 1 _identify(src/bishe_streamer) by extensions ['colcon_pkg']
[0.587s] colcon.colcon_core.package_identification Level 1 _identify(src/bishe_streamer) by extension 'colcon_pkg'
[0.587s] colcon.colcon_core.package_identification Level 1 _identify(src/bishe_streamer) by extensions ['colcon_meta']
[0.587s] colcon.colcon_core.package_identification Level 1 _identify(src/bishe_streamer) by extension 'colcon_meta'
[0.587s] colcon.colcon_core.package_identification Level 1 _identify(src/bishe_streamer) by extensions ['ros']
[0.587s] colcon.colcon_core.package_identification Level 1 _identify(src/bishe_streamer) by extension 'ros'
[0.589s] colcon.colcon_core.package_identification DEBUG Package 'src/bishe_streamer' with type 'ros.ament_cmake' and name 'bishe_streamer'
[0.589s] colcon.colcon_core.package_discovery Level 1 discover_packages(recursive) using defaults
[0.589s] colcon.colcon_core.package_discovery Level 1 discover_packages(ignore) discover
[0.589s] colcon.colcon_core.package_discovery Level 1 discover_packages(ignore) using defaults
[0.590s] colcon.colcon_core.package_discovery Level 1 discover_packages(path) discover
[0.590s] colcon.colcon_core.package_discovery Level 1 discover_packages(path) using defaults
[0.646s] colcon.colcon_core.package_selection INFO Skipping not selected package 'bishe_camera' in 'src/bishe_camera'
[0.647s] colcon.colcon_core.package_selection INFO Skipping not selected package 'bishe_mqtt' in 'src/bishe_mqtt'
[0.647s] colcon.colcon_core.package_selection INFO Skipping not selected package 'bishe_msgs' in 'src/bishe_msgs'
[0.647s] colcon.colcon_core.package_selection INFO Skipping not selected package 'bishe_detector' in 'src/bishe_detector'
[0.647s] colcon.colcon_core.package_selection INFO Skipping not selected package 'bishe_monitor' in 'src/bishe_monitor'
[0.647s] colcon.colcon_core.package_selection INFO Skipping not selected package 'bishe_streamer' in 'src/bishe_streamer'
[0.648s] colcon.colcon_core.package_discovery Level 1 discover_packages(prefix_path) check parameters
[0.648s] colcon.colcon_core.package_discovery Level 1 discover_packages(prefix_path) discover
[0.652s] colcon.colcon_installed_package_information.package_discovery DEBUG Found 271 installed packages in /opt/ros/humble
[0.655s] colcon.colcon_core.package_discovery Level 1 discover_packages(prefix_path) using defaults
[0.720s] colcon.colcon_core.verb Level 5 set package 'bishe_launch' build argument 'cmake_args' from command line to 'None'
[0.720s] colcon.colcon_core.verb Level 5 set package 'bishe_launch' build argument 'cmake_target' from command line to 'None'
[0.720s] colcon.colcon_core.verb Level 5 set package 'bishe_launch' build argument 'cmake_target_skip_unavailable' from command line to 'False'
[0.720s] colcon.colcon_core.verb Level 5 set package 'bishe_launch' build argument 'cmake_clean_cache' from command line to 'False'
[0.720s] colcon.colcon_core.verb Level 5 set package 'bishe_launch' build argument 'cmake_clean_first' from command line to 'False'
[0.720s] colcon.colcon_core.verb Level 5 set package 'bishe_launch' build argument 'cmake_force_configure' from command line to 'False'
[0.720s] colcon.colcon_core.verb Level 5 set package 'bishe_launch' build argument 'ament_cmake_args' from command line to 'None'
[0.720s] colcon.colcon_core.verb Level 5 set package 'bishe_launch' build argument 'catkin_cmake_args' from command line to 'None'
[0.721s] colcon.colcon_core.verb Level 5 set package 'bishe_launch' build argument 'catkin_skip_building_tests' from command line to 'False'
[0.721s] colcon.colcon_core.verb DEBUG Building package 'bishe_launch' with the following arguments: {'ament_cmake_args': None, 'build_base': '/home/jetson/projects/bishe/edge/build/bishe_launch', 'catkin_cmake_args': None, 'catkin_skip_building_tests': False, 'cmake_args': None, 'cmake_clean_cache': False, 'cmake_clean_first': False, 'cmake_force_configure': False, 'cmake_target': None, 'cmake_target_skip_unavailable': False, 'install_base': '/home/jetson/projects/bishe/edge/install/bishe_launch', 'merge_install': False, 'path': '/home/jetson/projects/bishe/edge/src/bishe_launch', 'symlink_install': False, 'test_result_base': None}
[0.721s] colcon.colcon_core.executor INFO Executing jobs using 'parallel' executor
[0.723s] colcon.colcon_parallel_executor.executor.parallel DEBUG run_until_complete
[0.723s] colcon.colcon_ros.task.ament_python.build INFO Building ROS package in '/home/jetson/projects/bishe/edge/src/bishe_launch' with build type 'ament_python'
[0.724s] colcon.colcon_core.shell Level 1 create_environment_hook('bishe_launch', 'ament_prefix_path')
[0.728s] colcon.colcon_core.plugin_system INFO Skipping extension 'colcon_core.shell.bat': Not used on non-Windows systems
[0.729s] colcon.colcon_core.shell INFO Creating environment hook '/home/jetson/projects/bishe/edge/install/bishe_launch/share/bishe_launch/hook/ament_prefix_path.ps1'
[0.730s] colcon.colcon_core.shell INFO Creating environment descriptor '/home/jetson/projects/bishe/edge/install/bishe_launch/share/bishe_launch/hook/ament_prefix_path.dsv'
[0.731s] colcon.colcon_core.shell INFO Creating environment hook '/home/jetson/projects/bishe/edge/install/bishe_launch/share/bishe_launch/hook/ament_prefix_path.sh'
[0.732s] colcon.colcon_core.shell INFO Skip shell extension 'powershell' for command environment: Not usable outside of PowerShell
[0.732s] colcon.colcon_core.shell DEBUG Skip shell extension 'dsv' for command environment
[1.200s] colcon.colcon_core.task.python.build INFO Building Python package in '/home/jetson/projects/bishe/edge/src/bishe_launch'
[1.201s] colcon.colcon_core.shell INFO Skip shell extension 'powershell' for command environment: Not usable outside of PowerShell
[1.201s] colcon.colcon_core.shell DEBUG Skip shell extension 'dsv' for command environment
[1.807s] colcon.colcon_core.event_handler.log_command DEBUG Invoking command in '/home/jetson/projects/bishe/edge/src/bishe_launch': PYTHONPATH=/home/jetson/projects/bishe/edge/build/bishe_launch/prefix_override:/usr/lib/python3/dist-packages/colcon_core/task/python/colcon_distutils_commands:/home/jetson/projects/bishe/edge/install/bishe_launch/lib/python3.10/site-packages:${PYTHONPATH} /usr/bin/python3 -W ignore:setup.py install is deprecated -W ignore:easy_install command is deprecated setup.py egg_info --egg-base ../../build/bishe_launch build --build-base /home/jetson/projects/bishe/edge/build/bishe_launch/build install --record /home/jetson/projects/bishe/edge/build/bishe_launch/install.log --single-version-externally-managed install_data
[2.340s] colcon.colcon_core.event_handler.log_command DEBUG Invoked command in '/home/jetson/projects/bishe/edge/src/bishe_launch' returned '0': PYTHONPATH=/home/jetson/projects/bishe/edge/build/bishe_launch/prefix_override:/usr/lib/python3/dist-packages/colcon_core/task/python/colcon_distutils_commands:/home/jetson/projects/bishe/edge/install/bishe_launch/lib/python3.10/site-packages:${PYTHONPATH} /usr/bin/python3 -W ignore:setup.py install is deprecated -W ignore:easy_install command is deprecated setup.py egg_info --egg-base ../../build/bishe_launch build --build-base /home/jetson/projects/bishe/edge/build/bishe_launch/build install --record /home/jetson/projects/bishe/edge/build/bishe_launch/install.log --single-version-externally-managed install_data
[2.344s] colcon.colcon_core.environment Level 1 checking '/home/jetson/projects/bishe/edge/install/bishe_launch' for CMake module files
[2.345s] colcon.colcon_core.environment Level 1 checking '/home/jetson/projects/bishe/edge/install/bishe_launch' for CMake config files
[2.347s] colcon.colcon_core.environment Level 1 checking '/home/jetson/projects/bishe/edge/install/bishe_launch/lib'
[2.347s] colcon.colcon_core.environment Level 1 checking '/home/jetson/projects/bishe/edge/install/bishe_launch/bin'
[2.347s] colcon.colcon_core.environment Level 1 checking '/home/jetson/projects/bishe/edge/install/bishe_launch/lib/pkgconfig/bishe_launch.pc'
[2.348s] colcon.colcon_core.environment Level 1 checking '/home/jetson/projects/bishe/edge/install/bishe_launch/lib/python3.10/site-packages'
[2.348s] colcon.colcon_core.shell Level 1 create_environment_hook('bishe_launch', 'pythonpath')
[2.348s] colcon.colcon_core.shell INFO Creating environment hook '/home/jetson/projects/bishe/edge/install/bishe_launch/share/bishe_launch/hook/pythonpath.ps1'
[2.349s] colcon.colcon_core.shell INFO Creating environment descriptor '/home/jetson/projects/bishe/edge/install/bishe_launch/share/bishe_launch/hook/pythonpath.dsv'
[2.350s] colcon.colcon_core.shell INFO Creating environment hook '/home/jetson/projects/bishe/edge/install/bishe_launch/share/bishe_launch/hook/pythonpath.sh'
[2.352s] colcon.colcon_core.environment Level 1 checking '/home/jetson/projects/bishe/edge/install/bishe_launch/bin'
[2.352s] colcon.colcon_core.environment Level 1 create_environment_scripts_only(bishe_launch)
[2.352s] colcon.colcon_core.shell INFO Creating package script '/home/jetson/projects/bishe/edge/install/bishe_launch/share/bishe_launch/package.ps1'
[2.354s] colcon.colcon_core.shell INFO Creating package descriptor '/home/jetson/projects/bishe/edge/install/bishe_launch/share/bishe_launch/package.dsv'
[2.355s] colcon.colcon_core.shell INFO Creating package script '/home/jetson/projects/bishe/edge/install/bishe_launch/share/bishe_launch/package.sh'
[2.356s] colcon.colcon_core.shell INFO Creating package script '/home/jetson/projects/bishe/edge/install/bishe_launch/share/bishe_launch/package.bash'
[2.358s] colcon.colcon_core.shell INFO Creating package script '/home/jetson/projects/bishe/edge/install/bishe_launch/share/bishe_launch/package.zsh'
[2.359s] colcon.colcon_core.environment Level 1 create_file_with_runtime_dependencies(/home/jetson/projects/bishe/edge/install/bishe_launch/share/colcon-core/packages/bishe_launch)
[2.359s] colcon.colcon_parallel_executor.executor.parallel DEBUG closing loop
[2.360s] colcon.colcon_parallel_executor.executor.parallel DEBUG loop closed
[2.360s] colcon.colcon_parallel_executor.executor.parallel DEBUG run_until_complete finished with '0'
[2.360s] colcon.colcon_core.event_reactor DEBUG joining thread
[2.370s] colcon.colcon_core.plugin_system INFO Skipping extension 'colcon_notification.desktop_notification.terminal_notifier': Not used on non-Darwin systems
[2.370s] colcon.colcon_core.plugin_system INFO Skipping extension 'colcon_notification.desktop_notification.win32': Not used on non-Windows systems
[2.370s] colcon.colcon_notification.desktop_notification INFO Sending desktop notification using 'notify2'
[2.402s] colcon.colcon_core.event_reactor DEBUG joined thread
[2.403s] colcon.colcon_core.shell INFO Creating prefix script '/home/jetson/projects/bishe/edge/install/local_setup.ps1'
[2.405s] colcon.colcon_core.shell INFO Creating prefix util module '/home/jetson/projects/bishe/edge/install/_local_setup_util_ps1.py'
[2.408s] colcon.colcon_core.shell INFO Creating prefix chain script '/home/jetson/projects/bishe/edge/install/setup.ps1'
[2.410s] colcon.colcon_core.shell INFO Creating prefix script '/home/jetson/projects/bishe/edge/install/local_setup.sh'
[2.411s] colcon.colcon_core.shell INFO Creating prefix util module '/home/jetson/projects/bishe/edge/install/_local_setup_util_sh.py'
[2.412s] colcon.colcon_core.shell INFO Creating prefix chain script '/home/jetson/projects/bishe/edge/install/setup.sh'
[2.414s] colcon.colcon_core.shell INFO Creating prefix script '/home/jetson/projects/bishe/edge/install/local_setup.bash'
[2.415s] colcon.colcon_core.shell INFO Creating prefix chain script '/home/jetson/projects/bishe/edge/install/setup.bash'
[2.417s] colcon.colcon_core.shell INFO Creating prefix script '/home/jetson/projects/bishe/edge/install/local_setup.zsh'
[2.418s] colcon.colcon_core.shell INFO Creating prefix chain script '/home/jetson/projects/bishe/edge/install/setup.zsh'
