[0.026s] Invoking command in '/home/jetson/projects/bishe/edge/build/bishe_streamer': AMENT_PREFIX_PATH=/home/jetson/projects/bishe/edge/install/bishe_msgs:${AMENT_PREFIX_PATH} CMAKE_PREFIX_PATH=/home/jetson/projects/bishe/edge/install/bishe_msgs:/opt/ros/humble LD_LIBRARY_PATH=/home/jetson/projects/bishe/edge/install/bishe_msgs/lib:/opt/ros/humble/opt/rviz_ogre_vendor/lib:/opt/ros/humble/lib/aarch64-linux-gnu:/opt/ros/humble/lib:/usr/local/cuda-12.6/lib64 PYTHONPATH=/home/jetson/projects/bishe/edge/install/bishe_msgs/local/lib/python3.10/dist-packages:${PYTHONPATH} /usr/bin/cmake /home/jetson/projects/bishe/edge/src/bishe_streamer -DAMENT_CMAKE_SYMLINK_INSTALL=1 -DCMAKE_INSTALL_PREFIX=/home/jetson/projects/bishe/edge/install/bishe_streamer
[0.120s] -- The C compiler identification is GNU 11.4.0
[0.220s] -- The CXX compiler identification is GNU 11.4.0
[0.243s] -- Detecting C compiler ABI info
[0.361s] -- Detecting C compiler ABI info - done
[0.374s] -- Check for working C compiler: /usr/bin/cc - skipped
[0.375s] -- Detecting C compile features
[0.377s] -- Detecting C compile features - done
[0.384s] -- Detecting CXX compiler ABI info
[0.529s] -- Detecting CXX compiler ABI info - done
[0.537s] -- Check for working CXX compiler: /usr/bin/c++ - skipped
[0.538s] -- Detecting CXX compile features
[0.538s] -- Detecting CXX compile features - done
[0.542s] -- Found ament_cmake: 1.3.12 (/opt/ros/humble/share/ament_cmake/cmake)
[0.875s] -- Found Python3: /usr/bin/python3 (found version "3.10.12") found components: Interpreter 
[1.023s] -- Override CMake install command with custom implementation using symlinks instead of copying resources
[1.063s] -- Found rclcpp: 16.0.16 (/opt/ros/humble/share/rclcpp/cmake)
[1.134s] -- Found rosidl_generator_c: 3.1.7 (/opt/ros/humble/share/rosidl_generator_c/cmake)
[1.144s] -- Found rosidl_adapter: 3.1.7 (/opt/ros/humble/share/rosidl_adapter/cmake)
[1.159s] -- Found rosidl_generator_cpp: 3.1.7 (/opt/ros/humble/share/rosidl_generator_cpp/cmake)
[1.183s] -- Using all available rosidl_typesupport_c: rosidl_typesupport_fastrtps_c;rosidl_typesupport_introspection_c
[1.213s] -- Using all available rosidl_typesupport_cpp: rosidl_typesupport_fastrtps_cpp;rosidl_typesupport_introspection_cpp
[1.296s] -- Found rmw_implementation_cmake: 6.1.2 (/opt/ros/humble/share/rmw_implementation_cmake/cmake)
[1.300s] -- Found rmw_fastrtps_cpp: 6.2.9 (/opt/ros/humble/share/rmw_fastrtps_cpp/cmake)
[1.459s] -- Found OpenSSL: /usr/lib/aarch64-linux-gnu/libcrypto.so (found version "3.0.2")  
[1.514s] -- Found FastRTPS: /opt/ros/humble/include  
[1.595s] -- Using RMW implementation 'rmw_fastrtps_cpp' as default
[1.611s] -- Looking for pthread.h
[1.740s] -- Looking for pthread.h - found
[1.740s] -- Performing Test CMAKE_HAVE_LIBC_PTHREAD
[1.893s] -- Performing Test CMAKE_HAVE_LIBC_PTHREAD - Success
[1.894s] -- Found Threads: TRUE  
[1.996s] -- Found sensor_msgs: 4.9.0 (/opt/ros/humble/share/sensor_msgs/cmake)
[2.071s] -- Found image_transport: 3.1.12 (/opt/ros/humble/share/image_transport/cmake)
[2.132s] -- Found cv_bridge: 3.2.1 (/opt/ros/humble/share/cv_bridge/cmake)
[2.191s] -- Found CUDA: /usr/local/cuda-12.6 (found suitable exact version "12.6") 
[2.225s] -- Found OpenCV: /usr/local (found version "4.10.0") 
[2.225s] -- Found bishe_msgs: 0.1.0 (/home/jetson/projects/bishe/edge/install/bishe_msgs/share/bishe_msgs/cmake)
[2.392s] -- Configuring done
[2.424s] -- Generating done
[2.434s] -- Build files have been written to: /home/jetson/projects/bishe/edge/build/bishe_streamer
[2.467s] Invoked command in '/home/jetson/projects/bishe/edge/build/bishe_streamer' returned '0': AMENT_PREFIX_PATH=/home/jetson/projects/bishe/edge/install/bishe_msgs:${AMENT_PREFIX_PATH} CMAKE_PREFIX_PATH=/home/jetson/projects/bishe/edge/install/bishe_msgs:/opt/ros/humble LD_LIBRARY_PATH=/home/jetson/projects/bishe/edge/install/bishe_msgs/lib:/opt/ros/humble/opt/rviz_ogre_vendor/lib:/opt/ros/humble/lib/aarch64-linux-gnu:/opt/ros/humble/lib:/usr/local/cuda-12.6/lib64 PYTHONPATH=/home/jetson/projects/bishe/edge/install/bishe_msgs/local/lib/python3.10/dist-packages:${PYTHONPATH} /usr/bin/cmake /home/jetson/projects/bishe/edge/src/bishe_streamer -DAMENT_CMAKE_SYMLINK_INSTALL=1 -DCMAKE_INSTALL_PREFIX=/home/jetson/projects/bishe/edge/install/bishe_streamer
[2.473s] Invoking command in '/home/jetson/projects/bishe/edge/build/bishe_streamer': AMENT_PREFIX_PATH=/home/jetson/projects/bishe/edge/install/bishe_msgs:${AMENT_PREFIX_PATH} CMAKE_PREFIX_PATH=/home/jetson/projects/bishe/edge/install/bishe_msgs:/opt/ros/humble LD_LIBRARY_PATH=/home/jetson/projects/bishe/edge/install/bishe_msgs/lib:/opt/ros/humble/opt/rviz_ogre_vendor/lib:/opt/ros/humble/lib/aarch64-linux-gnu:/opt/ros/humble/lib:/usr/local/cuda-12.6/lib64 PYTHONPATH=/home/jetson/projects/bishe/edge/install/bishe_msgs/local/lib/python3.10/dist-packages:${PYTHONPATH} /usr/bin/cmake --build /home/jetson/projects/bishe/edge/build/bishe_streamer -- -j6 -l6
[2.561s] [ 50%] Building CXX object CMakeFiles/streamer_node.dir/src/streamer_node.cpp.o
[26.263s] [100%] Linking CXX executable streamer_node
[26.696s] /usr/bin/ld: warning: libopencv_imgproc.so.4.5d, needed by /opt/ros/humble/lib/libcv_bridge.so, may conflict with libopencv_imgproc.so.410
[26.697s] /usr/bin/ld: warning: libopencv_core.so.4.5d, needed by /opt/ros/humble/lib/libcv_bridge.so, may conflict with libopencv_core.so.410
[27.610s] [100%] Built target streamer_node
[27.626s] Invoked command in '/home/jetson/projects/bishe/edge/build/bishe_streamer' returned '0': AMENT_PREFIX_PATH=/home/jetson/projects/bishe/edge/install/bishe_msgs:${AMENT_PREFIX_PATH} CMAKE_PREFIX_PATH=/home/jetson/projects/bishe/edge/install/bishe_msgs:/opt/ros/humble LD_LIBRARY_PATH=/home/jetson/projects/bishe/edge/install/bishe_msgs/lib:/opt/ros/humble/opt/rviz_ogre_vendor/lib:/opt/ros/humble/lib/aarch64-linux-gnu:/opt/ros/humble/lib:/usr/local/cuda-12.6/lib64 PYTHONPATH=/home/jetson/projects/bishe/edge/install/bishe_msgs/local/lib/python3.10/dist-packages:${PYTHONPATH} /usr/bin/cmake --build /home/jetson/projects/bishe/edge/build/bishe_streamer -- -j6 -l6
[27.628s] Invoking command in '/home/jetson/projects/bishe/edge/build/bishe_streamer': AMENT_PREFIX_PATH=/home/jetson/projects/bishe/edge/install/bishe_msgs:${AMENT_PREFIX_PATH} CMAKE_PREFIX_PATH=/home/jetson/projects/bishe/edge/install/bishe_msgs:/opt/ros/humble LD_LIBRARY_PATH=/home/jetson/projects/bishe/edge/install/bishe_msgs/lib:/opt/ros/humble/opt/rviz_ogre_vendor/lib:/opt/ros/humble/lib/aarch64-linux-gnu:/opt/ros/humble/lib:/usr/local/cuda-12.6/lib64 PYTHONPATH=/home/jetson/projects/bishe/edge/install/bishe_msgs/local/lib/python3.10/dist-packages:${PYTHONPATH} /usr/bin/cmake --install /home/jetson/projects/bishe/edge/build/bishe_streamer
[27.641s] -- Install configuration: ""
[27.643s] -- Execute custom install script
[27.643s] -- Symlinking: /home/jetson/projects/bishe/edge/install/bishe_streamer/lib/bishe_streamer/streamer_node
[27.657s] -- Symlinking: /home/jetson/projects/bishe/edge/install/bishe_streamer/share/ament_index/resource_index/package_run_dependencies/bishe_streamer
[27.670s] -- Symlinking: /home/jetson/projects/bishe/edge/install/bishe_streamer/share/ament_index/resource_index/parent_prefix_path/bishe_streamer
[27.684s] -- Symlinking: /home/jetson/projects/bishe/edge/install/bishe_streamer/share/bishe_streamer/environment/ament_prefix_path.sh
[27.697s] -- Symlinking: /home/jetson/projects/bishe/edge/install/bishe_streamer/share/bishe_streamer/environment/ament_prefix_path.dsv
[27.710s] -- Symlinking: /home/jetson/projects/bishe/edge/install/bishe_streamer/share/bishe_streamer/environment/path.sh
[27.723s] -- Symlinking: /home/jetson/projects/bishe/edge/install/bishe_streamer/share/bishe_streamer/environment/path.dsv
[27.736s] -- Symlinking: /home/jetson/projects/bishe/edge/install/bishe_streamer/share/bishe_streamer/local_setup.bash
[27.749s] -- Symlinking: /home/jetson/projects/bishe/edge/install/bishe_streamer/share/bishe_streamer/local_setup.sh
[27.762s] -- Symlinking: /home/jetson/projects/bishe/edge/install/bishe_streamer/share/bishe_streamer/local_setup.zsh
[27.775s] -- Symlinking: /home/jetson/projects/bishe/edge/install/bishe_streamer/share/bishe_streamer/local_setup.dsv
[27.787s] -- Symlinking: /home/jetson/projects/bishe/edge/install/bishe_streamer/share/bishe_streamer/package.dsv
[27.800s] -- Symlinking: /home/jetson/projects/bishe/edge/install/bishe_streamer/share/ament_index/resource_index/packages/bishe_streamer
[27.813s] -- Symlinking: /home/jetson/projects/bishe/edge/install/bishe_streamer/share/bishe_streamer/cmake/bishe_streamerConfig.cmake
[27.826s] -- Symlinking: /home/jetson/projects/bishe/edge/install/bishe_streamer/share/bishe_streamer/cmake/bishe_streamerConfig-version.cmake
[27.838s] -- Symlinking: /home/jetson/projects/bishe/edge/install/bishe_streamer/share/bishe_streamer/package.xml
[27.855s] Invoked command in '/home/jetson/projects/bishe/edge/build/bishe_streamer' returned '0': AMENT_PREFIX_PATH=/home/jetson/projects/bishe/edge/install/bishe_msgs:${AMENT_PREFIX_PATH} CMAKE_PREFIX_PATH=/home/jetson/projects/bishe/edge/install/bishe_msgs:/opt/ros/humble LD_LIBRARY_PATH=/home/jetson/projects/bishe/edge/install/bishe_msgs/lib:/opt/ros/humble/opt/rviz_ogre_vendor/lib:/opt/ros/humble/lib/aarch64-linux-gnu:/opt/ros/humble/lib:/usr/local/cuda-12.6/lib64 PYTHONPATH=/home/jetson/projects/bishe/edge/install/bishe_msgs/local/lib/python3.10/dist-packages:${PYTHONPATH} /usr/bin/cmake --install /home/jetson/projects/bishe/edge/build/bishe_streamer
